#
# There is insufficient memory for the Java Runtime Environment to continue.
# Native memory allocation (malloc) failed to allocate 141557760 bytes for committing reserved memory.
# Possible reasons:
#   The system is out of physical RAM or swap space
#   In 32 bit mode, the process size limit was hit
# Possible solutions:
#   Reduce memory load on the system
#   Increase physical memory or swap space
#   Check if swap backing store is full
#   Use 64 bit Java on a 64 bit OS
#   Decrease Java heap size (-Xmx/-Xms)
#   Decrease number of Java threads
#   Decrease Java thread stack sizes (-Xss)
#   Set larger code cache with -XX:ReservedCodeCacheSize=
# This output file may be truncated or incomplete.
#
#  Out of Memory Error (os_linux.cpp:2769), pid=1396, tid=140251010934528
#
# JRE version: OpenJDK Runtime Environment (7.0_55-b14) (build 1.7.0_55-b14)
# Java VM: OpenJDK 64-Bit Server VM (24.51-b03 mixed mode linux-amd64 compressed oops)
# Failed to write core dump. Core dumps have been disabled. To enable core dumping, try "ulimit -c unlimited" before starting Java again
#

---------------  T H R E A D  ---------------

Current thread (0x00007f8ee407c800):  VMThread [stack: 0x00007f8ebb9fa000,0x00007f8ebbafb000] [id=1408]

Stack: [0x00007f8ebb9fa000,0x00007f8ebbafb000],  sp=0x00007f8ebbaf94c0,  free space=1021k
Native frames: (J=compiled Java code, j=interpreted, Vv=VM code, C=native code)
V  [libjvm.so+0x9175f5]  JVM_handle_linux_signal+0x1778b5
V  [libjvm.so+0x467db4]  dlerror+0x467db4
V  [libjvm.so+0x79a27b]  JVM_FindSignal+0x18c8eb
V  [libjvm.so+0x794bef]  JVM_FindSignal+0x18725f
V  [libjvm.so+0x804deb]  JVM_handle_linux_signal+0x650ab
V  [libjvm.so+0x805c40]  JVM_handle_linux_signal+0x65f00
V  [libjvm.so+0x80632b]  JVM_handle_linux_signal+0x665eb
V  [libjvm.so+0x80261f]  JVM_handle_linux_signal+0x628df
V  [libjvm.so+0x802de8]  JVM_handle_linux_signal+0x630a8
V  [libjvm.so+0x7b94b3]  JVM_handle_linux_signal+0x19773
V  [libjvm.so+0x919004]  JVM_handle_linux_signal+0x1792c4
V  [libjvm.so+0x91d4a7]  JVM_handle_linux_signal+0x17d767
V  [libjvm.so+0x91be78]  JVM_handle_linux_signal+0x17c138
V  [libjvm.so+0x91c2d9]  JVM_handle_linux_signal+0x17c599
V  [libjvm.so+0x91c722]  JVM_handle_linux_signal+0x17c9e2
V  [libjvm.so+0x796f52]  JVM_FindSignal+0x1895c2

VM_Operation (0x00007f8eb95de1a0): ParallelGCFailedAllocation, mode: safepoint, requested by thread 0x00007f8e98009800


---------------  P R O C E S S  ---------------

Java Threads: ( => current thread )
  0x00007f8e8c26e000 JavaThread "File lock request listener" [_thread_in_native, id=1425, stack(0x00007f8eb9028000,0x00007f8eb9129000)]
  0x00007f8e8c1e7800 JavaThread "process reaper" daemon [_thread_blocked, id=1424, stack(0x00007f8eb9129000,0x00007f8eb9162000)]
  0x00007f8e8c046800 JavaThread "Stdin handler" [_thread_blocked, id=1422, stack(0x00007f8eb92e4000,0x00007f8eb93e5000)]
  0x00007f8e8c003000 JavaThread "Handler for socket connection at /127.0.0.1:40580 with /127.0.0.1:35491" [_thread_in_native, id=1419, stack(0x00007f8eb93e5000,0x00007f8eb94e6000)]
  0x00007f8e98009800 JavaThread "Daemon" [_thread_blocked, id=1418, stack(0x00007f8eb94e6000,0x00007f8eb95e7000)]
  0x00007f8ee4973000 JavaThread "Incoming local TCP Connector on port 40580" [_thread_in_native, id=1417, stack(0x00007f8eb95e7000,0x00007f8eb96e8000)]
  0x00007f8ee40ae800 JavaThread "Service Thread" daemon [_thread_blocked, id=1414, stack(0x00007f8ebb22f000,0x00007f8ebb330000)]
  0x00007f8ee40ac000 JavaThread "C2 CompilerThread1" daemon [_thread_blocked, id=1413, stack(0x00007f8ebb330000,0x00007f8ebb431000)]
  0x00007f8ee40a9800 JavaThread "C2 CompilerThread0" daemon [_thread_in_native, id=1412, stack(0x00007f8ebb431000,0x00007f8ebb532000)]
  0x00007f8ee40a7000 JavaThread "Signal Dispatcher" daemon [_thread_blocked, id=1411, stack(0x00007f8ebb532000,0x00007f8ebb633000)]
  0x00007f8ee4083000 JavaThread "Finalizer" daemon [_thread_blocked, id=1410, stack(0x00007f8ebb7f8000,0x00007f8ebb8f9000)]
  0x00007f8ee4081000 JavaThread "Reference Handler" daemon [_thread_blocked, id=1409, stack(0x00007f8ebb8f9000,0x00007f8ebb9fa000)]
  0x00007f8ee4008800 JavaThread "main" [_thread_blocked, id=1399, stack(0x00007f8eeaefd000,0x00007f8eeaffe000)]

Other Threads:
=>0x00007f8ee407c800 VMThread [stack: 0x00007f8ebb9fa000,0x00007f8ebbafb000] [id=1408]
  0x00007f8ee40b9800 WatcherThread [stack: 0x00007f8ebb12e000,0x00007f8ebb22f000] [id=1415]

VM state:at safepoint (normal execution)

VM Mutex/Monitor currently owned by a thread:  ([mutex/lock_event])
[0x00007f8ee4006620] Threads_lock - owner thread: 0x00007f8ee407c800
[0x00007f8ee4006b20] Heap_lock - owner thread: 0x00007f8e98009800

Heap
 PSYoungGen      total 142336K, used 13808K [0x00000000eaa80000, 0x00000000f4380000, 0x0000000100000000)
  eden space 128512K, 0% used [0x00000000eaa80000,0x00000000eaa80000,0x00000000f2800000)
  from space 13824K, 99% used [0x00000000f2800000,0x00000000f357c010,0x00000000f3580000)
  to   space 13312K, 0% used [0x00000000f3580000,0x00000000f3580000,0x00000000f4280000)
 ParOldGen       total 84480K, used 23183K [0x00000000c0000000, 0x00000000c5280000, 0x00000000eaa80000)
  object space 84480K, 27% used [0x00000000c0000000,0x00000000c16a3df8,0x00000000c5280000)
 PSPermGen       total 29696K, used 29356K [0x00000000b0000000, 0x00000000b1d00000, 0x00000000c0000000)
  object space 29696K, 98% used [0x00000000b0000000,0x00000000b1cab218,0x00000000b1d00000)

Card table byte_map: [0x00007f8ee0d7f000,0x00007f8ee1000000] byte_map_base: 0x00007f8ee07ff000

Polling page: 0x00007f8eeb038000

Code Cache  [0x00007f8ee1000000, 0x00007f8ee12b0000, 0x00007f8ee4000000)
 total_blobs=966 nmethods=393 adapters=526 free_code_cache=46509Kb largest_free_block=47571200

Compilation events (10 events):
Event: 4.317 Thread 0x00007f8ee40ac000 nmethod 406 0x00007f8ee11d4e50 code [0x00007f8ee11d4fe0, 0x00007f8ee11d51b8]
Event: 4.317 Thread 0x00007f8ee40ac000  407             java.lang.ref.WeakReference::<init> (6 bytes)
Event: 4.317 Thread 0x00007f8ee40ac000 nmethod 407 0x00007f8ee11f7d90 code [0x00007f8ee11f7ec0, 0x00007f8ee11f7f78]
Event: 4.317 Thread 0x00007f8ee40ac000  408   !         java.beans.Introspector::getPublicDeclaredMethods (92 bytes)
Event: 4.323 Thread 0x00007f8ee40ac000 nmethod 408 0x00007f8ee11ffd10 code [0x00007f8ee11fff00, 0x00007f8ee12006e0]
Event: 4.323 Thread 0x00007f8ee40ac000  409             sun.reflect.generics.parser.SignatureParser::parsePackageNameAndSimpleClassTypeSignature (139 bytes)
Event: 4.345 Thread 0x00007f8ee40ac000 nmethod 409 0x00007f8ee1270a50 code [0x00007f8ee1270d60, 0x00007f8ee12721b8]
Event: 4.345 Thread 0x00007f8ee40ac000  410             org.codehaus.groovy.runtime.metaclass.MetaMethodIndex::copyNonPrivateNonNewMetaMethods (24 bytes)
Event: 4.346 Thread 0x00007f8ee40ac000 nmethod 410 0x00007f8ee11f8750 code [0x00007f8ee11f88a0, 0x00007f8ee11f8968]
Event: 4.346 Thread 0x00007f8ee40ac000  411             java.beans.Introspector::addMethod (196 bytes)

GC Heap History (10 events):
Event: 1.441 GC heap after
Heap after GC invocations=2 (full 0):
 PSYoungGen      total 37376K, used 5115K [0x00000000eaa80000, 0x00000000ed400000, 0x0000000100000000)
  eden space 32256K, 0% used [0x00000000eaa80000,0x00000000eaa80000,0x00000000eca00000)
  from space 5120K, 99% used [0x00000000ecf00000,0x00000000ed3fef00,0x00000000ed400000)
  to   space 5120K, 0% used [0x00000000eca00000,0x00000000eca00000,0x00000000ecf00000)
 ParOldGen       total 84480K, used 2337K [0x00000000c0000000, 0x00000000c5280000, 0x00000000eaa80000)
  object space 84480K, 2% used [0x00000000c0000000,0x00000000c0248668,0x00000000c5280000)
 PSPermGen       total 21504K, used 14271K [0x00000000b0000000, 0x00000000b1500000, 0x00000000c0000000)
  object space 21504K, 66% used [0x00000000b0000000,0x00000000b0defd18,0x00000000b1500000)
}
Event: 1.788 GC heap before
{Heap before GC invocations=3 (full 0):
 PSYoungGen      total 37376K, used 37371K [0x00000000eaa80000, 0x00000000ed400000, 0x0000000100000000)
  eden space 32256K, 100% used [0x00000000eaa80000,0x00000000eca00000,0x00000000eca00000)
  from space 5120K, 99% used [0x00000000ecf00000,0x00000000ed3fef00,0x00000000ed400000)
  to   space 5120K, 0% used [0x00000000eca00000,0x00000000eca00000,0x00000000ecf00000)
 ParOldGen       total 84480K, used 2337K [0x00000000c0000000, 0x00000000c5280000, 0x00000000eaa80000)
  object space 84480K, 2% used [0x00000000c0000000,0x00000000c0248668,0x00000000c5280000)
 PSPermGen       total 21504K, used 16890K [0x00000000b0000000, 0x00000000b1500000, 0x00000000c0000000)
  object space 21504K, 78% used [0x00000000b0000000,0x00000000b107ea30,0x00000000b1500000)
Event: 1.795 GC heap after
Heap after GC invocations=3 (full 0):
 PSYoungGen      total 37376K, used 5104K [0x00000000eaa80000, 0x00000000ef380000, 0x0000000100000000)
  eden space 32256K, 0% used [0x00000000eaa80000,0x00000000eaa80000,0x00000000eca00000)
  from space 5120K, 99% used [0x00000000eca00000,0x00000000ecefc030,0x00000000ecf00000)
  to   space 5120K, 0% used [0x00000000eee80000,0x00000000eee80000,0x00000000ef380000)
 ParOldGen       total 84480K, used 5460K [0x00000000c0000000, 0x00000000c5280000, 0x00000000eaa80000)
  object space 84480K, 6% used [0x00000000c0000000,0x00000000c0555118,0x00000000c5280000)
 PSPermGen       total 21504K, used 16890K [0x00000000b0000000, 0x00000000b1500000, 0x00000000c0000000)
  object space 21504K, 78% used [0x00000000b0000000,0x00000000b107ea30,0x00000000b1500000)
}
Event: 2.150 GC heap before
{Heap before GC invocations=4 (full 0):
 PSYoungGen      total 37376K, used 37360K [0x00000000eaa80000, 0x00000000ef380000, 0x0000000100000000)
  eden space 32256K, 100% used [0x00000000eaa80000,0x00000000eca00000,0x00000000eca00000)
  from space 5120K, 99% used [0x00000000eca00000,0x00000000ecefc030,0x00000000ecf00000)
  to   space 5120K, 0% used [0x00000000eee80000,0x00000000eee80000,0x00000000ef380000)
 ParOldGen       total 84480K, used 5460K [0x00000000c0000000, 0x00000000c5280000, 0x00000000eaa80000)
  object space 84480K, 6% used [0x00000000c0000000,0x00000000c0555118,0x00000000c5280000)
 PSPermGen       total 21504K, used 19519K [0x00000000b0000000, 0x00000000b1500000, 0x00000000c0000000)
  object space 21504K, 90% used [0x00000000b0000000,0x00000000b130fea0,0x00000000b1500000)
Event: 2.157 GC heap after
Heap after GC invocations=4 (full 0):
 PSYoungGen      total 69632K, used 5120K [0x00000000eaa80000, 0x00000000ef380000, 0x0000000100000000)
  eden space 64512K, 0% used [0x00000000eaa80000,0x00000000eaa80000,0x00000000ee980000)
  from space 5120K, 100% used [0x00000000eee80000,0x00000000ef380000,0x00000000ef380000)
  to   space 5120K, 0% used [0x00000000ee980000,0x00000000ee980000,0x00000000eee80000)
 ParOldGen       total 84480K, used 9636K [0x00000000c0000000, 0x00000000c5280000, 0x00000000eaa80000)
  object space 84480K, 11% used [0x00000000c0000000,0x00000000c0969080,0x00000000c5280000)
 PSPermGen       total 21504K, used 19519K [0x00000000b0000000, 0x00000000b1500000, 0x00000000c0000000)
  object space 21504K, 90% used [0x00000000b0000000,0x00000000b130fea0,0x00000000b1500000)
}
Event: 2.869 GC heap before
{Heap before GC invocations=5 (full 0):
 PSYoungGen      total 69632K, used 69632K [0x00000000eaa80000, 0x00000000ef380000, 0x0000000100000000)
  eden space 64512K, 100% used [0x00000000eaa80000,0x00000000ee980000,0x00000000ee980000)
  from space 5120K, 100% used [0x00000000eee80000,0x00000000ef380000,0x00000000ef380000)
  to   space 5120K, 0% used [0x00000000ee980000,0x00000000ee980000,0x00000000eee80000)
 ParOldGen       total 84480K, used 9636K [0x00000000c0000000, 0x00000000c5280000, 0x00000000eaa80000)
  object space 84480K, 11% used [0x00000000c0000000,0x00000000c0969080,0x00000000c5280000)
 PSPermGen       total 24576K, used 24478K [0x00000000b0000000, 0x00000000b1800000, 0x00000000c0000000)
  object space 24576K, 99% used [0x00000000b0000000,0x00000000b17e7938,0x00000000b1800000)
Event: 2.887 GC heap after
Heap after GC invocations=5 (full 0):
 PSYoungGen      total 69632K, used 5088K [0x00000000eaa80000, 0x00000000f4280000, 0x0000000100000000)
  eden space 64512K, 0% used [0x00000000eaa80000,0x00000000eaa80000,0x00000000ee980000)
  from space 5120K, 99% used [0x00000000ee980000,0x00000000eee783b0,0x00000000eee80000)
  to   space 13312K, 0% used [0x00000000f3580000,0x00000000f3580000,0x00000000f4280000)
 ParOldGen       total 84480K, used 16487K [0x00000000c0000000, 0x00000000c5280000, 0x00000000eaa80000)
  object space 84480K, 19% used [0x00000000c0000000,0x00000000c1019f78,0x00000000c5280000)
 PSPermGen       total 24576K, used 24478K [0x00000000b0000000, 0x00000000b1800000, 0x00000000c0000000)
  object space 24576K, 99% used [0x00000000b0000000,0x00000000b17e7938,0x00000000b1800000)
}
Event: 3.276 GC heap before
{Heap before GC invocations=6 (full 0):
 PSYoungGen      total 69632K, used 69600K [0x00000000eaa80000, 0x00000000f4280000, 0x0000000100000000)
  eden space 64512K, 100% used [0x00000000eaa80000,0x00000000ee980000,0x00000000ee980000)
  from space 5120K, 99% used [0x00000000ee980000,0x00000000eee783b0,0x00000000eee80000)
  to   space 13312K, 0% used [0x00000000f3580000,0x00000000f3580000,0x00000000f4280000)
 ParOldGen       total 84480K, used 16487K [0x00000000c0000000, 0x00000000c5280000, 0x00000000eaa80000)
  object space 84480K, 19% used [0x00000000c0000000,0x00000000c1019f78,0x00000000c5280000)
 PSPermGen       total 26624K, used 26606K [0x00000000b0000000, 0x00000000b1a00000, 0x00000000c0000000)
  object space 26624K, 99% used [0x00000000b0000000,0x00000000b19fbad0,0x00000000b1a00000)
Event: 3.289 GC heap after
Heap after GC invocations=6 (full 0):
 PSYoungGen      total 141824K, used 10718K [0x00000000eaa80000, 0x00000000f4380000, 0x0000000100000000)
  eden space 128512K, 0% used [0x00000000eaa80000,0x00000000eaa80000,0x00000000f2800000)
  from space 13312K, 80% used [0x00000000f3580000,0x00000000f3ff7b90,0x00000000f4280000)
  to   space 13824K, 0% used [0x00000000f2800000,0x00000000f2800000,0x00000000f3580000)
 ParOldGen       total 84480K, used 16487K [0x00000000c0000000, 0x00000000c5280000, 0x00000000eaa80000)
  object space 84480K, 19% used [0x00000000c0000000,0x00000000c1019f78,0x00000000c5280000)
 PSPermGen       total 26624K, used 26606K [0x00000000b0000000, 0x00000000b1a00000, 0x00000000c0000000)
  object space 26624K, 99% used [0x00000000b0000000,0x00000000b19fbad0,0x00000000b1a00000)
}
Event: 4.369 GC heap before
{Heap before GC invocations=7 (full 0):
 PSYoungGen      total 141824K, used 139230K [0x00000000eaa80000, 0x00000000f4380000, 0x0000000100000000)
  eden space 128512K, 100% used [0x00000000eaa80000,0x00000000f2800000,0x00000000f2800000)
  from space 13312K, 80% used [0x00000000f3580000,0x00000000f3ff7b90,0x00000000f4280000)
  to   space 13824K, 0% used [0x00000000f2800000,0x00000000f2800000,0x00000000f3580000)
 ParOldGen       total 84480K, used 16487K [0x00000000c0000000, 0x00000000c5280000, 0x00000000eaa80000)
  object space 84480K, 19% used [0x00000000c0000000,0x00000000c1019f78,0x00000000c5280000)
 PSPermGen       total 29696K, used 29356K [0x00000000b0000000, 0x00000000b1d00000, 0x00000000c0000000)
  object space 29696K, 98% used [0x00000000b0000000,0x00000000b1cab218,0x00000000b1d00000)

Deoptimization events (10 events):
Event: 3.001 Thread 0x00007f8e98009800 Uncommon trap: reason=unreached action=reinterpret pc=0x00007f8ee1217ba4 method=java.util.Properties$LineReader.readLine()I @ 97
Event: 3.352 Thread 0x00007f8e98009800 Uncommon trap: reason=unreached action=reinterpret pc=0x00007f8ee11d28ec method=java.lang.ref.ReferenceQueue.poll()Ljava/lang/ref/Reference; @ 4
Event: 3.554 Thread 0x00007f8e98009800 Uncommon trap: reason=bimorphic action=maybe_recompile pc=0x00007f8ee1247278 method=java.util.regex.Pattern$Branch.match(Ljava/util/regex/Matcher;ILjava/lang/CharSequence;)Z @ 32
Event: 3.775 Thread 0x00007f8e98009800 Uncommon trap: reason=bimorphic action=maybe_recompile pc=0x00007f8ee1247278 method=java.util.regex.Pattern$Branch.match(Ljava/util/regex/Matcher;ILjava/lang/CharSequence;)Z @ 32
Event: 4.234 Thread 0x00007f8e98009800 Uncommon trap: reason=null_check action=make_not_entrant pc=0x00007f8ee129a78c method=sun.reflect.Reflection.filterMethods(Ljava/lang/Class;[Ljava/lang/reflect/Method;)[Ljava/lang/reflect/Method; @ 18
Event: 4.306 Thread 0x00007f8e98009800 Uncommon trap: reason=array_check action=maybe_recompile pc=0x00007f8ee125fe24 method=java.util.ComparableTimSort.binarySort([Ljava/lang/Object;III)V @ 215
Event: 4.306 Thread 0x00007f8e98009800 Uncommon trap: reason=array_check action=maybe_recompile pc=0x00007f8ee125ffc8 method=java.util.ComparableTimSort.binarySort([Ljava/lang/Object;III)V @ 183
Event: 4.313 Thread 0x00007f8e98009800 Uncommon trap: reason=array_check action=maybe_recompile pc=0x00007f8ee125ffc8 method=java.util.ComparableTimSort.binarySort([Ljava/lang/Object;III)V @ 183
Event: 4.314 Thread 0x00007f8e98009800 Uncommon trap: reason=array_check action=maybe_recompile pc=0x00007f8ee125ffc8 method=java.util.ComparableTimSort.binarySort([Ljava/lang/Object;III)V @ 183
Event: 4.324 Thread 0x00007f8e98009800 Uncommon trap: reason=null_check action=make_not_entrant pc=0x00007f8ee120048c method=com.sun.beans.WeakCache.get(Ljava/lang/Object;)Ljava/lang/Object; @ 10

Internal exceptions (10 events):
Event: 4.363 Thread 0x00007f8e98009800 Threw 0x00000000f27858a8 at /build/java7-openjdk/src/icedtea-2.4.7/openjdk/hotspot/src/share/vm/prims/jvm.cpp:1244
Event: 4.363 Thread 0x00007f8e98009800 Threw 0x00000000f278ae40 at /build/java7-openjdk/src/icedtea-2.4.7/openjdk/hotspot/src/share/vm/prims/jvm.cpp:1244
Event: 4.363 Thread 0x00007f8e98009800 Threw 0x00000000f278b6e8 at /build/java7-openjdk/src/icedtea-2.4.7/openjdk/hotspot/src/share/vm/classfile/systemDictionary.cpp:185
Event: 4.363 Thread 0x00007f8e98009800 Threw 0x00000000f278d0f0 at /build/java7-openjdk/src/icedtea-2.4.7/openjdk/hotspot/src/share/vm/prims/jvm.cpp:1244
Event: 4.363 Thread 0x00007f8e98009800 Threw 0x00000000f278e550 at /build/java7-openjdk/src/icedtea-2.4.7/openjdk/hotspot/src/share/vm/prims/jvm.cpp:1244
Event: 4.363 Thread 0x00007f8e98009800 Threw 0x00000000f2793c70 at /build/java7-openjdk/src/icedtea-2.4.7/openjdk/hotspot/src/share/vm/prims/jvm.cpp:1244
Event: 4.363 Thread 0x00007f8e98009800 Threw 0x00000000f2795398 at /build/java7-openjdk/src/icedtea-2.4.7/openjdk/hotspot/src/share/vm/prims/jvm.cpp:1244
Event: 4.363 Thread 0x00007f8e98009800 Threw 0x00000000f27967f8 at /build/java7-openjdk/src/icedtea-2.4.7/openjdk/hotspot/src/share/vm/prims/jvm.cpp:1244
Event: 4.363 Thread 0x00007f8e98009800 Threw 0x00000000f279bf18 at /build/java7-openjdk/src/icedtea-2.4.7/openjdk/hotspot/src/share/vm/prims/jvm.cpp:1244
Event: 4.363 Thread 0x00007f8e98009800 Threw 0x00000000f279c7c8 at /build/java7-openjdk/src/icedtea-2.4.7/openjdk/hotspot/src/share/vm/classfile/systemDictionary.cpp:185

Events (10 events):
Event: 4.363 loading class 0x00007f8e8cc7e310 done
Event: 4.363 loading class 0x00007f8e8cc7e310
Event: 4.363 loading class 0x00007f8e8cc7e310 done
Event: 4.363 loading class 0x00007f8e8cc82d00
Event: 4.363 loading class 0x00007f8e8cc82d00 done
Event: 4.363 loading class 0x00007f8e8cc82d00
Event: 4.363 loading class 0x00007f8e8cc82d00 done
Event: 4.363 loading class 0x00007f8e8cc82d00
Event: 4.363 loading class 0x00007f8e8cc82d00 done
Event: 4.369 Executing VM operation: ParallelGCFailedAllocation


Dynamic libraries:
00400000-00401000 r-xp 00000000 08:01 1196056                            /usr/lib/jvm/java-7-openjdk/jre/bin/java
00600000-00601000 rw-p 00000000 08:01 1196056                            /usr/lib/jvm/java-7-openjdk/jre/bin/java
013e8000-01409000 rw-p 00000000 00:00 0                                  [heap]
b0000000-b1d00000 rw-p 00000000 00:00 0 
b1d00000-c0000000 rw-p 00000000 00:00 0 
c0000000-c5280000 rw-p 00000000 00:00 0 
c5280000-eaa80000 rw-p 00000000 00:00 0 
eaa80000-f4380000 rw-p 00000000 00:00 0 
fca80000-100000000 rw-p 00000000 00:00 0 
7f8e7c000000-7f8e7c021000 rw-p 00000000 00:00 0 
7f8e7c021000-7f8e80000000 ---p 00000000 00:00 0 
7f8e84000000-7f8e84021000 rw-p 00000000 00:00 0 
7f8e84021000-7f8e88000000 ---p 00000000 00:00 0 
7f8e88000000-7f8e88021000 rw-p 00000000 00:00 0 
7f8e88021000-7f8e8c000000 ---p 00000000 00:00 0 
7f8e8c000000-7f8e8ce94000 rw-p 00000000 00:00 0 
7f8e8ce94000-7f8e90000000 ---p 00000000 00:00 0 
7f8e90000000-7f8e90021000 rw-p 00000000 00:00 0 
7f8e90021000-7f8e94000000 ---p 00000000 00:00 0 
7f8e94000000-7f8e94021000 rw-p 00000000 00:00 0 
7f8e94021000-7f8e98000000 ---p 00000000 00:00 0 
7f8e98000000-7f8e9802a000 rw-p 00000000 00:00 0 
7f8e9802a000-7f8e9c000000 ---p 00000000 00:00 0 
7f8e9c000000-7f8e9d763000 rw-p 00000000 00:00 0 
7f8e9d763000-7f8ea0000000 ---p 00000000 00:00 0 
7f8ea0000000-7f8ea0021000 rw-p 00000000 00:00 0 
7f8ea0021000-7f8ea4000000 ---p 00000000 00:00 0 
7f8ea4000000-7f8ea4021000 rw-p 00000000 00:00 0 
7f8ea4021000-7f8ea8000000 ---p 00000000 00:00 0 
7f8ea8000000-7f8ea8a53000 rw-p 00000000 00:00 0 
7f8ea8a53000-7f8eac000000 ---p 00000000 00:00 0 
7f8eac000000-7f8eac021000 rw-p 00000000 00:00 0 
7f8eac021000-7f8eb0000000 ---p 00000000 00:00 0 
7f8eb0000000-7f8eb0021000 rw-p 00000000 00:00 0 
7f8eb0021000-7f8eb4000000 ---p 00000000 00:00 0 
7f8eb4000000-7f8eb4021000 rw-p 00000000 00:00 0 
7f8eb4021000-7f8eb8000000 ---p 00000000 00:00 0 
7f8eb8f33000-7f8eb8f34000 rw-p 00000000 00:00 0 
7f8eb8f34000-7f8eb8f36000 r--s 0000d000 08:03 4330571                    /home/siddhu/.gradle/caches/modules-2/files-2.1/commons-codec/commons-codec/1.4/4216af16d38465bbab0f3dff8efa14204f7a399a/commons-codec-1.4.jar
7f8eb8f36000-7f8eb8f38000 r--s 0000d000 08:03 4330569                    /home/siddhu/.gradle/caches/modules-2/files-2.1/commons-logging/commons-logging/1.1.1/5043bfebc3db072ed80fbd362e7caf00e885d8ae/commons-logging-1.1.1.jar
7f8eb8f38000-7f8eb8f3d000 r--s 00028000 08:03 4201376                    /home/siddhu/.gradle/caches/modules-2/files-2.1/org.apache.httpcomponents/httpcore/4.1/33fc26c02f8043ab0ede19eadc8c9885386b255c/httpcore-4.1.jar
7f8eb8f3d000-7f8eb8f3f000 r--s 00004000 08:03 4201374                    /home/siddhu/.gradle/caches/modules-2/files-2.1/org.ow2.asm/asm-tree/4.0/67bd266cd17adcee486b76952ece4cc85fe248b8/asm-tree-4.0.jar
7f8eb8f3f000-7f8eb8f48000 r--s 000a7000 08:03 4201372                    /home/siddhu/.gradle/caches/modules-2/files-2.1/com.android.tools.external.lombok/lombok-ast/0.2.2/57e560b535ceaa14fb6f15422d74594acd6c5b64/lombok-ast-0.2.2.jar
7f8eb8f48000-7f8eb8f4a000 r--s 0000a000 08:03 4201370                    /home/siddhu/.gradle/caches/modules-2/files-2.1/org.ow2.asm/asm/4.0/659add6efc75a4715d738e73f07505246edf4d66/asm-4.0.jar
7f8eb8f4a000-7f8eb8f74000 r--s 001e9000 08:03 4067896                    /home/siddhu/.gradle/caches/modules-2/files-2.1/com.google.guava/guava/15.0/ed727a8d9f247e2050281cb083f1c77b09dcb5cd/guava-15.0.jar
7f8eb8f74000-7f8eb8fa7000 r--s 00203000 08:03 4201368                    /home/siddhu/.gradle/caches/modules-2/files-2.1/org.bouncycastle/bcprov-jdk15on/1.48/960dea7c9181ba0b17e8bab0c06a43f0a5f04e65/bcprov-jdk15on-1.48.jar
7f8eb8fa7000-7f8eb8fab000 r--s 00020000 08:03 4201366                    /home/siddhu/.gradle/caches/modules-2/files-2.1/org.apache.commons/commons-compress/1.0/995ae384a0b1e2c66269e6bc5198db8561fb45a2/commons-compress-1.0.jar
7f8eb8fab000-7f8eb8fad000 r--s 00005000 08:03 4201364                    /home/siddhu/.gradle/caches/modules-2/files-2.1/org.apache.httpcomponents/httpmime/4.1/9ba2dcdf94ce35c8a8e9bff242db0618ca932e92/httpmime-4.1.jar
7f8eb8fad000-7f8eb8fb5000 r--s 0004e000 08:03 4201362                    /home/siddhu/.gradle/caches/modules-2/files-2.1/org.apache.httpcomponents/httpclient/4.1.1/3d1d918f32709e33ba7ddb2c4e8d1c543ebe713e/httpclient-4.1.1.jar
7f8eb8fb5000-7f8eb8fb8000 r--s 00010000 08:03 4201360                    /home/siddhu/.gradle/caches/modules-2/files-2.1/com.android.tools.layoutlib/layoutlib-api/22.8.4/8e142e78d0c99c8e4ffbcb55a191131ad5a9b671/layoutlib-api-22.8.4.jar
7f8eb8fb8000-7f8eb8fb9000 r--s 00003000 08:03 4201358                    /home/siddhu/.gradle/caches/modules-2/files-2.1/com.android.tools/dvlib/22.8.4/f0c7a7ee1857ff4782525a684281808556014532/dvlib-22.8.4.jar
7f8eb8fb9000-7f8eb8fba000 r--s 0000a000 08:03 4201356                    /home/siddhu/.gradle/caches/modules-2/files-2.1/net.sf.kxml/kxml2/2.3.0/ccbc77a5fd907ef863c29f3596c6f54ffa4e9442/kxml2-2.3.0.jar
7f8eb8fba000-7f8eb8fbb000 r--s 00004000 08:03 4201354                    /home/siddhu/.gradle/caches/modules-2/files-2.1/org.ow2.asm/asm-analysis/4.0/1c45d52b6f6c638db13cf3ac12adeb56b254cdd7/asm-analysis-4.0.jar
7f8eb8fbb000-7f8eb8fbe000 r--s 00027000 08:03 4201352                    /home/siddhu/.gradle/caches/modules-2/files-2.1/com.android.tools.lint/lint-api/22.8.4/cc703f06f4c29cd98f7ea5629f06776a5ee3815/lint-api-22.8.4.jar
7f8eb8fbe000-7f8eb8fc0000 r--s 00011000 08:03 4201350                    /home/siddhu/.gradle/caches/modules-2/files-2.1/com.android.tools/common/22.8.4/48e1c32d53a360635d577e86fc229dcc6b593916/common-22.8.4.jar
7f8eb8fc0000-7f8eb8fce000 r--s 00081000 08:03 4201348                    /home/siddhu/.gradle/caches/modules-2/files-2.1/org.bouncycastle/bcpkix-jdk15on/1.48/28b7614b908a47844bb27e3c94b45b6893656265/bcpkix-jdk15on-1.48.jar
7f8eb8fce000-7f8eb8fcf000 r--s 00002000 08:03 4201346                    /home/siddhu/.gradle/caches/modules-2/files-2.1/com.android.tools.build/builder-model/0.10.4/1e848b4ca0681d6b8ef082b673e2b0ec7560b7a4/builder-model-0.10.4.jar
7f8eb8fcf000-7f8eb8fd9000 r--s 000a3000 08:03 4201344                    /home/siddhu/.gradle/caches/modules-2/files-2.1/com.android.tools/sdklib/22.8.4/be560ebd1bc82dfd14d3d86a51c189d7b3f26e4/sdklib-22.8.4.jar
7f8eb8fd9000-7f8eb8fda000 r--s 00002000 08:03 4201342                    /home/siddhu/.gradle/caches/modules-2/files-2.1/com.squareup/javawriter/2.2.1/d6dac1da0b24ab9ea9a6b5d49c2586d85f17e597/javawriter-2.2.1.jar
7f8eb8fda000-7f8eb8fdd000 r--s 00026000 08:03 4201340                    /home/siddhu/.gradle/caches/modules-2/files-2.1/com.android.tools.build/manifest-merger/22.8.4/be2ef8a9bac178012c4d0d104fd3fc053acc72be/manifest-merger-22.8.4.jar
7f8eb8fdd000-7f8eb8fde000 r--s 00000000 08:03 4201338                    /home/siddhu/.gradle/caches/modules-2/files-2.1/com.android.tools.build/builder-test-api/0.10.4/47b90215a46f8b2e33cb8f95a3f3446935ac777/builder-test-api-0.10.4.jar
7f8eb8fde000-7f8eb8fe3000 r--s 00042000 08:03 4201336                    /home/siddhu/.gradle/caches/modules-2/files-2.1/com.android.tools/sdk-common/22.8.4/acb932808806d0fcb945e8d60a0c9b940b0a6d36/sdk-common-22.8.4.jar
7f8eb8fe3000-7f8eb8fe7000 r--s 0003d000 08:03 4201334                    /home/siddhu/.gradle/caches/modules-2/files-2.1/com.android.tools.ddms/ddmlib/22.8.4/f3ff694ed32718738bb93df7b3f3f015da646412/ddmlib-22.8.4.jar
7f8eb8fe7000-7f8eb8fed000 r--s 00082000 08:03 3672745                    /home/siddhu/.gradle/caches/modules-2/files-2.1/com.android.tools.lint/lint-checks/22.8.4/8d5d52fbe7bcbd96d7e3e2ca13f5dcb3fe60a2e4/lint-checks-22.8.4.jar
7f8eb8fed000-7f8eb8ffc000 r--s 001a9000 08:03 3672743                    /home/siddhu/.gradle/caches/modules-2/files-2.1/org.eclipse.jdt.core.compiler/ecj/4.2.2/d9fd79499c664bccaf24dbe04be417de6c6af64a/ecj-4.2.2.jar
7f8eb8ffc000-7f8eb900c000 r--s 000c5000 08:03 3672741                    /home/siddhu/.gradle/caches/modules-2/files-2.1/net.sf.proguard/proguard-base/4.11/76730af417bb42da22b16e49f49e67863382b9bd/proguard-base-4.11.jar
7f8eb900c000-7f8eb900f000 r--s 00029000 08:03 3672739                    /home/siddhu/.gradle/caches/modules-2/files-2.1/com.android.tools.build/builder/0.10.4/cc32c4eb1340fc4fc73cd0bce820e7368ab818ec/builder-0.10.4.jar
7f8eb900f000-7f8eb9011000 r--s 00016000 08:03 3544092                    /home/siddhu/.gradle/caches/modules-2/files-2.1/com.android.tools.lint/lint/22.8.4/30476a80becb7902f343e0696b2e3e8eb6a59ad9/lint-22.8.4.jar
7f8eb9011000-7f8eb9012000 r--s 00002000 08:03 3544090                    /home/siddhu/.gradle/caches/modules-2/files-2.1/net.sf.proguard/proguard-gradle/4.11/da875d4b67a8be6c770b11d894434843714ac69d/proguard-gradle-4.11.jar
7f8eb9012000-7f8eb901f000 r--s 000f7000 08:03 3544088                    /home/siddhu/.gradle/caches/modules-2/files-2.1/com.android.tools.build/gradle/0.10.4/b5dbb89b0ffab94d3cb31be9ddb5500f472a7311/gradle-0.10.4.jar
7f8eb901f000-7f8eb9028000 r--s 000b9000 08:01 1195506                    /usr/lib/jvm/java-7-openjdk/jre/lib/resources.jar
7f8eb9028000-7f8eb902b000 ---p 00000000 00:00 0 
7f8eb902b000-7f8eb9129000 rw-p 00000000 00:00 0                          [stack:1425]
7f8eb9129000-7f8eb912c000 ---p 00000000 00:00 0 
7f8eb912c000-7f8eb9162000 rw-p 00000000 00:00 0                          [stack:1424]
7f8eb9162000-7f8eb9163000 r--p 00000000 00:00 0 
7f8eb9163000-7f8eb91ce000 r--s 0069c000 08:01 1196149                    /usr/lib/jvm/java-7-openjdk/lib/tools.jar
7f8eb91ce000-7f8eb91e3000 r-xp 00000000 00:1f 3574325                    /tmp/jna5644255718108364666.tmp
7f8eb91e3000-7f8eb92e2000 ---p 00015000 00:1f 3574325                    /tmp/jna5644255718108364666.tmp
7f8eb92e2000-7f8eb92e4000 rw-p 00014000 00:1f 3574325                    /tmp/jna5644255718108364666.tmp
7f8eb92e4000-7f8eb92e7000 ---p 00000000 00:00 0 
7f8eb92e7000-7f8eb93e5000 rw-p 00000000 00:00 0                          [stack:1422]
7f8eb93e5000-7f8eb93e8000 ---p 00000000 00:00 0 
7f8eb93e8000-7f8eb94e6000 rw-p 00000000 00:00 0                          [stack:1419]
7f8eb94e6000-7f8eb94e9000 ---p 00000000 00:00 0 
7f8eb94e9000-7f8eb95e7000 rw-p 00000000 00:00 0                          [stack:1418]
7f8eb95e7000-7f8eb95ea000 ---p 00000000 00:00 0 
7f8eb95ea000-7f8eb96e8000 rw-p 00000000 00:00 0                          [stack:1417]
7f8eb96e8000-7f8eb96ec000 r-xp 00000000 00:1f 3574314                    /tmp/native-platform6041893217827942031dir/libnative-platform-linux-amd64.so
7f8eb96ec000-7f8eb98eb000 ---p 00004000 00:1f 3574314                    /tmp/native-platform6041893217827942031dir/libnative-platform-linux-amd64.so
7f8eb98eb000-7f8eb98ec000 rw-p 00003000 00:1f 3574314                    /tmp/native-platform6041893217827942031dir/libnative-platform-linux-amd64.so
7f8eb98ec000-7f8eb98f1000 r--s 0004c000 08:01 1195507                    /usr/lib/jvm/java-7-openjdk/jre/lib/jsse.jar
7f8eb98f1000-7f8eb98f3000 r--s 00002000 08:03 4330525                    /home/siddhu/.gradle/wrapper/dists/gradle-1.10-all/6vpvhqu0efs1fqmqr2decq1v12/gradle-1.10/lib/plugins/gradle-language-base-1.10.jar
7f8eb98f3000-7f8eb98f4000 r--s 00004000 08:03 4330524                    /home/siddhu/.gradle/wrapper/dists/gradle-1.10-all/6vpvhqu0efs1fqmqr2decq1v12/gradle-1.10/lib/plugins/gradle-language-jvm-1.10.jar
7f8eb98f4000-7f8eb98f9000 r--s 00029000 08:03 4330523                    /home/siddhu/.gradle/wrapper/dists/gradle-1.10-all/6vpvhqu0efs1fqmqr2decq1v12/gradle-1.10/lib/plugins/gradle-build-init-1.10.jar
7f8eb98f9000-7f8eb98fc000 r--s 0001f000 08:03 4330522                    /home/siddhu/.gradle/wrapper/dists/gradle-1.10-all/6vpvhqu0efs1fqmqr2decq1v12/gradle-1.10/lib/plugins/gradle-jacoco-1.10.jar
7f8eb98fc000-7f8eb98ff000 r--s 0000c000 08:03 4330521                    /home/siddhu/.gradle/wrapper/dists/gradle-1.10-all/6vpvhqu0efs1fqmqr2decq1v12/gradle-1.10/lib/plugins/gradle-ivy-1.10.jar
7f8eb98ff000-7f8eb9900000 r--s 00002000 08:03 4330520                    /home/siddhu/.gradle/wrapper/dists/gradle-1.10-all/6vpvhqu0efs1fqmqr2decq1v12/gradle-1.10/lib/plugins/gradle-publish-1.10.jar
7f8eb9900000-7f8eb9902000 r--s 00005000 08:03 4330550                    /home/siddhu/.gradle/wrapper/dists/gradle-1.10-all/6vpvhqu0efs1fqmqr2decq1v12/gradle-1.10/lib/plugins/jatl-0.2.2.jar
7f8eb9902000-7f8eb9904000 r--s 00007000 08:03 4330519                    /home/siddhu/.gradle/wrapper/dists/gradle-1.10-all/6vpvhqu0efs1fqmqr2decq1v12/gradle-1.10/lib/plugins/gradle-reporting-1.10.jar
7f8eb9904000-7f8eb9909000 r--s 0003c000 08:03 4330518                    /home/siddhu/.gradle/wrapper/dists/gradle-1.10-all/6vpvhqu0efs1fqmqr2decq1v12/gradle-1.10/lib/plugins/gradle-diagnostics-1.10.jar
7f8eb9909000-7f8eb9910000 r--s 00094000 08:03 4330517                    /home/siddhu/.gradle/wrapper/dists/gradle-1.10-all/6vpvhqu0efs1fqmqr2decq1v12/gradle-1.10/lib/plugins/gradle-build-comparison-1.10.jar
7f8eb9910000-7f8eb9917000 r--s 00035000 08:03 4330549                    /home/siddhu/.gradle/wrapper/dists/gradle-1.10-all/6vpvhqu0efs1fqmqr2decq1v12/gradle-1.10/lib/plugins/simple-4.1.21.jar
7f8eb9917000-7f8eb991c000 r--s 0002a000 08:03 4330548                    /home/siddhu/.gradle/wrapper/dists/gradle-1.10-all/6vpvhqu0efs1fqmqr2decq1v12/gradle-1.10/lib/plugins/gson-2.2.1.jar
7f8eb991c000-7f8eb9928000 r--s 00100000 08:03 4330547                    /home/siddhu/.gradle/wrapper/dists/gradle-1.10-all/6vpvhqu0efs1fqmqr2decq1v12/gradle-1.10/lib/plugins/rhino-1.7R3.jar
7f8eb9928000-7f8eb992d000 r--s 00021000 08:03 4330516                    /home/siddhu/.gradle/wrapper/dists/gradle-1.10-all/6vpvhqu0efs1fqmqr2decq1v12/gradle-1.10/lib/plugins/gradle-javascript-1.10.jar
7f8eb992d000-7f8eb992f000 r--s 0000f000 08:03 4330515                    /home/siddhu/.gradle/wrapper/dists/gradle-1.10-all/6vpvhqu0efs1fqmqr2decq1v12/gradle-1.10/lib/plugins/gradle-ear-1.10.jar
7f8eb992f000-7f8eb993f000 r--s 000a3000 08:03 4330514                    /home/siddhu/.gradle/wrapper/dists/gradle-1.10-all/6vpvhqu0efs1fqmqr2decq1v12/gradle-1.10/lib/plugins/gradle-cpp-1.10.jar
7f8eb993f000-7f8eb9967000 r--s 00194000 08:03 4330560                    /home/siddhu/.gradle/wrapper/dists/gradle-1.10-all/6vpvhqu0efs1fqmqr2decq1v12/gradle-1.10/lib/plugins/bcprov-jdk15-1.46.jar
7f8eb9967000-7f8eb996b000 r--s 00025000 08:03 4330546                    /home/siddhu/.gradle/wrapper/dists/gradle-1.10-all/6vpvhqu0efs1fqmqr2decq1v12/gradle-1.10/lib/plugins/bcpg-jdk15-1.46.jar
7f8eb996b000-7f8eb996e000 r--s 00021000 08:03 4330513                    /home/siddhu/.gradle/wrapper/dists/gradle-1.10-all/6vpvhqu0efs1fqmqr2decq1v12/gradle-1.10/lib/plugins/gradle-signing-1.10.jar
7f8eb996e000-7f8eb996f000 r--s 00002000 08:03 4330545                    /home/siddhu/.gradle/wrapper/dists/gradle-1.10-all/6vpvhqu0efs1fqmqr2decq1v12/gradle-1.10/lib/plugins/sonar-batch-bootstrapper-2.9.jar
7f8eb996f000-7f8eb9970000 r--s 00007000 08:03 4330544                    /home/siddhu/.gradle/wrapper/dists/gradle-1.10-all/6vpvhqu0efs1fqmqr2decq1v12/gradle-1.10/lib/plugins/sonar-runner-2.0.jar
7f8eb9970000-7f8eb9973000 r--s 00022000 08:03 4330512                    /home/siddhu/.gradle/wrapper/dists/gradle-1.10-all/6vpvhqu0efs1fqmqr2decq1v12/gradle-1.10/lib/plugins/gradle-sonar-1.10.jar
7f8eb9973000-7f8eb9976000 r--s 0001c000 08:03 4330511                    /home/siddhu/.gradle/wrapper/dists/gradle-1.10-all/6vpvhqu0efs1fqmqr2decq1v12/gradle-1.10/lib/plugins/gradle-scala-1.10.jar
7f8eb9976000-7f8eb9978000 r--s 0000f000 08:03 4330510                    /home/siddhu/.gradle/wrapper/dists/gradle-1.10-all/6vpvhqu0efs1fqmqr2decq1v12/gradle-1.10/lib/plugins/gradle-announce-1.10.jar
7f8eb9978000-7f8eb9986000 r--s 000d9000 08:03 4330509                    /home/siddhu/.gradle/wrapper/dists/gradle-1.10-all/6vpvhqu0efs1fqmqr2decq1v12/gradle-1.10/lib/plugins/gradle-ide-1.10.jar
7f8eb9986000-7f8eb9988000 r--s 00000000 08:03 4330543                    /home/siddhu/.gradle/wrapper/dists/gradle-1.10-all/6vpvhqu0efs1fqmqr2decq1v12/gradle-1.10/lib/plugins/plexus-component-annotations-1.5.2.jar
7f8eb9988000-7f8eb998b000 r--s 0000c000 08:03 4330542                    /home/siddhu/.gradle/wrapper/dists/gradle-1.10-all/6vpvhqu0efs1fqmqr2decq1v12/gradle-1.10/lib/plugins/pmaven-groovy-0.8-20100325.jar
7f8eb998b000-7f8eb998c000 r--s 00004000 08:03 4330541                    /home/siddhu/.gradle/wrapper/dists/gradle-1.10-all/6vpvhqu0efs1fqmqr2decq1v12/gradle-1.10/lib/plugins/pmaven-common-0.8-20100325.jar
7f8eb998c000-7f8eb9991000 r--s 0001c000 08:03 4330508                    /home/siddhu/.gradle/wrapper/dists/gradle-1.10-all/6vpvhqu0efs1fqmqr2decq1v12/gradle-1.10/lib/plugins/gradle-maven-1.10.jar
7f8eb9991000-7f8eb99a9000 r--s 0013b000 08:03 4330539                    /home/siddhu/.gradle/wrapper/dists/gradle-1.10-all/6vpvhqu0efs1fqmqr2decq1v12/gradle-1.10/lib/plugins/bndlib-2.1.0.jar
7f8eb99a9000-7f8eb99aa000 r--s 00005000 08:03 4330507                    /home/siddhu/.gradle/wrapper/dists/gradle-1.10-all/6vpvhqu0efs1fqmqr2decq1v12/gradle-1.10/lib/plugins/gradle-osgi-1.10.jar
7f8eb99aa000-7f8eb99af000 r--s 00068000 08:03 4330538                    /home/siddhu/.gradle/wrapper/dists/gradle-1.10-all/6vpvhqu0efs1fqmqr2decq1v12/gradle-1.10/lib/plugins/antlr-2.7.7.jar
7f8eb99af000-7f8eb99b0000 r--s 00002000 08:03 4330537                    /home/siddhu/.gradle/wrapper/dists/gradle-1.10-all/6vpvhqu0efs1fqmqr2decq1v12/gradle-1.10/lib/plugins/ant-antlr-1.9.2.jar
7f8eb99b0000-7f8eb99b2000 r--s 00004000 08:03 4330506                    /home/siddhu/.gradle/wrapper/dists/gradle-1.10-all/6vpvhqu0efs1fqmqr2decq1v12/gradle-1.10/lib/plugins/gradle-antlr-1.10.jar
7f8eb99b2000-7f8eb99b5000 r--s 0001e000 08:03 4330559                    /home/siddhu/.gradle/wrapper/dists/gradle-1.10-all/6vpvhqu0efs1fqmqr2decq1v12/gradle-1.10/lib/plugins/jsp-api-2.1-6.1.14.jar
7f8eb99b5000-7f8eb99d8000 r--s 00344000 08:03 4330558                    /home/siddhu/.gradle/wrapper/dists/gradle-1.10-all/6vpvhqu0efs1fqmqr2decq1v12/gradle-1.10/lib/plugins/core-3.1.1.jar
7f8eb99d8000-7f8eb99d9000 r--s 00006000 08:03 4330557                    /home/siddhu/.gradle/wrapper/dists/gradle-1.10-all/6vpvhqu0efs1fqmqr2decq1v12/gradle-1.10/lib/plugins/jetty-naming-6.1.25.jar
7f8eb99d9000-7f8eb99da000 r--s 00002000 08:03 4330536                    /home/siddhu/.gradle/wrapper/dists/gradle-1.10-all/6vpvhqu0efs1fqmqr2decq1v12/gradle-1.10/lib/plugins/geronimo-annotation_1.0_spec-1.0.jar
7f8eb99da000-7f8eb99dc000 r--s 00002000 08:03 4330535                    /home/siddhu/.gradle/wrapper/dists/gradle-1.10-all/6vpvhqu0efs1fqmqr2decq1v12/gradle-1.10/lib/plugins/jetty-annotations-6.1.25.jar
7f8eb99dc000-7f8eb99ed000 r--s 000ea000 08:03 4330534                    /home/siddhu/.gradle/wrapper/dists/gradle-1.10-all/6vpvhqu0efs1fqmqr2decq1v12/gradle-1.10/lib/plugins/jsp-2.1-6.1.14.jar
7f8eb99ed000-7f8eb99ef000 r--s 0000d000 08:03 4330533                    /home/siddhu/.gradle/wrapper/dists/gradle-1.10-all/6vpvhqu0efs1fqmqr2decq1v12/gradle-1.10/lib/plugins/jetty-plus-6.1.25.jar
7f8eb99ef000-7f8eb99f1000 r--s 0001f000 08:03 4330532                    /home/siddhu/.gradle/wrapper/dists/gradle-1.10-all/6vpvhqu0efs1fqmqr2decq1v12/gradle-1.10/lib/plugins/servlet-api-2.5-20081211.jar
7f8eb99f1000-7f8eb99f5000 r--s 00028000 08:03 4330531                    /home/siddhu/.gradle/wrapper/dists/gradle-1.10-all/6vpvhqu0efs1fqmqr2decq1v12/gradle-1.10/lib/plugins/jetty-util-6.1.25.jar
7f8eb99f5000-7f8eb99fc000 r--s 0007d000 08:03 4330530                    /home/siddhu/.gradle/wrapper/dists/gradle-1.10-all/6vpvhqu0efs1fqmqr2decq1v12/gradle-1.10/lib/plugins/jetty-6.1.25.jar
7f8eb99fc000-7f8eb99fe000 r--s 00009000 08:03 4330505                    /home/siddhu/.gradle/wrapper/dists/gradle-1.10-all/6vpvhqu0efs1fqmqr2decq1v12/gradle-1.10/lib/plugins/gradle-jetty-1.10.jar
7f8eb99fe000-7f8eb9a04000 r--s 0004c000 08:03 4330504                    /home/siddhu/.gradle/wrapper/dists/gradle-1.10-all/6vpvhqu0efs1fqmqr2decq1v12/gradle-1.10/lib/plugins/gradle-code-quality-1.10.jar
7f8eb9a04000-7f8eb9a06000 r--s 00009000 08:03 4330566                    /home/siddhu/.gradle/wrapper/dists/gradle-1.10-all/6vpvhqu0efs1fqmqr2decq1v12/gradle-1.10/lib/plugins/hamcrest-core-1.3.jar
7f8eb9a06000-7f8eb9a0c000 r--s 00033000 08:03 4330556                    /home/siddhu/.gradle/wrapper/dists/gradle-1.10-all/6vpvhqu0efs1fqmqr2decq1v12/gradle-1.10/lib/plugins/snakeyaml-1.6.jar
7f8eb9a0c000-7f8eb9a0e000 r--s 00006000 08:03 4330555                    /home/siddhu/.gradle/wrapper/dists/gradle-1.10-all/6vpvhqu0efs1fqmqr2decq1v12/gradle-1.10/lib/plugins/jcommander-1.12.jar
7f8eb9a0e000-7f8eb9a13000 r--s 00040000 08:03 4330554                    /home/siddhu/.gradle/wrapper/dists/gradle-1.10-all/6vpvhqu0efs1fqmqr2decq1v12/gradle-1.10/lib/plugins/bsh-2.0b4.jar
7f8eb9a13000-7f8eb9a15000 r--s 00009000 08:03 4330529                    /home/siddhu/.gradle/wrapper/dists/gradle-1.10-all/6vpvhqu0efs1fqmqr2decq1v12/gradle-1.10/lib/plugins/commons-cli-1.2.jar
7f8eb9a15000-7f8eb9a1e000 r--s 00089000 08:03 4330528                    /home/siddhu/.gradle/wrapper/dists/gradle-1.10-all/6vpvhqu0efs1fqmqr2decq1v12/gradle-1.10/lib/plugins/testng-6.3.1.jar
7f8eb9a1e000-7f8eb9a24000 r--s 00036000 08:03 4330527                    /home/siddhu/.gradle/wrapper/dists/gradle-1.10-all/6vpvhqu0efs1fqmqr2decq1v12/gradle-1.10/lib/plugins/junit-4.11.jar
7f8eb9a24000-7f8eb9a34000 r--s 000a6000 08:03 4330503                    /home/siddhu/.gradle/wrapper/dists/gradle-1.10-all/6vpvhqu0efs1fqmqr2decq1v12/gradle-1.10/lib/plugins/gradle-plugins-1.10.jar
7f8eb9a34000-7f8eb9a4c000 r--s 00115000 08:03 4330564                    /home/siddhu/.gradle/wrapper/dists/gradle-1.10-all/6vpvhqu0efs1fqmqr2decq1v12/gradle-1.10/lib/plugins/xercesImpl-2.9.1.jar
7f8eb9a4c000-7f8eb9a54000 r--s 00028000 08:03 4330565                    /home/siddhu/.gradle/wrapper/dists/gradle-1.10-all/6vpvhqu0efs1fqmqr2decq1v12/gradle-1.10/lib/plugins/xml-apis-1.3.04.jar
7f8eb9a54000-7f8eb9a5a000 r--s 0005b000 08:03 4330563                    /home/siddhu/.gradle/wrapper/dists/gradle-1.10-all/6vpvhqu0efs1fqmqr2decq1v12/gradle-1.10/lib/plugins/jcifs-1.3.17.jar
7f8eb9a5a000-7f8eb9a60000 r--s 00031000 08:03 4330562                    /home/siddhu/.gradle/wrapper/dists/gradle-1.10-all/6vpvhqu0efs1fqmqr2decq1v12/gradle-1.10/lib/plugins/httpcore-4.2.2.jar
7f8eb9a60000-7f8eb9a66000 r--s 00033000 08:03 4330561                    /home/siddhu/.gradle/wrapper/dists/gradle-1.10-all/6vpvhqu0efs1fqmqr2decq1v12/gradle-1.10/lib/plugins/commons-codec-1.6.jar
7f8eb9a66000-7f8eb9a6a000 r--s 0001d000 08:03 4330553                    /home/siddhu/.gradle/wrapper/dists/gradle-1.10-all/6vpvhqu0efs1fqmqr2decq1v12/gradle-1.10/lib/plugins/xbean-reflect-3.4.jar
7f8eb9a6a000-7f8eb9a6d000 r--s 0001c000 08:03 4330552                    /home/siddhu/.gradle/wrapper/dists/gradle-1.10-all/6vpvhqu0efs1fqmqr2decq1v12/gradle-1.10/lib/plugins/nekohtml-1.9.14.jar
7f8eb9a6d000-7f8eb9a86000 r--s 00129000 08:03 4330540                    /home/siddhu/.gradle/wrapper/dists/gradle-1.10-all/6vpvhqu0efs1fqmqr2decq1v12/gradle-1.10/lib/plugins/maven-ant-tasks-2.1.3.jar
7f8eb9a86000-7f8eb9a8f000 r--s 00060000 08:03 4330551                    /home/siddhu/.gradle/wrapper/dists/gradle-1.10-all/6vpvhqu0efs1fqmqr2decq1v12/gradle-1.10/lib/plugins/httpclient-4.2.2.jar
7f8eb9a8f000-7f8eb9a93000 r--s 0001e000 08:03 4330502                    /home/siddhu/.gradle/wrapper/dists/gradle-1.10-all/6vpvhqu0efs1fqmqr2decq1v12/gradle-1.10/lib/plugins/jarjar-aether-impl-1.13.1.jar
7f8eb9a93000-7f8eb9a96000 r--s 00027000 08:03 4330501                    /home/siddhu/.gradle/wrapper/dists/gradle-1.10-all/6vpvhqu0efs1fqmqr2decq1v12/gradle-1.10/lib/plugins/jarjar-maven-model-3.0.4.jar
7f8eb9a96000-7f8eb9a99000 r--s 0000b000 08:03 4330500                    /home/siddhu/.gradle/wrapper/dists/gradle-1.10-all/6vpvhqu0efs1fqmqr2decq1v12/gradle-1.10/lib/plugins/jarjar-maven-artifact-3.0.4.jar
7f8eb9a99000-7f8eb9a9d000 r--s 0001e000 08:03 4330499                    /home/siddhu/.gradle/wrapper/dists/gradle-1.10-all/6vpvhqu0efs1fqmqr2decq1v12/gradle-1.10/lib/plugins/jarjar-aether-util-1.13.1.jar
7f8eb9a9d000-7f8eb9a9f000 r--s 00007000 08:03 4330498                    /home/siddhu/.gradle/wrapper/dists/gradle-1.10-all/6vpvhqu0efs1fqmqr2decq1v12/gradle-1.10/lib/plugins/jarjar-wagon-http-shared4-2.4.jar
7f8eb9a9f000-7f8eb9aac000 r--s 00083000 08:03 4330497                    /home/siddhu/.gradle/wrapper/dists/gradle-1.10-all/6vpvhqu0efs1fqmqr2decq1v12/gradle-1.10/lib/plugins/jarjar-maven-core-3.0.4.jar
7f8eb9aac000-7f8eb9aae000 r--s 00003000 08:03 4330496                    /home/siddhu/.gradle/wrapper/dists/gradle-1.10-all/6vpvhqu0efs1fqmqr2decq1v12/gradle-1.10/lib/plugins/jarjar-aether-spi-1.13.1.jar
7f8eb9aae000-7f8eb9ab0000 r--s 00009000 08:03 4330495                    /home/siddhu/.gradle/wrapper/dists/gradle-1.10-all/6vpvhqu0efs1fqmqr2decq1v12/gradle-1.10/lib/plugins/jarjar-maven-settings-builder-3.0.4.jar
7f8eb9ab0000-7f8eb9ab4000 r--s 00014000 08:03 4330494                    /home/siddhu/.gradle/wrapper/dists/gradle-1.10-all/6vpvhqu0efs1fqmqr2decq1v12/gradle-1.10/lib/plugins/jarjar-aether-api-1.13.1.jar
7f8eb9ab4000-7f8eb9abb000 r--s 00042000 08:03 4330492                    /home/siddhu/.gradle/wrapper/dists/gradle-1.10-all/6vpvhqu0efs1fqmqr2decq1v12/gradle-1.10/lib/plugins/jarjar-maven-compat-3.0.4.jar
7f8eb9abb000-7f8eb9abd000 r--s 00006000 08:03 4330491                    /home/siddhu/.gradle/wrapper/dists/gradle-1.10-all/6vpvhqu0efs1fqmqr2decq1v12/gradle-1.10/lib/plugins/jarjar-aether-connector-wagon-1.13.1.jar
7f8eb9abd000-7f8eb9abf000 r--s 00000000 08:03 4330490                    /home/siddhu/.gradle/wrapper/dists/gradle-1.10-all/6vpvhqu0efs1fqmqr2decq1v12/gradle-1.10/lib/plugins/jarjar-plexus-component-annotations-1.5.5.jar
7f8eb9abf000-7f8eb9ac1000 r--s 00006000 08:03 4330489                    /home/siddhu/.gradle/wrapper/dists/gradle-1.10-all/6vpvhqu0efs1fqmqr2decq1v12/gradle-1.10/lib/plugins/jarjar-plexus-sec-dispatcher-1.3.jar
7f8eb9ac1000-7f8eb9ad1000 r-xp 00000000 08:01 1196026                    /usr/lib/jvm/java-7-openjdk/jre/lib/amd64/libnio.so
7f8eb9ad1000-7f8eb9cd1000 ---p 00010000 08:01 1196026                    /usr/lib/jvm/java-7-openjdk/jre/lib/amd64/libnio.so
7f8eb9cd1000-7f8eb9cd2000 rw-p 00010000 08:01 1196026                    /usr/lib/jvm/java-7-openjdk/jre/lib/amd64/libnio.so
7f8eb9cd2000-7f8eb9d03000 rw-p 00000000 00:00 0 
7f8eb9d03000-7f8eb9d17000 r-xp 00000000 08:01 1051878                    /usr/lib/libresolv-2.19.so
7f8eb9d17000-7f8eb9f16000 ---p 00014000 08:01 1051878                    /usr/lib/libresolv-2.19.so
7f8eb9f16000-7f8eb9f17000 r--p 00013000 08:01 1051878                    /usr/lib/libresolv-2.19.so
7f8eb9f17000-7f8eb9f18000 rw-p 00014000 08:01 1051878                    /usr/lib/libresolv-2.19.so
7f8eb9f18000-7f8eb9f1a000 rw-p 00000000 00:00 0 
7f8eb9f1a000-7f8eb9f83000 r-xp 00000000 08:01 1059178                    /usr/lib/libpcre.so.1.2.3
7f8eb9f83000-7f8eba182000 ---p 00069000 08:01 1059178                    /usr/lib/libpcre.so.1.2.3
7f8eba182000-7f8eba183000 r--p 00068000 08:01 1059178                    /usr/lib/libpcre.so.1.2.3
7f8eba183000-7f8eba184000 rw-p 00069000 08:01 1059178                    /usr/lib/libpcre.so.1.2.3
7f8eba184000-7f8eba187000 r-xp 00000000 08:01 1059421                    /usr/lib/libgmodule-2.0.so.0.4000.0
7f8eba187000-7f8eba386000 ---p 00003000 08:01 1059421                    /usr/lib/libgmodule-2.0.so.0.4000.0
7f8eba386000-7f8eba387000 r--p 00002000 08:01 1059421                    /usr/lib/libgmodule-2.0.so.0.4000.0
7f8eba387000-7f8eba388000 rw-p 00003000 08:01 1059421                    /usr/lib/libgmodule-2.0.so.0.4000.0
7f8eba388000-7f8eba38f000 r-xp 00000000 08:01 1059308                    /usr/lib/libffi.so.6.0.1
7f8eba38f000-7f8eba58e000 ---p 00007000 08:01 1059308                    /usr/lib/libffi.so.6.0.1
7f8eba58e000-7f8eba58f000 r--p 00006000 08:01 1059308                    /usr/lib/libffi.so.6.0.1
7f8eba58f000-7f8eba590000 rw-p 00007000 08:01 1059308                    /usr/lib/libffi.so.6.0.1
7f8eba590000-7f8eba695000 r-xp 00000000 08:01 1059420                    /usr/lib/libglib-2.0.so.0.4000.0
7f8eba695000-7f8eba895000 ---p 00105000 08:01 1059420                    /usr/lib/libglib-2.0.so.0.4000.0
7f8eba895000-7f8eba896000 r--p 00105000 08:01 1059420                    /usr/lib/libglib-2.0.so.0.4000.0
7f8eba896000-7f8eba897000 rw-p 00106000 08:01 1059420                    /usr/lib/libglib-2.0.so.0.4000.0
7f8eba897000-7f8eba898000 rw-p 00000000 00:00 0 
7f8eba898000-7f8eba8e6000 r-xp 00000000 08:01 1059423                    /usr/lib/libgobject-2.0.so.0.4000.0
7f8eba8e6000-7f8ebaae6000 ---p 0004e000 08:01 1059423                    /usr/lib/libgobject-2.0.so.0.4000.0
7f8ebaae6000-7f8ebaae7000 r--p 0004e000 08:01 1059423                    /usr/lib/libgobject-2.0.so.0.4000.0
7f8ebaae7000-7f8ebaae8000 rw-p 0004f000 08:01 1059423                    /usr/lib/libgobject-2.0.so.0.4000.0
7f8ebaae8000-7f8ebac51000 r-xp 00000000 08:01 1059424                    /usr/lib/libgio-2.0.so.0.4000.0
7f8ebac51000-7f8ebae51000 ---p 00169000 08:01 1059424                    /usr/lib/libgio-2.0.so.0.4000.0
7f8ebae51000-7f8ebae55000 r--p 00169000 08:01 1059424                    /usr/lib/libgio-2.0.so.0.4000.0
7f8ebae55000-7f8ebae57000 rw-p 0016d000 08:01 1059424                    /usr/lib/libgio-2.0.so.0.4000.0
7f8ebae57000-7f8ebae59000 rw-p 00000000 00:00 0 
7f8ebae59000-7f8ebae5a000 r--s 00002000 08:03 4330493                    /home/siddhu/.gradle/wrapper/dists/gradle-1.10-all/6vpvhqu0efs1fqmqr2decq1v12/gradle-1.10/lib/plugins/jarjar-wagon-http-2.4.jar
7f8ebae5a000-7f8ebae5f000 r--s 00022000 08:03 4330488                    /home/siddhu/.gradle/wrapper/dists/gradle-1.10-all/6vpvhqu0efs1fqmqr2decq1v12/gradle-1.10/lib/plugins/jarjar-maven-model-builder-3.0.4.jar
7f8ebae5f000-7f8ebae61000 r--s 0000b000 08:03 4330487                    /home/siddhu/.gradle/wrapper/dists/gradle-1.10-all/6vpvhqu0efs1fqmqr2decq1v12/gradle-1.10/lib/plugins/jarjar-maven-plugin-api-3.0.4.jar
7f8ebae61000-7f8ebae64000 r--s 0000a000 08:03 4330486                    /home/siddhu/.gradle/wrapper/dists/gradle-1.10-all/6vpvhqu0efs1fqmqr2decq1v12/gradle-1.10/lib/plugins/jarjar-plexus-classworlds-2.4.jar
7f8ebae64000-7f8ebae68000 r--s 00035000 08:03 4330485                    /home/siddhu/.gradle/wrapper/dists/gradle-1.10-all/6vpvhqu0efs1fqmqr2decq1v12/gradle-1.10/lib/plugins/jarjar-plexus-utils-2.0.6.jar
7f8ebae68000-7f8ebae6a000 r--s 0000e000 08:03 4330484                    /home/siddhu/.gradle/wrapper/dists/gradle-1.10-all/6vpvhqu0efs1fqmqr2decq1v12/gradle-1.10/lib/plugins/jarjar-plexus-interpolation-1.14.jar
7f8ebae6a000-7f8ebae6c000 r--s 00002000 08:03 4330483                    /home/siddhu/.gradle/wrapper/dists/gradle-1.10-all/6vpvhqu0efs1fqmqr2decq1v12/gradle-1.10/lib/plugins/jarjar-plexus-cipher-1.7.jar
7f8ebae6c000-7f8ebae6e000 r--s 0000c000 08:03 4330482                    /home/siddhu/.gradle/wrapper/dists/gradle-1.10-all/6vpvhqu0efs1fqmqr2decq1v12/gradle-1.10/lib/plugins/jarjar-wagon-provider-api-2.4.jar
7f8ebae6e000-7f8ebae70000 r--s 0000d000 08:03 4330481                    /home/siddhu/.gradle/wrapper/dists/gradle-1.10-all/6vpvhqu0efs1fqmqr2decq1v12/gradle-1.10/lib/plugins/jarjar-maven-aether-provider-3.0.4.jar
7f8ebae70000-7f8ebae78000 r--s 00031000 08:03 4330480                    /home/siddhu/.gradle/wrapper/dists/gradle-1.10-all/6vpvhqu0efs1fqmqr2decq1v12/gradle-1.10/lib/plugins/jarjar-plexus-container-default-1.5.5.jar
7f8ebae78000-7f8ebae79000 r--s 00007000 08:03 4330479                    /home/siddhu/.gradle/wrapper/dists/gradle-1.10-all/6vpvhqu0efs1fqmqr2decq1v12/gradle-1.10/lib/plugins/jarjar-maven-repository-metadata-3.0.4.jar
7f8ebae79000-7f8ebae7a000 r--s 0000b000 08:03 4330478                    /home/siddhu/.gradle/wrapper/dists/gradle-1.10-all/6vpvhqu0efs1fqmqr2decq1v12/gradle-1.10/lib/plugins/jarjar-maven-settings-3.0.4.jar
7f8ebae7a000-7f8ebae90000 r--s 000a1000 08:03 4330526                    /home/siddhu/.gradle/wrapper/dists/gradle-1.10-all/6vpvhqu0efs1fqmqr2decq1v12/gradle-1.10/lib/plugins/gradle-core-impl-1.10.jar
7f8ebae90000-7f8ebaea6000 r-xp 00000000 08:01 1196025                    /usr/lib/jvm/java-7-openjdk/jre/lib/amd64/libnet.so
7f8ebaea6000-7f8ebb0a6000 ---p 00016000 08:01 1196025                    /usr/lib/jvm/java-7-openjdk/jre/lib/amd64/libnet.so
7f8ebb0a6000-7f8ebb0a7000 rw-p 00016000 08:01 1196025                    /usr/lib/jvm/java-7-openjdk/jre/lib/amd64/libnet.so
7f8ebb0a7000-7f8ebb0a8000 r--s 00005000 08:03 4201232                    /home/siddhu/.gradle/wrapper/dists/gradle-1.10-all/6vpvhqu0efs1fqmqr2decq1v12/gradle-1.10/lib/gradle-wrapper-1.10.jar
7f8ebb0a8000-7f8ebb0b0000 r--s 00025000 08:03 4201237                    /home/siddhu/.gradle/wrapper/dists/gradle-1.10-all/6vpvhqu0efs1fqmqr2decq1v12/gradle-1.10/lib/gradle-tooling-api-1.10.jar
7f8ebb0b0000-7f8ebb0b2000 r--s 00005000 08:03 4201260                    /home/siddhu/.gradle/wrapper/dists/gradle-1.10-all/6vpvhqu0efs1fqmqr2decq1v12/gradle-1.10/lib/gradle-open-api-1.10.jar
7f8ebb0b2000-7f8ebb0b8000 r--s 00032000 08:03 4201262                    /home/siddhu/.gradle/wrapper/dists/gradle-1.10-all/6vpvhqu0efs1fqmqr2decq1v12/gradle-1.10/lib/jaxen-1.1.jar
7f8ebb0b8000-7f8ebb0bd000 r--s 00048000 08:03 4201261                    /home/siddhu/.gradle/wrapper/dists/gradle-1.10-all/6vpvhqu0efs1fqmqr2decq1v12/gradle-1.10/lib/dom4j-1.6.1.jar
7f8ebb0bd000-7f8ebb0c8000 r--s 0005b000 08:03 4201236                    /home/siddhu/.gradle/wrapper/dists/gradle-1.10-all/6vpvhqu0efs1fqmqr2decq1v12/gradle-1.10/lib/gradle-ui-1.10.jar
7f8ebb0c8000-7f8ebb0ca000 r--s 00007000 08:03 4201277                    /home/siddhu/.gradle/wrapper/dists/gradle-1.10-all/6vpvhqu0efs1fqmqr2decq1v12/gradle-1.10/lib/objenesis-1.2.jar
7f8ebb0ca000-7f8ebb0cc000 r--s 00000000 08:03 4201276                    /home/siddhu/.gradle/wrapper/dists/gradle-1.10-all/6vpvhqu0efs1fqmqr2decq1v12/gradle-1.10/lib/minlog-1.2.jar
7f8ebb0cc000-7f8ebb0ce000 r--s 0000f000 08:03 4201275                    /home/siddhu/.gradle/wrapper/dists/gradle-1.10-all/6vpvhqu0efs1fqmqr2decq1v12/gradle-1.10/lib/reflectasm-1.07-shaded.jar
7f8ebb0ce000-7f8ebb0d2000 r--s 00026000 08:03 4201269                    /home/siddhu/.gradle/wrapper/dists/gradle-1.10-all/6vpvhqu0efs1fqmqr2decq1v12/gradle-1.10/lib/kryo-2.20.jar
7f8ebb0d2000-7f8ebb12e000 r--s 00586000 08:03 4201241                    /home/siddhu/.gradle/wrapper/dists/gradle-1.10-all/6vpvhqu0efs1fqmqr2decq1v12/gradle-1.10/lib/groovy-all-1.8.6.jar
7f8ebb12e000-7f8ebb12f000 ---p 00000000 00:00 0 
7f8ebb12f000-7f8ebb22f000 rw-p 00000000 00:00 0                          [stack:1415]
7f8ebb22f000-7f8ebb232000 ---p 00000000 00:00 0 
7f8ebb232000-7f8ebb330000 rw-p 00000000 00:00 0                          [stack:1414]
7f8ebb330000-7f8ebb333000 ---p 00000000 00:00 0 
7f8ebb333000-7f8ebb431000 rw-p 00000000 00:00 0                          [stack:1413]
7f8ebb431000-7f8ebb434000 ---p 00000000 00:00 0 
7f8ebb434000-7f8ebb532000 rw-p 00000000 00:00 0                          [stack:1412]
7f8ebb532000-7f8ebb535000 ---p 00000000 00:00 0 
7f8ebb535000-7f8ebb633000 rw-p 00000000 00:00 0                          [stack:1411]
7f8ebb633000-7f8ebb7f8000 r--p 00000000 08:01 1106299                    /usr/lib/locale/locale-archive
7f8ebb7f8000-7f8ebb7fb000 ---p 00000000 00:00 0 
7f8ebb7fb000-7f8ebb8f9000 rw-p 00000000 00:00 0                          [stack:1410]
7f8ebb8f9000-7f8ebb8fc000 ---p 00000000 00:00 0 
7f8ebb8fc000-7f8ebb9fa000 rw-p 00000000 00:00 0                          [stack:1409]
7f8ebb9fa000-7f8ebb9fb000 ---p 00000000 00:00 0 
7f8ebb9fb000-7f8ebc000000 rw-p 00000000 00:00 0                          [stack:1408]
7f8ebc000000-7f8ebc021000 rw-p 00000000 00:00 0 
7f8ebc021000-7f8ec0000000 ---p 00000000 00:00 0 
7f8ec0000000-7f8ec0002000 r--s 0000a000 08:03 4201278                    /home/siddhu/.gradle/wrapper/dists/gradle-1.10-all/6vpvhqu0efs1fqmqr2decq1v12/gradle-1.10/lib/asm-4.0.jar
7f8ec0002000-7f8ec000a000 r--s 00035000 08:03 4201256                    /home/siddhu/.gradle/wrapper/dists/gradle-1.10-all/6vpvhqu0efs1fqmqr2decq1v12/gradle-1.10/lib/gradle-messaging-1.10.jar
7f8ec000a000-7f8ec000b000 r--s 00004000 08:03 4201274                    /home/siddhu/.gradle/wrapper/dists/gradle-1.10-all/6vpvhqu0efs1fqmqr2decq1v12/gradle-1.10/lib/native-platform-windows-i386-0.3-rc-2.jar
7f8ec000b000-7f8ec000c000 r--s 00006000 08:03 4201273                    /home/siddhu/.gradle/wrapper/dists/gradle-1.10-all/6vpvhqu0efs1fqmqr2decq1v12/gradle-1.10/lib/native-platform-windows-amd64-0.3-rc-2.jar
7f8ec000c000-7f8ec000d000 r--s 00003000 08:03 4201272                    /home/siddhu/.gradle/wrapper/dists/gradle-1.10-all/6vpvhqu0efs1fqmqr2decq1v12/gradle-1.10/lib/native-platform-linux-i386-0.3-rc-2.jar
7f8ec000d000-7f8ec000e000 r--s 00003000 08:03 4201271                    /home/siddhu/.gradle/wrapper/dists/gradle-1.10-all/6vpvhqu0efs1fqmqr2decq1v12/gradle-1.10/lib/native-platform-linux-amd64-0.3-rc-2.jar
7f8ec000e000-7f8ec000f000 r--s 00004000 08:03 4201270                    /home/siddhu/.gradle/wrapper/dists/gradle-1.10-all/6vpvhqu0efs1fqmqr2decq1v12/gradle-1.10/lib/native-platform-osx-universal-0.3-rc-2.jar
7f8ec000f000-7f8ec0011000 r--s 00008000 08:03 4201266                    /home/siddhu/.gradle/wrapper/dists/gradle-1.10-all/6vpvhqu0efs1fqmqr2decq1v12/gradle-1.10/lib/jansi-1.2.1.jar
7f8ec0011000-7f8ec0014000 r--s 00013000 08:03 4201265                    /home/siddhu/.gradle/wrapper/dists/gradle-1.10-all/6vpvhqu0efs1fqmqr2decq1v12/gradle-1.10/lib/jna-posix-1.0.3.jar
7f8ec0014000-7f8ec0016000 r--s 0000b000 08:03 4201264                    /home/siddhu/.gradle/wrapper/dists/gradle-1.10-all/6vpvhqu0efs1fqmqr2decq1v12/gradle-1.10/lib/native-platform-0.3-rc-2.jar
7f8ec0016000-7f8ec001a000 r--s 000e4000 08:03 4201263                    /home/siddhu/.gradle/wrapper/dists/gradle-1.10-all/6vpvhqu0efs1fqmqr2decq1v12/gradle-1.10/lib/jna-3.2.7.jar
7f8ec001a000-7f8ec001d000 r--s 00009000 08:03 4201238                    /home/siddhu/.gradle/wrapper/dists/gradle-1.10-all/6vpvhqu0efs1fqmqr2decq1v12/gradle-1.10/lib/gradle-native-1.10.jar
7f8ec001d000-7f8ec001f000 r--s 00005000 08:03 4201235                    /home/siddhu/.gradle/wrapper/dists/gradle-1.10-all/6vpvhqu0efs1fqmqr2decq1v12/gradle-1.10/lib/gradle-cli-1.10.jar
7f8ec001f000-7f8ec0020000 r--s 00000000 08:03 4201243                    /home/siddhu/.gradle/wrapper/dists/gradle-1.10-all/6vpvhqu0efs1fqmqr2decq1v12/gradle-1.10/lib/gradle-resources-1.10.jar
7f8ec0020000-7f8ec0022000 r--s 00000000 08:03 4201242                    /home/siddhu/.gradle/wrapper/dists/gradle-1.10-all/6vpvhqu0efs1fqmqr2decq1v12/gradle-1.10/lib/gradle-base-services-groovy-1.10.jar
7f8ec0022000-7f8ec0026000 r--s 00034000 08:03 4201268                    /home/siddhu/.gradle/wrapper/dists/gradle-1.10-all/6vpvhqu0efs1fqmqr2decq1v12/gradle-1.10/lib/jsch-0.1.46.jar
7f8ec0026000-7f8ec0028000 r--s 00003000 08:03 4201259                    /home/siddhu/.gradle/wrapper/dists/gradle-1.10-all/6vpvhqu0efs1fqmqr2decq1v12/gradle-1.10/lib/jcl-over-slf4j-1.7.5.jar
7f8ec0028000-7f8ec002e000 r--s 0003b000 08:03 4201251                    /home/siddhu/.gradle/wrapper/dists/gradle-1.10-all/6vpvhqu0efs1fqmqr2decq1v12/gradle-1.10/lib/logback-classic-1.0.13.jar
7f8ec002e000-7f8ec0038000 r--s 0005d000 08:03 4201250                    /home/siddhu/.gradle/wrapper/dists/gradle-1.10-all/6vpvhqu0efs1fqmqr2decq1v12/gradle-1.10/lib/logback-core-1.0.13.jar
7f8ec0038000-7f8ec0047000 r--s 000d9000 08:03 4201249                    /home/siddhu/.gradle/wrapper/dists/gradle-1.10-all/6vpvhqu0efs1fqmqr2decq1v12/gradle-1.10/lib/ivy-2.2.0.jar
7f8ec0047000-7f8ec004c000 r--s 00041000 08:03 4201248                    /home/siddhu/.gradle/wrapper/dists/gradle-1.10-all/6vpvhqu0efs1fqmqr2decq1v12/gradle-1.10/lib/commons-lang-2.6.jar
7f8ec004c000-7f8ec0073000 r--s 001c3000 08:03 4201240                    /home/siddhu/.gradle/wrapper/dists/gradle-1.10-all/6vpvhqu0efs1fqmqr2decq1v12/gradle-1.10/lib/guava-jdk5-14.0.1.jar
7f8ec0073000-7f8ec0091000 r--s 001cb000 08:03 4201245                    /home/siddhu/.gradle/wrapper/dists/gradle-1.10-all/6vpvhqu0efs1fqmqr2decq1v12/gradle-1.10/lib/ant-1.9.2.jar
7f8ec0091000-7f8ec00c1000 r--s 00192000 08:03 4201234                    /home/siddhu/.gradle/wrapper/dists/gradle-1.10-all/6vpvhqu0efs1fqmqr2decq1v12/gradle-1.10/lib/gradle-core-1.10.jar
7f8ec00c1000-7f8ec4000000 rw-p 00000000 00:00 0 
7f8ec4000000-7f8ec4021000 rw-p 00000000 00:00 0 
7f8ec4021000-7f8ec8000000 ---p 00000000 00:00 0 
7f8ec8000000-7f8ec8021000 rw-p 00000000 00:00 0 
7f8ec8021000-7f8ecc000000 ---p 00000000 00:00 0 
7f8ecc000000-7f8ecc021000 rw-p 00000000 00:00 0 
7f8ecc021000-7f8ed0000000 ---p 00000000 00:00 0 
7f8ed0000000-7f8ed0021000 rw-p 00000000 00:00 0 
7f8ed0021000-7f8ed4000000 ---p 00000000 00:00 0 
7f8ed4000000-7f8ed4021000 rw-p 00000000 00:00 0 
7f8ed4021000-7f8ed8000000 ---p 00000000 00:00 0 
7f8ed8000000-7f8ed8021000 rw-p 00000000 00:00 0 
7f8ed8021000-7f8edc000000 ---p 00000000 00:00 0 
7f8edc000000-7f8edc021000 rw-p 00000000 00:00 0 
7f8edc021000-7f8ee0000000 ---p 00000000 00:00 0 
7f8ee0000000-7f8ee0003000 r--s 0001b000 08:03 4201254                    /home/siddhu/.gradle/wrapper/dists/gradle-1.10-all/6vpvhqu0efs1fqmqr2decq1v12/gradle-1.10/lib/jarjar-1.3.jar
7f8ee0003000-7f8ee0006000 r--s 00018000 08:03 4201247                    /home/siddhu/.gradle/wrapper/dists/gradle-1.10-all/6vpvhqu0efs1fqmqr2decq1v12/gradle-1.10/lib/commons-io-1.4.jar
7f8ee0006000-7f8ee004f000 rw-p 00000000 00:00 0 
7f8ee004f000-7f8ee01fe000 r--s 01cfb000 08:01 1195505                    /usr/lib/jvm/java-7-openjdk/jre/lib/rt.jar
7f8ee01fe000-7f8ee0577000 rw-p 00000000 00:00 0 
7f8ee0577000-7f8ee0578000 ---p 00000000 00:00 0 
7f8ee0578000-7f8ee0678000 rw-p 00000000 00:00 0                          [stack:1407]
7f8ee0678000-7f8ee0679000 ---p 00000000 00:00 0 
7f8ee0679000-7f8ee0779000 rw-p 00000000 00:00 0                          [stack:1406]
7f8ee0779000-7f8ee077a000 ---p 00000000 00:00 0 
7f8ee077a000-7f8ee087a000 rw-p 00000000 00:00 0                          [stack:1405]
7f8ee087a000-7f8ee087b000 ---p 00000000 00:00 0 
7f8ee087b000-7f8ee097b000 rw-p 00000000 00:00 0                          [stack:1404]
7f8ee097b000-7f8ee097c000 ---p 00000000 00:00 0 
7f8ee097c000-7f8ee0a7c000 rw-p 00000000 00:00 0                          [stack:1403]
7f8ee0a7c000-7f8ee0a7d000 ---p 00000000 00:00 0 
7f8ee0a7d000-7f8ee0b7d000 rw-p 00000000 00:00 0                          [stack:1402]
7f8ee0b7d000-7f8ee0b7e000 ---p 00000000 00:00 0 
7f8ee0b7e000-7f8ee0c7e000 rw-p 00000000 00:00 0                          [stack:1401]
7f8ee0c7e000-7f8ee0c7f000 ---p 00000000 00:00 0 
7f8ee0c7f000-7f8ee0d8e000 rw-p 00000000 00:00 0                          [stack:1400]
7f8ee0d8e000-7f8ee0dff000 rw-p 00000000 00:00 0 
7f8ee0dff000-7f8ee0e29000 rw-p 00000000 00:00 0 
7f8ee0e29000-7f8ee0f54000 rw-p 00000000 00:00 0 
7f8ee0f54000-7f8ee0fa1000 rw-p 00000000 00:00 0 
7f8ee0fa1000-7f8ee0fff000 rw-p 00000000 00:00 0 
7f8ee0fff000-7f8ee1000000 rw-p 00000000 00:00 0 
7f8ee1000000-7f8ee12b0000 rwxp 00000000 00:00 0 
7f8ee12b0000-7f8ee49a7000 rw-p 00000000 00:00 0 
7f8ee49a7000-7f8ee8000000 ---p 00000000 00:00 0 
7f8ee8000000-7f8ee8002000 r--s 00004000 08:03 4201258                    /home/siddhu/.gradle/wrapper/dists/gradle-1.10-all/6vpvhqu0efs1fqmqr2decq1v12/gradle-1.10/lib/log4j-over-slf4j-1.7.5.jar
7f8ee8002000-7f8ee8010000 r--s 0007f000 08:03 4201246                    /home/siddhu/.gradle/wrapper/dists/gradle-1.10-all/6vpvhqu0efs1fqmqr2decq1v12/gradle-1.10/lib/commons-collections-3.2.1.jar
7f8ee8010000-7f8ee8015000 r--s 00035000 08:03 4201244                    /home/siddhu/.gradle/wrapper/dists/gradle-1.10-all/6vpvhqu0efs1fqmqr2decq1v12/gradle-1.10/lib/asm-all-5.0_BETA.jar
7f8ee8015000-7f8ee8024000 rw-p 00000000 00:00 0 
7f8ee8024000-7f8ee8095000 rw-p 00000000 00:00 0 
7f8ee8095000-7f8ee80bf000 rw-p 00000000 00:00 0 
7f8ee80bf000-7f8ee81eb000 rw-p 00000000 00:00 0 
7f8ee81eb000-7f8ee81f3000 r-xp 00000000 08:01 1196024                    /usr/lib/jvm/java-7-openjdk/jre/lib/amd64/libzip.so
7f8ee81f3000-7f8ee83f2000 ---p 00008000 08:01 1196024                    /usr/lib/jvm/java-7-openjdk/jre/lib/amd64/libzip.so
7f8ee83f2000-7f8ee83f3000 rw-p 00007000 08:01 1196024                    /usr/lib/jvm/java-7-openjdk/jre/lib/amd64/libzip.so
7f8ee83f3000-7f8ee83fe000 r-xp 00000000 08:01 1051949                    /usr/lib/libnss_files-2.19.so
7f8ee83fe000-7f8ee85fd000 ---p 0000b000 08:01 1051949                    /usr/lib/libnss_files-2.19.so
7f8ee85fd000-7f8ee85fe000 r--p 0000a000 08:01 1051949                    /usr/lib/libnss_files-2.19.so
7f8ee85fe000-7f8ee85ff000 rw-p 0000b000 08:01 1051949                    /usr/lib/libnss_files-2.19.so
7f8ee85ff000-7f8ee862a000 r-xp 00000000 08:01 1196023                    /usr/lib/jvm/java-7-openjdk/jre/lib/amd64/libjava.so
7f8ee862a000-7f8ee8829000 ---p 0002b000 08:01 1196023                    /usr/lib/jvm/java-7-openjdk/jre/lib/amd64/libjava.so
7f8ee8829000-7f8ee882b000 rw-p 0002a000 08:01 1196023                    /usr/lib/jvm/java-7-openjdk/jre/lib/amd64/libjava.so
7f8ee882b000-7f8ee8838000 r-xp 00000000 08:01 1196022                    /usr/lib/jvm/java-7-openjdk/jre/lib/amd64/libverify.so
7f8ee8838000-7f8ee8a37000 ---p 0000d000 08:01 1196022                    /usr/lib/jvm/java-7-openjdk/jre/lib/amd64/libverify.so
7f8ee8a37000-7f8ee8a39000 rw-p 0000c000 08:01 1196022                    /usr/lib/jvm/java-7-openjdk/jre/lib/amd64/libverify.so
7f8ee8a39000-7f8ee8a40000 r-xp 00000000 08:01 1051950                    /usr/lib/librt-2.19.so
7f8ee8a40000-7f8ee8c3f000 ---p 00007000 08:01 1051950                    /usr/lib/librt-2.19.so
7f8ee8c3f000-7f8ee8c40000 r--p 00006000 08:01 1051950                    /usr/lib/librt-2.19.so
7f8ee8c40000-7f8ee8c41000 rw-p 00007000 08:01 1051950                    /usr/lib/librt-2.19.so
7f8ee8c41000-7f8ee8c57000 r-xp 00000000 08:01 1084986                    /usr/lib/libgcc_s.so.1
7f8ee8c57000-7f8ee8e56000 ---p 00016000 08:01 1084986                    /usr/lib/libgcc_s.so.1
7f8ee8e56000-7f8ee8e57000 rw-p 00015000 08:01 1084986                    /usr/lib/libgcc_s.so.1
7f8ee8e57000-7f8ee8f5a000 r-xp 00000000 08:01 1051867                    /usr/lib/libm-2.19.so
7f8ee8f5a000-7f8ee9159000 ---p 00103000 08:01 1051867                    /usr/lib/libm-2.19.so
7f8ee9159000-7f8ee915a000 r--p 00102000 08:01 1051867                    /usr/lib/libm-2.19.so
7f8ee915a000-7f8ee915b000 rw-p 00103000 08:01 1051867                    /usr/lib/libm-2.19.so
7f8ee915b000-7f8ee9248000 r-xp 00000000 08:01 1091523                    /usr/lib/libstdc++.so.6.0.20
7f8ee9248000-7f8ee9447000 ---p 000ed000 08:01 1091523                    /usr/lib/libstdc++.so.6.0.20
7f8ee9447000-7f8ee944f000 r--p 000ec000 08:01 1091523                    /usr/lib/libstdc++.so.6.0.20
7f8ee944f000-7f8ee9451000 rw-p 000f4000 08:01 1091523                    /usr/lib/libstdc++.so.6.0.20
7f8ee9451000-7f8ee9466000 rw-p 00000000 00:00 0 
7f8ee9466000-7f8ee9f46000 r-xp 00000000 08:01 1196055                    /usr/lib/jvm/java-7-openjdk/jre/lib/amd64/server/libjvm.so
7f8ee9f46000-7f8eea145000 ---p 00ae0000 08:01 1196055                    /usr/lib/jvm/java-7-openjdk/jre/lib/amd64/server/libjvm.so
7f8eea145000-7f8eea1fa000 rw-p 00adf000 08:01 1196055                    /usr/lib/jvm/java-7-openjdk/jre/lib/amd64/server/libjvm.so
7f8eea1fa000-7f8eea227000 rw-p 00000000 00:00 0 
7f8eea227000-7f8eea23c000 r-xp 00000000 08:01 1054945                    /usr/lib/libz.so.1.2.8
7f8eea23c000-7f8eea43b000 ---p 00015000 08:01 1054945                    /usr/lib/libz.so.1.2.8
7f8eea43b000-7f8eea43c000 r--p 00014000 08:01 1054945                    /usr/lib/libz.so.1.2.8
7f8eea43c000-7f8eea43d000 rw-p 00015000 08:01 1054945                    /usr/lib/libz.so.1.2.8
7f8eea43d000-7f8eea5e1000 r-xp 00000000 08:01 1051958                    /usr/lib/libc-2.19.so
7f8eea5e1000-7f8eea7e1000 ---p 001a4000 08:01 1051958                    /usr/lib/libc-2.19.so
7f8eea7e1000-7f8eea7e5000 r--p 001a4000 08:01 1051958                    /usr/lib/libc-2.19.so
7f8eea7e5000-7f8eea7e7000 rw-p 001a8000 08:01 1051958                    /usr/lib/libc-2.19.so
7f8eea7e7000-7f8eea7eb000 rw-p 00000000 00:00 0 
7f8eea7eb000-7f8eea7ee000 r-xp 00000000 08:01 1051895                    /usr/lib/libdl-2.19.so
7f8eea7ee000-7f8eea9ed000 ---p 00003000 08:01 1051895                    /usr/lib/libdl-2.19.so
7f8eea9ed000-7f8eea9ee000 r--p 00002000 08:01 1051895                    /usr/lib/libdl-2.19.so
7f8eea9ee000-7f8eea9ef000 rw-p 00003000 08:01 1051895                    /usr/lib/libdl-2.19.so
7f8eea9ef000-7f8eea9fc000 r-xp 00000000 08:01 1196051                    /usr/lib/jvm/java-7-openjdk/jre/lib/amd64/jli/libjli.so
7f8eea9fc000-7f8eeabfb000 ---p 0000d000 08:01 1196051                    /usr/lib/jvm/java-7-openjdk/jre/lib/amd64/jli/libjli.so
7f8eeabfb000-7f8eeabfc000 rw-p 0000c000 08:01 1196051                    /usr/lib/jvm/java-7-openjdk/jre/lib/amd64/jli/libjli.so
7f8eeabfc000-7f8eeac14000 r-xp 00000000 08:01 1051975                    /usr/lib/libpthread-2.19.so
7f8eeac14000-7f8eeae14000 ---p 00018000 08:01 1051975                    /usr/lib/libpthread-2.19.so
7f8eeae14000-7f8eeae15000 r--p 00018000 08:01 1051975                    /usr/lib/libpthread-2.19.so
7f8eeae15000-7f8eeae16000 rw-p 00019000 08:01 1051975                    /usr/lib/libpthread-2.19.so
7f8eeae16000-7f8eeae1a000 rw-p 00000000 00:00 0 
7f8eeae1a000-7f8eeae3b000 r-xp 00000000 08:01 1051933                    /usr/lib/ld-2.19.so
7f8eeae3b000-7f8eeae3c000 r--s 00000000 08:03 4201257                    /home/siddhu/.gradle/wrapper/dists/gradle-1.10-all/6vpvhqu0efs1fqmqr2decq1v12/gradle-1.10/lib/gradle-docs-1.10.jar
7f8eeae3c000-7f8eeae3d000 r--s 00000000 08:03 4201255                    /home/siddhu/.gradle/wrapper/dists/gradle-1.10-all/6vpvhqu0efs1fqmqr2decq1v12/gradle-1.10/lib/javax.inject-1.jar
7f8eeae3d000-7f8eeae48000 rw-p 00000000 00:00 0 
7f8eeae48000-7f8eeaefd000 rw-p 00000000 00:00 0 
7f8eeaefd000-7f8eeaf00000 ---p 00000000 00:00 0 
7f8eeaf00000-7f8eeb002000 rw-p 00000000 00:00 0                          [stack:1399]
7f8eeb002000-7f8eeb003000 r--s 00001000 08:03 4201253                    /home/siddhu/.gradle/wrapper/dists/gradle-1.10-all/6vpvhqu0efs1fqmqr2decq1v12/gradle-1.10/lib/jul-to-slf4j-1.7.5.jar
7f8eeb003000-7f8eeb004000 r--s 00000000 08:03 4201252                    /home/siddhu/.gradle/wrapper/dists/gradle-1.10-all/6vpvhqu0efs1fqmqr2decq1v12/gradle-1.10/lib/jcip-annotations-1.0.jar
7f8eeb004000-7f8eeb006000 r--s 00005000 08:03 4201239                    /home/siddhu/.gradle/wrapper/dists/gradle-1.10-all/6vpvhqu0efs1fqmqr2decq1v12/gradle-1.10/lib/slf4j-api-1.7.5.jar
7f8eeb006000-7f8eeb007000 r--s 00004000 08:03 4201267                    /home/siddhu/.gradle/wrapper/dists/gradle-1.10-all/6vpvhqu0efs1fqmqr2decq1v12/gradle-1.10/lib/ant-launcher-1.9.2.jar
7f8eeb007000-7f8eeb00c000 r--s 00022000 08:03 4201233                    /home/siddhu/.gradle/wrapper/dists/gradle-1.10-all/6vpvhqu0efs1fqmqr2decq1v12/gradle-1.10/lib/gradle-base-services-1.10.jar
7f8eeb00c000-7f8eeb013000 r--s 00036000 08:03 4201231                    /home/siddhu/.gradle/wrapper/dists/gradle-1.10-all/6vpvhqu0efs1fqmqr2decq1v12/gradle-1.10/lib/gradle-launcher-1.10.jar
7f8eeb013000-7f8eeb016000 r--s 0000f000 08:01 1196018                    /usr/lib/jvm/java-7-openjdk/jre/lib/ext/pulse-java.jar
7f8eeb016000-7f8eeb02f000 rw-p 00000000 00:00 0 
7f8eeb02f000-7f8eeb037000 rw-s 00000000 00:1f 3578153                    /tmp/hsperfdata_siddhu/1396
7f8eeb037000-7f8eeb038000 rw-p 00000000 00:00 0 
7f8eeb038000-7f8eeb039000 ---p 00000000 00:00 0 
7f8eeb039000-7f8eeb03a000 rw-p 00000000 00:00 0 
7f8eeb03a000-7f8eeb03b000 r--p 00020000 08:01 1051933                    /usr/lib/ld-2.19.so
7f8eeb03b000-7f8eeb03c000 rw-p 00021000 08:01 1051933                    /usr/lib/ld-2.19.so
7f8eeb03c000-7f8eeb03d000 rw-p 00000000 00:00 0 
7fff955f4000-7fff95615000 rw-p 00000000 00:00 0                          [stack]
7fff957c1000-7fff957c3000 r-xp 00000000 00:00 0                          [vdso]
ffffffffff600000-ffffffffff601000 r-xp 00000000 00:00 0                  [vsyscall]

VM Arguments:
jvm_args: -XX:MaxPermSize=256m -XX:+HeapDumpOnOutOfMemoryError -Xmx1024m -Dfile.encoding=UTF-8 
java_command: org.gradle.launcher.daemon.bootstrap.GradleDaemon 1.10 /home/siddhu/.gradle/daemon 60000 317c3851-01df-4a35-9095-30f772342f05 -XX:MaxPermSize=256m -XX:+HeapDumpOnOutOfMemoryError -Xmx1024m -Dfile.encoding=UTF-8
Launcher Type: SUN_STANDARD

Environment Variables:
JAVA_HOME=/usr/lib/jvm/java-7-openjdk
CLASSPATH=/opt/android-studio/bin/../lib/bootstrap.jar:/opt/android-studio/bin/../lib/extensions.jar:/opt/android-studio/bin/../lib/util.jar:/opt/android-studio/bin/../lib/jdom.jar:/opt/android-studio/bin/../lib/log4j.jar:/opt/android-studio/bin/../lib/trove4j.jar:/opt/android-studio/bin/../lib/jna.jar:/usr/lib/jvm/java-7-openjdk/lib/tools.jar
PATH=/usr/local/sbin:/usr/local/bin:/usr/bin:/opt/android-sdk/tools:/opt/android-sdk/build-tools/19.0.3/:/opt/android-sdk/platform-tools:/opt/android-sdk/tools:/usr/bin/vendor_perl:/usr/bin/core_perl
USERNAME=siddhu
LD_LIBRARY_PATH=/opt/android-studio/bin:
SHELL=/bin/bash
DISPLAY=:1

Signal Handlers:
SIGSEGV: [libjvm.so+0x9180e0], sa_mask[0]=0x7ffbfeff, sa_flags=0x10000004
SIGBUS: [libjvm.so+0x9180e0], sa_mask[0]=0x7ffbfeff, sa_flags=0x10000004
SIGFPE: [libjvm.so+0x795930], sa_mask[0]=0x7ffbfeff, sa_flags=0x10000004
SIGPIPE: [libjvm.so+0x795930], sa_mask[0]=0x7ffbfeff, sa_flags=0x10000004
SIGXFSZ: [libjvm.so+0x795930], sa_mask[0]=0x7ffbfeff, sa_flags=0x10000004
SIGILL: [libjvm.so+0x795930], sa_mask[0]=0x7ffbfeff, sa_flags=0x10000004
SIGUSR1: SIG_DFL, sa_mask[0]=0x00000000, sa_flags=0x00000000
SIGUSR2: [libjvm.so+0x7957d0], sa_mask[0]=0x00000204, sa_flags=0x10000004
SIGHUP: [libjvm.so+0x7959b0], sa_mask[0]=0x7ffbfeff, sa_flags=0x10000004
SIGINT: [libjvm.so+0x7959b0], sa_mask[0]=0x7ffbfeff, sa_flags=0x10000004
SIGTERM: [libjvm.so+0x7959b0], sa_mask[0]=0x7ffbfeff, sa_flags=0x10000004
SIGQUIT: [libjvm.so+0x7959b0], sa_mask[0]=0x7ffbfeff, sa_flags=0x10000004


---------------  S Y S T E M  ---------------

OS:Linux
uname:Linux 3.14.4-1-ARCH #1 SMP PREEMPT Tue May 13 16:41:39 CEST 2014 x86_64
libc:glibc 2.19 NPTL 2.19 
rlimit: STACK 8192k, CORE 0k, NPROC 5000, NOFILE 4096, AS infinity
load average:0.53 0.72 0.73

/proc/meminfo:
MemTotal:        8102560 kB
MemFree:          135128 kB
MemAvailable:     105840 kB
Buffers:             684 kB
Cached:           797388 kB
SwapCached:            0 kB
Active:          6838788 kB
Inactive:         765784 kB
Active(anon):    6818356 kB
Inactive(anon):   747880 kB
Active(file):      20432 kB
Inactive(file):    17904 kB
Unevictable:          76 kB
Mlocked:              76 kB
SwapTotal:             0 kB
SwapFree:              0 kB
Dirty:               440 kB
Writeback:             0 kB
AnonPages:       6808592 kB
Mapped:           208344 kB
Shmem:            757844 kB
Slab:             122912 kB
SReclaimable:      72028 kB
SUnreclaim:        50884 kB
KernelStack:        8528 kB
PageTables:        93884 kB
NFS_Unstable:          0 kB
Bounce:                0 kB
WritebackTmp:          0 kB
CommitLimit:     4051280 kB
Committed_AS:   15331200 kB
VmallocTotal:   34359738367 kB
VmallocUsed:      382980 kB
VmallocChunk:   34359292348 kB
HardwareCorrupted:     0 kB
AnonHugePages:   1433600 kB
HugePages_Total:       0
HugePages_Free:        0
HugePages_Rsvd:        0
HugePages_Surp:        0
Hugepagesize:       2048 kB
DirectMap4k:       16044 kB
DirectMap2M:     3051520 kB
DirectMap1G:     5242880 kB


CPU:total 8 (4 cores per cpu, 2 threads per core) family 6 model 70 stepping 1, cmov, cx8, fxsr, mmx, sse, sse2, sse3, ssse3, sse4.1, sse4.2, popcnt, avx, avx2, aes, erms, ht, tsc, tscinvbit

/proc/cpuinfo:
processor	: 0
vendor_id	: GenuineIntel
cpu family	: 6
model		: 70
model name	: Intel(R) Core(TM) i7-4750HQ CPU @ 2.00GHz
stepping	: 1
microcode	: 0xa
cpu MHz		: 2988.750
cache size	: 6144 KB
physical id	: 0
siblings	: 8
core id		: 0
cpu cores	: 4
apicid		: 0
initial apicid	: 0
fpu		: yes
fpu_exception	: yes
cpuid level	: 13
wp		: yes
flags		: fpu vme de pse tsc msr pae mce cx8 apic sep mtrr pge mca cmov pat pse36 clflush dts acpi mmx fxsr sse sse2 ss ht tm pbe syscall nx pdpe1gb rdtscp lm constant_tsc arch_perfmon pebs bts rep_good nopl xtopology nonstop_tsc aperfmperf eagerfpu pni pclmulqdq dtes64 monitor ds_cpl vmx est tm2 ssse3 fma cx16 xtpr pdcm pcid sse4_1 sse4_2 x2apic movbe popcnt tsc_deadline_timer aes xsave avx f16c rdrand lahf_lm abm ida arat epb xsaveopt pln pts dtherm tpr_shadow vnmi flexpriority ept vpid fsgsbase tsc_adjust bmi1 avx2 smep bmi2 erms invpcid
bogomips	: 3992.15
clflush size	: 64
cache_alignment	: 64
address sizes	: 39 bits physical, 48 bits virtual
power management:

processor	: 1
vendor_id	: GenuineIntel
cpu family	: 6
model		: 70
model name	: Intel(R) Core(TM) i7-4750HQ CPU @ 2.00GHz
stepping	: 1
microcode	: 0xa
cpu MHz		: 2988.750
cache size	: 6144 KB
physical id	: 0
siblings	: 8
core id		: 1
cpu cores	: 4
apicid		: 2
initial apicid	: 2
fpu		: yes
fpu_exception	: yes
cpuid level	: 13
wp		: yes
flags		: fpu vme de pse tsc msr pae mce cx8 apic sep mtrr pge mca cmov pat pse36 clflush dts acpi mmx fxsr sse sse2 ss ht tm pbe syscall nx pdpe1gb rdtscp lm constant_tsc arch_perfmon pebs bts rep_good nopl xtopology nonstop_tsc aperfmperf eagerfpu pni pclmulqdq dtes64 monitor ds_cpl vmx est tm2 ssse3 fma cx16 xtpr pdcm pcid sse4_1 sse4_2 x2apic movbe popcnt tsc_deadline_timer aes xsave avx f16c rdrand lahf_lm abm ida arat epb xsaveopt pln pts dtherm tpr_shadow vnmi flexpriority ept vpid fsgsbase tsc_adjust bmi1 avx2 smep bmi2 erms invpcid
bogomips	: 3992.15
clflush size	: 64
cache_alignment	: 64
address sizes	: 39 bits physical, 48 bits virtual
power management:

processor	: 2
vendor_id	: GenuineIntel
cpu family	: 6
model		: 70
model name	: Intel(R) Core(TM) i7-4750HQ CPU @ 2.00GHz
stepping	: 1
microcode	: 0xa
cpu MHz		: 2988.750
cache size	: 6144 KB
physical id	: 0
siblings	: 8
core id		: 2
cpu cores	: 4
apicid		: 4
initial apicid	: 4
fpu		: yes
fpu_exception	: yes
cpuid level	: 13
wp		: yes
flags		: fpu vme de pse tsc msr pae mce cx8 apic sep mtrr pge mca cmov pat pse36 clflush dts acpi mmx fxsr sse sse2 ss ht tm pbe syscall nx pdpe1gb rdtscp lm constant_tsc arch_perfmon pebs bts rep_good nopl xtopology nonstop_tsc aperfmperf eagerfpu pni pclmulqdq dtes64 monitor ds_cpl vmx est tm2 ssse3 fma cx16 xtpr pdcm pcid sse4_1 sse4_2 x2apic movbe popcnt tsc_deadline_timer aes xsave avx f16c rdrand lahf_lm abm ida arat epb xsaveopt pln pts dtherm tpr_shadow vnmi flexpriority ept vpid fsgsbase tsc_adjust bmi1 avx2 smep bmi2 erms invpcid
bogomips	: 3992.15
clflush size	: 64
cache_alignment	: 64
address sizes	: 39 bits physical, 48 bits virtual
power management:

processor	: 3
vendor_id	: GenuineIntel
cpu family	: 6
model		: 70
model name	: Intel(R) Core(TM) i7-4750HQ CPU @ 2.00GHz
stepping	: 1
microcode	: 0xa
cpu MHz		: 2988.750
cache size	: 6144 KB
physical id	: 0
siblings	: 8
core id		: 3
cpu cores	: 4
apicid		: 6
initial apicid	: 6
fpu		: yes
fpu_exception	: yes
cpuid level	: 13
wp		: yes
flags		: fpu vme de pse tsc msr pae mce cx8 apic sep mtrr pge mca cmov pat pse36 clflush dts acpi mmx fxsr sse sse2 ss ht tm pbe syscall nx pdpe1gb rdtscp lm constant_tsc arch_perfmon pebs bts rep_good nopl xtopology nonstop_tsc aperfmperf eagerfpu pni pclmulqdq dtes64 monitor ds_cpl vmx est tm2 ssse3 fma cx16 xtpr pdcm pcid sse4_1 sse4_2 x2apic movbe popcnt tsc_deadline_timer aes xsave avx f16c rdrand lahf_lm abm ida arat epb xsaveopt pln pts dtherm tpr_shadow vnmi flexpriority ept vpid fsgsbase tsc_adjust bmi1 avx2 smep bmi2 erms invpcid
bogomips	: 3992.15
clflush size	: 64
cache_alignment	: 64
address sizes	: 39 bits physical, 48 bits virtual
power management:

processor	: 4
vendor_id	: GenuineIntel
cpu family	: 6
model		: 70
model name	: Intel(R) Core(TM) i7-4750HQ CPU @ 2.00GHz
stepping	: 1
microcode	: 0xa
cpu MHz		: 3020.000
cache size	: 6144 KB
physical id	: 0
siblings	: 8
core id		: 0
cpu cores	: 4
apicid		: 1
initial apicid	: 1
fpu		: yes
fpu_exception	: yes
cpuid level	: 13
wp		: yes
flags		: fpu vme de pse tsc msr pae mce cx8 apic sep mtrr pge mca cmov pat pse36 clflush dts acpi mmx fxsr sse sse2 ss ht tm pbe syscall nx pdpe1gb rdtscp lm constant_tsc arch_perfmon pebs bts rep_good nopl xtopology nonstop_tsc aperfmperf eagerfpu pni pclmulqdq dtes64 monitor ds_cpl vmx est tm2 ssse3 fma cx16 xtpr pdcm pcid sse4_1 sse4_2 x2apic movbe popcnt tsc_deadline_timer aes xsave avx f16c rdrand lahf_lm abm ida arat epb xsaveopt pln pts dtherm tpr_shadow vnmi flexpriority ept vpid fsgsbase tsc_adjust bmi1 avx2 smep bmi2 erms invpcid
bogomips	: 3992.15
clflush size	: 64
cache_alignment	: 64
address sizes	: 39 bits physical, 48 bits virtual
power management:

processor	: 5
vendor_id	: GenuineIntel
cpu family	: 6
model		: 70
model name	: Intel(R) Core(TM) i7-4750HQ CPU @ 2.00GHz
stepping	: 1
microcode	: 0xa
cpu MHz		: 2988.750
cache size	: 6144 KB
physical id	: 0
siblings	: 8
core id		: 1
cpu cores	: 4
apicid		: 3
initial apicid	: 3
fpu		: yes
fpu_exception	: yes
cpuid level	: 13
wp		: yes
flags		: fpu vme de pse tsc msr pae mce cx8 apic sep mtrr pge mca cmov pat pse36 clflush dts acpi mmx fxsr sse sse2 ss ht tm pbe syscall nx pdpe1gb rdtscp lm constant_tsc arch_perfmon pebs bts rep_good nopl xtopology nonstop_tsc aperfmperf eagerfpu pni pclmulqdq dtes64 monitor ds_cpl vmx est tm2 ssse3 fma cx16 xtpr pdcm pcid sse4_1 sse4_2 x2apic movbe popcnt tsc_deadline_timer aes xsave avx f16c rdrand lahf_lm abm ida arat epb xsaveopt pln pts dtherm tpr_shadow vnmi flexpriority ept vpid fsgsbase tsc_adjust bmi1 avx2 smep bmi2 erms invpcid
bogomips	: 3992.15
clflush size	: 64
cache_alignment	: 64
address sizes	: 39 bits physical, 48 bits virtual
power management:

processor	: 6
vendor_id	: GenuineIntel
cpu family	: 6
model		: 70
model name	: Intel(R) Core(TM) i7-4750HQ CPU @ 2.00GHz
stepping	: 1
microcode	: 0xa
cpu MHz		: 2988.750
cache size	: 6144 KB
physical id	: 0
siblings	: 8
core id		: 2
cpu cores	: 4
apicid		: 5
initial apicid	: 5
fpu		: yes
fpu_exception	: yes
cpuid level	: 13
wp		: yes
flags		: fpu vme de pse tsc msr pae mce cx8 apic sep mtrr pge mca cmov pat pse36 clflush dts acpi mmx fxsr sse sse2 ss ht tm pbe syscall nx pdpe1gb rdtscp lm constant_tsc arch_perfmon pebs bts rep_good nopl xtopology nonstop_tsc aperfmperf eagerfpu pni pclmulqdq dtes64 monitor ds_cpl vmx est tm2 ssse3 fma cx16 xtpr pdcm pcid sse4_1 sse4_2 x2apic movbe popcnt tsc_deadline_timer aes xsave avx f16c rdrand lahf_lm abm ida arat epb xsaveopt pln pts dtherm tpr_shadow vnmi flexpriority ept vpid fsgsbase tsc_adjust bmi1 avx2 smep bmi2 erms invpcid
bogomips	: 3992.15
clflush size	: 64
cache_alignment	: 64
address sizes	: 39 bits physical, 48 bits virtual
power management:

processor	: 7
vendor_id	: GenuineIntel
cpu family	: 6
model		: 70
model name	: Intel(R) Core(TM) i7-4750HQ CPU @ 2.00GHz
stepping	: 1
microcode	: 0xa
cpu MHz		: 2988.750
cache size	: 6144 KB
physical id	: 0
siblings	: 8
core id		: 3
cpu cores	: 4
apicid		: 7
initial apicid	: 7
fpu		: yes
fpu_exception	: yes
cpuid level	: 13
wp		: yes
flags		: fpu vme de pse tsc msr pae mce cx8 apic sep mtrr pge mca cmov pat pse36 clflush dts acpi mmx fxsr sse sse2 ss ht tm pbe syscall nx pdpe1gb rdtscp lm constant_tsc arch_perfmon pebs bts rep_good nopl xtopology nonstop_tsc aperfmperf eagerfpu pni pclmulqdq dtes64 monitor ds_cpl vmx est tm2 ssse3 fma cx16 xtpr pdcm pcid sse4_1 sse4_2 x2apic movbe popcnt tsc_deadline_timer aes xsave avx f16c rdrand lahf_lm abm ida arat epb xsaveopt pln pts dtherm tpr_shadow vnmi flexpriority ept vpid fsgsbase tsc_adjust bmi1 avx2 smep bmi2 erms invpcid
bogomips	: 3992.15
clflush size	: 64
cache_alignment	: 64
address sizes	: 39 bits physical, 48 bits virtual
power management:



Memory: 4k page, physical 8102560k(136136k free), swap 0k(0k free)

vm_info: OpenJDK 64-Bit Server VM (24.51-b03) for linux-amd64 JRE (1.7.0_55-b14), built on Apr 16 2014 11:37:37 by "nobody" with gcc 4.8.2 20140206 (prerelease)

time: Sat May 31 19:54:47 2014
elapsed time: 4 seconds

