#
# There is insufficient memory for the Java Runtime Environment to continue.
# Native memory allocation (malloc) failed to allocate 141557760 bytes for committing reserved memory.
# Possible reasons:
#   The system is out of physical RAM or swap space
#   In 32 bit mode, the process size limit was hit
# Possible solutions:
#   Reduce memory load on the system
#   Increase physical memory or swap space
#   Check if swap backing store is full
#   Use 64 bit Java on a 64 bit OS
#   Decrease Java heap size (-Xmx/-Xms)
#   Decrease number of Java threads
#   Decrease Java thread stack sizes (-Xss)
#   Set larger code cache with -XX:ReservedCodeCacheSize=
# This output file may be truncated or incomplete.
#
#  Out of Memory Error (os_linux.cpp:2769), pid=1596, tid=139638175946496
#
# JRE version: OpenJDK Runtime Environment (7.0_55-b14) (build 1.7.0_55-b14)
# Java VM: OpenJDK 64-Bit Server VM (24.51-b03 mixed mode linux-amd64 compressed oops)
# Failed to write core dump. Core dumps have been disabled. To enable core dumping, try "ulimit -c unlimited" before starting Java again
#

---------------  T H R E A D  ---------------

Current thread (0x00007f003407c800):  VMThread [stack: 0x00007f000bcfd000,0x00007f000bdfe000] [id=1607]

Stack: [0x00007f000bcfd000,0x00007f000bdfe000],  sp=0x00007f000bdfc4c0,  free space=1021k
Native frames: (J=compiled Java code, j=interpreted, Vv=VM code, C=native code)
V  [libjvm.so+0x9175f5]  JVM_handle_linux_signal+0x1778b5
V  [libjvm.so+0x467db4]  dlerror+0x467db4
V  [libjvm.so+0x79a27b]  JVM_FindSignal+0x18c8eb
V  [libjvm.so+0x794bef]  JVM_FindSignal+0x18725f
V  [libjvm.so+0x804deb]  JVM_handle_linux_signal+0x650ab
V  [libjvm.so+0x805c40]  JVM_handle_linux_signal+0x65f00
V  [libjvm.so+0x80632b]  JVM_handle_linux_signal+0x665eb
V  [libjvm.so+0x80261f]  JVM_handle_linux_signal+0x628df
V  [libjvm.so+0x802de8]  JVM_handle_linux_signal+0x630a8
V  [libjvm.so+0x7b94b3]  JVM_handle_linux_signal+0x19773
V  [libjvm.so+0x919004]  JVM_handle_linux_signal+0x1792c4
V  [libjvm.so+0x91d4a7]  JVM_handle_linux_signal+0x17d767
V  [libjvm.so+0x91be78]  JVM_handle_linux_signal+0x17c138
V  [libjvm.so+0x91c2d9]  JVM_handle_linux_signal+0x17c599
V  [libjvm.so+0x91c722]  JVM_handle_linux_signal+0x17c9e2
V  [libjvm.so+0x796f52]  JVM_FindSignal+0x1895c2

VM_Operation (0x00007f000981ae90): ParallelGCFailedAllocation, mode: safepoint, requested by thread 0x00007effe8005000


---------------  P R O C E S S  ---------------

Java Threads: ( => current thread )
  0x00007effdc26c800 JavaThread "File lock request listener" [_thread_in_native, id=1627, stack(0x00007f0009265000,0x00007f0009366000)]
  0x00007effdc19d000 JavaThread "process reaper" daemon [_thread_blocked, id=1626, stack(0x00007f0009366000,0x00007f000939f000)]
  0x00007effdc041000 JavaThread "Stdin handler" [_thread_blocked, id=1624, stack(0x00007f0009521000,0x00007f0009622000)]
  0x00007effdc001800 JavaThread "Handler for socket connection at /127.0.0.1:41206 with /127.0.0.1:50306" [_thread_in_native, id=1621, stack(0x00007f0009622000,0x00007f0009723000)]
  0x00007effe8005000 JavaThread "Daemon" [_thread_blocked, id=1620, stack(0x00007f0009723000,0x00007f0009824000)]
  0x00007f0034971800 JavaThread "Incoming local TCP Connector on port 41206" [_thread_in_native, id=1619, stack(0x00007f0009824000,0x00007f0009925000)]
  0x00007f00340ae800 JavaThread "Service Thread" daemon [_thread_blocked, id=1613, stack(0x00007f000b532000,0x00007f000b633000)]
  0x00007f00340ac000 JavaThread "C2 CompilerThread1" daemon [_thread_blocked, id=1612, stack(0x00007f000b633000,0x00007f000b734000)]
  0x00007f00340a9800 JavaThread "C2 CompilerThread0" daemon [_thread_in_native, id=1611, stack(0x00007f000b734000,0x00007f000b835000)]
  0x00007f00340a7000 JavaThread "Signal Dispatcher" daemon [_thread_blocked, id=1610, stack(0x00007f000b835000,0x00007f000b936000)]
  0x00007f0034083000 JavaThread "Finalizer" daemon [_thread_blocked, id=1609, stack(0x00007f000bafb000,0x00007f000bbfc000)]
  0x00007f0034081000 JavaThread "Reference Handler" daemon [_thread_blocked, id=1608, stack(0x00007f000bbfc000,0x00007f000bcfd000)]
  0x00007f0034008800 JavaThread "main" [_thread_blocked, id=1598, stack(0x00007f003b13a000,0x00007f003b23b000)]

Other Threads:
=>0x00007f003407c800 VMThread [stack: 0x00007f000bcfd000,0x00007f000bdfe000] [id=1607]
  0x00007f00340c1800 WatcherThread [stack: 0x00007f000b431000,0x00007f000b532000] [id=1614]

VM state:at safepoint (normal execution)

VM Mutex/Monitor currently owned by a thread:  ([mutex/lock_event])
[0x00007f0034006620] Threads_lock - owner thread: 0x00007f003407c800
[0x00007f0034006b20] Heap_lock - owner thread: 0x00007effe8005000

Heap
 PSYoungGen      total 142336K, used 13812K [0x00000000eaa80000, 0x00000000f4380000, 0x0000000100000000)
  eden space 128512K, 0% used [0x00000000eaa80000,0x00000000eaa80000,0x00000000f2800000)
  from space 13824K, 99% used [0x00000000f2800000,0x00000000f357d010,0x00000000f3580000)
  to   space 13312K, 0% used [0x00000000f3580000,0x00000000f3580000,0x00000000f4280000)
 ParOldGen       total 84480K, used 23386K [0x00000000c0000000, 0x00000000c5280000, 0x00000000eaa80000)
  object space 84480K, 27% used [0x00000000c0000000,0x00000000c16d6be0,0x00000000c5280000)
 PSPermGen       total 29696K, used 29365K [0x00000000b0000000, 0x00000000b1d00000, 0x00000000c0000000)
  object space 29696K, 98% used [0x00000000b0000000,0x00000000b1cad600,0x00000000b1d00000)

Card table byte_map: [0x00007f00381a7000,0x00007f0038428000] byte_map_base: 0x00007f0037c27000

Polling page: 0x00007f003b275000

Code Cache  [0x00007f0031000000, 0x00007f00312e0000, 0x00007f0034000000)
 total_blobs=977 nmethods=404 adapters=526 free_code_cache=46349Kb largest_free_block=47379648

Compilation events (10 events):
Event: 4.762 Thread 0x00007f00340a9800 nmethod 411 0x00007f003126d450 code [0x00007f003126d5a0, 0x00007f003126d668]
Event: 4.762 Thread 0x00007f00340a9800  412             org.codehaus.groovy.util.AbstractConcurrentMap$Segment::getOrPut (121 bytes)
Event: 4.765 Thread 0x00007f00340a9800 nmethod 412 0x00007f003126ca10 code [0x00007f003126cba0, 0x00007f003126cfa8]
Event: 4.765 Thread 0x00007f00340a9800  413             groovy.lang.MetaClassImpl::addToAllMethodsIfPublic (22 bytes)
Event: 4.768 Thread 0x00007f00340a9800 nmethod 413 0x00007f0031293450 code [0x00007f00312935e0, 0x00007f00312939c8]
Event: 4.768 Thread 0x00007f00340a9800  414             java.beans.Introspector::addMethod (196 bytes)
Event: 4.791 Thread 0x00007f00340a9800 nmethod 414 0x00007f00312c00d0 code [0x00007f00312c03a0, 0x00007f00312c1858]
Event: 4.791 Thread 0x00007f00340a9800  415             java.beans.Introspector::getTargetEventInfo (1089 bytes)
Event: 4.793 Thread 0x00007f00340ac000 nmethod 384 0x00007f00312c2b10 code [0x00007f00312c3340, 0x00007f00312c99f8]
Event: 4.793 Thread 0x00007f00340ac000  416   !         java.beans.Introspector::getTargetPropertyInfo (589 bytes)

GC Heap History (10 events):
Event: 1.617 GC heap after
Heap after GC invocations=2 (full 0):
 PSYoungGen      total 37376K, used 5088K [0x00000000eaa80000, 0x00000000ef380000, 0x0000000100000000)
  eden space 32256K, 0% used [0x00000000eaa80000,0x00000000eaa80000,0x00000000eca00000)
  from space 5120K, 99% used [0x00000000ecf00000,0x00000000ed3f83d8,0x00000000ed400000)
  to   space 5120K, 0% used [0x00000000eca00000,0x00000000eca00000,0x00000000ecf00000)
 ParOldGen       total 84480K, used 2504K [0x00000000c0000000, 0x00000000c5280000, 0x00000000eaa80000)
  object space 84480K, 2% used [0x00000000c0000000,0x00000000c0272118,0x00000000c5280000)
 PSPermGen       total 21504K, used 14271K [0x00000000b0000000, 0x00000000b1500000, 0x00000000c0000000)
  object space 21504K, 66% used [0x00000000b0000000,0x00000000b0defd60,0x00000000b1500000)
}
Event: 1.950 GC heap before
{Heap before GC invocations=3 (full 0):
 PSYoungGen      total 37376K, used 37344K [0x00000000eaa80000, 0x00000000ef380000, 0x0000000100000000)
  eden space 32256K, 100% used [0x00000000eaa80000,0x00000000eca00000,0x00000000eca00000)
  from space 5120K, 99% used [0x00000000ecf00000,0x00000000ed3f83d8,0x00000000ed400000)
  to   space 5120K, 0% used [0x00000000eca00000,0x00000000eca00000,0x00000000ecf00000)
 ParOldGen       total 84480K, used 2504K [0x00000000c0000000, 0x00000000c5280000, 0x00000000eaa80000)
  object space 84480K, 2% used [0x00000000c0000000,0x00000000c0272118,0x00000000c5280000)
 PSPermGen       total 21504K, used 16899K [0x00000000b0000000, 0x00000000b1500000, 0x00000000c0000000)
  object space 21504K, 78% used [0x00000000b0000000,0x00000000b1080f70,0x00000000b1500000)
Event: 1.957 GC heap after
Heap after GC invocations=3 (full 0):
 PSYoungGen      total 37376K, used 5088K [0x00000000eaa80000, 0x00000000ef380000, 0x0000000100000000)
  eden space 32256K, 0% used [0x00000000eaa80000,0x00000000eaa80000,0x00000000eca00000)
  from space 5120K, 99% used [0x00000000eca00000,0x00000000ecef8020,0x00000000ecf00000)
  to   space 5120K, 0% used [0x00000000eee80000,0x00000000eee80000,0x00000000ef380000)
 ParOldGen       total 84480K, used 5630K [0x00000000c0000000, 0x00000000c5280000, 0x00000000eaa80000)
  object space 84480K, 6% used [0x00000000c0000000,0x00000000c057faf8,0x00000000c5280000)
 PSPermGen       total 21504K, used 16899K [0x00000000b0000000, 0x00000000b1500000, 0x00000000c0000000)
  object space 21504K, 78% used [0x00000000b0000000,0x00000000b1080f70,0x00000000b1500000)
}
Event: 2.307 GC heap before
{Heap before GC invocations=4 (full 0):
 PSYoungGen      total 37376K, used 37344K [0x00000000eaa80000, 0x00000000ef380000, 0x0000000100000000)
  eden space 32256K, 100% used [0x00000000eaa80000,0x00000000eca00000,0x00000000eca00000)
  from space 5120K, 99% used [0x00000000eca00000,0x00000000ecef8020,0x00000000ecf00000)
  to   space 5120K, 0% used [0x00000000eee80000,0x00000000eee80000,0x00000000ef380000)
 ParOldGen       total 84480K, used 5630K [0x00000000c0000000, 0x00000000c5280000, 0x00000000eaa80000)
  object space 84480K, 6% used [0x00000000c0000000,0x00000000c057faf8,0x00000000c5280000)
 PSPermGen       total 21504K, used 19530K [0x00000000b0000000, 0x00000000b1500000, 0x00000000c0000000)
  object space 21504K, 90% used [0x00000000b0000000,0x00000000b1312a18,0x00000000b1500000)
Event: 2.315 GC heap after
Heap after GC invocations=4 (full 0):
 PSYoungGen      total 69632K, used 5120K [0x00000000eaa80000, 0x00000000ef380000, 0x0000000100000000)
  eden space 64512K, 0% used [0x00000000eaa80000,0x00000000eaa80000,0x00000000ee980000)
  from space 5120K, 100% used [0x00000000eee80000,0x00000000ef380000,0x00000000ef380000)
  to   space 5120K, 0% used [0x00000000ee980000,0x00000000ee980000,0x00000000eee80000)
 ParOldGen       total 84480K, used 9795K [0x00000000c0000000, 0x00000000c5280000, 0x00000000eaa80000)
  object space 84480K, 11% used [0x00000000c0000000,0x00000000c0990d70,0x00000000c5280000)
 PSPermGen       total 21504K, used 19530K [0x00000000b0000000, 0x00000000b1500000, 0x00000000c0000000)
  object space 21504K, 90% used [0x00000000b0000000,0x00000000b1312a18,0x00000000b1500000)
}
Event: 3.002 GC heap before
{Heap before GC invocations=5 (full 0):
 PSYoungGen      total 69632K, used 69632K [0x00000000eaa80000, 0x00000000ef380000, 0x0000000100000000)
  eden space 64512K, 100% used [0x00000000eaa80000,0x00000000ee980000,0x00000000ee980000)
  from space 5120K, 100% used [0x00000000eee80000,0x00000000ef380000,0x00000000ef380000)
  to   space 5120K, 0% used [0x00000000ee980000,0x00000000ee980000,0x00000000eee80000)
 ParOldGen       total 84480K, used 9795K [0x00000000c0000000, 0x00000000c5280000, 0x00000000eaa80000)
  object space 84480K, 11% used [0x00000000c0000000,0x00000000c0990d70,0x00000000c5280000)
 PSPermGen       total 24576K, used 24481K [0x00000000b0000000, 0x00000000b1800000, 0x00000000c0000000)
  object space 24576K, 99% used [0x00000000b0000000,0x00000000b17e8638,0x00000000b1800000)
Event: 3.021 GC heap after
Heap after GC invocations=5 (full 0):
 PSYoungGen      total 69632K, used 5120K [0x00000000eaa80000, 0x00000000f4280000, 0x0000000100000000)
  eden space 64512K, 0% used [0x00000000eaa80000,0x00000000eaa80000,0x00000000ee980000)
  from space 5120K, 100% used [0x00000000ee980000,0x00000000eee80000,0x00000000eee80000)
  to   space 13312K, 0% used [0x00000000f3580000,0x00000000f3580000,0x00000000f4280000)
 ParOldGen       total 84480K, used 16622K [0x00000000c0000000, 0x00000000c5280000, 0x00000000eaa80000)
  object space 84480K, 19% used [0x00000000c0000000,0x00000000c103b838,0x00000000c5280000)
 PSPermGen       total 24576K, used 24481K [0x00000000b0000000, 0x00000000b1800000, 0x00000000c0000000)
  object space 24576K, 99% used [0x00000000b0000000,0x00000000b17e8638,0x00000000b1800000)
}
Event: 3.413 GC heap before
{Heap before GC invocations=6 (full 0):
 PSYoungGen      total 69632K, used 69632K [0x00000000eaa80000, 0x00000000f4280000, 0x0000000100000000)
  eden space 64512K, 100% used [0x00000000eaa80000,0x00000000ee980000,0x00000000ee980000)
  from space 5120K, 100% used [0x00000000ee980000,0x00000000eee80000,0x00000000eee80000)
  to   space 13312K, 0% used [0x00000000f3580000,0x00000000f3580000,0x00000000f4280000)
 ParOldGen       total 84480K, used 16622K [0x00000000c0000000, 0x00000000c5280000, 0x00000000eaa80000)
  object space 84480K, 19% used [0x00000000c0000000,0x00000000c103b838,0x00000000c5280000)
 PSPermGen       total 26624K, used 26617K [0x00000000b0000000, 0x00000000b1a00000, 0x00000000c0000000)
  object space 26624K, 99% used [0x00000000b0000000,0x00000000b19fe7a0,0x00000000b1a00000)
Event: 3.425 GC heap after
Heap after GC invocations=6 (full 0):
 PSYoungGen      total 141824K, used 10654K [0x00000000eaa80000, 0x00000000f4380000, 0x0000000100000000)
  eden space 128512K, 0% used [0x00000000eaa80000,0x00000000eaa80000,0x00000000f2800000)
  from space 13312K, 80% used [0x00000000f3580000,0x00000000f3fe7ba0,0x00000000f4280000)
  to   space 13824K, 0% used [0x00000000f2800000,0x00000000f2800000,0x00000000f3580000)
 ParOldGen       total 84480K, used 16622K [0x00000000c0000000, 0x00000000c5280000, 0x00000000eaa80000)
  object space 84480K, 19% used [0x00000000c0000000,0x00000000c103b838,0x00000000c5280000)
 PSPermGen       total 26624K, used 26617K [0x00000000b0000000, 0x00000000b1a00000, 0x00000000c0000000)
  object space 26624K, 99% used [0x00000000b0000000,0x00000000b19fe7a0,0x00000000b1a00000)
}
Event: 4.915 GC heap before
{Heap before GC invocations=7 (full 0):
 PSYoungGen      total 141824K, used 139166K [0x00000000eaa80000, 0x00000000f4380000, 0x0000000100000000)
  eden space 128512K, 100% used [0x00000000eaa80000,0x00000000f2800000,0x00000000f2800000)
  from space 13312K, 80% used [0x00000000f3580000,0x00000000f3fe7ba0,0x00000000f4280000)
  to   space 13824K, 0% used [0x00000000f2800000,0x00000000f2800000,0x00000000f3580000)
 ParOldGen       total 84480K, used 16622K [0x00000000c0000000, 0x00000000c5280000, 0x00000000eaa80000)
  object space 84480K, 19% used [0x00000000c0000000,0x00000000c103b838,0x00000000c5280000)
 PSPermGen       total 29696K, used 29365K [0x00000000b0000000, 0x00000000b1d00000, 0x00000000c0000000)
  object space 29696K, 98% used [0x00000000b0000000,0x00000000b1cad600,0x00000000b1d00000)

Deoptimization events (10 events):
Event: 3.701 Thread 0x00007effe8005000 Uncommon trap: reason=bimorphic action=maybe_recompile pc=0x00007f00312419b8 method=java.util.regex.Pattern$Branch.match(Ljava/util/regex/Matcher;ILjava/lang/CharSequence;)Z @ 32
Event: 4.349 Thread 0x00007effe8005000 Uncommon trap: reason=unreached action=reinterpret pc=0x00007f003127b558 method=groovy.lang.MetaClassImpl.populateMethods(Ljava/util/LinkedList;Lorg/codehaus/groovy/reflection/CachedClass;)V @ 150
Event: 4.441 Thread 0x00007effe8005000 Uncommon trap: reason=bimorphic action=maybe_recompile pc=0x00007f00312419b8 method=java.util.regex.Pattern$Branch.match(Ljava/util/regex/Matcher;ILjava/lang/CharSequence;)Z @ 32
Event: 4.722 Thread 0x00007effe8005000 Uncommon trap: reason=array_check action=maybe_recompile pc=0x00007f0031087024 method=java.util.ComparableTimSort.binarySort([Ljava/lang/Object;III)V @ 215
Event: 4.723 Thread 0x00007effe8005000 Uncommon trap: reason=array_check action=maybe_recompile pc=0x00007f0031087024 method=java.util.ComparableTimSort.binarySort([Ljava/lang/Object;III)V @ 215
Event: 4.724 Thread 0x00007effe8005000 Uncommon trap: reason=array_check action=maybe_recompile pc=0x00007f0031087024 method=java.util.ComparableTimSort.binarySort([Ljava/lang/Object;III)V @ 215
Event: 4.727 Thread 0x00007effe8005000 Uncommon trap: reason=array_check action=maybe_recompile pc=0x00007f00310870f4 method=java.util.ComparableTimSort.binarySort([Ljava/lang/Object;III)V @ 193
Event: 4.736 Thread 0x00007effe8005000 Uncommon trap: reason=array_check action=maybe_recompile pc=0x00007f00310870f4 method=java.util.ComparableTimSort.binarySort([Ljava/lang/Object;III)V @ 193
Event: 4.740 Thread 0x00007effe8005000 Uncommon trap: reason=null_check action=make_not_entrant pc=0x00007f00312706cc method=com.sun.beans.WeakCache.get(Ljava/lang/Object;)Ljava/lang/Object; @ 10
Event: 4.793 Thread 0x00007effe8005000 Uncommon trap: reason=null_check action=make_not_entrant pc=0x00007f00312c93b8 method=sun.reflect.Reflection.filterMethods(Ljava/lang/Class;[Ljava/lang/reflect/Method;)[Ljava/lang/reflect/Method; @ 18

Internal exceptions (10 events):
Event: 4.911 Thread 0x00007effe8005000 Threw 0x00000000f2795100 at /build/java7-openjdk/src/icedtea-2.4.7/openjdk/hotspot/src/share/vm/prims/jvm.cpp:1244
Event: 4.911 Thread 0x00007effe8005000 Threw 0x00000000f279a698 at /build/java7-openjdk/src/icedtea-2.4.7/openjdk/hotspot/src/share/vm/prims/jvm.cpp:1244
Event: 4.911 Thread 0x00007effe8005000 Threw 0x00000000f279af40 at /build/java7-openjdk/src/icedtea-2.4.7/openjdk/hotspot/src/share/vm/classfile/systemDictionary.cpp:185
Event: 4.911 Thread 0x00007effe8005000 Threw 0x00000000f279c948 at /build/java7-openjdk/src/icedtea-2.4.7/openjdk/hotspot/src/share/vm/prims/jvm.cpp:1244
Event: 4.911 Thread 0x00007effe8005000 Threw 0x00000000f279dda8 at /build/java7-openjdk/src/icedtea-2.4.7/openjdk/hotspot/src/share/vm/prims/jvm.cpp:1244
Event: 4.911 Thread 0x00007effe8005000 Threw 0x00000000f27a34c8 at /build/java7-openjdk/src/icedtea-2.4.7/openjdk/hotspot/src/share/vm/prims/jvm.cpp:1244
Event: 4.911 Thread 0x00007effe8005000 Threw 0x00000000f27a4bf0 at /build/java7-openjdk/src/icedtea-2.4.7/openjdk/hotspot/src/share/vm/prims/jvm.cpp:1244
Event: 4.911 Thread 0x00007effe8005000 Threw 0x00000000f27a6050 at /build/java7-openjdk/src/icedtea-2.4.7/openjdk/hotspot/src/share/vm/prims/jvm.cpp:1244
Event: 4.911 Thread 0x00007effe8005000 Threw 0x00000000f27ab770 at /build/java7-openjdk/src/icedtea-2.4.7/openjdk/hotspot/src/share/vm/prims/jvm.cpp:1244
Event: 4.911 Thread 0x00007effe8005000 Threw 0x00000000f27ac020 at /build/java7-openjdk/src/icedtea-2.4.7/openjdk/hotspot/src/share/vm/classfile/systemDictionary.cpp:185

Events (10 events):
Event: 4.910 loading class 0x00007effdcaba400 done
Event: 4.911 loading class 0x00007effdcaba400
Event: 4.911 loading class 0x00007effdcaba400 done
Event: 4.911 loading class 0x00007effdcabc2c0
Event: 4.911 loading class 0x00007effdcabc2c0 done
Event: 4.911 loading class 0x00007effdcabc2c0
Event: 4.911 loading class 0x00007effdcabc2c0 done
Event: 4.911 loading class 0x00007effdcabc2c0
Event: 4.911 loading class 0x00007effdcabc2c0 done
Event: 4.915 Executing VM operation: ParallelGCFailedAllocation


Dynamic libraries:
00400000-00401000 r-xp 00000000 08:01 1196056                            /usr/lib/jvm/java-7-openjdk/jre/bin/java
00600000-00601000 rw-p 00000000 08:01 1196056                            /usr/lib/jvm/java-7-openjdk/jre/bin/java
016b5000-016d6000 rw-p 00000000 00:00 0                                  [heap]
b0000000-b1d00000 rw-p 00000000 00:00 0 
b1d00000-c0000000 rw-p 00000000 00:00 0 
c0000000-c5280000 rw-p 00000000 00:00 0 
c5280000-eaa80000 rw-p 00000000 00:00 0 
eaa80000-f4380000 rw-p 00000000 00:00 0 
fca80000-100000000 rw-p 00000000 00:00 0 
7effcc000000-7effcc021000 rw-p 00000000 00:00 0 
7effcc021000-7effd0000000 ---p 00000000 00:00 0 
7effd4000000-7effd4021000 rw-p 00000000 00:00 0 
7effd4021000-7effd8000000 ---p 00000000 00:00 0 
7effd8000000-7effd8021000 rw-p 00000000 00:00 0 
7effd8021000-7effdc000000 ---p 00000000 00:00 0 
7effdc000000-7effdce8e000 rw-p 00000000 00:00 0 
7effdce8e000-7effe0000000 ---p 00000000 00:00 0 
7effe0000000-7effe0021000 rw-p 00000000 00:00 0 
7effe0021000-7effe4000000 ---p 00000000 00:00 0 
7effe4000000-7effe4021000 rw-p 00000000 00:00 0 
7effe4021000-7effe8000000 ---p 00000000 00:00 0 
7effe8000000-7effe802b000 rw-p 00000000 00:00 0 
7effe802b000-7effec000000 ---p 00000000 00:00 0 
7effec000000-7effed8be000 rw-p 00000000 00:00 0 
7effed8be000-7efff0000000 ---p 00000000 00:00 0 
7efff0000000-7efff0021000 rw-p 00000000 00:00 0 
7efff0021000-7efff4000000 ---p 00000000 00:00 0 
7efff4000000-7efff4021000 rw-p 00000000 00:00 0 
7efff4021000-7efff8000000 ---p 00000000 00:00 0 
7efff8000000-7efff908a000 rw-p 00000000 00:00 0 
7efff908a000-7efffc000000 ---p 00000000 00:00 0 
7efffc000000-7efffc021000 rw-p 00000000 00:00 0 
7efffc021000-7f0000000000 ---p 00000000 00:00 0 
7f0000000000-7f0000021000 rw-p 00000000 00:00 0 
7f0000021000-7f0004000000 ---p 00000000 00:00 0 
7f0004000000-7f0004021000 rw-p 00000000 00:00 0 
7f0004021000-7f0008000000 ---p 00000000 00:00 0 
7f0009170000-7f0009171000 rw-p 00000000 00:00 0 
7f0009171000-7f0009173000 r--s 0000d000 08:03 4330571                    /home/siddhu/.gradle/caches/modules-2/files-2.1/commons-codec/commons-codec/1.4/4216af16d38465bbab0f3dff8efa14204f7a399a/commons-codec-1.4.jar
7f0009173000-7f0009175000 r--s 0000d000 08:03 4330569                    /home/siddhu/.gradle/caches/modules-2/files-2.1/commons-logging/commons-logging/1.1.1/5043bfebc3db072ed80fbd362e7caf00e885d8ae/commons-logging-1.1.1.jar
7f0009175000-7f000917a000 r--s 00028000 08:03 4201376                    /home/siddhu/.gradle/caches/modules-2/files-2.1/org.apache.httpcomponents/httpcore/4.1/33fc26c02f8043ab0ede19eadc8c9885386b255c/httpcore-4.1.jar
7f000917a000-7f000917c000 r--s 00004000 08:03 4201374                    /home/siddhu/.gradle/caches/modules-2/files-2.1/org.ow2.asm/asm-tree/4.0/67bd266cd17adcee486b76952ece4cc85fe248b8/asm-tree-4.0.jar
7f000917c000-7f0009185000 r--s 000a7000 08:03 4201372                    /home/siddhu/.gradle/caches/modules-2/files-2.1/com.android.tools.external.lombok/lombok-ast/0.2.2/57e560b535ceaa14fb6f15422d74594acd6c5b64/lombok-ast-0.2.2.jar
7f0009185000-7f0009187000 r--s 0000a000 08:03 4201370                    /home/siddhu/.gradle/caches/modules-2/files-2.1/org.ow2.asm/asm/4.0/659add6efc75a4715d738e73f07505246edf4d66/asm-4.0.jar
7f0009187000-7f00091b1000 r--s 001e9000 08:03 4067896                    /home/siddhu/.gradle/caches/modules-2/files-2.1/com.google.guava/guava/15.0/ed727a8d9f247e2050281cb083f1c77b09dcb5cd/guava-15.0.jar
7f00091b1000-7f00091e4000 r--s 00203000 08:03 4201368                    /home/siddhu/.gradle/caches/modules-2/files-2.1/org.bouncycastle/bcprov-jdk15on/1.48/960dea7c9181ba0b17e8bab0c06a43f0a5f04e65/bcprov-jdk15on-1.48.jar
7f00091e4000-7f00091e8000 r--s 00020000 08:03 4201366                    /home/siddhu/.gradle/caches/modules-2/files-2.1/org.apache.commons/commons-compress/1.0/995ae384a0b1e2c66269e6bc5198db8561fb45a2/commons-compress-1.0.jar
7f00091e8000-7f00091ea000 r--s 00005000 08:03 4201364                    /home/siddhu/.gradle/caches/modules-2/files-2.1/org.apache.httpcomponents/httpmime/4.1/9ba2dcdf94ce35c8a8e9bff242db0618ca932e92/httpmime-4.1.jar
7f00091ea000-7f00091f2000 r--s 0004e000 08:03 4201362                    /home/siddhu/.gradle/caches/modules-2/files-2.1/org.apache.httpcomponents/httpclient/4.1.1/3d1d918f32709e33ba7ddb2c4e8d1c543ebe713e/httpclient-4.1.1.jar
7f00091f2000-7f00091f5000 r--s 00010000 08:03 4201360                    /home/siddhu/.gradle/caches/modules-2/files-2.1/com.android.tools.layoutlib/layoutlib-api/22.8.4/8e142e78d0c99c8e4ffbcb55a191131ad5a9b671/layoutlib-api-22.8.4.jar
7f00091f5000-7f00091f6000 r--s 00003000 08:03 4201358                    /home/siddhu/.gradle/caches/modules-2/files-2.1/com.android.tools/dvlib/22.8.4/f0c7a7ee1857ff4782525a684281808556014532/dvlib-22.8.4.jar
7f00091f6000-7f00091f7000 r--s 0000a000 08:03 4201356                    /home/siddhu/.gradle/caches/modules-2/files-2.1/net.sf.kxml/kxml2/2.3.0/ccbc77a5fd907ef863c29f3596c6f54ffa4e9442/kxml2-2.3.0.jar
7f00091f7000-7f00091f8000 r--s 00004000 08:03 4201354                    /home/siddhu/.gradle/caches/modules-2/files-2.1/org.ow2.asm/asm-analysis/4.0/1c45d52b6f6c638db13cf3ac12adeb56b254cdd7/asm-analysis-4.0.jar
7f00091f8000-7f00091fb000 r--s 00027000 08:03 4201352                    /home/siddhu/.gradle/caches/modules-2/files-2.1/com.android.tools.lint/lint-api/22.8.4/cc703f06f4c29cd98f7ea5629f06776a5ee3815/lint-api-22.8.4.jar
7f00091fb000-7f00091fd000 r--s 00011000 08:03 4201350                    /home/siddhu/.gradle/caches/modules-2/files-2.1/com.android.tools/common/22.8.4/48e1c32d53a360635d577e86fc229dcc6b593916/common-22.8.4.jar
7f00091fd000-7f000920b000 r--s 00081000 08:03 4201348                    /home/siddhu/.gradle/caches/modules-2/files-2.1/org.bouncycastle/bcpkix-jdk15on/1.48/28b7614b908a47844bb27e3c94b45b6893656265/bcpkix-jdk15on-1.48.jar
7f000920b000-7f000920c000 r--s 00002000 08:03 4201346                    /home/siddhu/.gradle/caches/modules-2/files-2.1/com.android.tools.build/builder-model/0.10.4/1e848b4ca0681d6b8ef082b673e2b0ec7560b7a4/builder-model-0.10.4.jar
7f000920c000-7f0009216000 r--s 000a3000 08:03 4201344                    /home/siddhu/.gradle/caches/modules-2/files-2.1/com.android.tools/sdklib/22.8.4/be560ebd1bc82dfd14d3d86a51c189d7b3f26e4/sdklib-22.8.4.jar
7f0009216000-7f0009217000 r--s 00002000 08:03 4201342                    /home/siddhu/.gradle/caches/modules-2/files-2.1/com.squareup/javawriter/2.2.1/d6dac1da0b24ab9ea9a6b5d49c2586d85f17e597/javawriter-2.2.1.jar
7f0009217000-7f000921a000 r--s 00026000 08:03 4201340                    /home/siddhu/.gradle/caches/modules-2/files-2.1/com.android.tools.build/manifest-merger/22.8.4/be2ef8a9bac178012c4d0d104fd3fc053acc72be/manifest-merger-22.8.4.jar
7f000921a000-7f000921b000 r--s 00000000 08:03 4201338                    /home/siddhu/.gradle/caches/modules-2/files-2.1/com.android.tools.build/builder-test-api/0.10.4/47b90215a46f8b2e33cb8f95a3f3446935ac777/builder-test-api-0.10.4.jar
7f000921b000-7f0009220000 r--s 00042000 08:03 4201336                    /home/siddhu/.gradle/caches/modules-2/files-2.1/com.android.tools/sdk-common/22.8.4/acb932808806d0fcb945e8d60a0c9b940b0a6d36/sdk-common-22.8.4.jar
7f0009220000-7f0009224000 r--s 0003d000 08:03 4201334                    /home/siddhu/.gradle/caches/modules-2/files-2.1/com.android.tools.ddms/ddmlib/22.8.4/f3ff694ed32718738bb93df7b3f3f015da646412/ddmlib-22.8.4.jar
7f0009224000-7f000922a000 r--s 00082000 08:03 3672745                    /home/siddhu/.gradle/caches/modules-2/files-2.1/com.android.tools.lint/lint-checks/22.8.4/8d5d52fbe7bcbd96d7e3e2ca13f5dcb3fe60a2e4/lint-checks-22.8.4.jar
7f000922a000-7f0009239000 r--s 001a9000 08:03 3672743                    /home/siddhu/.gradle/caches/modules-2/files-2.1/org.eclipse.jdt.core.compiler/ecj/4.2.2/d9fd79499c664bccaf24dbe04be417de6c6af64a/ecj-4.2.2.jar
7f0009239000-7f0009249000 r--s 000c5000 08:03 3672741                    /home/siddhu/.gradle/caches/modules-2/files-2.1/net.sf.proguard/proguard-base/4.11/76730af417bb42da22b16e49f49e67863382b9bd/proguard-base-4.11.jar
7f0009249000-7f000924c000 r--s 00029000 08:03 3672739                    /home/siddhu/.gradle/caches/modules-2/files-2.1/com.android.tools.build/builder/0.10.4/cc32c4eb1340fc4fc73cd0bce820e7368ab818ec/builder-0.10.4.jar
7f000924c000-7f000924e000 r--s 00016000 08:03 3544092                    /home/siddhu/.gradle/caches/modules-2/files-2.1/com.android.tools.lint/lint/22.8.4/30476a80becb7902f343e0696b2e3e8eb6a59ad9/lint-22.8.4.jar
7f000924e000-7f000924f000 r--s 00002000 08:03 3544090                    /home/siddhu/.gradle/caches/modules-2/files-2.1/net.sf.proguard/proguard-gradle/4.11/da875d4b67a8be6c770b11d894434843714ac69d/proguard-gradle-4.11.jar
7f000924f000-7f000925c000 r--s 000f7000 08:03 3544088                    /home/siddhu/.gradle/caches/modules-2/files-2.1/com.android.tools.build/gradle/0.10.4/b5dbb89b0ffab94d3cb31be9ddb5500f472a7311/gradle-0.10.4.jar
7f000925c000-7f0009265000 r--s 000b9000 08:01 1195506                    /usr/lib/jvm/java-7-openjdk/jre/lib/resources.jar
7f0009265000-7f0009268000 ---p 00000000 00:00 0 
7f0009268000-7f0009366000 rw-p 00000000 00:00 0                          [stack:1627]
7f0009366000-7f0009369000 ---p 00000000 00:00 0 
7f0009369000-7f000939f000 rw-p 00000000 00:00 0                          [stack:1626]
7f000939f000-7f00093a0000 r--p 00000000 00:00 0 
7f00093a0000-7f000940b000 r--s 0069c000 08:01 1196149                    /usr/lib/jvm/java-7-openjdk/lib/tools.jar
7f000940b000-7f0009420000 r-xp 00000000 00:1f 3584578                    /tmp/jna851462341125557074.tmp
7f0009420000-7f000951f000 ---p 00015000 00:1f 3584578                    /tmp/jna851462341125557074.tmp
7f000951f000-7f0009521000 rw-p 00014000 00:1f 3584578                    /tmp/jna851462341125557074.tmp
7f0009521000-7f0009524000 ---p 00000000 00:00 0 
7f0009524000-7f0009622000 rw-p 00000000 00:00 0                          [stack:1624]
7f0009622000-7f0009625000 ---p 00000000 00:00 0 
7f0009625000-7f0009723000 rw-p 00000000 00:00 0                          [stack:1621]
7f0009723000-7f0009726000 ---p 00000000 00:00 0 
7f0009726000-7f0009824000 rw-p 00000000 00:00 0                          [stack:1620]
7f0009824000-7f0009827000 ---p 00000000 00:00 0 
7f0009827000-7f0009925000 rw-p 00000000 00:00 0                          [stack:1619]
7f0009925000-7f0009929000 r-xp 00000000 00:1f 3584560                    /tmp/native-platform4323525793299516760dir/libnative-platform-linux-amd64.so
7f0009929000-7f0009b28000 ---p 00004000 00:1f 3584560                    /tmp/native-platform4323525793299516760dir/libnative-platform-linux-amd64.so
7f0009b28000-7f0009b29000 rw-p 00003000 00:1f 3584560                    /tmp/native-platform4323525793299516760dir/libnative-platform-linux-amd64.so
7f0009b29000-7f0009b2e000 r--s 0004c000 08:01 1195507                    /usr/lib/jvm/java-7-openjdk/jre/lib/jsse.jar
7f0009b2e000-7f0009b30000 r--s 00002000 08:03 4330525                    /home/siddhu/.gradle/wrapper/dists/gradle-1.10-all/6vpvhqu0efs1fqmqr2decq1v12/gradle-1.10/lib/plugins/gradle-language-base-1.10.jar
7f0009b30000-7f0009b31000 r--s 00004000 08:03 4330524                    /home/siddhu/.gradle/wrapper/dists/gradle-1.10-all/6vpvhqu0efs1fqmqr2decq1v12/gradle-1.10/lib/plugins/gradle-language-jvm-1.10.jar
7f0009b31000-7f0009b36000 r--s 00029000 08:03 4330523                    /home/siddhu/.gradle/wrapper/dists/gradle-1.10-all/6vpvhqu0efs1fqmqr2decq1v12/gradle-1.10/lib/plugins/gradle-build-init-1.10.jar
7f0009b36000-7f0009b39000 r--s 0001f000 08:03 4330522                    /home/siddhu/.gradle/wrapper/dists/gradle-1.10-all/6vpvhqu0efs1fqmqr2decq1v12/gradle-1.10/lib/plugins/gradle-jacoco-1.10.jar
7f0009b39000-7f0009b3c000 r--s 0000c000 08:03 4330521                    /home/siddhu/.gradle/wrapper/dists/gradle-1.10-all/6vpvhqu0efs1fqmqr2decq1v12/gradle-1.10/lib/plugins/gradle-ivy-1.10.jar
7f0009b3c000-7f0009b3d000 r--s 00002000 08:03 4330520                    /home/siddhu/.gradle/wrapper/dists/gradle-1.10-all/6vpvhqu0efs1fqmqr2decq1v12/gradle-1.10/lib/plugins/gradle-publish-1.10.jar
7f0009b3d000-7f0009b3f000 r--s 00005000 08:03 4330550                    /home/siddhu/.gradle/wrapper/dists/gradle-1.10-all/6vpvhqu0efs1fqmqr2decq1v12/gradle-1.10/lib/plugins/jatl-0.2.2.jar
7f0009b3f000-7f0009b41000 r--s 00007000 08:03 4330519                    /home/siddhu/.gradle/wrapper/dists/gradle-1.10-all/6vpvhqu0efs1fqmqr2decq1v12/gradle-1.10/lib/plugins/gradle-reporting-1.10.jar
7f0009b41000-7f0009b46000 r--s 0003c000 08:03 4330518                    /home/siddhu/.gradle/wrapper/dists/gradle-1.10-all/6vpvhqu0efs1fqmqr2decq1v12/gradle-1.10/lib/plugins/gradle-diagnostics-1.10.jar
7f0009b46000-7f0009b4d000 r--s 00094000 08:03 4330517                    /home/siddhu/.gradle/wrapper/dists/gradle-1.10-all/6vpvhqu0efs1fqmqr2decq1v12/gradle-1.10/lib/plugins/gradle-build-comparison-1.10.jar
7f0009b4d000-7f0009b54000 r--s 00035000 08:03 4330549                    /home/siddhu/.gradle/wrapper/dists/gradle-1.10-all/6vpvhqu0efs1fqmqr2decq1v12/gradle-1.10/lib/plugins/simple-4.1.21.jar
7f0009b54000-7f0009b59000 r--s 0002a000 08:03 4330548                    /home/siddhu/.gradle/wrapper/dists/gradle-1.10-all/6vpvhqu0efs1fqmqr2decq1v12/gradle-1.10/lib/plugins/gson-2.2.1.jar
7f0009b59000-7f0009b65000 r--s 00100000 08:03 4330547                    /home/siddhu/.gradle/wrapper/dists/gradle-1.10-all/6vpvhqu0efs1fqmqr2decq1v12/gradle-1.10/lib/plugins/rhino-1.7R3.jar
7f0009b65000-7f0009b6a000 r--s 00021000 08:03 4330516                    /home/siddhu/.gradle/wrapper/dists/gradle-1.10-all/6vpvhqu0efs1fqmqr2decq1v12/gradle-1.10/lib/plugins/gradle-javascript-1.10.jar
7f0009b6a000-7f0009b6c000 r--s 0000f000 08:03 4330515                    /home/siddhu/.gradle/wrapper/dists/gradle-1.10-all/6vpvhqu0efs1fqmqr2decq1v12/gradle-1.10/lib/plugins/gradle-ear-1.10.jar
7f0009b6c000-7f0009b7c000 r--s 000a3000 08:03 4330514                    /home/siddhu/.gradle/wrapper/dists/gradle-1.10-all/6vpvhqu0efs1fqmqr2decq1v12/gradle-1.10/lib/plugins/gradle-cpp-1.10.jar
7f0009b7c000-7f0009ba4000 r--s 00194000 08:03 4330560                    /home/siddhu/.gradle/wrapper/dists/gradle-1.10-all/6vpvhqu0efs1fqmqr2decq1v12/gradle-1.10/lib/plugins/bcprov-jdk15-1.46.jar
7f0009ba4000-7f0009ba8000 r--s 00025000 08:03 4330546                    /home/siddhu/.gradle/wrapper/dists/gradle-1.10-all/6vpvhqu0efs1fqmqr2decq1v12/gradle-1.10/lib/plugins/bcpg-jdk15-1.46.jar
7f0009ba8000-7f0009bab000 r--s 00021000 08:03 4330513                    /home/siddhu/.gradle/wrapper/dists/gradle-1.10-all/6vpvhqu0efs1fqmqr2decq1v12/gradle-1.10/lib/plugins/gradle-signing-1.10.jar
7f0009bab000-7f0009bac000 r--s 00002000 08:03 4330545                    /home/siddhu/.gradle/wrapper/dists/gradle-1.10-all/6vpvhqu0efs1fqmqr2decq1v12/gradle-1.10/lib/plugins/sonar-batch-bootstrapper-2.9.jar
7f0009bac000-7f0009bad000 r--s 00007000 08:03 4330544                    /home/siddhu/.gradle/wrapper/dists/gradle-1.10-all/6vpvhqu0efs1fqmqr2decq1v12/gradle-1.10/lib/plugins/sonar-runner-2.0.jar
7f0009bad000-7f0009bb0000 r--s 00022000 08:03 4330512                    /home/siddhu/.gradle/wrapper/dists/gradle-1.10-all/6vpvhqu0efs1fqmqr2decq1v12/gradle-1.10/lib/plugins/gradle-sonar-1.10.jar
7f0009bb0000-7f0009bb3000 r--s 0001c000 08:03 4330511                    /home/siddhu/.gradle/wrapper/dists/gradle-1.10-all/6vpvhqu0efs1fqmqr2decq1v12/gradle-1.10/lib/plugins/gradle-scala-1.10.jar
7f0009bb3000-7f0009bb5000 r--s 0000f000 08:03 4330510                    /home/siddhu/.gradle/wrapper/dists/gradle-1.10-all/6vpvhqu0efs1fqmqr2decq1v12/gradle-1.10/lib/plugins/gradle-announce-1.10.jar
7f0009bb5000-7f0009bc3000 r--s 000d9000 08:03 4330509                    /home/siddhu/.gradle/wrapper/dists/gradle-1.10-all/6vpvhqu0efs1fqmqr2decq1v12/gradle-1.10/lib/plugins/gradle-ide-1.10.jar
7f0009bc3000-7f0009bc5000 r--s 00000000 08:03 4330543                    /home/siddhu/.gradle/wrapper/dists/gradle-1.10-all/6vpvhqu0efs1fqmqr2decq1v12/gradle-1.10/lib/plugins/plexus-component-annotations-1.5.2.jar
7f0009bc5000-7f0009bc8000 r--s 0000c000 08:03 4330542                    /home/siddhu/.gradle/wrapper/dists/gradle-1.10-all/6vpvhqu0efs1fqmqr2decq1v12/gradle-1.10/lib/plugins/pmaven-groovy-0.8-20100325.jar
7f0009bc8000-7f0009bc9000 r--s 00004000 08:03 4330541                    /home/siddhu/.gradle/wrapper/dists/gradle-1.10-all/6vpvhqu0efs1fqmqr2decq1v12/gradle-1.10/lib/plugins/pmaven-common-0.8-20100325.jar
7f0009bc9000-7f0009bce000 r--s 0001c000 08:03 4330508                    /home/siddhu/.gradle/wrapper/dists/gradle-1.10-all/6vpvhqu0efs1fqmqr2decq1v12/gradle-1.10/lib/plugins/gradle-maven-1.10.jar
7f0009bce000-7f0009be6000 r--s 0013b000 08:03 4330539                    /home/siddhu/.gradle/wrapper/dists/gradle-1.10-all/6vpvhqu0efs1fqmqr2decq1v12/gradle-1.10/lib/plugins/bndlib-2.1.0.jar
7f0009be6000-7f0009be7000 r--s 00005000 08:03 4330507                    /home/siddhu/.gradle/wrapper/dists/gradle-1.10-all/6vpvhqu0efs1fqmqr2decq1v12/gradle-1.10/lib/plugins/gradle-osgi-1.10.jar
7f0009be7000-7f0009bec000 r--s 00068000 08:03 4330538                    /home/siddhu/.gradle/wrapper/dists/gradle-1.10-all/6vpvhqu0efs1fqmqr2decq1v12/gradle-1.10/lib/plugins/antlr-2.7.7.jar
7f0009bec000-7f0009bed000 r--s 00002000 08:03 4330537                    /home/siddhu/.gradle/wrapper/dists/gradle-1.10-all/6vpvhqu0efs1fqmqr2decq1v12/gradle-1.10/lib/plugins/ant-antlr-1.9.2.jar
7f0009bed000-7f0009bef000 r--s 00004000 08:03 4330506                    /home/siddhu/.gradle/wrapper/dists/gradle-1.10-all/6vpvhqu0efs1fqmqr2decq1v12/gradle-1.10/lib/plugins/gradle-antlr-1.10.jar
7f0009bef000-7f0009bf2000 r--s 0001e000 08:03 4330559                    /home/siddhu/.gradle/wrapper/dists/gradle-1.10-all/6vpvhqu0efs1fqmqr2decq1v12/gradle-1.10/lib/plugins/jsp-api-2.1-6.1.14.jar
7f0009bf2000-7f0009c15000 r--s 00344000 08:03 4330558                    /home/siddhu/.gradle/wrapper/dists/gradle-1.10-all/6vpvhqu0efs1fqmqr2decq1v12/gradle-1.10/lib/plugins/core-3.1.1.jar
7f0009c15000-7f0009c16000 r--s 00006000 08:03 4330557                    /home/siddhu/.gradle/wrapper/dists/gradle-1.10-all/6vpvhqu0efs1fqmqr2decq1v12/gradle-1.10/lib/plugins/jetty-naming-6.1.25.jar
7f0009c16000-7f0009c17000 r--s 00002000 08:03 4330536                    /home/siddhu/.gradle/wrapper/dists/gradle-1.10-all/6vpvhqu0efs1fqmqr2decq1v12/gradle-1.10/lib/plugins/geronimo-annotation_1.0_spec-1.0.jar
7f0009c17000-7f0009c19000 r--s 00002000 08:03 4330535                    /home/siddhu/.gradle/wrapper/dists/gradle-1.10-all/6vpvhqu0efs1fqmqr2decq1v12/gradle-1.10/lib/plugins/jetty-annotations-6.1.25.jar
7f0009c19000-7f0009c2a000 r--s 000ea000 08:03 4330534                    /home/siddhu/.gradle/wrapper/dists/gradle-1.10-all/6vpvhqu0efs1fqmqr2decq1v12/gradle-1.10/lib/plugins/jsp-2.1-6.1.14.jar
7f0009c2a000-7f0009c2c000 r--s 0000d000 08:03 4330533                    /home/siddhu/.gradle/wrapper/dists/gradle-1.10-all/6vpvhqu0efs1fqmqr2decq1v12/gradle-1.10/lib/plugins/jetty-plus-6.1.25.jar
7f0009c2c000-7f0009c2e000 r--s 0001f000 08:03 4330532                    /home/siddhu/.gradle/wrapper/dists/gradle-1.10-all/6vpvhqu0efs1fqmqr2decq1v12/gradle-1.10/lib/plugins/servlet-api-2.5-20081211.jar
7f0009c2e000-7f0009c32000 r--s 00028000 08:03 4330531                    /home/siddhu/.gradle/wrapper/dists/gradle-1.10-all/6vpvhqu0efs1fqmqr2decq1v12/gradle-1.10/lib/plugins/jetty-util-6.1.25.jar
7f0009c32000-7f0009c39000 r--s 0007d000 08:03 4330530                    /home/siddhu/.gradle/wrapper/dists/gradle-1.10-all/6vpvhqu0efs1fqmqr2decq1v12/gradle-1.10/lib/plugins/jetty-6.1.25.jar
7f0009c39000-7f0009c3b000 r--s 00009000 08:03 4330505                    /home/siddhu/.gradle/wrapper/dists/gradle-1.10-all/6vpvhqu0efs1fqmqr2decq1v12/gradle-1.10/lib/plugins/gradle-jetty-1.10.jar
7f0009c3b000-7f0009c41000 r--s 0004c000 08:03 4330504                    /home/siddhu/.gradle/wrapper/dists/gradle-1.10-all/6vpvhqu0efs1fqmqr2decq1v12/gradle-1.10/lib/plugins/gradle-code-quality-1.10.jar
7f0009c41000-7f0009c43000 r--s 00009000 08:03 4330566                    /home/siddhu/.gradle/wrapper/dists/gradle-1.10-all/6vpvhqu0efs1fqmqr2decq1v12/gradle-1.10/lib/plugins/hamcrest-core-1.3.jar
7f0009c43000-7f0009c49000 r--s 00033000 08:03 4330556                    /home/siddhu/.gradle/wrapper/dists/gradle-1.10-all/6vpvhqu0efs1fqmqr2decq1v12/gradle-1.10/lib/plugins/snakeyaml-1.6.jar
7f0009c49000-7f0009c4b000 r--s 00006000 08:03 4330555                    /home/siddhu/.gradle/wrapper/dists/gradle-1.10-all/6vpvhqu0efs1fqmqr2decq1v12/gradle-1.10/lib/plugins/jcommander-1.12.jar
7f0009c4b000-7f0009c50000 r--s 00040000 08:03 4330554                    /home/siddhu/.gradle/wrapper/dists/gradle-1.10-all/6vpvhqu0efs1fqmqr2decq1v12/gradle-1.10/lib/plugins/bsh-2.0b4.jar
7f0009c50000-7f0009c52000 r--s 00009000 08:03 4330529                    /home/siddhu/.gradle/wrapper/dists/gradle-1.10-all/6vpvhqu0efs1fqmqr2decq1v12/gradle-1.10/lib/plugins/commons-cli-1.2.jar
7f0009c52000-7f0009c5b000 r--s 00089000 08:03 4330528                    /home/siddhu/.gradle/wrapper/dists/gradle-1.10-all/6vpvhqu0efs1fqmqr2decq1v12/gradle-1.10/lib/plugins/testng-6.3.1.jar
7f0009c5b000-7f0009c61000 r--s 00036000 08:03 4330527                    /home/siddhu/.gradle/wrapper/dists/gradle-1.10-all/6vpvhqu0efs1fqmqr2decq1v12/gradle-1.10/lib/plugins/junit-4.11.jar
7f0009c61000-7f0009c71000 r--s 000a6000 08:03 4330503                    /home/siddhu/.gradle/wrapper/dists/gradle-1.10-all/6vpvhqu0efs1fqmqr2decq1v12/gradle-1.10/lib/plugins/gradle-plugins-1.10.jar
7f0009c71000-7f0009c89000 r--s 00115000 08:03 4330564                    /home/siddhu/.gradle/wrapper/dists/gradle-1.10-all/6vpvhqu0efs1fqmqr2decq1v12/gradle-1.10/lib/plugins/xercesImpl-2.9.1.jar
7f0009c89000-7f0009c91000 r--s 00028000 08:03 4330565                    /home/siddhu/.gradle/wrapper/dists/gradle-1.10-all/6vpvhqu0efs1fqmqr2decq1v12/gradle-1.10/lib/plugins/xml-apis-1.3.04.jar
7f0009c91000-7f0009c97000 r--s 0005b000 08:03 4330563                    /home/siddhu/.gradle/wrapper/dists/gradle-1.10-all/6vpvhqu0efs1fqmqr2decq1v12/gradle-1.10/lib/plugins/jcifs-1.3.17.jar
7f0009c97000-7f0009c9d000 r--s 00031000 08:03 4330562                    /home/siddhu/.gradle/wrapper/dists/gradle-1.10-all/6vpvhqu0efs1fqmqr2decq1v12/gradle-1.10/lib/plugins/httpcore-4.2.2.jar
7f0009c9d000-7f0009ca3000 r--s 00033000 08:03 4330561                    /home/siddhu/.gradle/wrapper/dists/gradle-1.10-all/6vpvhqu0efs1fqmqr2decq1v12/gradle-1.10/lib/plugins/commons-codec-1.6.jar
7f0009ca3000-7f0009ca7000 r--s 0001d000 08:03 4330553                    /home/siddhu/.gradle/wrapper/dists/gradle-1.10-all/6vpvhqu0efs1fqmqr2decq1v12/gradle-1.10/lib/plugins/xbean-reflect-3.4.jar
7f0009ca7000-7f0009caa000 r--s 0001c000 08:03 4330552                    /home/siddhu/.gradle/wrapper/dists/gradle-1.10-all/6vpvhqu0efs1fqmqr2decq1v12/gradle-1.10/lib/plugins/nekohtml-1.9.14.jar
7f0009caa000-7f0009cc3000 r--s 00129000 08:03 4330540                    /home/siddhu/.gradle/wrapper/dists/gradle-1.10-all/6vpvhqu0efs1fqmqr2decq1v12/gradle-1.10/lib/plugins/maven-ant-tasks-2.1.3.jar
7f0009cc3000-7f0009ccc000 r--s 00060000 08:03 4330551                    /home/siddhu/.gradle/wrapper/dists/gradle-1.10-all/6vpvhqu0efs1fqmqr2decq1v12/gradle-1.10/lib/plugins/httpclient-4.2.2.jar
7f0009ccc000-7f0009cd0000 r--s 0001e000 08:03 4330502                    /home/siddhu/.gradle/wrapper/dists/gradle-1.10-all/6vpvhqu0efs1fqmqr2decq1v12/gradle-1.10/lib/plugins/jarjar-aether-impl-1.13.1.jar
7f0009cd0000-7f0009cd3000 r--s 00027000 08:03 4330501                    /home/siddhu/.gradle/wrapper/dists/gradle-1.10-all/6vpvhqu0efs1fqmqr2decq1v12/gradle-1.10/lib/plugins/jarjar-maven-model-3.0.4.jar
7f0009cd3000-7f0009cd6000 r--s 0000b000 08:03 4330500                    /home/siddhu/.gradle/wrapper/dists/gradle-1.10-all/6vpvhqu0efs1fqmqr2decq1v12/gradle-1.10/lib/plugins/jarjar-maven-artifact-3.0.4.jar
7f0009cd6000-7f0009cda000 r--s 0001e000 08:03 4330499                    /home/siddhu/.gradle/wrapper/dists/gradle-1.10-all/6vpvhqu0efs1fqmqr2decq1v12/gradle-1.10/lib/plugins/jarjar-aether-util-1.13.1.jar
7f0009cda000-7f0009cdc000 r--s 00007000 08:03 4330498                    /home/siddhu/.gradle/wrapper/dists/gradle-1.10-all/6vpvhqu0efs1fqmqr2decq1v12/gradle-1.10/lib/plugins/jarjar-wagon-http-shared4-2.4.jar
7f0009cdc000-7f0009ce9000 r--s 00083000 08:03 4330497                    /home/siddhu/.gradle/wrapper/dists/gradle-1.10-all/6vpvhqu0efs1fqmqr2decq1v12/gradle-1.10/lib/plugins/jarjar-maven-core-3.0.4.jar
7f0009ce9000-7f0009ceb000 r--s 00003000 08:03 4330496                    /home/siddhu/.gradle/wrapper/dists/gradle-1.10-all/6vpvhqu0efs1fqmqr2decq1v12/gradle-1.10/lib/plugins/jarjar-aether-spi-1.13.1.jar
7f0009ceb000-7f0009ced000 r--s 00009000 08:03 4330495                    /home/siddhu/.gradle/wrapper/dists/gradle-1.10-all/6vpvhqu0efs1fqmqr2decq1v12/gradle-1.10/lib/plugins/jarjar-maven-settings-builder-3.0.4.jar
7f0009ced000-7f0009cf1000 r--s 00014000 08:03 4330494                    /home/siddhu/.gradle/wrapper/dists/gradle-1.10-all/6vpvhqu0efs1fqmqr2decq1v12/gradle-1.10/lib/plugins/jarjar-aether-api-1.13.1.jar
7f0009cf1000-7f0009cf8000 r--s 00042000 08:03 4330492                    /home/siddhu/.gradle/wrapper/dists/gradle-1.10-all/6vpvhqu0efs1fqmqr2decq1v12/gradle-1.10/lib/plugins/jarjar-maven-compat-3.0.4.jar
7f0009cf8000-7f0009cfa000 r--s 00006000 08:03 4330491                    /home/siddhu/.gradle/wrapper/dists/gradle-1.10-all/6vpvhqu0efs1fqmqr2decq1v12/gradle-1.10/lib/plugins/jarjar-aether-connector-wagon-1.13.1.jar
7f0009cfa000-7f0009cfc000 r--s 00000000 08:03 4330490                    /home/siddhu/.gradle/wrapper/dists/gradle-1.10-all/6vpvhqu0efs1fqmqr2decq1v12/gradle-1.10/lib/plugins/jarjar-plexus-component-annotations-1.5.5.jar
7f0009cfc000-7f0009cfe000 r--s 00006000 08:03 4330489                    /home/siddhu/.gradle/wrapper/dists/gradle-1.10-all/6vpvhqu0efs1fqmqr2decq1v12/gradle-1.10/lib/plugins/jarjar-plexus-sec-dispatcher-1.3.jar
7f0009cfe000-7f0009d0e000 r-xp 00000000 08:01 1196026                    /usr/lib/jvm/java-7-openjdk/jre/lib/amd64/libnio.so
7f0009d0e000-7f0009f0e000 ---p 00010000 08:01 1196026                    /usr/lib/jvm/java-7-openjdk/jre/lib/amd64/libnio.so
7f0009f0e000-7f0009f0f000 rw-p 00010000 08:01 1196026                    /usr/lib/jvm/java-7-openjdk/jre/lib/amd64/libnio.so
7f0009f0f000-7f0009f40000 rw-p 00000000 00:00 0 
7f0009f40000-7f0009f54000 r-xp 00000000 08:01 1051878                    /usr/lib/libresolv-2.19.so
7f0009f54000-7f000a153000 ---p 00014000 08:01 1051878                    /usr/lib/libresolv-2.19.so
7f000a153000-7f000a154000 r--p 00013000 08:01 1051878                    /usr/lib/libresolv-2.19.so
7f000a154000-7f000a155000 rw-p 00014000 08:01 1051878                    /usr/lib/libresolv-2.19.so
7f000a155000-7f000a157000 rw-p 00000000 00:00 0 
7f000a157000-7f000a1c0000 r-xp 00000000 08:01 1059178                    /usr/lib/libpcre.so.1.2.3
7f000a1c0000-7f000a3bf000 ---p 00069000 08:01 1059178                    /usr/lib/libpcre.so.1.2.3
7f000a3bf000-7f000a3c0000 r--p 00068000 08:01 1059178                    /usr/lib/libpcre.so.1.2.3
7f000a3c0000-7f000a3c1000 rw-p 00069000 08:01 1059178                    /usr/lib/libpcre.so.1.2.3
7f000a3c1000-7f000a3c4000 r-xp 00000000 08:01 1059421                    /usr/lib/libgmodule-2.0.so.0.4000.0
7f000a3c4000-7f000a5c3000 ---p 00003000 08:01 1059421                    /usr/lib/libgmodule-2.0.so.0.4000.0
7f000a5c3000-7f000a5c4000 r--p 00002000 08:01 1059421                    /usr/lib/libgmodule-2.0.so.0.4000.0
7f000a5c4000-7f000a5c5000 rw-p 00003000 08:01 1059421                    /usr/lib/libgmodule-2.0.so.0.4000.0
7f000a5c5000-7f000a5cc000 r-xp 00000000 08:01 1059308                    /usr/lib/libffi.so.6.0.1
7f000a5cc000-7f000a7cb000 ---p 00007000 08:01 1059308                    /usr/lib/libffi.so.6.0.1
7f000a7cb000-7f000a7cc000 r--p 00006000 08:01 1059308                    /usr/lib/libffi.so.6.0.1
7f000a7cc000-7f000a7cd000 rw-p 00007000 08:01 1059308                    /usr/lib/libffi.so.6.0.1
7f000a7cd000-7f000a8d2000 r-xp 00000000 08:01 1059420                    /usr/lib/libglib-2.0.so.0.4000.0
7f000a8d2000-7f000aad2000 ---p 00105000 08:01 1059420                    /usr/lib/libglib-2.0.so.0.4000.0
7f000aad2000-7f000aad3000 r--p 00105000 08:01 1059420                    /usr/lib/libglib-2.0.so.0.4000.0
7f000aad3000-7f000aad4000 rw-p 00106000 08:01 1059420                    /usr/lib/libglib-2.0.so.0.4000.0
7f000aad4000-7f000aad5000 rw-p 00000000 00:00 0 
7f000aad5000-7f000ab23000 r-xp 00000000 08:01 1059423                    /usr/lib/libgobject-2.0.so.0.4000.0
7f000ab23000-7f000ad23000 ---p 0004e000 08:01 1059423                    /usr/lib/libgobject-2.0.so.0.4000.0
7f000ad23000-7f000ad24000 r--p 0004e000 08:01 1059423                    /usr/lib/libgobject-2.0.so.0.4000.0
7f000ad24000-7f000ad25000 rw-p 0004f000 08:01 1059423                    /usr/lib/libgobject-2.0.so.0.4000.0
7f000ad25000-7f000ae8e000 r-xp 00000000 08:01 1059424                    /usr/lib/libgio-2.0.so.0.4000.0
7f000ae8e000-7f000b08e000 ---p 00169000 08:01 1059424                    /usr/lib/libgio-2.0.so.0.4000.0
7f000b08e000-7f000b092000 r--p 00169000 08:01 1059424                    /usr/lib/libgio-2.0.so.0.4000.0
7f000b092000-7f000b094000 rw-p 0016d000 08:01 1059424                    /usr/lib/libgio-2.0.so.0.4000.0
7f000b094000-7f000b096000 rw-p 00000000 00:00 0 
7f000b096000-7f000b097000 r--s 00002000 08:03 4330493                    /home/siddhu/.gradle/wrapper/dists/gradle-1.10-all/6vpvhqu0efs1fqmqr2decq1v12/gradle-1.10/lib/plugins/jarjar-wagon-http-2.4.jar
7f000b097000-7f000b09c000 r--s 00022000 08:03 4330488                    /home/siddhu/.gradle/wrapper/dists/gradle-1.10-all/6vpvhqu0efs1fqmqr2decq1v12/gradle-1.10/lib/plugins/jarjar-maven-model-builder-3.0.4.jar
7f000b09c000-7f000b09e000 r--s 0000b000 08:03 4330487                    /home/siddhu/.gradle/wrapper/dists/gradle-1.10-all/6vpvhqu0efs1fqmqr2decq1v12/gradle-1.10/lib/plugins/jarjar-maven-plugin-api-3.0.4.jar
7f000b09e000-7f000b0a1000 r--s 0000a000 08:03 4330486                    /home/siddhu/.gradle/wrapper/dists/gradle-1.10-all/6vpvhqu0efs1fqmqr2decq1v12/gradle-1.10/lib/plugins/jarjar-plexus-classworlds-2.4.jar
7f000b0a1000-7f000b0a5000 r--s 00035000 08:03 4330485                    /home/siddhu/.gradle/wrapper/dists/gradle-1.10-all/6vpvhqu0efs1fqmqr2decq1v12/gradle-1.10/lib/plugins/jarjar-plexus-utils-2.0.6.jar
7f000b0a5000-7f000b0a7000 r--s 0000e000 08:03 4330484                    /home/siddhu/.gradle/wrapper/dists/gradle-1.10-all/6vpvhqu0efs1fqmqr2decq1v12/gradle-1.10/lib/plugins/jarjar-plexus-interpolation-1.14.jar
7f000b0a7000-7f000b0a9000 r--s 00002000 08:03 4330483                    /home/siddhu/.gradle/wrapper/dists/gradle-1.10-all/6vpvhqu0efs1fqmqr2decq1v12/gradle-1.10/lib/plugins/jarjar-plexus-cipher-1.7.jar
7f000b0a9000-7f000b0ab000 r--s 0000c000 08:03 4330482                    /home/siddhu/.gradle/wrapper/dists/gradle-1.10-all/6vpvhqu0efs1fqmqr2decq1v12/gradle-1.10/lib/plugins/jarjar-wagon-provider-api-2.4.jar
7f000b0ab000-7f000b0ad000 r--s 0000d000 08:03 4330481                    /home/siddhu/.gradle/wrapper/dists/gradle-1.10-all/6vpvhqu0efs1fqmqr2decq1v12/gradle-1.10/lib/plugins/jarjar-maven-aether-provider-3.0.4.jar
7f000b0ad000-7f000b0b5000 r--s 00031000 08:03 4330480                    /home/siddhu/.gradle/wrapper/dists/gradle-1.10-all/6vpvhqu0efs1fqmqr2decq1v12/gradle-1.10/lib/plugins/jarjar-plexus-container-default-1.5.5.jar
7f000b0b5000-7f000b0b6000 r--s 00007000 08:03 4330479                    /home/siddhu/.gradle/wrapper/dists/gradle-1.10-all/6vpvhqu0efs1fqmqr2decq1v12/gradle-1.10/lib/plugins/jarjar-maven-repository-metadata-3.0.4.jar
7f000b0b6000-7f000b0b7000 r--s 0000b000 08:03 4330478                    /home/siddhu/.gradle/wrapper/dists/gradle-1.10-all/6vpvhqu0efs1fqmqr2decq1v12/gradle-1.10/lib/plugins/jarjar-maven-settings-3.0.4.jar
7f000b0b7000-7f000b0cd000 r--s 000a1000 08:03 4330526                    /home/siddhu/.gradle/wrapper/dists/gradle-1.10-all/6vpvhqu0efs1fqmqr2decq1v12/gradle-1.10/lib/plugins/gradle-core-impl-1.10.jar
7f000b0cd000-7f000b0e3000 r-xp 00000000 08:01 1196025                    /usr/lib/jvm/java-7-openjdk/jre/lib/amd64/libnet.so
7f000b0e3000-7f000b2e3000 ---p 00016000 08:01 1196025                    /usr/lib/jvm/java-7-openjdk/jre/lib/amd64/libnet.so
7f000b2e3000-7f000b2e4000 rw-p 00016000 08:01 1196025                    /usr/lib/jvm/java-7-openjdk/jre/lib/amd64/libnet.so
7f000b2e4000-7f000b2e5000 r--s 00005000 08:03 4201232                    /home/siddhu/.gradle/wrapper/dists/gradle-1.10-all/6vpvhqu0efs1fqmqr2decq1v12/gradle-1.10/lib/gradle-wrapper-1.10.jar
7f000b2e5000-7f000b2ed000 r--s 00025000 08:03 4201237                    /home/siddhu/.gradle/wrapper/dists/gradle-1.10-all/6vpvhqu0efs1fqmqr2decq1v12/gradle-1.10/lib/gradle-tooling-api-1.10.jar
7f000b2ed000-7f000b2ef000 r--s 00005000 08:03 4201260                    /home/siddhu/.gradle/wrapper/dists/gradle-1.10-all/6vpvhqu0efs1fqmqr2decq1v12/gradle-1.10/lib/gradle-open-api-1.10.jar
7f000b2ef000-7f000b2f5000 r--s 00032000 08:03 4201262                    /home/siddhu/.gradle/wrapper/dists/gradle-1.10-all/6vpvhqu0efs1fqmqr2decq1v12/gradle-1.10/lib/jaxen-1.1.jar
7f000b2f5000-7f000b2fa000 r--s 00048000 08:03 4201261                    /home/siddhu/.gradle/wrapper/dists/gradle-1.10-all/6vpvhqu0efs1fqmqr2decq1v12/gradle-1.10/lib/dom4j-1.6.1.jar
7f000b2fa000-7f000b305000 r--s 0005b000 08:03 4201236                    /home/siddhu/.gradle/wrapper/dists/gradle-1.10-all/6vpvhqu0efs1fqmqr2decq1v12/gradle-1.10/lib/gradle-ui-1.10.jar
7f000b305000-7f000b307000 r--s 00007000 08:03 4201277                    /home/siddhu/.gradle/wrapper/dists/gradle-1.10-all/6vpvhqu0efs1fqmqr2decq1v12/gradle-1.10/lib/objenesis-1.2.jar
7f000b307000-7f000b309000 r--s 00000000 08:03 4201276                    /home/siddhu/.gradle/wrapper/dists/gradle-1.10-all/6vpvhqu0efs1fqmqr2decq1v12/gradle-1.10/lib/minlog-1.2.jar
7f000b309000-7f000b30b000 r--s 0000f000 08:03 4201275                    /home/siddhu/.gradle/wrapper/dists/gradle-1.10-all/6vpvhqu0efs1fqmqr2decq1v12/gradle-1.10/lib/reflectasm-1.07-shaded.jar
7f000b30b000-7f000b30d000 r--s 0000a000 08:03 4201278                    /home/siddhu/.gradle/wrapper/dists/gradle-1.10-all/6vpvhqu0efs1fqmqr2decq1v12/gradle-1.10/lib/asm-4.0.jar
7f000b30d000-7f000b311000 r--s 00026000 08:03 4201269                    /home/siddhu/.gradle/wrapper/dists/gradle-1.10-all/6vpvhqu0efs1fqmqr2decq1v12/gradle-1.10/lib/kryo-2.20.jar
7f000b311000-7f000b319000 r--s 00035000 08:03 4201256                    /home/siddhu/.gradle/wrapper/dists/gradle-1.10-all/6vpvhqu0efs1fqmqr2decq1v12/gradle-1.10/lib/gradle-messaging-1.10.jar
7f000b319000-7f000b31a000 r--s 00004000 08:03 4201274                    /home/siddhu/.gradle/wrapper/dists/gradle-1.10-all/6vpvhqu0efs1fqmqr2decq1v12/gradle-1.10/lib/native-platform-windows-i386-0.3-rc-2.jar
7f000b31a000-7f000b31b000 r--s 00006000 08:03 4201273                    /home/siddhu/.gradle/wrapper/dists/gradle-1.10-all/6vpvhqu0efs1fqmqr2decq1v12/gradle-1.10/lib/native-platform-windows-amd64-0.3-rc-2.jar
7f000b31b000-7f000b31c000 r--s 00003000 08:03 4201272                    /home/siddhu/.gradle/wrapper/dists/gradle-1.10-all/6vpvhqu0efs1fqmqr2decq1v12/gradle-1.10/lib/native-platform-linux-i386-0.3-rc-2.jar
7f000b31c000-7f000b31d000 r--s 00003000 08:03 4201271                    /home/siddhu/.gradle/wrapper/dists/gradle-1.10-all/6vpvhqu0efs1fqmqr2decq1v12/gradle-1.10/lib/native-platform-linux-amd64-0.3-rc-2.jar
7f000b31d000-7f000b31e000 r--s 00004000 08:03 4201270                    /home/siddhu/.gradle/wrapper/dists/gradle-1.10-all/6vpvhqu0efs1fqmqr2decq1v12/gradle-1.10/lib/native-platform-osx-universal-0.3-rc-2.jar
7f000b31e000-7f000b320000 r--s 00008000 08:03 4201266                    /home/siddhu/.gradle/wrapper/dists/gradle-1.10-all/6vpvhqu0efs1fqmqr2decq1v12/gradle-1.10/lib/jansi-1.2.1.jar
7f000b320000-7f000b323000 r--s 00013000 08:03 4201265                    /home/siddhu/.gradle/wrapper/dists/gradle-1.10-all/6vpvhqu0efs1fqmqr2decq1v12/gradle-1.10/lib/jna-posix-1.0.3.jar
7f000b323000-7f000b325000 r--s 0000b000 08:03 4201264                    /home/siddhu/.gradle/wrapper/dists/gradle-1.10-all/6vpvhqu0efs1fqmqr2decq1v12/gradle-1.10/lib/native-platform-0.3-rc-2.jar
7f000b325000-7f000b329000 r--s 000e4000 08:03 4201263                    /home/siddhu/.gradle/wrapper/dists/gradle-1.10-all/6vpvhqu0efs1fqmqr2decq1v12/gradle-1.10/lib/jna-3.2.7.jar
7f000b329000-7f000b32c000 r--s 00009000 08:03 4201238                    /home/siddhu/.gradle/wrapper/dists/gradle-1.10-all/6vpvhqu0efs1fqmqr2decq1v12/gradle-1.10/lib/gradle-native-1.10.jar
7f000b32c000-7f000b32e000 r--s 00005000 08:03 4201235                    /home/siddhu/.gradle/wrapper/dists/gradle-1.10-all/6vpvhqu0efs1fqmqr2decq1v12/gradle-1.10/lib/gradle-cli-1.10.jar
7f000b32e000-7f000b330000 r--s 00000000 08:03 4201242                    /home/siddhu/.gradle/wrapper/dists/gradle-1.10-all/6vpvhqu0efs1fqmqr2decq1v12/gradle-1.10/lib/gradle-base-services-groovy-1.10.jar
7f000b330000-7f000b334000 r--s 00034000 08:03 4201268                    /home/siddhu/.gradle/wrapper/dists/gradle-1.10-all/6vpvhqu0efs1fqmqr2decq1v12/gradle-1.10/lib/jsch-0.1.46.jar
7f000b334000-7f000b336000 r--s 00003000 08:03 4201259                    /home/siddhu/.gradle/wrapper/dists/gradle-1.10-all/6vpvhqu0efs1fqmqr2decq1v12/gradle-1.10/lib/jcl-over-slf4j-1.7.5.jar
7f000b336000-7f000b339000 r--s 0001b000 08:03 4201254                    /home/siddhu/.gradle/wrapper/dists/gradle-1.10-all/6vpvhqu0efs1fqmqr2decq1v12/gradle-1.10/lib/jarjar-1.3.jar
7f000b339000-7f000b343000 r--s 0005d000 08:03 4201250                    /home/siddhu/.gradle/wrapper/dists/gradle-1.10-all/6vpvhqu0efs1fqmqr2decq1v12/gradle-1.10/lib/logback-core-1.0.13.jar
7f000b343000-7f000b352000 r--s 000d9000 08:03 4201249                    /home/siddhu/.gradle/wrapper/dists/gradle-1.10-all/6vpvhqu0efs1fqmqr2decq1v12/gradle-1.10/lib/ivy-2.2.0.jar
7f000b352000-7f000b360000 r--s 0007f000 08:03 4201246                    /home/siddhu/.gradle/wrapper/dists/gradle-1.10-all/6vpvhqu0efs1fqmqr2decq1v12/gradle-1.10/lib/commons-collections-3.2.1.jar
7f000b360000-7f000b3bc000 r--s 00586000 08:03 4201241                    /home/siddhu/.gradle/wrapper/dists/gradle-1.10-all/6vpvhqu0efs1fqmqr2decq1v12/gradle-1.10/lib/groovy-all-1.8.6.jar
7f000b3bc000-7f000b3e3000 r--s 001c3000 08:03 4201240                    /home/siddhu/.gradle/wrapper/dists/gradle-1.10-all/6vpvhqu0efs1fqmqr2decq1v12/gradle-1.10/lib/guava-jdk5-14.0.1.jar
7f000b3e3000-7f000b401000 r--s 001cb000 08:03 4201245                    /home/siddhu/.gradle/wrapper/dists/gradle-1.10-all/6vpvhqu0efs1fqmqr2decq1v12/gradle-1.10/lib/ant-1.9.2.jar
7f000b401000-7f000b431000 r--s 00192000 08:03 4201234                    /home/siddhu/.gradle/wrapper/dists/gradle-1.10-all/6vpvhqu0efs1fqmqr2decq1v12/gradle-1.10/lib/gradle-core-1.10.jar
7f000b431000-7f000b432000 ---p 00000000 00:00 0 
7f000b432000-7f000b532000 rw-p 00000000 00:00 0                          [stack:1614]
7f000b532000-7f000b535000 ---p 00000000 00:00 0 
7f000b535000-7f000b633000 rw-p 00000000 00:00 0                          [stack:1613]
7f000b633000-7f000b636000 ---p 00000000 00:00 0 
7f000b636000-7f000b734000 rw-p 00000000 00:00 0                          [stack:1612]
7f000b734000-7f000b737000 ---p 00000000 00:00 0 
7f000b737000-7f000b835000 rw-p 00000000 00:00 0                          [stack:1611]
7f000b835000-7f000b838000 ---p 00000000 00:00 0 
7f000b838000-7f000b936000 rw-p 00000000 00:00 0                          [stack:1610]
7f000b936000-7f000bafb000 r--p 00000000 08:01 1106299                    /usr/lib/locale/locale-archive
7f000bafb000-7f000bafe000 ---p 00000000 00:00 0 
7f000bafe000-7f000bbfc000 rw-p 00000000 00:00 0                          [stack:1609]
7f000bbfc000-7f000bbff000 ---p 00000000 00:00 0 
7f000bbff000-7f000bcfd000 rw-p 00000000 00:00 0                          [stack:1608]
7f000bcfd000-7f000bcfe000 ---p 00000000 00:00 0 
7f000bcfe000-7f000c000000 rw-p 00000000 00:00 0                          [stack:1607]
7f000c000000-7f000c021000 rw-p 00000000 00:00 0 
7f000c021000-7f0010000000 ---p 00000000 00:00 0 
7f0010000000-7f0010021000 rw-p 00000000 00:00 0 
7f0010021000-7f0014000000 ---p 00000000 00:00 0 
7f0014000000-7f0014021000 rw-p 00000000 00:00 0 
7f0014021000-7f0018000000 ---p 00000000 00:00 0 
7f0018000000-7f0018021000 rw-p 00000000 00:00 0 
7f0018021000-7f001c000000 ---p 00000000 00:00 0 
7f001c000000-7f001c021000 rw-p 00000000 00:00 0 
7f001c021000-7f0020000000 ---p 00000000 00:00 0 
7f0020000000-7f0020021000 rw-p 00000000 00:00 0 
7f0020021000-7f0024000000 ---p 00000000 00:00 0 
7f0024000000-7f0024021000 rw-p 00000000 00:00 0 
7f0024021000-7f0028000000 ---p 00000000 00:00 0 
7f0028000000-7f0028002000 r--s 00004000 08:03 4201258                    /home/siddhu/.gradle/wrapper/dists/gradle-1.10-all/6vpvhqu0efs1fqmqr2decq1v12/gradle-1.10/lib/log4j-over-slf4j-1.7.5.jar
7f0028002000-7f002c000000 rw-p 00000000 00:00 0 
7f002c000000-7f002c021000 rw-p 00000000 00:00 0 
7f002c021000-7f0030000000 ---p 00000000 00:00 0 
7f0030000000-7f0030001000 r--s 00000000 08:03 4201243                    /home/siddhu/.gradle/wrapper/dists/gradle-1.10-all/6vpvhqu0efs1fqmqr2decq1v12/gradle-1.10/lib/gradle-resources-1.10.jar
7f0030001000-7f0030007000 r--s 0003b000 08:03 4201251                    /home/siddhu/.gradle/wrapper/dists/gradle-1.10-all/6vpvhqu0efs1fqmqr2decq1v12/gradle-1.10/lib/logback-classic-1.0.13.jar
7f0030007000-7f003000c000 r--s 00041000 08:03 4201248                    /home/siddhu/.gradle/wrapper/dists/gradle-1.10-all/6vpvhqu0efs1fqmqr2decq1v12/gradle-1.10/lib/commons-lang-2.6.jar
7f003000c000-7f0030278000 rw-p 00000000 00:00 0 
7f0030278000-7f0030427000 r--s 01cfb000 08:01 1195505                    /usr/lib/jvm/java-7-openjdk/jre/lib/rt.jar
7f0030427000-7f0030778000 rw-p 00000000 00:00 0 
7f0030778000-7f0030779000 ---p 00000000 00:00 0 
7f0030779000-7f0030879000 rw-p 00000000 00:00 0                          [stack:1606]
7f0030879000-7f003087a000 ---p 00000000 00:00 0 
7f003087a000-7f003097a000 rw-p 00000000 00:00 0                          [stack:1605]
7f003097a000-7f003097b000 ---p 00000000 00:00 0 
7f003097b000-7f0030a7b000 rw-p 00000000 00:00 0                          [stack:1604]
7f0030a7b000-7f0030a7c000 ---p 00000000 00:00 0 
7f0030a7c000-7f0030b7c000 rw-p 00000000 00:00 0                          [stack:1603]
7f0030b7c000-7f0030b7d000 ---p 00000000 00:00 0 
7f0030b7d000-7f0030c7d000 rw-p 00000000 00:00 0                          [stack:1602]
7f0030c7d000-7f0030c7e000 ---p 00000000 00:00 0 
7f0030c7e000-7f0030d7e000 rw-p 00000000 00:00 0                          [stack:1601]
7f0030d7e000-7f0030d7f000 ---p 00000000 00:00 0 
7f0030d7f000-7f0030e7f000 rw-p 00000000 00:00 0                          [stack:1600]
7f0030e7f000-7f0030e80000 ---p 00000000 00:00 0 
7f0030e80000-7f0030f8f000 rw-p 00000000 00:00 0                          [stack:1599]
7f0030f8f000-7f0031000000 rw-p 00000000 00:00 0 
7f0031000000-7f00312e0000 rwxp 00000000 00:00 0 
7f00312e0000-7f0034998000 rw-p 00000000 00:00 0 
7f0034998000-7f0038000000 ---p 00000000 00:00 0 
7f0038000000-7f0038003000 r--s 00018000 08:03 4201247                    /home/siddhu/.gradle/wrapper/dists/gradle-1.10-all/6vpvhqu0efs1fqmqr2decq1v12/gradle-1.10/lib/commons-io-1.4.jar
7f0038003000-7f0038008000 r--s 00035000 08:03 4201244                    /home/siddhu/.gradle/wrapper/dists/gradle-1.10-all/6vpvhqu0efs1fqmqr2decq1v12/gradle-1.10/lib/asm-all-5.0_BETA.jar
7f0038008000-7f003807b000 rw-p 00000000 00:00 0 
7f003807b000-7f00381a7000 rw-p 00000000 00:00 0 
7f00381a7000-7f00381b6000 rw-p 00000000 00:00 0 
7f00381b6000-7f0038227000 rw-p 00000000 00:00 0 
7f0038227000-7f0038251000 rw-p 00000000 00:00 0 
7f0038251000-7f003837c000 rw-p 00000000 00:00 0 
7f003837c000-7f00383c9000 rw-p 00000000 00:00 0 
7f00383c9000-7f0038427000 rw-p 00000000 00:00 0 
7f0038427000-7f0038428000 rw-p 00000000 00:00 0 
7f0038428000-7f0038430000 r-xp 00000000 08:01 1196024                    /usr/lib/jvm/java-7-openjdk/jre/lib/amd64/libzip.so
7f0038430000-7f003862f000 ---p 00008000 08:01 1196024                    /usr/lib/jvm/java-7-openjdk/jre/lib/amd64/libzip.so
7f003862f000-7f0038630000 rw-p 00007000 08:01 1196024                    /usr/lib/jvm/java-7-openjdk/jre/lib/amd64/libzip.so
7f0038630000-7f003863b000 r-xp 00000000 08:01 1051949                    /usr/lib/libnss_files-2.19.so
7f003863b000-7f003883a000 ---p 0000b000 08:01 1051949                    /usr/lib/libnss_files-2.19.so
7f003883a000-7f003883b000 r--p 0000a000 08:01 1051949                    /usr/lib/libnss_files-2.19.so
7f003883b000-7f003883c000 rw-p 0000b000 08:01 1051949                    /usr/lib/libnss_files-2.19.so
7f003883c000-7f0038867000 r-xp 00000000 08:01 1196023                    /usr/lib/jvm/java-7-openjdk/jre/lib/amd64/libjava.so
7f0038867000-7f0038a66000 ---p 0002b000 08:01 1196023                    /usr/lib/jvm/java-7-openjdk/jre/lib/amd64/libjava.so
7f0038a66000-7f0038a68000 rw-p 0002a000 08:01 1196023                    /usr/lib/jvm/java-7-openjdk/jre/lib/amd64/libjava.so
7f0038a68000-7f0038a75000 r-xp 00000000 08:01 1196022                    /usr/lib/jvm/java-7-openjdk/jre/lib/amd64/libverify.so
7f0038a75000-7f0038c74000 ---p 0000d000 08:01 1196022                    /usr/lib/jvm/java-7-openjdk/jre/lib/amd64/libverify.so
7f0038c74000-7f0038c76000 rw-p 0000c000 08:01 1196022                    /usr/lib/jvm/java-7-openjdk/jre/lib/amd64/libverify.so
7f0038c76000-7f0038c7d000 r-xp 00000000 08:01 1051950                    /usr/lib/librt-2.19.so
7f0038c7d000-7f0038e7c000 ---p 00007000 08:01 1051950                    /usr/lib/librt-2.19.so
7f0038e7c000-7f0038e7d000 r--p 00006000 08:01 1051950                    /usr/lib/librt-2.19.so
7f0038e7d000-7f0038e7e000 rw-p 00007000 08:01 1051950                    /usr/lib/librt-2.19.so
7f0038e7e000-7f0038e94000 r-xp 00000000 08:01 1084986                    /usr/lib/libgcc_s.so.1
7f0038e94000-7f0039093000 ---p 00016000 08:01 1084986                    /usr/lib/libgcc_s.so.1
7f0039093000-7f0039094000 rw-p 00015000 08:01 1084986                    /usr/lib/libgcc_s.so.1
7f0039094000-7f0039197000 r-xp 00000000 08:01 1051867                    /usr/lib/libm-2.19.so
7f0039197000-7f0039396000 ---p 00103000 08:01 1051867                    /usr/lib/libm-2.19.so
7f0039396000-7f0039397000 r--p 00102000 08:01 1051867                    /usr/lib/libm-2.19.so
7f0039397000-7f0039398000 rw-p 00103000 08:01 1051867                    /usr/lib/libm-2.19.so
7f0039398000-7f0039485000 r-xp 00000000 08:01 1091523                    /usr/lib/libstdc++.so.6.0.20
7f0039485000-7f0039684000 ---p 000ed000 08:01 1091523                    /usr/lib/libstdc++.so.6.0.20
7f0039684000-7f003968c000 r--p 000ec000 08:01 1091523                    /usr/lib/libstdc++.so.6.0.20
7f003968c000-7f003968e000 rw-p 000f4000 08:01 1091523                    /usr/lib/libstdc++.so.6.0.20
7f003968e000-7f00396a3000 rw-p 00000000 00:00 0 
7f00396a3000-7f003a183000 r-xp 00000000 08:01 1196055                    /usr/lib/jvm/java-7-openjdk/jre/lib/amd64/server/libjvm.so
7f003a183000-7f003a382000 ---p 00ae0000 08:01 1196055                    /usr/lib/jvm/java-7-openjdk/jre/lib/amd64/server/libjvm.so
7f003a382000-7f003a437000 rw-p 00adf000 08:01 1196055                    /usr/lib/jvm/java-7-openjdk/jre/lib/amd64/server/libjvm.so
7f003a437000-7f003a464000 rw-p 00000000 00:00 0 
7f003a464000-7f003a479000 r-xp 00000000 08:01 1054945                    /usr/lib/libz.so.1.2.8
7f003a479000-7f003a678000 ---p 00015000 08:01 1054945                    /usr/lib/libz.so.1.2.8
7f003a678000-7f003a679000 r--p 00014000 08:01 1054945                    /usr/lib/libz.so.1.2.8
7f003a679000-7f003a67a000 rw-p 00015000 08:01 1054945                    /usr/lib/libz.so.1.2.8
7f003a67a000-7f003a81e000 r-xp 00000000 08:01 1051958                    /usr/lib/libc-2.19.so
7f003a81e000-7f003aa1e000 ---p 001a4000 08:01 1051958                    /usr/lib/libc-2.19.so
7f003aa1e000-7f003aa22000 r--p 001a4000 08:01 1051958                    /usr/lib/libc-2.19.so
7f003aa22000-7f003aa24000 rw-p 001a8000 08:01 1051958                    /usr/lib/libc-2.19.so
7f003aa24000-7f003aa28000 rw-p 00000000 00:00 0 
7f003aa28000-7f003aa2b000 r-xp 00000000 08:01 1051895                    /usr/lib/libdl-2.19.so
7f003aa2b000-7f003ac2a000 ---p 00003000 08:01 1051895                    /usr/lib/libdl-2.19.so
7f003ac2a000-7f003ac2b000 r--p 00002000 08:01 1051895                    /usr/lib/libdl-2.19.so
7f003ac2b000-7f003ac2c000 rw-p 00003000 08:01 1051895                    /usr/lib/libdl-2.19.so
7f003ac2c000-7f003ac39000 r-xp 00000000 08:01 1196051                    /usr/lib/jvm/java-7-openjdk/jre/lib/amd64/jli/libjli.so
7f003ac39000-7f003ae38000 ---p 0000d000 08:01 1196051                    /usr/lib/jvm/java-7-openjdk/jre/lib/amd64/jli/libjli.so
7f003ae38000-7f003ae39000 rw-p 0000c000 08:01 1196051                    /usr/lib/jvm/java-7-openjdk/jre/lib/amd64/jli/libjli.so
7f003ae39000-7f003ae51000 r-xp 00000000 08:01 1051975                    /usr/lib/libpthread-2.19.so
7f003ae51000-7f003b051000 ---p 00018000 08:01 1051975                    /usr/lib/libpthread-2.19.so
7f003b051000-7f003b052000 r--p 00018000 08:01 1051975                    /usr/lib/libpthread-2.19.so
7f003b052000-7f003b053000 rw-p 00019000 08:01 1051975                    /usr/lib/libpthread-2.19.so
7f003b053000-7f003b057000 rw-p 00000000 00:00 0 
7f003b057000-7f003b078000 r-xp 00000000 08:01 1051933                    /usr/lib/ld-2.19.so
7f003b078000-7f003b079000 r--s 00000000 08:03 4201257                    /home/siddhu/.gradle/wrapper/dists/gradle-1.10-all/6vpvhqu0efs1fqmqr2decq1v12/gradle-1.10/lib/gradle-docs-1.10.jar
7f003b079000-7f003b07a000 r--s 00000000 08:03 4201255                    /home/siddhu/.gradle/wrapper/dists/gradle-1.10-all/6vpvhqu0efs1fqmqr2decq1v12/gradle-1.10/lib/javax.inject-1.jar
7f003b07a000-7f003b086000 rw-p 00000000 00:00 0 
7f003b086000-7f003b13a000 rw-p 00000000 00:00 0 
7f003b13a000-7f003b13d000 ---p 00000000 00:00 0 
7f003b13d000-7f003b23f000 rw-p 00000000 00:00 0                          [stack:1598]
7f003b23f000-7f003b240000 r--s 00001000 08:03 4201253                    /home/siddhu/.gradle/wrapper/dists/gradle-1.10-all/6vpvhqu0efs1fqmqr2decq1v12/gradle-1.10/lib/jul-to-slf4j-1.7.5.jar
7f003b240000-7f003b241000 r--s 00000000 08:03 4201252                    /home/siddhu/.gradle/wrapper/dists/gradle-1.10-all/6vpvhqu0efs1fqmqr2decq1v12/gradle-1.10/lib/jcip-annotations-1.0.jar
7f003b241000-7f003b243000 r--s 00005000 08:03 4201239                    /home/siddhu/.gradle/wrapper/dists/gradle-1.10-all/6vpvhqu0efs1fqmqr2decq1v12/gradle-1.10/lib/slf4j-api-1.7.5.jar
7f003b243000-7f003b244000 r--s 00004000 08:03 4201267                    /home/siddhu/.gradle/wrapper/dists/gradle-1.10-all/6vpvhqu0efs1fqmqr2decq1v12/gradle-1.10/lib/ant-launcher-1.9.2.jar
7f003b244000-7f003b249000 r--s 00022000 08:03 4201233                    /home/siddhu/.gradle/wrapper/dists/gradle-1.10-all/6vpvhqu0efs1fqmqr2decq1v12/gradle-1.10/lib/gradle-base-services-1.10.jar
7f003b249000-7f003b250000 r--s 00036000 08:03 4201231                    /home/siddhu/.gradle/wrapper/dists/gradle-1.10-all/6vpvhqu0efs1fqmqr2decq1v12/gradle-1.10/lib/gradle-launcher-1.10.jar
7f003b250000-7f003b253000 r--s 0000f000 08:01 1196018                    /usr/lib/jvm/java-7-openjdk/jre/lib/ext/pulse-java.jar
7f003b253000-7f003b26c000 rw-p 00000000 00:00 0 
7f003b26c000-7f003b274000 rw-s 00000000 00:1f 3584553                    /tmp/hsperfdata_siddhu/1596
7f003b274000-7f003b275000 rw-p 00000000 00:00 0 
7f003b275000-7f003b276000 ---p 00000000 00:00 0 
7f003b276000-7f003b277000 rw-p 00000000 00:00 0 
7f003b277000-7f003b278000 r--p 00020000 08:01 1051933                    /usr/lib/ld-2.19.so
7f003b278000-7f003b279000 rw-p 00021000 08:01 1051933                    /usr/lib/ld-2.19.so
7f003b279000-7f003b27a000 rw-p 00000000 00:00 0 
7fffb5527000-7fffb5548000 rw-p 00000000 00:00 0                          [stack]
7fffb556d000-7fffb556f000 r-xp 00000000 00:00 0                          [vdso]
ffffffffff600000-ffffffffff601000 r-xp 00000000 00:00 0                  [vsyscall]

VM Arguments:
jvm_args: -XX:MaxPermSize=256m -XX:+HeapDumpOnOutOfMemoryError -Xmx1024m -Dfile.encoding=UTF-8 
java_command: org.gradle.launcher.daemon.bootstrap.GradleDaemon 1.10 /home/siddhu/.gradle/daemon 60000 409eb65f-29df-4b8a-bbad-00df39e6af83 -XX:MaxPermSize=256m -XX:+HeapDumpOnOutOfMemoryError -Xmx1024m -Dfile.encoding=UTF-8
Launcher Type: SUN_STANDARD

Environment Variables:
JAVA_HOME=/usr/lib/jvm/java-7-openjdk
CLASSPATH=/opt/android-studio/bin/../lib/bootstrap.jar:/opt/android-studio/bin/../lib/extensions.jar:/opt/android-studio/bin/../lib/util.jar:/opt/android-studio/bin/../lib/jdom.jar:/opt/android-studio/bin/../lib/log4j.jar:/opt/android-studio/bin/../lib/trove4j.jar:/opt/android-studio/bin/../lib/jna.jar:/usr/lib/jvm/java-7-openjdk/lib/tools.jar
PATH=/usr/local/sbin:/usr/local/bin:/usr/bin:/opt/android-sdk/tools:/opt/android-sdk/build-tools/19.0.3/:/opt/android-sdk/platform-tools:/opt/android-sdk/tools:/usr/bin/vendor_perl:/usr/bin/core_perl
USERNAME=siddhu
LD_LIBRARY_PATH=/opt/android-studio/bin:
SHELL=/bin/bash
DISPLAY=:1

Signal Handlers:
SIGSEGV: [libjvm.so+0x9180e0], sa_mask[0]=0x7ffbfeff, sa_flags=0x10000004
SIGBUS: [libjvm.so+0x9180e0], sa_mask[0]=0x7ffbfeff, sa_flags=0x10000004
SIGFPE: [libjvm.so+0x795930], sa_mask[0]=0x7ffbfeff, sa_flags=0x10000004
SIGPIPE: [libjvm.so+0x795930], sa_mask[0]=0x7ffbfeff, sa_flags=0x10000004
SIGXFSZ: [libjvm.so+0x795930], sa_mask[0]=0x7ffbfeff, sa_flags=0x10000004
SIGILL: [libjvm.so+0x795930], sa_mask[0]=0x7ffbfeff, sa_flags=0x10000004
SIGUSR1: SIG_DFL, sa_mask[0]=0x00000000, sa_flags=0x00000000
SIGUSR2: [libjvm.so+0x7957d0], sa_mask[0]=0x00000204, sa_flags=0x10000004
SIGHUP: [libjvm.so+0x7959b0], sa_mask[0]=0x7ffbfeff, sa_flags=0x10000004
SIGINT: [libjvm.so+0x7959b0], sa_mask[0]=0x7ffbfeff, sa_flags=0x10000004
SIGTERM: [libjvm.so+0x7959b0], sa_mask[0]=0x7ffbfeff, sa_flags=0x10000004
SIGQUIT: [libjvm.so+0x7959b0], sa_mask[0]=0x7ffbfeff, sa_flags=0x10000004


---------------  S Y S T E M  ---------------

OS:Linux
uname:Linux 3.14.4-1-ARCH #1 SMP PREEMPT Tue May 13 16:41:39 CEST 2014 x86_64
libc:glibc 2.19 NPTL 2.19 
rlimit: STACK 8192k, CORE 0k, NPROC 5000, NOFILE 4096, AS infinity
load average:0.79 0.76 0.74

/proc/meminfo:
MemTotal:        8102560 kB
MemFree:          136924 kB
MemAvailable:     106236 kB
Buffers:             852 kB
Cached:           793100 kB
SwapCached:            0 kB
Active:          6840684 kB
Inactive:         765128 kB
Active(anon):    6822168 kB
Inactive(anon):   748000 kB
Active(file):      18516 kB
Inactive(file):    17128 kB
Unevictable:          76 kB
Mlocked:              76 kB
SwapTotal:             0 kB
SwapFree:              0 kB
Dirty:                 0 kB
Writeback:             0 kB
AnonPages:       6811780 kB
Mapped:           212824 kB
Shmem:            758604 kB
Slab:             122896 kB
SReclaimable:      71920 kB
SUnreclaim:        50976 kB
KernelStack:        8568 kB
PageTables:        93876 kB
NFS_Unstable:          0 kB
Bounce:                0 kB
WritebackTmp:          0 kB
CommitLimit:     4051280 kB
Committed_AS:   15336200 kB
VmallocTotal:   34359738367 kB
VmallocUsed:      382980 kB
VmallocChunk:   34359292348 kB
HardwareCorrupted:     0 kB
AnonHugePages:   1429504 kB
HugePages_Total:       0
HugePages_Free:        0
HugePages_Rsvd:        0
HugePages_Surp:        0
Hugepagesize:       2048 kB
DirectMap4k:       16044 kB
DirectMap2M:     3051520 kB
DirectMap1G:     5242880 kB


CPU:total 8 (4 cores per cpu, 2 threads per core) family 6 model 70 stepping 1, cmov, cx8, fxsr, mmx, sse, sse2, sse3, ssse3, sse4.1, sse4.2, popcnt, avx, avx2, aes, erms, ht, tsc, tscinvbit

/proc/cpuinfo:
processor	: 0
vendor_id	: GenuineIntel
cpu family	: 6
model		: 70
model name	: Intel(R) Core(TM) i7-4750HQ CPU @ 2.00GHz
stepping	: 1
microcode	: 0xa
cpu MHz		: 2988.750
cache size	: 6144 KB
physical id	: 0
siblings	: 8
core id		: 0
cpu cores	: 4
apicid		: 0
initial apicid	: 0
fpu		: yes
fpu_exception	: yes
cpuid level	: 13
wp		: yes
flags		: fpu vme de pse tsc msr pae mce cx8 apic sep mtrr pge mca cmov pat pse36 clflush dts acpi mmx fxsr sse sse2 ss ht tm pbe syscall nx pdpe1gb rdtscp lm constant_tsc arch_perfmon pebs bts rep_good nopl xtopology nonstop_tsc aperfmperf eagerfpu pni pclmulqdq dtes64 monitor ds_cpl vmx est tm2 ssse3 fma cx16 xtpr pdcm pcid sse4_1 sse4_2 x2apic movbe popcnt tsc_deadline_timer aes xsave avx f16c rdrand lahf_lm abm ida arat epb xsaveopt pln pts dtherm tpr_shadow vnmi flexpriority ept vpid fsgsbase tsc_adjust bmi1 avx2 smep bmi2 erms invpcid
bogomips	: 3992.15
clflush size	: 64
cache_alignment	: 64
address sizes	: 39 bits physical, 48 bits virtual
power management:

processor	: 1
vendor_id	: GenuineIntel
cpu family	: 6
model		: 70
model name	: Intel(R) Core(TM) i7-4750HQ CPU @ 2.00GHz
stepping	: 1
microcode	: 0xa
cpu MHz		: 2988.750
cache size	: 6144 KB
physical id	: 0
siblings	: 8
core id		: 1
cpu cores	: 4
apicid		: 2
initial apicid	: 2
fpu		: yes
fpu_exception	: yes
cpuid level	: 13
wp		: yes
flags		: fpu vme de pse tsc msr pae mce cx8 apic sep mtrr pge mca cmov pat pse36 clflush dts acpi mmx fxsr sse sse2 ss ht tm pbe syscall nx pdpe1gb rdtscp lm constant_tsc arch_perfmon pebs bts rep_good nopl xtopology nonstop_tsc aperfmperf eagerfpu pni pclmulqdq dtes64 monitor ds_cpl vmx est tm2 ssse3 fma cx16 xtpr pdcm pcid sse4_1 sse4_2 x2apic movbe popcnt tsc_deadline_timer aes xsave avx f16c rdrand lahf_lm abm ida arat epb xsaveopt pln pts dtherm tpr_shadow vnmi flexpriority ept vpid fsgsbase tsc_adjust bmi1 avx2 smep bmi2 erms invpcid
bogomips	: 3992.15
clflush size	: 64
cache_alignment	: 64
address sizes	: 39 bits physical, 48 bits virtual
power management:

processor	: 2
vendor_id	: GenuineIntel
cpu family	: 6
model		: 70
model name	: Intel(R) Core(TM) i7-4750HQ CPU @ 2.00GHz
stepping	: 1
microcode	: 0xa
cpu MHz		: 3020.000
cache size	: 6144 KB
physical id	: 0
siblings	: 8
core id		: 2
cpu cores	: 4
apicid		: 4
initial apicid	: 4
fpu		: yes
fpu_exception	: yes
cpuid level	: 13
wp		: yes
flags		: fpu vme de pse tsc msr pae mce cx8 apic sep mtrr pge mca cmov pat pse36 clflush dts acpi mmx fxsr sse sse2 ss ht tm pbe syscall nx pdpe1gb rdtscp lm constant_tsc arch_perfmon pebs bts rep_good nopl xtopology nonstop_tsc aperfmperf eagerfpu pni pclmulqdq dtes64 monitor ds_cpl vmx est tm2 ssse3 fma cx16 xtpr pdcm pcid sse4_1 sse4_2 x2apic movbe popcnt tsc_deadline_timer aes xsave avx f16c rdrand lahf_lm abm ida arat epb xsaveopt pln pts dtherm tpr_shadow vnmi flexpriority ept vpid fsgsbase tsc_adjust bmi1 avx2 smep bmi2 erms invpcid
bogomips	: 3992.15
clflush size	: 64
cache_alignment	: 64
address sizes	: 39 bits physical, 48 bits virtual
power management:

processor	: 3
vendor_id	: GenuineIntel
cpu family	: 6
model		: 70
model name	: Intel(R) Core(TM) i7-4750HQ CPU @ 2.00GHz
stepping	: 1
microcode	: 0xa
cpu MHz		: 2988.750
cache size	: 6144 KB
physical id	: 0
siblings	: 8
core id		: 3
cpu cores	: 4
apicid		: 6
initial apicid	: 6
fpu		: yes
fpu_exception	: yes
cpuid level	: 13
wp		: yes
flags		: fpu vme de pse tsc msr pae mce cx8 apic sep mtrr pge mca cmov pat pse36 clflush dts acpi mmx fxsr sse sse2 ss ht tm pbe syscall nx pdpe1gb rdtscp lm constant_tsc arch_perfmon pebs bts rep_good nopl xtopology nonstop_tsc aperfmperf eagerfpu pni pclmulqdq dtes64 monitor ds_cpl vmx est tm2 ssse3 fma cx16 xtpr pdcm pcid sse4_1 sse4_2 x2apic movbe popcnt tsc_deadline_timer aes xsave avx f16c rdrand lahf_lm abm ida arat epb xsaveopt pln pts dtherm tpr_shadow vnmi flexpriority ept vpid fsgsbase tsc_adjust bmi1 avx2 smep bmi2 erms invpcid
bogomips	: 3992.15
clflush size	: 64
cache_alignment	: 64
address sizes	: 39 bits physical, 48 bits virtual
power management:

processor	: 4
vendor_id	: GenuineIntel
cpu family	: 6
model		: 70
model name	: Intel(R) Core(TM) i7-4750HQ CPU @ 2.00GHz
stepping	: 1
microcode	: 0xa
cpu MHz		: 3020.000
cache size	: 6144 KB
physical id	: 0
siblings	: 8
core id		: 0
cpu cores	: 4
apicid		: 1
initial apicid	: 1
fpu		: yes
fpu_exception	: yes
cpuid level	: 13
wp		: yes
flags		: fpu vme de pse tsc msr pae mce cx8 apic sep mtrr pge mca cmov pat pse36 clflush dts acpi mmx fxsr sse sse2 ss ht tm pbe syscall nx pdpe1gb rdtscp lm constant_tsc arch_perfmon pebs bts rep_good nopl xtopology nonstop_tsc aperfmperf eagerfpu pni pclmulqdq dtes64 monitor ds_cpl vmx est tm2 ssse3 fma cx16 xtpr pdcm pcid sse4_1 sse4_2 x2apic movbe popcnt tsc_deadline_timer aes xsave avx f16c rdrand lahf_lm abm ida arat epb xsaveopt pln pts dtherm tpr_shadow vnmi flexpriority ept vpid fsgsbase tsc_adjust bmi1 avx2 smep bmi2 erms invpcid
bogomips	: 3992.15
clflush size	: 64
cache_alignment	: 64
address sizes	: 39 bits physical, 48 bits virtual
power management:

processor	: 5
vendor_id	: GenuineIntel
cpu family	: 6
model		: 70
model name	: Intel(R) Core(TM) i7-4750HQ CPU @ 2.00GHz
stepping	: 1
microcode	: 0xa
cpu MHz		: 2988.750
cache size	: 6144 KB
physical id	: 0
siblings	: 8
core id		: 1
cpu cores	: 4
apicid		: 3
initial apicid	: 3
fpu		: yes
fpu_exception	: yes
cpuid level	: 13
wp		: yes
flags		: fpu vme de pse tsc msr pae mce cx8 apic sep mtrr pge mca cmov pat pse36 clflush dts acpi mmx fxsr sse sse2 ss ht tm pbe syscall nx pdpe1gb rdtscp lm constant_tsc arch_perfmon pebs bts rep_good nopl xtopology nonstop_tsc aperfmperf eagerfpu pni pclmulqdq dtes64 monitor ds_cpl vmx est tm2 ssse3 fma cx16 xtpr pdcm pcid sse4_1 sse4_2 x2apic movbe popcnt tsc_deadline_timer aes xsave avx f16c rdrand lahf_lm abm ida arat epb xsaveopt pln pts dtherm tpr_shadow vnmi flexpriority ept vpid fsgsbase tsc_adjust bmi1 avx2 smep bmi2 erms invpcid
bogomips	: 3992.15
clflush size	: 64
cache_alignment	: 64
address sizes	: 39 bits physical, 48 bits virtual
power management:

processor	: 6
vendor_id	: GenuineIntel
cpu family	: 6
model		: 70
model name	: Intel(R) Core(TM) i7-4750HQ CPU @ 2.00GHz
stepping	: 1
microcode	: 0xa
cpu MHz		: 3020.000
cache size	: 6144 KB
physical id	: 0
siblings	: 8
core id		: 2
cpu cores	: 4
apicid		: 5
initial apicid	: 5
fpu		: yes
fpu_exception	: yes
cpuid level	: 13
wp		: yes
flags		: fpu vme de pse tsc msr pae mce cx8 apic sep mtrr pge mca cmov pat pse36 clflush dts acpi mmx fxsr sse sse2 ss ht tm pbe syscall nx pdpe1gb rdtscp lm constant_tsc arch_perfmon pebs bts rep_good nopl xtopology nonstop_tsc aperfmperf eagerfpu pni pclmulqdq dtes64 monitor ds_cpl vmx est tm2 ssse3 fma cx16 xtpr pdcm pcid sse4_1 sse4_2 x2apic movbe popcnt tsc_deadline_timer aes xsave avx f16c rdrand lahf_lm abm ida arat epb xsaveopt pln pts dtherm tpr_shadow vnmi flexpriority ept vpid fsgsbase tsc_adjust bmi1 avx2 smep bmi2 erms invpcid
bogomips	: 3992.15
clflush size	: 64
cache_alignment	: 64
address sizes	: 39 bits physical, 48 bits virtual
power management:

processor	: 7
vendor_id	: GenuineIntel
cpu family	: 6
model		: 70
model name	: Intel(R) Core(TM) i7-4750HQ CPU @ 2.00GHz
stepping	: 1
microcode	: 0xa
cpu MHz		: 2988.750
cache size	: 6144 KB
physical id	: 0
siblings	: 8
core id		: 3
cpu cores	: 4
apicid		: 7
initial apicid	: 7
fpu		: yes
fpu_exception	: yes
cpuid level	: 13
wp		: yes
flags		: fpu vme de pse tsc msr pae mce cx8 apic sep mtrr pge mca cmov pat pse36 clflush dts acpi mmx fxsr sse sse2 ss ht tm pbe syscall nx pdpe1gb rdtscp lm constant_tsc arch_perfmon pebs bts rep_good nopl xtopology nonstop_tsc aperfmperf eagerfpu pni pclmulqdq dtes64 monitor ds_cpl vmx est tm2 ssse3 fma cx16 xtpr pdcm pcid sse4_1 sse4_2 x2apic movbe popcnt tsc_deadline_timer aes xsave avx f16c rdrand lahf_lm abm ida arat epb xsaveopt pln pts dtherm tpr_shadow vnmi flexpriority ept vpid fsgsbase tsc_adjust bmi1 avx2 smep bmi2 erms invpcid
bogomips	: 3992.15
clflush size	: 64
cache_alignment	: 64
address sizes	: 39 bits physical, 48 bits virtual
power management:



Memory: 4k page, physical 8102560k(136924k free), swap 0k(0k free)

vm_info: OpenJDK 64-Bit Server VM (24.51-b03) for linux-amd64 JRE (1.7.0_55-b14), built on Apr 16 2014 11:37:37 by "nobody" with gcc 4.8.2 20140206 (prerelease)

time: Sat May 31 19:56:23 2014
elapsed time: 4 seconds

