#
# There is insufficient memory for the Java Runtime Environment to continue.
# Native memory allocation (malloc) failed to allocate 141557760 bytes for committing reserved memory.
# Possible reasons:
#   The system is out of physical RAM or swap space
#   In 32 bit mode, the process size limit was hit
# Possible solutions:
#   Reduce memory load on the system
#   Increase physical memory or swap space
#   Check if swap backing store is full
#   Use 64 bit Java on a 64 bit OS
#   Decrease Java heap size (-Xmx/-Xms)
#   Decrease number of Java threads
#   Decrease Java thread stack sizes (-Xss)
#   Set larger code cache with -XX:ReservedCodeCacheSize=
# This output file may be truncated or incomplete.
#
#  Out of Memory Error (os_linux.cpp:2769), pid=1454, tid=140111178102528
#
# JRE version: OpenJDK Runtime Environment (7.0_55-b14) (build 1.7.0_55-b14)
# Java VM: OpenJDK 64-Bit Server VM (24.51-b03 mixed mode linux-amd64 compressed oops)
# Failed to write core dump. Core dumps have been disabled. To enable core dumping, try "ulimit -c unlimited" before starting Java again
#

---------------  T H R E A D  ---------------

Current thread (0x00007f6e3007c800):  VMThread [stack: 0x00007f6e2ceff000,0x00007f6e2d000000] [id=1465]

Stack: [0x00007f6e2ceff000,0x00007f6e2d000000],  sp=0x00007f6e2cffe4c0,  free space=1021k
Native frames: (J=compiled Java code, j=interpreted, Vv=VM code, C=native code)
V  [libjvm.so+0x9175f5]  JVM_handle_linux_signal+0x1778b5
V  [libjvm.so+0x467db4]  dlerror+0x467db4
V  [libjvm.so+0x79a27b]  JVM_FindSignal+0x18c8eb
V  [libjvm.so+0x794bef]  JVM_FindSignal+0x18725f
V  [libjvm.so+0x804deb]  JVM_handle_linux_signal+0x650ab
V  [libjvm.so+0x805c40]  JVM_handle_linux_signal+0x65f00
V  [libjvm.so+0x80632b]  JVM_handle_linux_signal+0x665eb
V  [libjvm.so+0x80261f]  JVM_handle_linux_signal+0x628df
V  [libjvm.so+0x802de8]  JVM_handle_linux_signal+0x630a8
V  [libjvm.so+0x7b94b3]  JVM_handle_linux_signal+0x19773
V  [libjvm.so+0x919004]  JVM_handle_linux_signal+0x1792c4
V  [libjvm.so+0x91d4a7]  JVM_handle_linux_signal+0x17d767
V  [libjvm.so+0x91be78]  JVM_handle_linux_signal+0x17c138
V  [libjvm.so+0x91c2d9]  JVM_handle_linux_signal+0x17c599
V  [libjvm.so+0x91c722]  JVM_handle_linux_signal+0x17c9e2
V  [libjvm.so+0x796f52]  JVM_FindSignal+0x1895c2

VM_Operation (0x00007f6e142c86c0): ParallelGCFailedAllocation, mode: safepoint, requested by thread 0x00007f6de0008800


---------------  P R O C E S S  ---------------

Java Threads: ( => current thread )
  0x00007f6de4264000 JavaThread "File lock request listener" [_thread_in_native, id=1481, stack(0x00007f6ddfce8000,0x00007f6ddfde9000)]
  0x00007f6de41f2000 JavaThread "process reaper" daemon [_thread_blocked, id=1480, stack(0x00007f6e1402b000,0x00007f6e14064000)]
  0x00007f6de4041000 JavaThread "Stdin handler" [_thread_blocked, id=1478, stack(0x00007f6ddfeff000,0x00007f6de0000000)]
  0x00007f6de4005800 JavaThread "Handler for socket connection at /127.0.0.1:37040 with /127.0.0.1:52161" [_thread_in_native, id=1475, stack(0x00007f6e140d0000,0x00007f6e141d1000)]
  0x00007f6de0008800 JavaThread "Daemon" [_thread_blocked, id=1474, stack(0x00007f6e141d1000,0x00007f6e142d2000)]
  0x00007f6e30955800 JavaThread "Incoming local TCP Connector on port 37040" [_thread_in_native, id=1473, stack(0x00007f6e142d2000,0x00007f6e143d3000)]
  0x00007f6e300ae800 JavaThread "Service Thread" daemon [_thread_blocked, id=1471, stack(0x00007f6e2c734000,0x00007f6e2c835000)]
  0x00007f6e300ac000 JavaThread "C2 CompilerThread1" daemon [_thread_blocked, id=1470, stack(0x00007f6e2c835000,0x00007f6e2c936000)]
  0x00007f6e300a9800 JavaThread "C2 CompilerThread0" daemon [_thread_in_native, id=1469, stack(0x00007f6e2c936000,0x00007f6e2ca37000)]
  0x00007f6e300a7000 JavaThread "Signal Dispatcher" daemon [_thread_blocked, id=1468, stack(0x00007f6e2ca37000,0x00007f6e2cb38000)]
  0x00007f6e30083000 JavaThread "Finalizer" daemon [_thread_blocked, id=1467, stack(0x00007f6e2ccfd000,0x00007f6e2cdfe000)]
  0x00007f6e30081000 JavaThread "Reference Handler" daemon [_thread_blocked, id=1466, stack(0x00007f6e2cdfe000,0x00007f6e2ceff000)]
  0x00007f6e30008800 JavaThread "main" [_thread_blocked, id=1456, stack(0x00007f6e39be8000,0x00007f6e39ce9000)]

Other Threads:
=>0x00007f6e3007c800 VMThread [stack: 0x00007f6e2ceff000,0x00007f6e2d000000] [id=1465]
  0x00007f6e300b9800 WatcherThread [stack: 0x00007f6e2c633000,0x00007f6e2c734000] [id=1472]

VM state:at safepoint (normal execution)

VM Mutex/Monitor currently owned by a thread:  ([mutex/lock_event])
[0x00007f6e30006620] Threads_lock - owner thread: 0x00007f6e3007c800
[0x00007f6e30006b20] Heap_lock - owner thread: 0x00007f6de0008800

Heap
 PSYoungGen      total 142336K, used 13824K [0x00000000eaa80000, 0x00000000f4380000, 0x0000000100000000)
  eden space 128512K, 0% used [0x00000000eaa80000,0x00000000eaa80000,0x00000000f2800000)
  from space 13824K, 100% used [0x00000000f2800000,0x00000000f3580000,0x00000000f3580000)
  to   space 13312K, 0% used [0x00000000f3580000,0x00000000f3580000,0x00000000f4280000)
 ParOldGen       total 84480K, used 23490K [0x00000000c0000000, 0x00000000c5280000, 0x00000000eaa80000)
  object space 84480K, 27% used [0x00000000c0000000,0x00000000c16f0948,0x00000000c5280000)
 PSPermGen       total 29696K, used 29356K [0x00000000b0000000, 0x00000000b1d00000, 0x00000000c0000000)
  object space 29696K, 98% used [0x00000000b0000000,0x00000000b1cab088,0x00000000b1d00000)

Card table byte_map: [0x00007f6e36c55000,0x00007f6e36ed6000] byte_map_base: 0x00007f6e366d5000

Polling page: 0x00007f6e39d23000

Code Cache  [0x00007f6e2d000000, 0x00007f6e2d2b0000, 0x00007f6e30000000)
 total_blobs=965 nmethods=392 adapters=526 free_code_cache=46492Kb largest_free_block=47556608

Compilation events (10 events):
Event: 4.342 Thread 0x00007f6e300ac000 nmethod 404 0x00007f6e2d0b0990 code [0x00007f6e2d0b0ac0, 0x00007f6e2d0b0b78]
Event: 4.342 Thread 0x00007f6e300ac000  405   !         java.beans.Introspector::getPublicDeclaredMethods (92 bytes)
Event: 4.348 Thread 0x00007f6e300ac000 nmethod 405 0x00007f6e2d08cdd0 code [0x00007f6e2d08cfc0, 0x00007f6e2d08d7a0]
Event: 4.348 Thread 0x00007f6e300ac000  406             java.util.HashMap$HashIterator::<init> (63 bytes)
Event: 4.350 Thread 0x00007f6e300ac000 nmethod 406 0x00007f6e2d272850 code [0x00007f6e2d2729a0, 0x00007f6e2d272a98]
Event: 4.350 Thread 0x00007f6e300ac000  407             sun.reflect.generics.parser.SignatureParser::parsePackageNameAndSimpleClassTypeSignature (139 bytes)
Event: 4.379 Thread 0x00007f6e300ac000 nmethod 407 0x00007f6e2d2a2b90 code [0x00007f6e2d2a2ea0, 0x00007f6e2d2a42f8]
Event: 4.379 Thread 0x00007f6e300ac000  408             org.codehaus.groovy.runtime.metaclass.MetaMethodIndex::copyNonPrivateNonNewMetaMethods (24 bytes)
Event: 4.379 Thread 0x00007f6e300ac000 nmethod 408 0x00007f6e2d272550 code [0x00007f6e2d2726a0, 0x00007f6e2d272768]
Event: 4.379 Thread 0x00007f6e300ac000  409             java.beans.Introspector::addMethod (196 bytes)

GC Heap History (10 events):
Event: 1.443 GC heap after
Heap after GC invocations=2 (full 0):
 PSYoungGen      total 37376K, used 5113K [0x00000000eaa80000, 0x00000000ed400000, 0x0000000100000000)
  eden space 32256K, 0% used [0x00000000eaa80000,0x00000000eaa80000,0x00000000eca00000)
  from space 5120K, 99% used [0x00000000ecf00000,0x00000000ed3fe700,0x00000000ed400000)
  to   space 5120K, 0% used [0x00000000eca00000,0x00000000eca00000,0x00000000ecf00000)
 ParOldGen       total 84480K, used 2531K [0x00000000c0000000, 0x00000000c5280000, 0x00000000eaa80000)
  object space 84480K, 2% used [0x00000000c0000000,0x00000000c0278e98,0x00000000c5280000)
 PSPermGen       total 21504K, used 14269K [0x00000000b0000000, 0x00000000b1500000, 0x00000000c0000000)
  object space 21504K, 66% used [0x00000000b0000000,0x00000000b0def5a0,0x00000000b1500000)
}
Event: 1.778 GC heap before
{Heap before GC invocations=3 (full 0):
 PSYoungGen      total 37376K, used 37369K [0x00000000eaa80000, 0x00000000ed400000, 0x0000000100000000)
  eden space 32256K, 100% used [0x00000000eaa80000,0x00000000eca00000,0x00000000eca00000)
  from space 5120K, 99% used [0x00000000ecf00000,0x00000000ed3fe700,0x00000000ed400000)
  to   space 5120K, 0% used [0x00000000eca00000,0x00000000eca00000,0x00000000ecf00000)
 ParOldGen       total 84480K, used 2531K [0x00000000c0000000, 0x00000000c5280000, 0x00000000eaa80000)
  object space 84480K, 2% used [0x00000000c0000000,0x00000000c0278e98,0x00000000c5280000)
 PSPermGen       total 21504K, used 16891K [0x00000000b0000000, 0x00000000b1500000, 0x00000000c0000000)
  object space 21504K, 78% used [0x00000000b0000000,0x00000000b107ee70,0x00000000b1500000)
Event: 1.785 GC heap after
Heap after GC invocations=3 (full 0):
 PSYoungGen      total 37376K, used 5104K [0x00000000eaa80000, 0x00000000ef380000, 0x0000000100000000)
  eden space 32256K, 0% used [0x00000000eaa80000,0x00000000eaa80000,0x00000000eca00000)
  from space 5120K, 99% used [0x00000000eca00000,0x00000000ecefc3c0,0x00000000ecf00000)
  to   space 5120K, 0% used [0x00000000eee80000,0x00000000eee80000,0x00000000ef380000)
 ParOldGen       total 84480K, used 5646K [0x00000000c0000000, 0x00000000c5280000, 0x00000000eaa80000)
  object space 84480K, 6% used [0x00000000c0000000,0x00000000c0583968,0x00000000c5280000)
 PSPermGen       total 21504K, used 16891K [0x00000000b0000000, 0x00000000b1500000, 0x00000000c0000000)
  object space 21504K, 78% used [0x00000000b0000000,0x00000000b107ee70,0x00000000b1500000)
}
Event: 2.147 GC heap before
{Heap before GC invocations=4 (full 0):
 PSYoungGen      total 37376K, used 37360K [0x00000000eaa80000, 0x00000000ef380000, 0x0000000100000000)
  eden space 32256K, 100% used [0x00000000eaa80000,0x00000000eca00000,0x00000000eca00000)
  from space 5120K, 99% used [0x00000000eca00000,0x00000000ecefc3c0,0x00000000ecf00000)
  to   space 5120K, 0% used [0x00000000eee80000,0x00000000eee80000,0x00000000ef380000)
 ParOldGen       total 84480K, used 5646K [0x00000000c0000000, 0x00000000c5280000, 0x00000000eaa80000)
  object space 84480K, 6% used [0x00000000c0000000,0x00000000c0583968,0x00000000c5280000)
 PSPermGen       total 21504K, used 19518K [0x00000000b0000000, 0x00000000b1500000, 0x00000000c0000000)
  object space 21504K, 90% used [0x00000000b0000000,0x00000000b130fbe0,0x00000000b1500000)
Event: 2.155 GC heap after
Heap after GC invocations=4 (full 0):
 PSYoungGen      total 69632K, used 5104K [0x00000000eaa80000, 0x00000000ef380000, 0x0000000100000000)
  eden space 64512K, 0% used [0x00000000eaa80000,0x00000000eaa80000,0x00000000ee980000)
  from space 5120K, 99% used [0x00000000eee80000,0x00000000ef37c3c0,0x00000000ef380000)
  to   space 5120K, 0% used [0x00000000ee980000,0x00000000ee980000,0x00000000eee80000)
 ParOldGen       total 84480K, used 9898K [0x00000000c0000000, 0x00000000c5280000, 0x00000000eaa80000)
  object space 84480K, 11% used [0x00000000c0000000,0x00000000c09aa930,0x00000000c5280000)
 PSPermGen       total 21504K, used 19518K [0x00000000b0000000, 0x00000000b1500000, 0x00000000c0000000)
  object space 21504K, 90% used [0x00000000b0000000,0x00000000b130fbe0,0x00000000b1500000)
}
Event: 2.850 GC heap before
{Heap before GC invocations=5 (full 0):
 PSYoungGen      total 69632K, used 69616K [0x00000000eaa80000, 0x00000000ef380000, 0x0000000100000000)
  eden space 64512K, 100% used [0x00000000eaa80000,0x00000000ee980000,0x00000000ee980000)
  from space 5120K, 99% used [0x00000000eee80000,0x00000000ef37c3c0,0x00000000ef380000)
  to   space 5120K, 0% used [0x00000000ee980000,0x00000000ee980000,0x00000000eee80000)
 ParOldGen       total 84480K, used 9898K [0x00000000c0000000, 0x00000000c5280000, 0x00000000eaa80000)
  object space 84480K, 11% used [0x00000000c0000000,0x00000000c09aa930,0x00000000c5280000)
 PSPermGen       total 24576K, used 24480K [0x00000000b0000000, 0x00000000b1800000, 0x00000000c0000000)
  object space 24576K, 99% used [0x00000000b0000000,0x00000000b17e82c8,0x00000000b1800000)
Event: 2.875 GC heap after
Heap after GC invocations=5 (full 0):
 PSYoungGen      total 69632K, used 5088K [0x00000000eaa80000, 0x00000000f4280000, 0x0000000100000000)
  eden space 64512K, 0% used [0x00000000eaa80000,0x00000000eaa80000,0x00000000ee980000)
  from space 5120K, 99% used [0x00000000ee980000,0x00000000eee783b0,0x00000000eee80000)
  to   space 13312K, 0% used [0x00000000f3580000,0x00000000f3580000,0x00000000f4280000)
 ParOldGen       total 84480K, used 16692K [0x00000000c0000000, 0x00000000c5280000, 0x00000000eaa80000)
  object space 84480K, 19% used [0x00000000c0000000,0x00000000c104d0c0,0x00000000c5280000)
 PSPermGen       total 24576K, used 24480K [0x00000000b0000000, 0x00000000b1800000, 0x00000000c0000000)
  object space 24576K, 99% used [0x00000000b0000000,0x00000000b17e82c8,0x00000000b1800000)
}
Event: 3.262 GC heap before
{Heap before GC invocations=6 (full 0):
 PSYoungGen      total 69632K, used 69600K [0x00000000eaa80000, 0x00000000f4280000, 0x0000000100000000)
  eden space 64512K, 100% used [0x00000000eaa80000,0x00000000ee980000,0x00000000ee980000)
  from space 5120K, 99% used [0x00000000ee980000,0x00000000eee783b0,0x00000000eee80000)
  to   space 13312K, 0% used [0x00000000f3580000,0x00000000f3580000,0x00000000f4280000)
 ParOldGen       total 84480K, used 16692K [0x00000000c0000000, 0x00000000c5280000, 0x00000000eaa80000)
  object space 84480K, 19% used [0x00000000c0000000,0x00000000c104d0c0,0x00000000c5280000)
 PSPermGen       total 26624K, used 26605K [0x00000000b0000000, 0x00000000b1a00000, 0x00000000c0000000)
  object space 26624K, 99% used [0x00000000b0000000,0x00000000b19fb518,0x00000000b1a00000)
Event: 3.272 GC heap after
Heap after GC invocations=6 (full 0):
 PSYoungGen      total 141824K, used 10745K [0x00000000eaa80000, 0x00000000f4380000, 0x0000000100000000)
  eden space 128512K, 0% used [0x00000000eaa80000,0x00000000eaa80000,0x00000000f2800000)
  from space 13312K, 80% used [0x00000000f3580000,0x00000000f3ffe4b8,0x00000000f4280000)
  to   space 13824K, 0% used [0x00000000f2800000,0x00000000f2800000,0x00000000f3580000)
 ParOldGen       total 84480K, used 16692K [0x00000000c0000000, 0x00000000c5280000, 0x00000000eaa80000)
  object space 84480K, 19% used [0x00000000c0000000,0x00000000c104d0c0,0x00000000c5280000)
 PSPermGen       total 26624K, used 26605K [0x00000000b0000000, 0x00000000b1a00000, 0x00000000c0000000)
  object space 26624K, 99% used [0x00000000b0000000,0x00000000b19fb518,0x00000000b1a00000)
}
Event: 4.396 GC heap before
{Heap before GC invocations=7 (full 0):
 PSYoungGen      total 141824K, used 139257K [0x00000000eaa80000, 0x00000000f4380000, 0x0000000100000000)
  eden space 128512K, 100% used [0x00000000eaa80000,0x00000000f2800000,0x00000000f2800000)
  from space 13312K, 80% used [0x00000000f3580000,0x00000000f3ffe4b8,0x00000000f4280000)
  to   space 13824K, 0% used [0x00000000f2800000,0x00000000f2800000,0x00000000f3580000)
 ParOldGen       total 84480K, used 16692K [0x00000000c0000000, 0x00000000c5280000, 0x00000000eaa80000)
  object space 84480K, 19% used [0x00000000c0000000,0x00000000c104d0c0,0x00000000c5280000)
 PSPermGen       total 29696K, used 29356K [0x00000000b0000000, 0x00000000b1d00000, 0x00000000c0000000)
  object space 29696K, 98% used [0x00000000b0000000,0x00000000b1cab088,0x00000000b1d00000)

Deoptimization events (10 events):
Event: 2.987 Thread 0x00007f6de0008800 Uncommon trap: reason=unreached action=reinterpret pc=0x00007f6e2d226d64 method=java.util.Properties$LineReader.readLine()I @ 97
Event: 3.273 Thread 0x00007f6e30083000 Uncommon trap: reason=unreached action=reinterpret pc=0x00007f6e2d1d082c method=java.lang.ref.ReferenceQueue.poll()Ljava/lang/ref/Reference; @ 4
Event: 3.545 Thread 0x00007f6de0008800 Uncommon trap: reason=bimorphic action=maybe_recompile pc=0x00007f6e2d2470b8 method=java.util.regex.Pattern$Branch.match(Ljava/util/regex/Matcher;ILjava/lang/CharSequence;)Z @ 32
Event: 3.770 Thread 0x00007f6de0008800 Uncommon trap: reason=bimorphic action=maybe_recompile pc=0x00007f6e2d2470b8 method=java.util.regex.Pattern$Branch.match(Ljava/util/regex/Matcher;ILjava/lang/CharSequence;)Z @ 32
Event: 4.277 Thread 0x00007f6de0008800 Uncommon trap: reason=null_check action=make_not_entrant pc=0x00007f6e2d298838 method=sun.reflect.Reflection.filterMethods(Ljava/lang/Class;[Ljava/lang/reflect/Method;)[Ljava/lang/reflect/Method; @ 18
Event: 4.333 Thread 0x00007f6de0008800 Uncommon trap: reason=array_check action=maybe_recompile pc=0x00007f6e2d09bfe4 method=java.util.ComparableTimSort.binarySort([Ljava/lang/Object;III)V @ 215
Event: 4.333 Thread 0x00007f6de0008800 Uncommon trap: reason=array_check action=maybe_recompile pc=0x00007f6e2d09c0b4 method=java.util.ComparableTimSort.binarySort([Ljava/lang/Object;III)V @ 193
Event: 4.341 Thread 0x00007f6de0008800 Uncommon trap: reason=array_check action=maybe_recompile pc=0x00007f6e2d09c0b4 method=java.util.ComparableTimSort.binarySort([Ljava/lang/Object;III)V @ 193
Event: 4.341 Thread 0x00007f6de0008800 Uncommon trap: reason=array_check action=maybe_recompile pc=0x00007f6e2d09c0b4 method=java.util.ComparableTimSort.binarySort([Ljava/lang/Object;III)V @ 193
Event: 4.351 Thread 0x00007f6de0008800 Uncommon trap: reason=null_check action=make_not_entrant pc=0x00007f6e2d08d54c method=com.sun.beans.WeakCache.get(Ljava/lang/Object;)Ljava/lang/Object; @ 10

Internal exceptions (10 events):
Event: 4.389 Thread 0x00007f6de0008800 Threw 0x00000000f2779e00 at /build/java7-openjdk/src/icedtea-2.4.7/openjdk/hotspot/src/share/vm/prims/jvm.cpp:1244
Event: 4.389 Thread 0x00007f6de0008800 Threw 0x00000000f277f398 at /build/java7-openjdk/src/icedtea-2.4.7/openjdk/hotspot/src/share/vm/prims/jvm.cpp:1244
Event: 4.389 Thread 0x00007f6de0008800 Threw 0x00000000f277fc40 at /build/java7-openjdk/src/icedtea-2.4.7/openjdk/hotspot/src/share/vm/classfile/systemDictionary.cpp:185
Event: 4.389 Thread 0x00007f6de0008800 Threw 0x00000000f2781648 at /build/java7-openjdk/src/icedtea-2.4.7/openjdk/hotspot/src/share/vm/prims/jvm.cpp:1244
Event: 4.389 Thread 0x00007f6de0008800 Threw 0x00000000f2782aa8 at /build/java7-openjdk/src/icedtea-2.4.7/openjdk/hotspot/src/share/vm/prims/jvm.cpp:1244
Event: 4.389 Thread 0x00007f6de0008800 Threw 0x00000000f27881c8 at /build/java7-openjdk/src/icedtea-2.4.7/openjdk/hotspot/src/share/vm/prims/jvm.cpp:1244
Event: 4.389 Thread 0x00007f6de0008800 Threw 0x00000000f27898f0 at /build/java7-openjdk/src/icedtea-2.4.7/openjdk/hotspot/src/share/vm/prims/jvm.cpp:1244
Event: 4.389 Thread 0x00007f6de0008800 Threw 0x00000000f278ad50 at /build/java7-openjdk/src/icedtea-2.4.7/openjdk/hotspot/src/share/vm/prims/jvm.cpp:1244
Event: 4.389 Thread 0x00007f6de0008800 Threw 0x00000000f2790470 at /build/java7-openjdk/src/icedtea-2.4.7/openjdk/hotspot/src/share/vm/prims/jvm.cpp:1244
Event: 4.389 Thread 0x00007f6de0008800 Threw 0x00000000f2790d20 at /build/java7-openjdk/src/icedtea-2.4.7/openjdk/hotspot/src/share/vm/classfile/systemDictionary.cpp:185

Events (10 events):
Event: 4.389 loading class 0x00007f6de4c4c7d0 done
Event: 4.389 loading class 0x00007f6de4c4c7d0
Event: 4.389 loading class 0x00007f6de4c4c7d0 done
Event: 4.389 loading class 0x00007f6de4c43ec0
Event: 4.389 loading class 0x00007f6de4c43ec0 done
Event: 4.389 loading class 0x00007f6de4c43ec0
Event: 4.389 loading class 0x00007f6de4c43ec0 done
Event: 4.389 loading class 0x00007f6de4c43ec0
Event: 4.389 loading class 0x00007f6de4c43ec0 done
Event: 4.396 Executing VM operation: ParallelGCFailedAllocation


Dynamic libraries:
00400000-00401000 r-xp 00000000 08:01 1196056                            /usr/lib/jvm/java-7-openjdk/jre/bin/java
00600000-00601000 rw-p 00000000 08:01 1196056                            /usr/lib/jvm/java-7-openjdk/jre/bin/java
019e8000-01a09000 rw-p 00000000 00:00 0                                  [heap]
b0000000-b1d00000 rw-p 00000000 00:00 0 
b1d00000-c0000000 rw-p 00000000 00:00 0 
c0000000-c5280000 rw-p 00000000 00:00 0 
c5280000-eaa80000 rw-p 00000000 00:00 0 
eaa80000-f4380000 rw-p 00000000 00:00 0 
fca80000-100000000 rw-p 00000000 00:00 0 
7f6dcc000000-7f6dcc021000 rw-p 00000000 00:00 0 
7f6dcc021000-7f6dd0000000 ---p 00000000 00:00 0 
7f6dd0000000-7f6dd0021000 rw-p 00000000 00:00 0 
7f6dd0021000-7f6dd4000000 ---p 00000000 00:00 0 
7f6dd4000000-7f6dd4021000 rw-p 00000000 00:00 0 
7f6dd4021000-7f6dd8000000 ---p 00000000 00:00 0 
7f6dd8000000-7f6dd8021000 rw-p 00000000 00:00 0 
7f6dd8021000-7f6ddc000000 ---p 00000000 00:00 0 
7f6ddfc1e000-7f6ddfc1f000 rw-p 00000000 00:00 0 
7f6ddfc1f000-7f6ddfc21000 r--s 0000d000 08:03 4330571                    /home/siddhu/.gradle/caches/modules-2/files-2.1/commons-codec/commons-codec/1.4/4216af16d38465bbab0f3dff8efa14204f7a399a/commons-codec-1.4.jar
7f6ddfc21000-7f6ddfc23000 r--s 0000d000 08:03 4330569                    /home/siddhu/.gradle/caches/modules-2/files-2.1/commons-logging/commons-logging/1.1.1/5043bfebc3db072ed80fbd362e7caf00e885d8ae/commons-logging-1.1.1.jar
7f6ddfc23000-7f6ddfc28000 r--s 00028000 08:03 4201376                    /home/siddhu/.gradle/caches/modules-2/files-2.1/org.apache.httpcomponents/httpcore/4.1/33fc26c02f8043ab0ede19eadc8c9885386b255c/httpcore-4.1.jar
7f6ddfc28000-7f6ddfc2a000 r--s 00004000 08:03 4201374                    /home/siddhu/.gradle/caches/modules-2/files-2.1/org.ow2.asm/asm-tree/4.0/67bd266cd17adcee486b76952ece4cc85fe248b8/asm-tree-4.0.jar
7f6ddfc2a000-7f6ddfc33000 r--s 000a7000 08:03 4201372                    /home/siddhu/.gradle/caches/modules-2/files-2.1/com.android.tools.external.lombok/lombok-ast/0.2.2/57e560b535ceaa14fb6f15422d74594acd6c5b64/lombok-ast-0.2.2.jar
7f6ddfc33000-7f6ddfc35000 r--s 0000a000 08:03 4201370                    /home/siddhu/.gradle/caches/modules-2/files-2.1/org.ow2.asm/asm/4.0/659add6efc75a4715d738e73f07505246edf4d66/asm-4.0.jar
7f6ddfc35000-7f6ddfc5f000 r--s 001e9000 08:03 4067896                    /home/siddhu/.gradle/caches/modules-2/files-2.1/com.google.guava/guava/15.0/ed727a8d9f247e2050281cb083f1c77b09dcb5cd/guava-15.0.jar
7f6ddfc5f000-7f6ddfc92000 r--s 00203000 08:03 4201368                    /home/siddhu/.gradle/caches/modules-2/files-2.1/org.bouncycastle/bcprov-jdk15on/1.48/960dea7c9181ba0b17e8bab0c06a43f0a5f04e65/bcprov-jdk15on-1.48.jar
7f6ddfc92000-7f6ddfc96000 r--s 00020000 08:03 4201366                    /home/siddhu/.gradle/caches/modules-2/files-2.1/org.apache.commons/commons-compress/1.0/995ae384a0b1e2c66269e6bc5198db8561fb45a2/commons-compress-1.0.jar
7f6ddfc96000-7f6ddfc98000 r--s 00005000 08:03 4201364                    /home/siddhu/.gradle/caches/modules-2/files-2.1/org.apache.httpcomponents/httpmime/4.1/9ba2dcdf94ce35c8a8e9bff242db0618ca932e92/httpmime-4.1.jar
7f6ddfc98000-7f6ddfca0000 r--s 0004e000 08:03 4201362                    /home/siddhu/.gradle/caches/modules-2/files-2.1/org.apache.httpcomponents/httpclient/4.1.1/3d1d918f32709e33ba7ddb2c4e8d1c543ebe713e/httpclient-4.1.1.jar
7f6ddfca0000-7f6ddfca3000 r--s 00010000 08:03 4201360                    /home/siddhu/.gradle/caches/modules-2/files-2.1/com.android.tools.layoutlib/layoutlib-api/22.8.4/8e142e78d0c99c8e4ffbcb55a191131ad5a9b671/layoutlib-api-22.8.4.jar
7f6ddfca3000-7f6ddfca4000 r--s 00003000 08:03 4201358                    /home/siddhu/.gradle/caches/modules-2/files-2.1/com.android.tools/dvlib/22.8.4/f0c7a7ee1857ff4782525a684281808556014532/dvlib-22.8.4.jar
7f6ddfca4000-7f6ddfca5000 r--s 0000a000 08:03 4201356                    /home/siddhu/.gradle/caches/modules-2/files-2.1/net.sf.kxml/kxml2/2.3.0/ccbc77a5fd907ef863c29f3596c6f54ffa4e9442/kxml2-2.3.0.jar
7f6ddfca5000-7f6ddfca6000 r--s 00004000 08:03 4201354                    /home/siddhu/.gradle/caches/modules-2/files-2.1/org.ow2.asm/asm-analysis/4.0/1c45d52b6f6c638db13cf3ac12adeb56b254cdd7/asm-analysis-4.0.jar
7f6ddfca6000-7f6ddfca9000 r--s 00027000 08:03 4201352                    /home/siddhu/.gradle/caches/modules-2/files-2.1/com.android.tools.lint/lint-api/22.8.4/cc703f06f4c29cd98f7ea5629f06776a5ee3815/lint-api-22.8.4.jar
7f6ddfca9000-7f6ddfcab000 r--s 00011000 08:03 4201350                    /home/siddhu/.gradle/caches/modules-2/files-2.1/com.android.tools/common/22.8.4/48e1c32d53a360635d577e86fc229dcc6b593916/common-22.8.4.jar
7f6ddfcab000-7f6ddfcb9000 r--s 00081000 08:03 4201348                    /home/siddhu/.gradle/caches/modules-2/files-2.1/org.bouncycastle/bcpkix-jdk15on/1.48/28b7614b908a47844bb27e3c94b45b6893656265/bcpkix-jdk15on-1.48.jar
7f6ddfcb9000-7f6ddfcba000 r--s 00002000 08:03 4201346                    /home/siddhu/.gradle/caches/modules-2/files-2.1/com.android.tools.build/builder-model/0.10.4/1e848b4ca0681d6b8ef082b673e2b0ec7560b7a4/builder-model-0.10.4.jar
7f6ddfcba000-7f6ddfcc4000 r--s 000a3000 08:03 4201344                    /home/siddhu/.gradle/caches/modules-2/files-2.1/com.android.tools/sdklib/22.8.4/be560ebd1bc82dfd14d3d86a51c189d7b3f26e4/sdklib-22.8.4.jar
7f6ddfcc4000-7f6ddfcc5000 r--s 00002000 08:03 4201342                    /home/siddhu/.gradle/caches/modules-2/files-2.1/com.squareup/javawriter/2.2.1/d6dac1da0b24ab9ea9a6b5d49c2586d85f17e597/javawriter-2.2.1.jar
7f6ddfcc5000-7f6ddfcc8000 r--s 00026000 08:03 4201340                    /home/siddhu/.gradle/caches/modules-2/files-2.1/com.android.tools.build/manifest-merger/22.8.4/be2ef8a9bac178012c4d0d104fd3fc053acc72be/manifest-merger-22.8.4.jar
7f6ddfcc8000-7f6ddfcc9000 r--s 00000000 08:03 4201338                    /home/siddhu/.gradle/caches/modules-2/files-2.1/com.android.tools.build/builder-test-api/0.10.4/47b90215a46f8b2e33cb8f95a3f3446935ac777/builder-test-api-0.10.4.jar
7f6ddfcc9000-7f6ddfcce000 r--s 00042000 08:03 4201336                    /home/siddhu/.gradle/caches/modules-2/files-2.1/com.android.tools/sdk-common/22.8.4/acb932808806d0fcb945e8d60a0c9b940b0a6d36/sdk-common-22.8.4.jar
7f6ddfcce000-7f6ddfcd2000 r--s 0003d000 08:03 4201334                    /home/siddhu/.gradle/caches/modules-2/files-2.1/com.android.tools.ddms/ddmlib/22.8.4/f3ff694ed32718738bb93df7b3f3f015da646412/ddmlib-22.8.4.jar
7f6ddfcd2000-7f6ddfcd8000 r--s 00082000 08:03 3672745                    /home/siddhu/.gradle/caches/modules-2/files-2.1/com.android.tools.lint/lint-checks/22.8.4/8d5d52fbe7bcbd96d7e3e2ca13f5dcb3fe60a2e4/lint-checks-22.8.4.jar
7f6ddfcd8000-7f6ddfce8000 r--s 000c5000 08:03 3672741                    /home/siddhu/.gradle/caches/modules-2/files-2.1/net.sf.proguard/proguard-base/4.11/76730af417bb42da22b16e49f49e67863382b9bd/proguard-base-4.11.jar
7f6ddfce8000-7f6ddfceb000 ---p 00000000 00:00 0 
7f6ddfceb000-7f6ddfde9000 rw-p 00000000 00:00 0                          [stack:1481]
7f6ddfde9000-7f6ddfdfe000 r-xp 00000000 00:1f 3582955                    /tmp/jna1394132372761242623.tmp
7f6ddfdfe000-7f6ddfefd000 ---p 00015000 00:1f 3582955                    /tmp/jna1394132372761242623.tmp
7f6ddfefd000-7f6ddfeff000 rw-p 00014000 00:1f 3582955                    /tmp/jna1394132372761242623.tmp
7f6ddfeff000-7f6ddff02000 ---p 00000000 00:00 0 
7f6ddff02000-7f6de0000000 rw-p 00000000 00:00 0                          [stack:1478]
7f6de0000000-7f6de002b000 rw-p 00000000 00:00 0 
7f6de002b000-7f6de4000000 ---p 00000000 00:00 0 
7f6de4000000-7f6de4e8e000 rw-p 00000000 00:00 0 
7f6de4e8e000-7f6de8000000 ---p 00000000 00:00 0 
7f6de8000000-7f6de8021000 rw-p 00000000 00:00 0 
7f6de8021000-7f6dec000000 ---p 00000000 00:00 0 
7f6dec000000-7f6dec021000 rw-p 00000000 00:00 0 
7f6dec021000-7f6df0000000 ---p 00000000 00:00 0 
7f6df0000000-7f6df0ae1000 rw-p 00000000 00:00 0 
7f6df0ae1000-7f6df4000000 ---p 00000000 00:00 0 
7f6df4000000-7f6df56d3000 rw-p 00000000 00:00 0 
7f6df56d3000-7f6df8000000 ---p 00000000 00:00 0 
7f6df8000000-7f6df8021000 rw-p 00000000 00:00 0 
7f6df8021000-7f6dfc000000 ---p 00000000 00:00 0 
7f6dfc000000-7f6dfc021000 rw-p 00000000 00:00 0 
7f6dfc021000-7f6e00000000 ---p 00000000 00:00 0 
7f6e00000000-7f6e00021000 rw-p 00000000 00:00 0 
7f6e00021000-7f6e04000000 ---p 00000000 00:00 0 
7f6e04000000-7f6e04021000 rw-p 00000000 00:00 0 
7f6e04021000-7f6e08000000 ---p 00000000 00:00 0 
7f6e08000000-7f6e08021000 rw-p 00000000 00:00 0 
7f6e08021000-7f6e0c000000 ---p 00000000 00:00 0 
7f6e0c000000-7f6e0c021000 rw-p 00000000 00:00 0 
7f6e0c021000-7f6e10000000 ---p 00000000 00:00 0 
7f6e10000000-7f6e10021000 rw-p 00000000 00:00 0 
7f6e10021000-7f6e14000000 ---p 00000000 00:00 0 
7f6e14000000-7f6e1400f000 r--s 001a9000 08:03 3672743                    /home/siddhu/.gradle/caches/modules-2/files-2.1/org.eclipse.jdt.core.compiler/ecj/4.2.2/d9fd79499c664bccaf24dbe04be417de6c6af64a/ecj-4.2.2.jar
7f6e1400f000-7f6e14012000 r--s 00029000 08:03 3672739                    /home/siddhu/.gradle/caches/modules-2/files-2.1/com.android.tools.build/builder/0.10.4/cc32c4eb1340fc4fc73cd0bce820e7368ab818ec/builder-0.10.4.jar
7f6e14012000-7f6e14014000 r--s 00016000 08:03 3544092                    /home/siddhu/.gradle/caches/modules-2/files-2.1/com.android.tools.lint/lint/22.8.4/30476a80becb7902f343e0696b2e3e8eb6a59ad9/lint-22.8.4.jar
7f6e14014000-7f6e14015000 r--s 00002000 08:03 3544090                    /home/siddhu/.gradle/caches/modules-2/files-2.1/net.sf.proguard/proguard-gradle/4.11/da875d4b67a8be6c770b11d894434843714ac69d/proguard-gradle-4.11.jar
7f6e14015000-7f6e14022000 r--s 000f7000 08:03 3544088                    /home/siddhu/.gradle/caches/modules-2/files-2.1/com.android.tools.build/gradle/0.10.4/b5dbb89b0ffab94d3cb31be9ddb5500f472a7311/gradle-0.10.4.jar
7f6e14022000-7f6e1402b000 r--s 000b9000 08:01 1195506                    /usr/lib/jvm/java-7-openjdk/jre/lib/resources.jar
7f6e1402b000-7f6e1402e000 ---p 00000000 00:00 0 
7f6e1402e000-7f6e14064000 rw-p 00000000 00:00 0                          [stack:1480]
7f6e14064000-7f6e14065000 r--p 00000000 00:00 0 
7f6e14065000-7f6e140d0000 r--s 0069c000 08:01 1196149                    /usr/lib/jvm/java-7-openjdk/lib/tools.jar
7f6e140d0000-7f6e140d3000 ---p 00000000 00:00 0 
7f6e140d3000-7f6e141d1000 rw-p 00000000 00:00 0                          [stack:1475]
7f6e141d1000-7f6e141d4000 ---p 00000000 00:00 0 
7f6e141d4000-7f6e142d2000 rw-p 00000000 00:00 0                          [stack:1474]
7f6e142d2000-7f6e142d5000 ---p 00000000 00:00 0 
7f6e142d5000-7f6e143d3000 rw-p 00000000 00:00 0                          [stack:1473]
7f6e143d3000-7f6e143d7000 r-xp 00000000 00:1f 3582931                    /tmp/native-platform2417510032399858122dir/libnative-platform-linux-amd64.so
7f6e143d7000-7f6e145d6000 ---p 00004000 00:1f 3582931                    /tmp/native-platform2417510032399858122dir/libnative-platform-linux-amd64.so
7f6e145d6000-7f6e145d7000 rw-p 00003000 00:1f 3582931                    /tmp/native-platform2417510032399858122dir/libnative-platform-linux-amd64.so
7f6e145d7000-7f6e145dc000 r--s 0004c000 08:01 1195507                    /usr/lib/jvm/java-7-openjdk/jre/lib/jsse.jar
7f6e145dc000-7f6e145de000 r--s 00002000 08:03 4330525                    /home/siddhu/.gradle/wrapper/dists/gradle-1.10-all/6vpvhqu0efs1fqmqr2decq1v12/gradle-1.10/lib/plugins/gradle-language-base-1.10.jar
7f6e145de000-7f6e145df000 r--s 00004000 08:03 4330524                    /home/siddhu/.gradle/wrapper/dists/gradle-1.10-all/6vpvhqu0efs1fqmqr2decq1v12/gradle-1.10/lib/plugins/gradle-language-jvm-1.10.jar
7f6e145df000-7f6e145e4000 r--s 00029000 08:03 4330523                    /home/siddhu/.gradle/wrapper/dists/gradle-1.10-all/6vpvhqu0efs1fqmqr2decq1v12/gradle-1.10/lib/plugins/gradle-build-init-1.10.jar
7f6e145e4000-7f6e145e7000 r--s 0001f000 08:03 4330522                    /home/siddhu/.gradle/wrapper/dists/gradle-1.10-all/6vpvhqu0efs1fqmqr2decq1v12/gradle-1.10/lib/plugins/gradle-jacoco-1.10.jar
7f6e145e7000-7f6e145ea000 r--s 0000c000 08:03 4330521                    /home/siddhu/.gradle/wrapper/dists/gradle-1.10-all/6vpvhqu0efs1fqmqr2decq1v12/gradle-1.10/lib/plugins/gradle-ivy-1.10.jar
7f6e145ea000-7f6e145eb000 r--s 00002000 08:03 4330520                    /home/siddhu/.gradle/wrapper/dists/gradle-1.10-all/6vpvhqu0efs1fqmqr2decq1v12/gradle-1.10/lib/plugins/gradle-publish-1.10.jar
7f6e145eb000-7f6e145ed000 r--s 00005000 08:03 4330550                    /home/siddhu/.gradle/wrapper/dists/gradle-1.10-all/6vpvhqu0efs1fqmqr2decq1v12/gradle-1.10/lib/plugins/jatl-0.2.2.jar
7f6e145ed000-7f6e145ef000 r--s 00007000 08:03 4330519                    /home/siddhu/.gradle/wrapper/dists/gradle-1.10-all/6vpvhqu0efs1fqmqr2decq1v12/gradle-1.10/lib/plugins/gradle-reporting-1.10.jar
7f6e145ef000-7f6e145f4000 r--s 0003c000 08:03 4330518                    /home/siddhu/.gradle/wrapper/dists/gradle-1.10-all/6vpvhqu0efs1fqmqr2decq1v12/gradle-1.10/lib/plugins/gradle-diagnostics-1.10.jar
7f6e145f4000-7f6e145fb000 r--s 00094000 08:03 4330517                    /home/siddhu/.gradle/wrapper/dists/gradle-1.10-all/6vpvhqu0efs1fqmqr2decq1v12/gradle-1.10/lib/plugins/gradle-build-comparison-1.10.jar
7f6e145fb000-7f6e14602000 r--s 00035000 08:03 4330549                    /home/siddhu/.gradle/wrapper/dists/gradle-1.10-all/6vpvhqu0efs1fqmqr2decq1v12/gradle-1.10/lib/plugins/simple-4.1.21.jar
7f6e14602000-7f6e14607000 r--s 0002a000 08:03 4330548                    /home/siddhu/.gradle/wrapper/dists/gradle-1.10-all/6vpvhqu0efs1fqmqr2decq1v12/gradle-1.10/lib/plugins/gson-2.2.1.jar
7f6e14607000-7f6e14613000 r--s 00100000 08:03 4330547                    /home/siddhu/.gradle/wrapper/dists/gradle-1.10-all/6vpvhqu0efs1fqmqr2decq1v12/gradle-1.10/lib/plugins/rhino-1.7R3.jar
7f6e14613000-7f6e14618000 r--s 00021000 08:03 4330516                    /home/siddhu/.gradle/wrapper/dists/gradle-1.10-all/6vpvhqu0efs1fqmqr2decq1v12/gradle-1.10/lib/plugins/gradle-javascript-1.10.jar
7f6e14618000-7f6e1461a000 r--s 0000f000 08:03 4330515                    /home/siddhu/.gradle/wrapper/dists/gradle-1.10-all/6vpvhqu0efs1fqmqr2decq1v12/gradle-1.10/lib/plugins/gradle-ear-1.10.jar
7f6e1461a000-7f6e1462a000 r--s 000a3000 08:03 4330514                    /home/siddhu/.gradle/wrapper/dists/gradle-1.10-all/6vpvhqu0efs1fqmqr2decq1v12/gradle-1.10/lib/plugins/gradle-cpp-1.10.jar
7f6e1462a000-7f6e14652000 r--s 00194000 08:03 4330560                    /home/siddhu/.gradle/wrapper/dists/gradle-1.10-all/6vpvhqu0efs1fqmqr2decq1v12/gradle-1.10/lib/plugins/bcprov-jdk15-1.46.jar
7f6e14652000-7f6e14656000 r--s 00025000 08:03 4330546                    /home/siddhu/.gradle/wrapper/dists/gradle-1.10-all/6vpvhqu0efs1fqmqr2decq1v12/gradle-1.10/lib/plugins/bcpg-jdk15-1.46.jar
7f6e14656000-7f6e14659000 r--s 00021000 08:03 4330513                    /home/siddhu/.gradle/wrapper/dists/gradle-1.10-all/6vpvhqu0efs1fqmqr2decq1v12/gradle-1.10/lib/plugins/gradle-signing-1.10.jar
7f6e14659000-7f6e1465a000 r--s 00002000 08:03 4330545                    /home/siddhu/.gradle/wrapper/dists/gradle-1.10-all/6vpvhqu0efs1fqmqr2decq1v12/gradle-1.10/lib/plugins/sonar-batch-bootstrapper-2.9.jar
7f6e1465a000-7f6e1465b000 r--s 00007000 08:03 4330544                    /home/siddhu/.gradle/wrapper/dists/gradle-1.10-all/6vpvhqu0efs1fqmqr2decq1v12/gradle-1.10/lib/plugins/sonar-runner-2.0.jar
7f6e1465b000-7f6e1465e000 r--s 00022000 08:03 4330512                    /home/siddhu/.gradle/wrapper/dists/gradle-1.10-all/6vpvhqu0efs1fqmqr2decq1v12/gradle-1.10/lib/plugins/gradle-sonar-1.10.jar
7f6e1465e000-7f6e14661000 r--s 0001c000 08:03 4330511                    /home/siddhu/.gradle/wrapper/dists/gradle-1.10-all/6vpvhqu0efs1fqmqr2decq1v12/gradle-1.10/lib/plugins/gradle-scala-1.10.jar
7f6e14661000-7f6e14663000 r--s 0000f000 08:03 4330510                    /home/siddhu/.gradle/wrapper/dists/gradle-1.10-all/6vpvhqu0efs1fqmqr2decq1v12/gradle-1.10/lib/plugins/gradle-announce-1.10.jar
7f6e14663000-7f6e14671000 r--s 000d9000 08:03 4330509                    /home/siddhu/.gradle/wrapper/dists/gradle-1.10-all/6vpvhqu0efs1fqmqr2decq1v12/gradle-1.10/lib/plugins/gradle-ide-1.10.jar
7f6e14671000-7f6e14673000 r--s 00000000 08:03 4330543                    /home/siddhu/.gradle/wrapper/dists/gradle-1.10-all/6vpvhqu0efs1fqmqr2decq1v12/gradle-1.10/lib/plugins/plexus-component-annotations-1.5.2.jar
7f6e14673000-7f6e14676000 r--s 0000c000 08:03 4330542                    /home/siddhu/.gradle/wrapper/dists/gradle-1.10-all/6vpvhqu0efs1fqmqr2decq1v12/gradle-1.10/lib/plugins/pmaven-groovy-0.8-20100325.jar
7f6e14676000-7f6e14677000 r--s 00004000 08:03 4330541                    /home/siddhu/.gradle/wrapper/dists/gradle-1.10-all/6vpvhqu0efs1fqmqr2decq1v12/gradle-1.10/lib/plugins/pmaven-common-0.8-20100325.jar
7f6e14677000-7f6e1467c000 r--s 0001c000 08:03 4330508                    /home/siddhu/.gradle/wrapper/dists/gradle-1.10-all/6vpvhqu0efs1fqmqr2decq1v12/gradle-1.10/lib/plugins/gradle-maven-1.10.jar
7f6e1467c000-7f6e14694000 r--s 0013b000 08:03 4330539                    /home/siddhu/.gradle/wrapper/dists/gradle-1.10-all/6vpvhqu0efs1fqmqr2decq1v12/gradle-1.10/lib/plugins/bndlib-2.1.0.jar
7f6e14694000-7f6e14695000 r--s 00005000 08:03 4330507                    /home/siddhu/.gradle/wrapper/dists/gradle-1.10-all/6vpvhqu0efs1fqmqr2decq1v12/gradle-1.10/lib/plugins/gradle-osgi-1.10.jar
7f6e14695000-7f6e1469a000 r--s 00068000 08:03 4330538                    /home/siddhu/.gradle/wrapper/dists/gradle-1.10-all/6vpvhqu0efs1fqmqr2decq1v12/gradle-1.10/lib/plugins/antlr-2.7.7.jar
7f6e1469a000-7f6e1469b000 r--s 00002000 08:03 4330537                    /home/siddhu/.gradle/wrapper/dists/gradle-1.10-all/6vpvhqu0efs1fqmqr2decq1v12/gradle-1.10/lib/plugins/ant-antlr-1.9.2.jar
7f6e1469b000-7f6e1469d000 r--s 00004000 08:03 4330506                    /home/siddhu/.gradle/wrapper/dists/gradle-1.10-all/6vpvhqu0efs1fqmqr2decq1v12/gradle-1.10/lib/plugins/gradle-antlr-1.10.jar
7f6e1469d000-7f6e146a0000 r--s 0001e000 08:03 4330559                    /home/siddhu/.gradle/wrapper/dists/gradle-1.10-all/6vpvhqu0efs1fqmqr2decq1v12/gradle-1.10/lib/plugins/jsp-api-2.1-6.1.14.jar
7f6e146a0000-7f6e146c3000 r--s 00344000 08:03 4330558                    /home/siddhu/.gradle/wrapper/dists/gradle-1.10-all/6vpvhqu0efs1fqmqr2decq1v12/gradle-1.10/lib/plugins/core-3.1.1.jar
7f6e146c3000-7f6e146c4000 r--s 00006000 08:03 4330557                    /home/siddhu/.gradle/wrapper/dists/gradle-1.10-all/6vpvhqu0efs1fqmqr2decq1v12/gradle-1.10/lib/plugins/jetty-naming-6.1.25.jar
7f6e146c4000-7f6e146c5000 r--s 00002000 08:03 4330536                    /home/siddhu/.gradle/wrapper/dists/gradle-1.10-all/6vpvhqu0efs1fqmqr2decq1v12/gradle-1.10/lib/plugins/geronimo-annotation_1.0_spec-1.0.jar
7f6e146c5000-7f6e146c7000 r--s 00002000 08:03 4330535                    /home/siddhu/.gradle/wrapper/dists/gradle-1.10-all/6vpvhqu0efs1fqmqr2decq1v12/gradle-1.10/lib/plugins/jetty-annotations-6.1.25.jar
7f6e146c7000-7f6e146d8000 r--s 000ea000 08:03 4330534                    /home/siddhu/.gradle/wrapper/dists/gradle-1.10-all/6vpvhqu0efs1fqmqr2decq1v12/gradle-1.10/lib/plugins/jsp-2.1-6.1.14.jar
7f6e146d8000-7f6e146da000 r--s 0000d000 08:03 4330533                    /home/siddhu/.gradle/wrapper/dists/gradle-1.10-all/6vpvhqu0efs1fqmqr2decq1v12/gradle-1.10/lib/plugins/jetty-plus-6.1.25.jar
7f6e146da000-7f6e146dc000 r--s 0001f000 08:03 4330532                    /home/siddhu/.gradle/wrapper/dists/gradle-1.10-all/6vpvhqu0efs1fqmqr2decq1v12/gradle-1.10/lib/plugins/servlet-api-2.5-20081211.jar
7f6e146dc000-7f6e146e0000 r--s 00028000 08:03 4330531                    /home/siddhu/.gradle/wrapper/dists/gradle-1.10-all/6vpvhqu0efs1fqmqr2decq1v12/gradle-1.10/lib/plugins/jetty-util-6.1.25.jar
7f6e146e0000-7f6e146e7000 r--s 0007d000 08:03 4330530                    /home/siddhu/.gradle/wrapper/dists/gradle-1.10-all/6vpvhqu0efs1fqmqr2decq1v12/gradle-1.10/lib/plugins/jetty-6.1.25.jar
7f6e146e7000-7f6e146e9000 r--s 00009000 08:03 4330505                    /home/siddhu/.gradle/wrapper/dists/gradle-1.10-all/6vpvhqu0efs1fqmqr2decq1v12/gradle-1.10/lib/plugins/gradle-jetty-1.10.jar
7f6e146e9000-7f6e146f9000 r-xp 00000000 08:01 1196026                    /usr/lib/jvm/java-7-openjdk/jre/lib/amd64/libnio.so
7f6e146f9000-7f6e148f9000 ---p 00010000 08:01 1196026                    /usr/lib/jvm/java-7-openjdk/jre/lib/amd64/libnio.so
7f6e148f9000-7f6e148fa000 rw-p 00010000 08:01 1196026                    /usr/lib/jvm/java-7-openjdk/jre/lib/amd64/libnio.so
7f6e148fa000-7f6e1490e000 r-xp 00000000 08:01 1051878                    /usr/lib/libresolv-2.19.so
7f6e1490e000-7f6e14b0d000 ---p 00014000 08:01 1051878                    /usr/lib/libresolv-2.19.so
7f6e14b0d000-7f6e14b0e000 r--p 00013000 08:01 1051878                    /usr/lib/libresolv-2.19.so
7f6e14b0e000-7f6e14b0f000 rw-p 00014000 08:01 1051878                    /usr/lib/libresolv-2.19.so
7f6e14b0f000-7f6e14b11000 rw-p 00000000 00:00 0 
7f6e14b11000-7f6e14b7a000 r-xp 00000000 08:01 1059178                    /usr/lib/libpcre.so.1.2.3
7f6e14b7a000-7f6e14d79000 ---p 00069000 08:01 1059178                    /usr/lib/libpcre.so.1.2.3
7f6e14d79000-7f6e14d7a000 r--p 00068000 08:01 1059178                    /usr/lib/libpcre.so.1.2.3
7f6e14d7a000-7f6e14d7b000 rw-p 00069000 08:01 1059178                    /usr/lib/libpcre.so.1.2.3
7f6e14d7b000-7f6e14d7e000 r-xp 00000000 08:01 1059421                    /usr/lib/libgmodule-2.0.so.0.4000.0
7f6e14d7e000-7f6e14f7d000 ---p 00003000 08:01 1059421                    /usr/lib/libgmodule-2.0.so.0.4000.0
7f6e14f7d000-7f6e14f7e000 r--p 00002000 08:01 1059421                    /usr/lib/libgmodule-2.0.so.0.4000.0
7f6e14f7e000-7f6e14f7f000 rw-p 00003000 08:01 1059421                    /usr/lib/libgmodule-2.0.so.0.4000.0
7f6e14f7f000-7f6e14f86000 r-xp 00000000 08:01 1059308                    /usr/lib/libffi.so.6.0.1
7f6e14f86000-7f6e15185000 ---p 00007000 08:01 1059308                    /usr/lib/libffi.so.6.0.1
7f6e15185000-7f6e15186000 r--p 00006000 08:01 1059308                    /usr/lib/libffi.so.6.0.1
7f6e15186000-7f6e15187000 rw-p 00007000 08:01 1059308                    /usr/lib/libffi.so.6.0.1
7f6e15187000-7f6e1528c000 r-xp 00000000 08:01 1059420                    /usr/lib/libglib-2.0.so.0.4000.0
7f6e1528c000-7f6e1548c000 ---p 00105000 08:01 1059420                    /usr/lib/libglib-2.0.so.0.4000.0
7f6e1548c000-7f6e1548d000 r--p 00105000 08:01 1059420                    /usr/lib/libglib-2.0.so.0.4000.0
7f6e1548d000-7f6e1548e000 rw-p 00106000 08:01 1059420                    /usr/lib/libglib-2.0.so.0.4000.0
7f6e1548e000-7f6e1548f000 rw-p 00000000 00:00 0 
7f6e1548f000-7f6e155f8000 r-xp 00000000 08:01 1059424                    /usr/lib/libgio-2.0.so.0.4000.0
7f6e155f8000-7f6e157f8000 ---p 00169000 08:01 1059424                    /usr/lib/libgio-2.0.so.0.4000.0
7f6e157f8000-7f6e157fc000 r--p 00169000 08:01 1059424                    /usr/lib/libgio-2.0.so.0.4000.0
7f6e157fc000-7f6e157fe000 rw-p 0016d000 08:01 1059424                    /usr/lib/libgio-2.0.so.0.4000.0
7f6e157fe000-7f6e18000000 rw-p 00000000 00:00 0 
7f6e18000000-7f6e18021000 rw-p 00000000 00:00 0 
7f6e18021000-7f6e1c000000 ---p 00000000 00:00 0 
7f6e1c000000-7f6e1c021000 rw-p 00000000 00:00 0 
7f6e1c021000-7f6e20000000 ---p 00000000 00:00 0 
7f6e20000000-7f6e20021000 rw-p 00000000 00:00 0 
7f6e20021000-7f6e24000000 ---p 00000000 00:00 0 
7f6e24000000-7f6e24021000 rw-p 00000000 00:00 0 
7f6e24021000-7f6e28000000 ---p 00000000 00:00 0 
7f6e28000000-7f6e28021000 rw-p 00000000 00:00 0 
7f6e28021000-7f6e2c000000 ---p 00000000 00:00 0 
7f6e2c000000-7f6e2c006000 r--s 0004c000 08:03 4330504                    /home/siddhu/.gradle/wrapper/dists/gradle-1.10-all/6vpvhqu0efs1fqmqr2decq1v12/gradle-1.10/lib/plugins/gradle-code-quality-1.10.jar
7f6e2c006000-7f6e2c008000 r--s 00009000 08:03 4330566                    /home/siddhu/.gradle/wrapper/dists/gradle-1.10-all/6vpvhqu0efs1fqmqr2decq1v12/gradle-1.10/lib/plugins/hamcrest-core-1.3.jar
7f6e2c008000-7f6e2c00e000 r--s 00033000 08:03 4330556                    /home/siddhu/.gradle/wrapper/dists/gradle-1.10-all/6vpvhqu0efs1fqmqr2decq1v12/gradle-1.10/lib/plugins/snakeyaml-1.6.jar
7f6e2c00e000-7f6e2c010000 r--s 00006000 08:03 4330555                    /home/siddhu/.gradle/wrapper/dists/gradle-1.10-all/6vpvhqu0efs1fqmqr2decq1v12/gradle-1.10/lib/plugins/jcommander-1.12.jar
7f6e2c010000-7f6e2c015000 r--s 00040000 08:03 4330554                    /home/siddhu/.gradle/wrapper/dists/gradle-1.10-all/6vpvhqu0efs1fqmqr2decq1v12/gradle-1.10/lib/plugins/bsh-2.0b4.jar
7f6e2c015000-7f6e2c017000 r--s 00009000 08:03 4330529                    /home/siddhu/.gradle/wrapper/dists/gradle-1.10-all/6vpvhqu0efs1fqmqr2decq1v12/gradle-1.10/lib/plugins/commons-cli-1.2.jar
7f6e2c017000-7f6e2c020000 r--s 00089000 08:03 4330528                    /home/siddhu/.gradle/wrapper/dists/gradle-1.10-all/6vpvhqu0efs1fqmqr2decq1v12/gradle-1.10/lib/plugins/testng-6.3.1.jar
7f6e2c020000-7f6e2c026000 r--s 00036000 08:03 4330527                    /home/siddhu/.gradle/wrapper/dists/gradle-1.10-all/6vpvhqu0efs1fqmqr2decq1v12/gradle-1.10/lib/plugins/junit-4.11.jar
7f6e2c026000-7f6e2c036000 r--s 000a6000 08:03 4330503                    /home/siddhu/.gradle/wrapper/dists/gradle-1.10-all/6vpvhqu0efs1fqmqr2decq1v12/gradle-1.10/lib/plugins/gradle-plugins-1.10.jar
7f6e2c036000-7f6e2c04e000 r--s 00115000 08:03 4330564                    /home/siddhu/.gradle/wrapper/dists/gradle-1.10-all/6vpvhqu0efs1fqmqr2decq1v12/gradle-1.10/lib/plugins/xercesImpl-2.9.1.jar
7f6e2c04e000-7f6e2c056000 r--s 00028000 08:03 4330565                    /home/siddhu/.gradle/wrapper/dists/gradle-1.10-all/6vpvhqu0efs1fqmqr2decq1v12/gradle-1.10/lib/plugins/xml-apis-1.3.04.jar
7f6e2c056000-7f6e2c05c000 r--s 0005b000 08:03 4330563                    /home/siddhu/.gradle/wrapper/dists/gradle-1.10-all/6vpvhqu0efs1fqmqr2decq1v12/gradle-1.10/lib/plugins/jcifs-1.3.17.jar
7f6e2c05c000-7f6e2c062000 r--s 00031000 08:03 4330562                    /home/siddhu/.gradle/wrapper/dists/gradle-1.10-all/6vpvhqu0efs1fqmqr2decq1v12/gradle-1.10/lib/plugins/httpcore-4.2.2.jar
7f6e2c062000-7f6e2c068000 r--s 00033000 08:03 4330561                    /home/siddhu/.gradle/wrapper/dists/gradle-1.10-all/6vpvhqu0efs1fqmqr2decq1v12/gradle-1.10/lib/plugins/commons-codec-1.6.jar
7f6e2c068000-7f6e2c06c000 r--s 0001d000 08:03 4330553                    /home/siddhu/.gradle/wrapper/dists/gradle-1.10-all/6vpvhqu0efs1fqmqr2decq1v12/gradle-1.10/lib/plugins/xbean-reflect-3.4.jar
7f6e2c06c000-7f6e2c06f000 r--s 0001c000 08:03 4330552                    /home/siddhu/.gradle/wrapper/dists/gradle-1.10-all/6vpvhqu0efs1fqmqr2decq1v12/gradle-1.10/lib/plugins/nekohtml-1.9.14.jar
7f6e2c06f000-7f6e2c088000 r--s 00129000 08:03 4330540                    /home/siddhu/.gradle/wrapper/dists/gradle-1.10-all/6vpvhqu0efs1fqmqr2decq1v12/gradle-1.10/lib/plugins/maven-ant-tasks-2.1.3.jar
7f6e2c088000-7f6e2c091000 r--s 00060000 08:03 4330551                    /home/siddhu/.gradle/wrapper/dists/gradle-1.10-all/6vpvhqu0efs1fqmqr2decq1v12/gradle-1.10/lib/plugins/httpclient-4.2.2.jar
7f6e2c091000-7f6e2c095000 r--s 0001e000 08:03 4330502                    /home/siddhu/.gradle/wrapper/dists/gradle-1.10-all/6vpvhqu0efs1fqmqr2decq1v12/gradle-1.10/lib/plugins/jarjar-aether-impl-1.13.1.jar
7f6e2c095000-7f6e2c098000 r--s 00027000 08:03 4330501                    /home/siddhu/.gradle/wrapper/dists/gradle-1.10-all/6vpvhqu0efs1fqmqr2decq1v12/gradle-1.10/lib/plugins/jarjar-maven-model-3.0.4.jar
7f6e2c098000-7f6e2c09b000 r--s 0000b000 08:03 4330500                    /home/siddhu/.gradle/wrapper/dists/gradle-1.10-all/6vpvhqu0efs1fqmqr2decq1v12/gradle-1.10/lib/plugins/jarjar-maven-artifact-3.0.4.jar
7f6e2c09b000-7f6e2c09f000 r--s 0001e000 08:03 4330499                    /home/siddhu/.gradle/wrapper/dists/gradle-1.10-all/6vpvhqu0efs1fqmqr2decq1v12/gradle-1.10/lib/plugins/jarjar-aether-util-1.13.1.jar
7f6e2c09f000-7f6e2c0a1000 r--s 00007000 08:03 4330498                    /home/siddhu/.gradle/wrapper/dists/gradle-1.10-all/6vpvhqu0efs1fqmqr2decq1v12/gradle-1.10/lib/plugins/jarjar-wagon-http-shared4-2.4.jar
7f6e2c0a1000-7f6e2c0ae000 r--s 00083000 08:03 4330497                    /home/siddhu/.gradle/wrapper/dists/gradle-1.10-all/6vpvhqu0efs1fqmqr2decq1v12/gradle-1.10/lib/plugins/jarjar-maven-core-3.0.4.jar
7f6e2c0ae000-7f6e2c0b0000 r--s 00003000 08:03 4330496                    /home/siddhu/.gradle/wrapper/dists/gradle-1.10-all/6vpvhqu0efs1fqmqr2decq1v12/gradle-1.10/lib/plugins/jarjar-aether-spi-1.13.1.jar
7f6e2c0b0000-7f6e2c0b2000 r--s 00009000 08:03 4330495                    /home/siddhu/.gradle/wrapper/dists/gradle-1.10-all/6vpvhqu0efs1fqmqr2decq1v12/gradle-1.10/lib/plugins/jarjar-maven-settings-builder-3.0.4.jar
7f6e2c0b2000-7f6e2c0b6000 r--s 00014000 08:03 4330494                    /home/siddhu/.gradle/wrapper/dists/gradle-1.10-all/6vpvhqu0efs1fqmqr2decq1v12/gradle-1.10/lib/plugins/jarjar-aether-api-1.13.1.jar
7f6e2c0b6000-7f6e2c0bd000 r--s 00042000 08:03 4330492                    /home/siddhu/.gradle/wrapper/dists/gradle-1.10-all/6vpvhqu0efs1fqmqr2decq1v12/gradle-1.10/lib/plugins/jarjar-maven-compat-3.0.4.jar
7f6e2c0bd000-7f6e2c0bf000 r--s 00006000 08:03 4330491                    /home/siddhu/.gradle/wrapper/dists/gradle-1.10-all/6vpvhqu0efs1fqmqr2decq1v12/gradle-1.10/lib/plugins/jarjar-aether-connector-wagon-1.13.1.jar
7f6e2c0bf000-7f6e2c0c1000 r--s 00000000 08:03 4330490                    /home/siddhu/.gradle/wrapper/dists/gradle-1.10-all/6vpvhqu0efs1fqmqr2decq1v12/gradle-1.10/lib/plugins/jarjar-plexus-component-annotations-1.5.5.jar
7f6e2c0c1000-7f6e2c0c3000 r--s 00006000 08:03 4330489                    /home/siddhu/.gradle/wrapper/dists/gradle-1.10-all/6vpvhqu0efs1fqmqr2decq1v12/gradle-1.10/lib/plugins/jarjar-plexus-sec-dispatcher-1.3.jar
7f6e2c0c3000-7f6e2c0f4000 rw-p 00000000 00:00 0 
7f6e2c0f4000-7f6e2c142000 r-xp 00000000 08:01 1059423                    /usr/lib/libgobject-2.0.so.0.4000.0
7f6e2c142000-7f6e2c342000 ---p 0004e000 08:01 1059423                    /usr/lib/libgobject-2.0.so.0.4000.0
7f6e2c342000-7f6e2c343000 r--p 0004e000 08:01 1059423                    /usr/lib/libgobject-2.0.so.0.4000.0
7f6e2c343000-7f6e2c344000 rw-p 0004f000 08:01 1059423                    /usr/lib/libgobject-2.0.so.0.4000.0
7f6e2c344000-7f6e2c345000 r--s 00002000 08:03 4330493                    /home/siddhu/.gradle/wrapper/dists/gradle-1.10-all/6vpvhqu0efs1fqmqr2decq1v12/gradle-1.10/lib/plugins/jarjar-wagon-http-2.4.jar
7f6e2c345000-7f6e2c34a000 r--s 00022000 08:03 4330488                    /home/siddhu/.gradle/wrapper/dists/gradle-1.10-all/6vpvhqu0efs1fqmqr2decq1v12/gradle-1.10/lib/plugins/jarjar-maven-model-builder-3.0.4.jar
7f6e2c34a000-7f6e2c34c000 r--s 0000b000 08:03 4330487                    /home/siddhu/.gradle/wrapper/dists/gradle-1.10-all/6vpvhqu0efs1fqmqr2decq1v12/gradle-1.10/lib/plugins/jarjar-maven-plugin-api-3.0.4.jar
7f6e2c34c000-7f6e2c34f000 r--s 0000a000 08:03 4330486                    /home/siddhu/.gradle/wrapper/dists/gradle-1.10-all/6vpvhqu0efs1fqmqr2decq1v12/gradle-1.10/lib/plugins/jarjar-plexus-classworlds-2.4.jar
7f6e2c34f000-7f6e2c353000 r--s 00035000 08:03 4330485                    /home/siddhu/.gradle/wrapper/dists/gradle-1.10-all/6vpvhqu0efs1fqmqr2decq1v12/gradle-1.10/lib/plugins/jarjar-plexus-utils-2.0.6.jar
7f6e2c353000-7f6e2c355000 r--s 0000e000 08:03 4330484                    /home/siddhu/.gradle/wrapper/dists/gradle-1.10-all/6vpvhqu0efs1fqmqr2decq1v12/gradle-1.10/lib/plugins/jarjar-plexus-interpolation-1.14.jar
7f6e2c355000-7f6e2c357000 r--s 00002000 08:03 4330483                    /home/siddhu/.gradle/wrapper/dists/gradle-1.10-all/6vpvhqu0efs1fqmqr2decq1v12/gradle-1.10/lib/plugins/jarjar-plexus-cipher-1.7.jar
7f6e2c357000-7f6e2c359000 r--s 0000c000 08:03 4330482                    /home/siddhu/.gradle/wrapper/dists/gradle-1.10-all/6vpvhqu0efs1fqmqr2decq1v12/gradle-1.10/lib/plugins/jarjar-wagon-provider-api-2.4.jar
7f6e2c359000-7f6e2c35b000 r--s 0000d000 08:03 4330481                    /home/siddhu/.gradle/wrapper/dists/gradle-1.10-all/6vpvhqu0efs1fqmqr2decq1v12/gradle-1.10/lib/plugins/jarjar-maven-aether-provider-3.0.4.jar
7f6e2c35b000-7f6e2c363000 r--s 00031000 08:03 4330480                    /home/siddhu/.gradle/wrapper/dists/gradle-1.10-all/6vpvhqu0efs1fqmqr2decq1v12/gradle-1.10/lib/plugins/jarjar-plexus-container-default-1.5.5.jar
7f6e2c363000-7f6e2c364000 r--s 00007000 08:03 4330479                    /home/siddhu/.gradle/wrapper/dists/gradle-1.10-all/6vpvhqu0efs1fqmqr2decq1v12/gradle-1.10/lib/plugins/jarjar-maven-repository-metadata-3.0.4.jar
7f6e2c364000-7f6e2c365000 r--s 0000b000 08:03 4330478                    /home/siddhu/.gradle/wrapper/dists/gradle-1.10-all/6vpvhqu0efs1fqmqr2decq1v12/gradle-1.10/lib/plugins/jarjar-maven-settings-3.0.4.jar
7f6e2c365000-7f6e2c37b000 r--s 000a1000 08:03 4330526                    /home/siddhu/.gradle/wrapper/dists/gradle-1.10-all/6vpvhqu0efs1fqmqr2decq1v12/gradle-1.10/lib/plugins/gradle-core-impl-1.10.jar
7f6e2c37b000-7f6e2c391000 r-xp 00000000 08:01 1196025                    /usr/lib/jvm/java-7-openjdk/jre/lib/amd64/libnet.so
7f6e2c391000-7f6e2c591000 ---p 00016000 08:01 1196025                    /usr/lib/jvm/java-7-openjdk/jre/lib/amd64/libnet.so
7f6e2c591000-7f6e2c592000 rw-p 00016000 08:01 1196025                    /usr/lib/jvm/java-7-openjdk/jre/lib/amd64/libnet.so
7f6e2c592000-7f6e2c593000 r--s 00005000 08:03 4201232                    /home/siddhu/.gradle/wrapper/dists/gradle-1.10-all/6vpvhqu0efs1fqmqr2decq1v12/gradle-1.10/lib/gradle-wrapper-1.10.jar
7f6e2c593000-7f6e2c59b000 r--s 00025000 08:03 4201237                    /home/siddhu/.gradle/wrapper/dists/gradle-1.10-all/6vpvhqu0efs1fqmqr2decq1v12/gradle-1.10/lib/gradle-tooling-api-1.10.jar
7f6e2c59b000-7f6e2c59d000 r--s 00005000 08:03 4201260                    /home/siddhu/.gradle/wrapper/dists/gradle-1.10-all/6vpvhqu0efs1fqmqr2decq1v12/gradle-1.10/lib/gradle-open-api-1.10.jar
7f6e2c59d000-7f6e2c5a3000 r--s 00032000 08:03 4201262                    /home/siddhu/.gradle/wrapper/dists/gradle-1.10-all/6vpvhqu0efs1fqmqr2decq1v12/gradle-1.10/lib/jaxen-1.1.jar
7f6e2c5a3000-7f6e2c5a8000 r--s 00048000 08:03 4201261                    /home/siddhu/.gradle/wrapper/dists/gradle-1.10-all/6vpvhqu0efs1fqmqr2decq1v12/gradle-1.10/lib/dom4j-1.6.1.jar
7f6e2c5a8000-7f6e2c5b3000 r--s 0005b000 08:03 4201236                    /home/siddhu/.gradle/wrapper/dists/gradle-1.10-all/6vpvhqu0efs1fqmqr2decq1v12/gradle-1.10/lib/gradle-ui-1.10.jar
7f6e2c5b3000-7f6e2c5b5000 r--s 00007000 08:03 4201277                    /home/siddhu/.gradle/wrapper/dists/gradle-1.10-all/6vpvhqu0efs1fqmqr2decq1v12/gradle-1.10/lib/objenesis-1.2.jar
7f6e2c5b5000-7f6e2c5b7000 r--s 00000000 08:03 4201276                    /home/siddhu/.gradle/wrapper/dists/gradle-1.10-all/6vpvhqu0efs1fqmqr2decq1v12/gradle-1.10/lib/minlog-1.2.jar
7f6e2c5b7000-7f6e2c5b9000 r--s 0000f000 08:03 4201275                    /home/siddhu/.gradle/wrapper/dists/gradle-1.10-all/6vpvhqu0efs1fqmqr2decq1v12/gradle-1.10/lib/reflectasm-1.07-shaded.jar
7f6e2c5b9000-7f6e2c5bb000 r--s 0000a000 08:03 4201278                    /home/siddhu/.gradle/wrapper/dists/gradle-1.10-all/6vpvhqu0efs1fqmqr2decq1v12/gradle-1.10/lib/asm-4.0.jar
7f6e2c5bb000-7f6e2c5bf000 r--s 00026000 08:03 4201269                    /home/siddhu/.gradle/wrapper/dists/gradle-1.10-all/6vpvhqu0efs1fqmqr2decq1v12/gradle-1.10/lib/kryo-2.20.jar
7f6e2c5bf000-7f6e2c5c7000 r--s 00035000 08:03 4201256                    /home/siddhu/.gradle/wrapper/dists/gradle-1.10-all/6vpvhqu0efs1fqmqr2decq1v12/gradle-1.10/lib/gradle-messaging-1.10.jar
7f6e2c5c7000-7f6e2c5c8000 r--s 00004000 08:03 4201274                    /home/siddhu/.gradle/wrapper/dists/gradle-1.10-all/6vpvhqu0efs1fqmqr2decq1v12/gradle-1.10/lib/native-platform-windows-i386-0.3-rc-2.jar
7f6e2c5c8000-7f6e2c5c9000 r--s 00006000 08:03 4201273                    /home/siddhu/.gradle/wrapper/dists/gradle-1.10-all/6vpvhqu0efs1fqmqr2decq1v12/gradle-1.10/lib/native-platform-windows-amd64-0.3-rc-2.jar
7f6e2c5c9000-7f6e2c5ca000 r--s 00003000 08:03 4201272                    /home/siddhu/.gradle/wrapper/dists/gradle-1.10-all/6vpvhqu0efs1fqmqr2decq1v12/gradle-1.10/lib/native-platform-linux-i386-0.3-rc-2.jar
7f6e2c5ca000-7f6e2c5cb000 r--s 00003000 08:03 4201271                    /home/siddhu/.gradle/wrapper/dists/gradle-1.10-all/6vpvhqu0efs1fqmqr2decq1v12/gradle-1.10/lib/native-platform-linux-amd64-0.3-rc-2.jar
7f6e2c5cb000-7f6e2c5cc000 r--s 00004000 08:03 4201270                    /home/siddhu/.gradle/wrapper/dists/gradle-1.10-all/6vpvhqu0efs1fqmqr2decq1v12/gradle-1.10/lib/native-platform-osx-universal-0.3-rc-2.jar
7f6e2c5cc000-7f6e2c5ce000 r--s 00008000 08:03 4201266                    /home/siddhu/.gradle/wrapper/dists/gradle-1.10-all/6vpvhqu0efs1fqmqr2decq1v12/gradle-1.10/lib/jansi-1.2.1.jar
7f6e2c5ce000-7f6e2c5d1000 r--s 00013000 08:03 4201265                    /home/siddhu/.gradle/wrapper/dists/gradle-1.10-all/6vpvhqu0efs1fqmqr2decq1v12/gradle-1.10/lib/jna-posix-1.0.3.jar
7f6e2c5d1000-7f6e2c5d3000 r--s 0000b000 08:03 4201264                    /home/siddhu/.gradle/wrapper/dists/gradle-1.10-all/6vpvhqu0efs1fqmqr2decq1v12/gradle-1.10/lib/native-platform-0.3-rc-2.jar
7f6e2c5d3000-7f6e2c5d7000 r--s 000e4000 08:03 4201263                    /home/siddhu/.gradle/wrapper/dists/gradle-1.10-all/6vpvhqu0efs1fqmqr2decq1v12/gradle-1.10/lib/jna-3.2.7.jar
7f6e2c5d7000-7f6e2c633000 r--s 00586000 08:03 4201241                    /home/siddhu/.gradle/wrapper/dists/gradle-1.10-all/6vpvhqu0efs1fqmqr2decq1v12/gradle-1.10/lib/groovy-all-1.8.6.jar
7f6e2c633000-7f6e2c634000 ---p 00000000 00:00 0 
7f6e2c634000-7f6e2c734000 rw-p 00000000 00:00 0                          [stack:1472]
7f6e2c734000-7f6e2c737000 ---p 00000000 00:00 0 
7f6e2c737000-7f6e2c835000 rw-p 00000000 00:00 0                          [stack:1471]
7f6e2c835000-7f6e2c838000 ---p 00000000 00:00 0 
7f6e2c838000-7f6e2c936000 rw-p 00000000 00:00 0                          [stack:1470]
7f6e2c936000-7f6e2c939000 ---p 00000000 00:00 0 
7f6e2c939000-7f6e2ca37000 rw-p 00000000 00:00 0                          [stack:1469]
7f6e2ca37000-7f6e2ca3a000 ---p 00000000 00:00 0 
7f6e2ca3a000-7f6e2cb38000 rw-p 00000000 00:00 0                          [stack:1468]
7f6e2cb38000-7f6e2ccfd000 r--p 00000000 08:01 1106299                    /usr/lib/locale/locale-archive
7f6e2ccfd000-7f6e2cd00000 ---p 00000000 00:00 0 
7f6e2cd00000-7f6e2cdfe000 rw-p 00000000 00:00 0                          [stack:1467]
7f6e2cdfe000-7f6e2ce01000 ---p 00000000 00:00 0 
7f6e2ce01000-7f6e2ceff000 rw-p 00000000 00:00 0                          [stack:1466]
7f6e2ceff000-7f6e2cf00000 ---p 00000000 00:00 0 
7f6e2cf00000-7f6e2d000000 rw-p 00000000 00:00 0                          [stack:1465]
7f6e2d000000-7f6e2d2b0000 rwxp 00000000 00:00 0 
7f6e2d2b0000-7f6e3098c000 rw-p 00000000 00:00 0 
7f6e3098c000-7f6e34000000 ---p 00000000 00:00 0 
7f6e34000000-7f6e34003000 r--s 00009000 08:03 4201238                    /home/siddhu/.gradle/wrapper/dists/gradle-1.10-all/6vpvhqu0efs1fqmqr2decq1v12/gradle-1.10/lib/gradle-native-1.10.jar
7f6e34003000-7f6e34005000 r--s 00005000 08:03 4201235                    /home/siddhu/.gradle/wrapper/dists/gradle-1.10-all/6vpvhqu0efs1fqmqr2decq1v12/gradle-1.10/lib/gradle-cli-1.10.jar
7f6e34005000-7f6e34006000 r--s 00000000 08:03 4201243                    /home/siddhu/.gradle/wrapper/dists/gradle-1.10-all/6vpvhqu0efs1fqmqr2decq1v12/gradle-1.10/lib/gradle-resources-1.10.jar
7f6e34006000-7f6e34008000 r--s 00000000 08:03 4201242                    /home/siddhu/.gradle/wrapper/dists/gradle-1.10-all/6vpvhqu0efs1fqmqr2decq1v12/gradle-1.10/lib/gradle-base-services-groovy-1.10.jar
7f6e34008000-7f6e3400c000 r--s 00034000 08:03 4201268                    /home/siddhu/.gradle/wrapper/dists/gradle-1.10-all/6vpvhqu0efs1fqmqr2decq1v12/gradle-1.10/lib/jsch-0.1.46.jar
7f6e3400c000-7f6e3400e000 r--s 00003000 08:03 4201259                    /home/siddhu/.gradle/wrapper/dists/gradle-1.10-all/6vpvhqu0efs1fqmqr2decq1v12/gradle-1.10/lib/jcl-over-slf4j-1.7.5.jar
7f6e3400e000-7f6e34010000 r--s 00004000 08:03 4201258                    /home/siddhu/.gradle/wrapper/dists/gradle-1.10-all/6vpvhqu0efs1fqmqr2decq1v12/gradle-1.10/lib/log4j-over-slf4j-1.7.5.jar
7f6e34010000-7f6e34013000 r--s 0001b000 08:03 4201254                    /home/siddhu/.gradle/wrapper/dists/gradle-1.10-all/6vpvhqu0efs1fqmqr2decq1v12/gradle-1.10/lib/jarjar-1.3.jar
7f6e34013000-7f6e34019000 r--s 0003b000 08:03 4201251                    /home/siddhu/.gradle/wrapper/dists/gradle-1.10-all/6vpvhqu0efs1fqmqr2decq1v12/gradle-1.10/lib/logback-classic-1.0.13.jar
7f6e34019000-7f6e34023000 r--s 0005d000 08:03 4201250                    /home/siddhu/.gradle/wrapper/dists/gradle-1.10-all/6vpvhqu0efs1fqmqr2decq1v12/gradle-1.10/lib/logback-core-1.0.13.jar
7f6e34023000-7f6e34032000 r--s 000d9000 08:03 4201249                    /home/siddhu/.gradle/wrapper/dists/gradle-1.10-all/6vpvhqu0efs1fqmqr2decq1v12/gradle-1.10/lib/ivy-2.2.0.jar
7f6e34032000-7f6e34037000 r--s 00041000 08:03 4201248                    /home/siddhu/.gradle/wrapper/dists/gradle-1.10-all/6vpvhqu0efs1fqmqr2decq1v12/gradle-1.10/lib/commons-lang-2.6.jar
7f6e34037000-7f6e3403a000 r--s 00018000 08:03 4201247                    /home/siddhu/.gradle/wrapper/dists/gradle-1.10-all/6vpvhqu0efs1fqmqr2decq1v12/gradle-1.10/lib/commons-io-1.4.jar
7f6e3403a000-7f6e34048000 r--s 0007f000 08:03 4201246                    /home/siddhu/.gradle/wrapper/dists/gradle-1.10-all/6vpvhqu0efs1fqmqr2decq1v12/gradle-1.10/lib/commons-collections-3.2.1.jar
7f6e34048000-7f6e3404d000 r--s 00035000 08:03 4201244                    /home/siddhu/.gradle/wrapper/dists/gradle-1.10-all/6vpvhqu0efs1fqmqr2decq1v12/gradle-1.10/lib/asm-all-5.0_BETA.jar
7f6e3404d000-7f6e34074000 r--s 001c3000 08:03 4201240                    /home/siddhu/.gradle/wrapper/dists/gradle-1.10-all/6vpvhqu0efs1fqmqr2decq1v12/gradle-1.10/lib/guava-jdk5-14.0.1.jar
7f6e34074000-7f6e34092000 r--s 001cb000 08:03 4201245                    /home/siddhu/.gradle/wrapper/dists/gradle-1.10-all/6vpvhqu0efs1fqmqr2decq1v12/gradle-1.10/lib/ant-1.9.2.jar
7f6e34092000-7f6e340c2000 r--s 00192000 08:03 4201234                    /home/siddhu/.gradle/wrapper/dists/gradle-1.10-all/6vpvhqu0efs1fqmqr2decq1v12/gradle-1.10/lib/gradle-core-1.10.jar
7f6e340c2000-7f6e35d4f000 rw-p 00000000 00:00 0 
7f6e35d4f000-7f6e35efe000 r--s 01cfb000 08:01 1195505                    /usr/lib/jvm/java-7-openjdk/jre/lib/rt.jar
7f6e35efe000-7f6e36277000 rw-p 00000000 00:00 0 
7f6e36277000-7f6e36278000 ---p 00000000 00:00 0 
7f6e36278000-7f6e36378000 rw-p 00000000 00:00 0                          [stack:1464]
7f6e36378000-7f6e36379000 ---p 00000000 00:00 0 
7f6e36379000-7f6e36479000 rw-p 00000000 00:00 0                          [stack:1463]
7f6e36479000-7f6e3647a000 ---p 00000000 00:00 0 
7f6e3647a000-7f6e3657a000 rw-p 00000000 00:00 0                          [stack:1462]
7f6e3657a000-7f6e3657b000 ---p 00000000 00:00 0 
7f6e3657b000-7f6e3667b000 rw-p 00000000 00:00 0                          [stack:1461]
7f6e3667b000-7f6e3667c000 ---p 00000000 00:00 0 
7f6e3667c000-7f6e3677c000 rw-p 00000000 00:00 0                          [stack:1460]
7f6e3677c000-7f6e3677d000 ---p 00000000 00:00 0 
7f6e3677d000-7f6e3687d000 rw-p 00000000 00:00 0                          [stack:1459]
7f6e3687d000-7f6e3687e000 ---p 00000000 00:00 0 
7f6e3687e000-7f6e3697e000 rw-p 00000000 00:00 0                          [stack:1458]
7f6e3697e000-7f6e3697f000 ---p 00000000 00:00 0 
7f6e3697f000-7f6e36a8e000 rw-p 00000000 00:00 0                          [stack:1457]
7f6e36a8e000-7f6e36aff000 rw-p 00000000 00:00 0 
7f6e36aff000-7f6e36b29000 rw-p 00000000 00:00 0 
7f6e36b29000-7f6e36c55000 rw-p 00000000 00:00 0 
7f6e36c55000-7f6e36c64000 rw-p 00000000 00:00 0 
7f6e36c64000-7f6e36cd5000 rw-p 00000000 00:00 0 
7f6e36cd5000-7f6e36cff000 rw-p 00000000 00:00 0 
7f6e36cff000-7f6e36e2a000 rw-p 00000000 00:00 0 
7f6e36e2a000-7f6e36e77000 rw-p 00000000 00:00 0 
7f6e36e77000-7f6e36ed5000 rw-p 00000000 00:00 0 
7f6e36ed5000-7f6e36ed6000 rw-p 00000000 00:00 0 
7f6e36ed6000-7f6e36ede000 r-xp 00000000 08:01 1196024                    /usr/lib/jvm/java-7-openjdk/jre/lib/amd64/libzip.so
7f6e36ede000-7f6e370dd000 ---p 00008000 08:01 1196024                    /usr/lib/jvm/java-7-openjdk/jre/lib/amd64/libzip.so
7f6e370dd000-7f6e370de000 rw-p 00007000 08:01 1196024                    /usr/lib/jvm/java-7-openjdk/jre/lib/amd64/libzip.so
7f6e370de000-7f6e370e9000 r-xp 00000000 08:01 1051949                    /usr/lib/libnss_files-2.19.so
7f6e370e9000-7f6e372e8000 ---p 0000b000 08:01 1051949                    /usr/lib/libnss_files-2.19.so
7f6e372e8000-7f6e372e9000 r--p 0000a000 08:01 1051949                    /usr/lib/libnss_files-2.19.so
7f6e372e9000-7f6e372ea000 rw-p 0000b000 08:01 1051949                    /usr/lib/libnss_files-2.19.so
7f6e372ea000-7f6e37315000 r-xp 00000000 08:01 1196023                    /usr/lib/jvm/java-7-openjdk/jre/lib/amd64/libjava.so
7f6e37315000-7f6e37514000 ---p 0002b000 08:01 1196023                    /usr/lib/jvm/java-7-openjdk/jre/lib/amd64/libjava.so
7f6e37514000-7f6e37516000 rw-p 0002a000 08:01 1196023                    /usr/lib/jvm/java-7-openjdk/jre/lib/amd64/libjava.so
7f6e37516000-7f6e37523000 r-xp 00000000 08:01 1196022                    /usr/lib/jvm/java-7-openjdk/jre/lib/amd64/libverify.so
7f6e37523000-7f6e37722000 ---p 0000d000 08:01 1196022                    /usr/lib/jvm/java-7-openjdk/jre/lib/amd64/libverify.so
7f6e37722000-7f6e37724000 rw-p 0000c000 08:01 1196022                    /usr/lib/jvm/java-7-openjdk/jre/lib/amd64/libverify.so
7f6e37724000-7f6e3772b000 r-xp 00000000 08:01 1051950                    /usr/lib/librt-2.19.so
7f6e3772b000-7f6e3792a000 ---p 00007000 08:01 1051950                    /usr/lib/librt-2.19.so
7f6e3792a000-7f6e3792b000 r--p 00006000 08:01 1051950                    /usr/lib/librt-2.19.so
7f6e3792b000-7f6e3792c000 rw-p 00007000 08:01 1051950                    /usr/lib/librt-2.19.so
7f6e3792c000-7f6e37942000 r-xp 00000000 08:01 1084986                    /usr/lib/libgcc_s.so.1
7f6e37942000-7f6e37b41000 ---p 00016000 08:01 1084986                    /usr/lib/libgcc_s.so.1
7f6e37b41000-7f6e37b42000 rw-p 00015000 08:01 1084986                    /usr/lib/libgcc_s.so.1
7f6e37b42000-7f6e37c45000 r-xp 00000000 08:01 1051867                    /usr/lib/libm-2.19.so
7f6e37c45000-7f6e37e44000 ---p 00103000 08:01 1051867                    /usr/lib/libm-2.19.so
7f6e37e44000-7f6e37e45000 r--p 00102000 08:01 1051867                    /usr/lib/libm-2.19.so
7f6e37e45000-7f6e37e46000 rw-p 00103000 08:01 1051867                    /usr/lib/libm-2.19.so
7f6e37e46000-7f6e37f33000 r-xp 00000000 08:01 1091523                    /usr/lib/libstdc++.so.6.0.20
7f6e37f33000-7f6e38132000 ---p 000ed000 08:01 1091523                    /usr/lib/libstdc++.so.6.0.20
7f6e38132000-7f6e3813a000 r--p 000ec000 08:01 1091523                    /usr/lib/libstdc++.so.6.0.20
7f6e3813a000-7f6e3813c000 rw-p 000f4000 08:01 1091523                    /usr/lib/libstdc++.so.6.0.20
7f6e3813c000-7f6e38151000 rw-p 00000000 00:00 0 
7f6e38151000-7f6e38c31000 r-xp 00000000 08:01 1196055                    /usr/lib/jvm/java-7-openjdk/jre/lib/amd64/server/libjvm.so
7f6e38c31000-7f6e38e30000 ---p 00ae0000 08:01 1196055                    /usr/lib/jvm/java-7-openjdk/jre/lib/amd64/server/libjvm.so
7f6e38e30000-7f6e38ee5000 rw-p 00adf000 08:01 1196055                    /usr/lib/jvm/java-7-openjdk/jre/lib/amd64/server/libjvm.so
7f6e38ee5000-7f6e38f12000 rw-p 00000000 00:00 0 
7f6e38f12000-7f6e38f27000 r-xp 00000000 08:01 1054945                    /usr/lib/libz.so.1.2.8
7f6e38f27000-7f6e39126000 ---p 00015000 08:01 1054945                    /usr/lib/libz.so.1.2.8
7f6e39126000-7f6e39127000 r--p 00014000 08:01 1054945                    /usr/lib/libz.so.1.2.8
7f6e39127000-7f6e39128000 rw-p 00015000 08:01 1054945                    /usr/lib/libz.so.1.2.8
7f6e39128000-7f6e392cc000 r-xp 00000000 08:01 1051958                    /usr/lib/libc-2.19.so
7f6e392cc000-7f6e394cc000 ---p 001a4000 08:01 1051958                    /usr/lib/libc-2.19.so
7f6e394cc000-7f6e394d0000 r--p 001a4000 08:01 1051958                    /usr/lib/libc-2.19.so
7f6e394d0000-7f6e394d2000 rw-p 001a8000 08:01 1051958                    /usr/lib/libc-2.19.so
7f6e394d2000-7f6e394d6000 rw-p 00000000 00:00 0 
7f6e394d6000-7f6e394d9000 r-xp 00000000 08:01 1051895                    /usr/lib/libdl-2.19.so
7f6e394d9000-7f6e396d8000 ---p 00003000 08:01 1051895                    /usr/lib/libdl-2.19.so
7f6e396d8000-7f6e396d9000 r--p 00002000 08:01 1051895                    /usr/lib/libdl-2.19.so
7f6e396d9000-7f6e396da000 rw-p 00003000 08:01 1051895                    /usr/lib/libdl-2.19.so
7f6e396da000-7f6e396e7000 r-xp 00000000 08:01 1196051                    /usr/lib/jvm/java-7-openjdk/jre/lib/amd64/jli/libjli.so
7f6e396e7000-7f6e398e6000 ---p 0000d000 08:01 1196051                    /usr/lib/jvm/java-7-openjdk/jre/lib/amd64/jli/libjli.so
7f6e398e6000-7f6e398e7000 rw-p 0000c000 08:01 1196051                    /usr/lib/jvm/java-7-openjdk/jre/lib/amd64/jli/libjli.so
7f6e398e7000-7f6e398ff000 r-xp 00000000 08:01 1051975                    /usr/lib/libpthread-2.19.so
7f6e398ff000-7f6e39aff000 ---p 00018000 08:01 1051975                    /usr/lib/libpthread-2.19.so
7f6e39aff000-7f6e39b00000 r--p 00018000 08:01 1051975                    /usr/lib/libpthread-2.19.so
7f6e39b00000-7f6e39b01000 rw-p 00019000 08:01 1051975                    /usr/lib/libpthread-2.19.so
7f6e39b01000-7f6e39b05000 rw-p 00000000 00:00 0 
7f6e39b05000-7f6e39b26000 r-xp 00000000 08:01 1051933                    /usr/lib/ld-2.19.so
7f6e39b26000-7f6e39b27000 r--s 00000000 08:03 4201257                    /home/siddhu/.gradle/wrapper/dists/gradle-1.10-all/6vpvhqu0efs1fqmqr2decq1v12/gradle-1.10/lib/gradle-docs-1.10.jar
7f6e39b27000-7f6e39b28000 r--s 00000000 08:03 4201255                    /home/siddhu/.gradle/wrapper/dists/gradle-1.10-all/6vpvhqu0efs1fqmqr2decq1v12/gradle-1.10/lib/javax.inject-1.jar
7f6e39b28000-7f6e39b33000 rw-p 00000000 00:00 0 
7f6e39b33000-7f6e39be8000 rw-p 00000000 00:00 0 
7f6e39be8000-7f6e39beb000 ---p 00000000 00:00 0 
7f6e39beb000-7f6e39ced000 rw-p 00000000 00:00 0                          [stack:1456]
7f6e39ced000-7f6e39cee000 r--s 00001000 08:03 4201253                    /home/siddhu/.gradle/wrapper/dists/gradle-1.10-all/6vpvhqu0efs1fqmqr2decq1v12/gradle-1.10/lib/jul-to-slf4j-1.7.5.jar
7f6e39cee000-7f6e39cef000 r--s 00000000 08:03 4201252                    /home/siddhu/.gradle/wrapper/dists/gradle-1.10-all/6vpvhqu0efs1fqmqr2decq1v12/gradle-1.10/lib/jcip-annotations-1.0.jar
7f6e39cef000-7f6e39cf1000 r--s 00005000 08:03 4201239                    /home/siddhu/.gradle/wrapper/dists/gradle-1.10-all/6vpvhqu0efs1fqmqr2decq1v12/gradle-1.10/lib/slf4j-api-1.7.5.jar
7f6e39cf1000-7f6e39cf2000 r--s 00004000 08:03 4201267                    /home/siddhu/.gradle/wrapper/dists/gradle-1.10-all/6vpvhqu0efs1fqmqr2decq1v12/gradle-1.10/lib/ant-launcher-1.9.2.jar
7f6e39cf2000-7f6e39cf7000 r--s 00022000 08:03 4201233                    /home/siddhu/.gradle/wrapper/dists/gradle-1.10-all/6vpvhqu0efs1fqmqr2decq1v12/gradle-1.10/lib/gradle-base-services-1.10.jar
7f6e39cf7000-7f6e39cfe000 r--s 00036000 08:03 4201231                    /home/siddhu/.gradle/wrapper/dists/gradle-1.10-all/6vpvhqu0efs1fqmqr2decq1v12/gradle-1.10/lib/gradle-launcher-1.10.jar
7f6e39cfe000-7f6e39d01000 r--s 0000f000 08:01 1196018                    /usr/lib/jvm/java-7-openjdk/jre/lib/ext/pulse-java.jar
7f6e39d01000-7f6e39d1a000 rw-p 00000000 00:00 0 
7f6e39d1a000-7f6e39d22000 rw-s 00000000 00:1f 3573423                    /tmp/hsperfdata_siddhu/1454
7f6e39d22000-7f6e39d23000 rw-p 00000000 00:00 0 
7f6e39d23000-7f6e39d24000 ---p 00000000 00:00 0 
7f6e39d24000-7f6e39d25000 rw-p 00000000 00:00 0 
7f6e39d25000-7f6e39d26000 r--p 00020000 08:01 1051933                    /usr/lib/ld-2.19.so
7f6e39d26000-7f6e39d27000 rw-p 00021000 08:01 1051933                    /usr/lib/ld-2.19.so
7f6e39d27000-7f6e39d28000 rw-p 00000000 00:00 0 
7fffcebd2000-7fffcebf3000 rw-p 00000000 00:00 0                          [stack]
7fffcebfe000-7fffcec00000 r-xp 00000000 00:00 0                          [vdso]
ffffffffff600000-ffffffffff601000 r-xp 00000000 00:00 0                  [vsyscall]

VM Arguments:
jvm_args: -XX:MaxPermSize=256m -XX:+HeapDumpOnOutOfMemoryError -Xmx1024m -Dfile.encoding=UTF-8 
java_command: org.gradle.launcher.daemon.bootstrap.GradleDaemon 1.10 /home/siddhu/.gradle/daemon 60000 c447eccc-a19b-4e65-9bbc-d9a9733bfa70 -XX:MaxPermSize=256m -XX:+HeapDumpOnOutOfMemoryError -Xmx1024m -Dfile.encoding=UTF-8
Launcher Type: SUN_STANDARD

Environment Variables:
JAVA_HOME=/usr/lib/jvm/java-7-openjdk
CLASSPATH=/opt/android-studio/bin/../lib/bootstrap.jar:/opt/android-studio/bin/../lib/extensions.jar:/opt/android-studio/bin/../lib/util.jar:/opt/android-studio/bin/../lib/jdom.jar:/opt/android-studio/bin/../lib/log4j.jar:/opt/android-studio/bin/../lib/trove4j.jar:/opt/android-studio/bin/../lib/jna.jar:/usr/lib/jvm/java-7-openjdk/lib/tools.jar
PATH=/usr/local/sbin:/usr/local/bin:/usr/bin:/opt/android-sdk/tools:/opt/android-sdk/build-tools/19.0.3/:/opt/android-sdk/platform-tools:/opt/android-sdk/tools:/usr/bin/vendor_perl:/usr/bin/core_perl
USERNAME=siddhu
LD_LIBRARY_PATH=/opt/android-studio/bin:
SHELL=/bin/bash
DISPLAY=:1

Signal Handlers:
SIGSEGV: [libjvm.so+0x9180e0], sa_mask[0]=0x7ffbfeff, sa_flags=0x10000004
SIGBUS: [libjvm.so+0x9180e0], sa_mask[0]=0x7ffbfeff, sa_flags=0x10000004
SIGFPE: [libjvm.so+0x795930], sa_mask[0]=0x7ffbfeff, sa_flags=0x10000004
SIGPIPE: [libjvm.so+0x795930], sa_mask[0]=0x7ffbfeff, sa_flags=0x10000004
SIGXFSZ: [libjvm.so+0x795930], sa_mask[0]=0x7ffbfeff, sa_flags=0x10000004
SIGILL: [libjvm.so+0x795930], sa_mask[0]=0x7ffbfeff, sa_flags=0x10000004
SIGUSR1: SIG_DFL, sa_mask[0]=0x00000000, sa_flags=0x00000000
SIGUSR2: [libjvm.so+0x7957d0], sa_mask[0]=0x00000204, sa_flags=0x10000004
SIGHUP: [libjvm.so+0x7959b0], sa_mask[0]=0x7ffbfeff, sa_flags=0x10000004
SIGINT: [libjvm.so+0x7959b0], sa_mask[0]=0x7ffbfeff, sa_flags=0x10000004
SIGTERM: [libjvm.so+0x7959b0], sa_mask[0]=0x7ffbfeff, sa_flags=0x10000004
SIGQUIT: [libjvm.so+0x7959b0], sa_mask[0]=0x7ffbfeff, sa_flags=0x10000004


---------------  S Y S T E M  ---------------

OS:Linux
uname:Linux 3.14.4-1-ARCH #1 SMP PREEMPT Tue May 13 16:41:39 CEST 2014 x86_64
libc:glibc 2.19 NPTL 2.19 
rlimit: STACK 8192k, CORE 0k, NPROC 5000, NOFILE 4096, AS infinity
load average:0.72 0.75 0.74

/proc/meminfo:
MemTotal:        8102560 kB
MemFree:          145956 kB
MemAvailable:     106700 kB
Buffers:             748 kB
Cached:           783484 kB
SwapCached:            0 kB
Active:          6832996 kB
Inactive:         764096 kB
Active(anon):    6822804 kB
Inactive(anon):   755052 kB
Active(file):      10192 kB
Inactive(file):     9044 kB
Unevictable:          76 kB
Mlocked:              76 kB
SwapTotal:             0 kB
SwapFree:              0 kB
Dirty:               416 kB
Writeback:             0 kB
AnonPages:       6812852 kB
Mapped:           195236 kB
Shmem:            765212 kB
Slab:             122020 kB
SReclaimable:      71192 kB
SUnreclaim:        50828 kB
KernelStack:        8568 kB
PageTables:        93980 kB
NFS_Unstable:          0 kB
Bounce:                0 kB
WritebackTmp:          0 kB
CommitLimit:     4051280 kB
Committed_AS:   15342164 kB
VmallocTotal:   34359738367 kB
VmallocUsed:      382980 kB
VmallocChunk:   34359292348 kB
HardwareCorrupted:     0 kB
AnonHugePages:   1433600 kB
HugePages_Total:       0
HugePages_Free:        0
HugePages_Rsvd:        0
HugePages_Surp:        0
Hugepagesize:       2048 kB
DirectMap4k:       16044 kB
DirectMap2M:     3051520 kB
DirectMap1G:     5242880 kB


CPU:total 8 (4 cores per cpu, 2 threads per core) family 6 model 70 stepping 1, cmov, cx8, fxsr, mmx, sse, sse2, sse3, ssse3, sse4.1, sse4.2, popcnt, avx, avx2, aes, erms, ht, tsc, tscinvbit

/proc/cpuinfo:
processor	: 0
vendor_id	: GenuineIntel
cpu family	: 6
model		: 70
model name	: Intel(R) Core(TM) i7-4750HQ CPU @ 2.00GHz
stepping	: 1
microcode	: 0xa
cpu MHz		: 3051.250
cache size	: 6144 KB
physical id	: 0
siblings	: 8
core id		: 0
cpu cores	: 4
apicid		: 0
initial apicid	: 0
fpu		: yes
fpu_exception	: yes
cpuid level	: 13
wp		: yes
flags		: fpu vme de pse tsc msr pae mce cx8 apic sep mtrr pge mca cmov pat pse36 clflush dts acpi mmx fxsr sse sse2 ss ht tm pbe syscall nx pdpe1gb rdtscp lm constant_tsc arch_perfmon pebs bts rep_good nopl xtopology nonstop_tsc aperfmperf eagerfpu pni pclmulqdq dtes64 monitor ds_cpl vmx est tm2 ssse3 fma cx16 xtpr pdcm pcid sse4_1 sse4_2 x2apic movbe popcnt tsc_deadline_timer aes xsave avx f16c rdrand lahf_lm abm ida arat epb xsaveopt pln pts dtherm tpr_shadow vnmi flexpriority ept vpid fsgsbase tsc_adjust bmi1 avx2 smep bmi2 erms invpcid
bogomips	: 3992.15
clflush size	: 64
cache_alignment	: 64
address sizes	: 39 bits physical, 48 bits virtual
power management:

processor	: 1
vendor_id	: GenuineIntel
cpu family	: 6
model		: 70
model name	: Intel(R) Core(TM) i7-4750HQ CPU @ 2.00GHz
stepping	: 1
microcode	: 0xa
cpu MHz		: 2988.750
cache size	: 6144 KB
physical id	: 0
siblings	: 8
core id		: 1
cpu cores	: 4
apicid		: 2
initial apicid	: 2
fpu		: yes
fpu_exception	: yes
cpuid level	: 13
wp		: yes
flags		: fpu vme de pse tsc msr pae mce cx8 apic sep mtrr pge mca cmov pat pse36 clflush dts acpi mmx fxsr sse sse2 ss ht tm pbe syscall nx pdpe1gb rdtscp lm constant_tsc arch_perfmon pebs bts rep_good nopl xtopology nonstop_tsc aperfmperf eagerfpu pni pclmulqdq dtes64 monitor ds_cpl vmx est tm2 ssse3 fma cx16 xtpr pdcm pcid sse4_1 sse4_2 x2apic movbe popcnt tsc_deadline_timer aes xsave avx f16c rdrand lahf_lm abm ida arat epb xsaveopt pln pts dtherm tpr_shadow vnmi flexpriority ept vpid fsgsbase tsc_adjust bmi1 avx2 smep bmi2 erms invpcid
bogomips	: 3992.15
clflush size	: 64
cache_alignment	: 64
address sizes	: 39 bits physical, 48 bits virtual
power management:

processor	: 2
vendor_id	: GenuineIntel
cpu family	: 6
model		: 70
model name	: Intel(R) Core(TM) i7-4750HQ CPU @ 2.00GHz
stepping	: 1
microcode	: 0xa
cpu MHz		: 2988.750
cache size	: 6144 KB
physical id	: 0
siblings	: 8
core id		: 2
cpu cores	: 4
apicid		: 4
initial apicid	: 4
fpu		: yes
fpu_exception	: yes
cpuid level	: 13
wp		: yes
flags		: fpu vme de pse tsc msr pae mce cx8 apic sep mtrr pge mca cmov pat pse36 clflush dts acpi mmx fxsr sse sse2 ss ht tm pbe syscall nx pdpe1gb rdtscp lm constant_tsc arch_perfmon pebs bts rep_good nopl xtopology nonstop_tsc aperfmperf eagerfpu pni pclmulqdq dtes64 monitor ds_cpl vmx est tm2 ssse3 fma cx16 xtpr pdcm pcid sse4_1 sse4_2 x2apic movbe popcnt tsc_deadline_timer aes xsave avx f16c rdrand lahf_lm abm ida arat epb xsaveopt pln pts dtherm tpr_shadow vnmi flexpriority ept vpid fsgsbase tsc_adjust bmi1 avx2 smep bmi2 erms invpcid
bogomips	: 3992.15
clflush size	: 64
cache_alignment	: 64
address sizes	: 39 bits physical, 48 bits virtual
power management:

processor	: 3
vendor_id	: GenuineIntel
cpu family	: 6
model		: 70
model name	: Intel(R) Core(TM) i7-4750HQ CPU @ 2.00GHz
stepping	: 1
microcode	: 0xa
cpu MHz		: 3020.000
cache size	: 6144 KB
physical id	: 0
siblings	: 8
core id		: 3
cpu cores	: 4
apicid		: 6
initial apicid	: 6
fpu		: yes
fpu_exception	: yes
cpuid level	: 13
wp		: yes
flags		: fpu vme de pse tsc msr pae mce cx8 apic sep mtrr pge mca cmov pat pse36 clflush dts acpi mmx fxsr sse sse2 ss ht tm pbe syscall nx pdpe1gb rdtscp lm constant_tsc arch_perfmon pebs bts rep_good nopl xtopology nonstop_tsc aperfmperf eagerfpu pni pclmulqdq dtes64 monitor ds_cpl vmx est tm2 ssse3 fma cx16 xtpr pdcm pcid sse4_1 sse4_2 x2apic movbe popcnt tsc_deadline_timer aes xsave avx f16c rdrand lahf_lm abm ida arat epb xsaveopt pln pts dtherm tpr_shadow vnmi flexpriority ept vpid fsgsbase tsc_adjust bmi1 avx2 smep bmi2 erms invpcid
bogomips	: 3992.15
clflush size	: 64
cache_alignment	: 64
address sizes	: 39 bits physical, 48 bits virtual
power management:

processor	: 4
vendor_id	: GenuineIntel
cpu family	: 6
model		: 70
model name	: Intel(R) Core(TM) i7-4750HQ CPU @ 2.00GHz
stepping	: 1
microcode	: 0xa
cpu MHz		: 3020.000
cache size	: 6144 KB
physical id	: 0
siblings	: 8
core id		: 0
cpu cores	: 4
apicid		: 1
initial apicid	: 1
fpu		: yes
fpu_exception	: yes
cpuid level	: 13
wp		: yes
flags		: fpu vme de pse tsc msr pae mce cx8 apic sep mtrr pge mca cmov pat pse36 clflush dts acpi mmx fxsr sse sse2 ss ht tm pbe syscall nx pdpe1gb rdtscp lm constant_tsc arch_perfmon pebs bts rep_good nopl xtopology nonstop_tsc aperfmperf eagerfpu pni pclmulqdq dtes64 monitor ds_cpl vmx est tm2 ssse3 fma cx16 xtpr pdcm pcid sse4_1 sse4_2 x2apic movbe popcnt tsc_deadline_timer aes xsave avx f16c rdrand lahf_lm abm ida arat epb xsaveopt pln pts dtherm tpr_shadow vnmi flexpriority ept vpid fsgsbase tsc_adjust bmi1 avx2 smep bmi2 erms invpcid
bogomips	: 3992.15
clflush size	: 64
cache_alignment	: 64
address sizes	: 39 bits physical, 48 bits virtual
power management:

processor	: 5
vendor_id	: GenuineIntel
cpu family	: 6
model		: 70
model name	: Intel(R) Core(TM) i7-4750HQ CPU @ 2.00GHz
stepping	: 1
microcode	: 0xa
cpu MHz		: 2988.750
cache size	: 6144 KB
physical id	: 0
siblings	: 8
core id		: 1
cpu cores	: 4
apicid		: 3
initial apicid	: 3
fpu		: yes
fpu_exception	: yes
cpuid level	: 13
wp		: yes
flags		: fpu vme de pse tsc msr pae mce cx8 apic sep mtrr pge mca cmov pat pse36 clflush dts acpi mmx fxsr sse sse2 ss ht tm pbe syscall nx pdpe1gb rdtscp lm constant_tsc arch_perfmon pebs bts rep_good nopl xtopology nonstop_tsc aperfmperf eagerfpu pni pclmulqdq dtes64 monitor ds_cpl vmx est tm2 ssse3 fma cx16 xtpr pdcm pcid sse4_1 sse4_2 x2apic movbe popcnt tsc_deadline_timer aes xsave avx f16c rdrand lahf_lm abm ida arat epb xsaveopt pln pts dtherm tpr_shadow vnmi flexpriority ept vpid fsgsbase tsc_adjust bmi1 avx2 smep bmi2 erms invpcid
bogomips	: 3992.15
clflush size	: 64
cache_alignment	: 64
address sizes	: 39 bits physical, 48 bits virtual
power management:

processor	: 6
vendor_id	: GenuineIntel
cpu family	: 6
model		: 70
model name	: Intel(R) Core(TM) i7-4750HQ CPU @ 2.00GHz
stepping	: 1
microcode	: 0xa
cpu MHz		: 3082.500
cache size	: 6144 KB
physical id	: 0
siblings	: 8
core id		: 2
cpu cores	: 4
apicid		: 5
initial apicid	: 5
fpu		: yes
fpu_exception	: yes
cpuid level	: 13
wp		: yes
flags		: fpu vme de pse tsc msr pae mce cx8 apic sep mtrr pge mca cmov pat pse36 clflush dts acpi mmx fxsr sse sse2 ss ht tm pbe syscall nx pdpe1gb rdtscp lm constant_tsc arch_perfmon pebs bts rep_good nopl xtopology nonstop_tsc aperfmperf eagerfpu pni pclmulqdq dtes64 monitor ds_cpl vmx est tm2 ssse3 fma cx16 xtpr pdcm pcid sse4_1 sse4_2 x2apic movbe popcnt tsc_deadline_timer aes xsave avx f16c rdrand lahf_lm abm ida arat epb xsaveopt pln pts dtherm tpr_shadow vnmi flexpriority ept vpid fsgsbase tsc_adjust bmi1 avx2 smep bmi2 erms invpcid
bogomips	: 3992.15
clflush size	: 64
cache_alignment	: 64
address sizes	: 39 bits physical, 48 bits virtual
power management:

processor	: 7
vendor_id	: GenuineIntel
cpu family	: 6
model		: 70
model name	: Intel(R) Core(TM) i7-4750HQ CPU @ 2.00GHz
stepping	: 1
microcode	: 0xa
cpu MHz		: 2988.750
cache size	: 6144 KB
physical id	: 0
siblings	: 8
core id		: 3
cpu cores	: 4
apicid		: 7
initial apicid	: 7
fpu		: yes
fpu_exception	: yes
cpuid level	: 13
wp		: yes
flags		: fpu vme de pse tsc msr pae mce cx8 apic sep mtrr pge mca cmov pat pse36 clflush dts acpi mmx fxsr sse sse2 ss ht tm pbe syscall nx pdpe1gb rdtscp lm constant_tsc arch_perfmon pebs bts rep_good nopl xtopology nonstop_tsc aperfmperf eagerfpu pni pclmulqdq dtes64 monitor ds_cpl vmx est tm2 ssse3 fma cx16 xtpr pdcm pcid sse4_1 sse4_2 x2apic movbe popcnt tsc_deadline_timer aes xsave avx f16c rdrand lahf_lm abm ida arat epb xsaveopt pln pts dtherm tpr_shadow vnmi flexpriority ept vpid fsgsbase tsc_adjust bmi1 avx2 smep bmi2 erms invpcid
bogomips	: 3992.15
clflush size	: 64
cache_alignment	: 64
address sizes	: 39 bits physical, 48 bits virtual
power management:



Memory: 4k page, physical 8102560k(145956k free), swap 0k(0k free)

vm_info: OpenJDK 64-Bit Server VM (24.51-b03) for linux-amd64 JRE (1.7.0_55-b14), built on Apr 16 2014 11:37:37 by "nobody" with gcc 4.8.2 20140206 (prerelease)

time: Sat May 31 19:55:02 2014
elapsed time: 4 seconds

