#
# There is insufficient memory for the Java Runtime Environment to continue.
# Native memory allocation (malloc) failed to allocate 141557760 bytes for committing reserved memory.
# Possible reasons:
#   The system is out of physical RAM or swap space
#   In 32 bit mode, the process size limit was hit
# Possible solutions:
#   Reduce memory load on the system
#   Increase physical memory or swap space
#   Check if swap backing store is full
#   Use 64 bit Java on a 64 bit OS
#   Decrease Java heap size (-Xmx/-Xms)
#   Decrease number of Java threads
#   Decrease Java thread stack sizes (-Xss)
#   Set larger code cache with -XX:ReservedCodeCacheSize=
# This output file may be truncated or incomplete.
#
#  Out of Memory Error (os_linux.cpp:2769), pid=1514, tid=139988829513472
#
# JRE version: OpenJDK Runtime Environment (7.0_55-b14) (build 1.7.0_55-b14)
# Java VM: OpenJDK 64-Bit Server VM (24.51-b03 mixed mode linux-amd64 compressed oops)
# Failed to write core dump. Core dumps have been disabled. To enable core dumping, try "ulimit -c unlimited" before starting Java again
#

---------------  T H R E A D  ---------------

Current thread (0x00007f51cc07c800):  VMThread [stack: 0x00007f51b064a000,0x00007f51b074b000] [id=1526]

Stack: [0x00007f51b064a000,0x00007f51b074b000],  sp=0x00007f51b07494c0,  free space=1021k
Native frames: (J=compiled Java code, j=interpreted, Vv=VM code, C=native code)
V  [libjvm.so+0x9175f5]  JVM_handle_linux_signal+0x1778b5
V  [libjvm.so+0x467db4]  dlerror+0x467db4
V  [libjvm.so+0x79a27b]  JVM_FindSignal+0x18c8eb
V  [libjvm.so+0x794bef]  JVM_FindSignal+0x18725f
V  [libjvm.so+0x804deb]  JVM_handle_linux_signal+0x650ab
V  [libjvm.so+0x805c40]  JVM_handle_linux_signal+0x65f00
V  [libjvm.so+0x80632b]  JVM_handle_linux_signal+0x665eb
V  [libjvm.so+0x80261f]  JVM_handle_linux_signal+0x628df
V  [libjvm.so+0x802de8]  JVM_handle_linux_signal+0x630a8
V  [libjvm.so+0x7b94b3]  JVM_handle_linux_signal+0x19773
V  [libjvm.so+0x919004]  JVM_handle_linux_signal+0x1792c4
V  [libjvm.so+0x91d4a7]  JVM_handle_linux_signal+0x17d767
V  [libjvm.so+0x91be78]  JVM_handle_linux_signal+0x17c138
V  [libjvm.so+0x91c2d9]  JVM_handle_linux_signal+0x17c599
V  [libjvm.so+0x91c722]  JVM_handle_linux_signal+0x17c9e2
V  [libjvm.so+0x796f52]  JVM_FindSignal+0x1895c2

VM_Operation (0x00007f51aa18b6c0): ParallelGCFailedAllocation, mode: safepoint, requested by thread 0x00007f5174005000


---------------  P R O C E S S  ---------------

Java Threads: ( => current thread )
  0x00007f5178267000 JavaThread "File lock request listener" [_thread_in_native, id=1542, stack(0x00007f51a9bd6000,0x00007f51a9cd7000)]
  0x00007f5178187800 JavaThread "process reaper" daemon [_thread_blocked, id=1541, stack(0x00007f51a9cd7000,0x00007f51a9d10000)]
  0x00007f5178041000 JavaThread "Stdin handler" [_thread_blocked, id=1539, stack(0x00007f51a9e92000,0x00007f51a9f93000)]
  0x00007f5178005800 JavaThread "Handler for socket connection at /127.0.0.1:38893 with /127.0.0.1:48256" [_thread_in_native, id=1536, stack(0x00007f51a9f93000,0x00007f51aa094000)]
  0x00007f5174005000 JavaThread "Daemon" [_thread_blocked, id=1535, stack(0x00007f51aa094000,0x00007f51aa195000)]
  0x00007f51cc977000 JavaThread "Incoming local TCP Connector on port 38893" [_thread_in_native, id=1534, stack(0x00007f51aa195000,0x00007f51aa296000)]
  0x00007f51cc0ae800 JavaThread "Service Thread" daemon [_thread_blocked, id=1532, stack(0x00007f51abdfe000,0x00007f51abeff000)]
  0x00007f51cc0ac000 JavaThread "C2 CompilerThread1" daemon [_thread_blocked, id=1531, stack(0x00007f51abeff000,0x00007f51ac000000)]
  0x00007f51cc0a9800 JavaThread "C2 CompilerThread0" daemon [_thread_in_native, id=1530, stack(0x00007f51b0081000,0x00007f51b0182000)]
  0x00007f51cc0a7000 JavaThread "Signal Dispatcher" daemon [_thread_blocked, id=1529, stack(0x00007f51b0182000,0x00007f51b0283000)]
  0x00007f51cc083000 JavaThread "Finalizer" daemon [_thread_blocked, id=1528, stack(0x00007f51b0448000,0x00007f51b0549000)]
  0x00007f51cc081000 JavaThread "Reference Handler" daemon [_thread_blocked, id=1527, stack(0x00007f51b0549000,0x00007f51b064a000)]
  0x00007f51cc008800 JavaThread "main" [_thread_blocked, id=1516, stack(0x00007f51d3aab000,0x00007f51d3bac000)]

Other Threads:
=>0x00007f51cc07c800 VMThread [stack: 0x00007f51b064a000,0x00007f51b074b000] [id=1526]
  0x00007f51cc0b9800 WatcherThread [stack: 0x00007f51abcfd000,0x00007f51abdfe000] [id=1533]

VM state:at safepoint (normal execution)

VM Mutex/Monitor currently owned by a thread:  ([mutex/lock_event])
[0x00007f51cc006620] Threads_lock - owner thread: 0x00007f51cc07c800
[0x00007f51cc006b20] Heap_lock - owner thread: 0x00007f5174005000

Heap
 PSYoungGen      total 142336K, used 13824K [0x00000000eaa80000, 0x00000000f4380000, 0x0000000100000000)
  eden space 128512K, 0% used [0x00000000eaa80000,0x00000000eaa80000,0x00000000f2800000)
  from space 13824K, 100% used [0x00000000f2800000,0x00000000f3580000,0x00000000f3580000)
  to   space 13312K, 0% used [0x00000000f3580000,0x00000000f3580000,0x00000000f4280000)
 ParOldGen       total 84480K, used 23481K [0x00000000c0000000, 0x00000000c5280000, 0x00000000eaa80000)
  object space 84480K, 27% used [0x00000000c0000000,0x00000000c16ee6a8,0x00000000c5280000)
 PSPermGen       total 29696K, used 29359K [0x00000000b0000000, 0x00000000b1d00000, 0x00000000c0000000)
  object space 29696K, 98% used [0x00000000b0000000,0x00000000b1cabdc8,0x00000000b1d00000)

Card table byte_map: [0x00007f51d0b18000,0x00007f51d0d99000] byte_map_base: 0x00007f51d0598000

Polling page: 0x00007f51d3be6000

Code Cache  [0x00007f51c9000000, 0x00007f51c92b0000, 0x00007f51cc000000)
 total_blobs=957 nmethods=384 adapters=526 free_code_cache=46492Kb largest_free_block=47556736

Compilation events (10 events):
Event: 5.041 Thread 0x00007f51cc0ac000 nmethod 390 0x00007f51c9260a90 code [0x00007f51c9260bc0, 0x00007f51c9260c18]
Event: 5.041 Thread 0x00007f51cc0ac000  391             groovy.lang.MetaProperty::getName (5 bytes)
Event: 5.041 Thread 0x00007f51cc0ac000 nmethod 391 0x00007f51c9260890 code [0x00007f51c92609c0, 0x00007f51c9260a18]
Event: 5.041 Thread 0x00007f51cc0ac000  392   !         sun.misc.Resource::getBytes (242 bytes)
Event: 5.067 Thread 0x00007f51cc0ac000 nmethod 392 0x00007f51c9273610 code [0x00007f51c9273900, 0x00007f51c9275a98]
Event: 5.067 Thread 0x00007f51cc0ac000  393             java.util.ComparableTimSort::binarySort (223 bytes)
Event: 5.071 Thread 0x00007f51cc0ac000 nmethod 393 0x00007f51c90880d0 code [0x00007f51c9088260, 0x00007f51c90888a8]
Event: 5.071 Thread 0x00007f51cc0ac000  394             java.util.LinkedList$ListItr::next (56 bytes)
Event: 5.072 Thread 0x00007f51cc0ac000 nmethod 394 0x00007f51c9271ad0 code [0x00007f51c9271c20, 0x00007f51c9271d18]
Event: 5.072 Thread 0x00007f51cc0ac000  395  s          java.util.Hashtable::get (70 bytes)

GC Heap History (10 events):
Event: 1.999 GC heap after
Heap after GC invocations=2 (full 0):
 PSYoungGen      total 37376K, used 5115K [0x00000000eaa80000, 0x00000000ed400000, 0x0000000100000000)
  eden space 32256K, 0% used [0x00000000eaa80000,0x00000000eaa80000,0x00000000eca00000)
  from space 5120K, 99% used [0x00000000ecf00000,0x00000000ed3fec08,0x00000000ed400000)
  to   space 5120K, 0% used [0x00000000eca00000,0x00000000eca00000,0x00000000ecf00000)
 ParOldGen       total 84480K, used 2509K [0x00000000c0000000, 0x00000000c5280000, 0x00000000eaa80000)
  object space 84480K, 2% used [0x00000000c0000000,0x00000000c02737f8,0x00000000c5280000)
 PSPermGen       total 21504K, used 14271K [0x00000000b0000000, 0x00000000b1500000, 0x00000000c0000000)
  object space 21504K, 66% used [0x00000000b0000000,0x00000000b0defc90,0x00000000b1500000)
}
Event: 2.360 GC heap before
{Heap before GC invocations=3 (full 0):
 PSYoungGen      total 37376K, used 37371K [0x00000000eaa80000, 0x00000000ed400000, 0x0000000100000000)
  eden space 32256K, 100% used [0x00000000eaa80000,0x00000000eca00000,0x00000000eca00000)
  from space 5120K, 99% used [0x00000000ecf00000,0x00000000ed3fec08,0x00000000ed400000)
  to   space 5120K, 0% used [0x00000000eca00000,0x00000000eca00000,0x00000000ecf00000)
 ParOldGen       total 84480K, used 2509K [0x00000000c0000000, 0x00000000c5280000, 0x00000000eaa80000)
  object space 84480K, 2% used [0x00000000c0000000,0x00000000c02737f8,0x00000000c5280000)
 PSPermGen       total 21504K, used 16892K [0x00000000b0000000, 0x00000000b1500000, 0x00000000c0000000)
  object space 21504K, 78% used [0x00000000b0000000,0x00000000b107f2b8,0x00000000b1500000)
Event: 2.367 GC heap after
Heap after GC invocations=3 (full 0):
 PSYoungGen      total 37376K, used 5104K [0x00000000eaa80000, 0x00000000ef380000, 0x0000000100000000)
  eden space 32256K, 0% used [0x00000000eaa80000,0x00000000eaa80000,0x00000000eca00000)
  from space 5120K, 99% used [0x00000000eca00000,0x00000000ecefc030,0x00000000ecf00000)
  to   space 5120K, 0% used [0x00000000eee80000,0x00000000eee80000,0x00000000ef380000)
 ParOldGen       total 84480K, used 5603K [0x00000000c0000000, 0x00000000c5280000, 0x00000000eaa80000)
  object space 84480K, 6% used [0x00000000c0000000,0x00000000c0578d48,0x00000000c5280000)
 PSPermGen       total 21504K, used 16892K [0x00000000b0000000, 0x00000000b1500000, 0x00000000c0000000)
  object space 21504K, 78% used [0x00000000b0000000,0x00000000b107f2b8,0x00000000b1500000)
}
Event: 2.731 GC heap before
{Heap before GC invocations=4 (full 0):
 PSYoungGen      total 37376K, used 37360K [0x00000000eaa80000, 0x00000000ef380000, 0x0000000100000000)
  eden space 32256K, 100% used [0x00000000eaa80000,0x00000000eca00000,0x00000000eca00000)
  from space 5120K, 99% used [0x00000000eca00000,0x00000000ecefc030,0x00000000ecf00000)
  to   space 5120K, 0% used [0x00000000eee80000,0x00000000eee80000,0x00000000ef380000)
 ParOldGen       total 84480K, used 5603K [0x00000000c0000000, 0x00000000c5280000, 0x00000000eaa80000)
  object space 84480K, 6% used [0x00000000c0000000,0x00000000c0578d48,0x00000000c5280000)
 PSPermGen       total 21504K, used 19520K [0x00000000b0000000, 0x00000000b1500000, 0x00000000c0000000)
  object space 21504K, 90% used [0x00000000b0000000,0x00000000b13100e0,0x00000000b1500000)
Event: 2.738 GC heap after
Heap after GC invocations=4 (full 0):
 PSYoungGen      total 69632K, used 5120K [0x00000000eaa80000, 0x00000000ef380000, 0x0000000100000000)
  eden space 64512K, 0% used [0x00000000eaa80000,0x00000000eaa80000,0x00000000ee980000)
  from space 5120K, 100% used [0x00000000eee80000,0x00000000ef380000,0x00000000ef380000)
  to   space 5120K, 0% used [0x00000000ee980000,0x00000000ee980000,0x00000000eee80000)
 ParOldGen       total 84480K, used 9845K [0x00000000c0000000, 0x00000000c5280000, 0x00000000eaa80000)
  object space 84480K, 11% used [0x00000000c0000000,0x00000000c099d518,0x00000000c5280000)
 PSPermGen       total 21504K, used 19520K [0x00000000b0000000, 0x00000000b1500000, 0x00000000c0000000)
  object space 21504K, 90% used [0x00000000b0000000,0x00000000b13100e0,0x00000000b1500000)
}
Event: 3.654 GC heap before
{Heap before GC invocations=5 (full 0):
 PSYoungGen      total 69632K, used 69632K [0x00000000eaa80000, 0x00000000ef380000, 0x0000000100000000)
  eden space 64512K, 100% used [0x00000000eaa80000,0x00000000ee980000,0x00000000ee980000)
  from space 5120K, 100% used [0x00000000eee80000,0x00000000ef380000,0x00000000ef380000)
  to   space 5120K, 0% used [0x00000000ee980000,0x00000000ee980000,0x00000000eee80000)
 ParOldGen       total 84480K, used 9845K [0x00000000c0000000, 0x00000000c5280000, 0x00000000eaa80000)
  object space 84480K, 11% used [0x00000000c0000000,0x00000000c099d518,0x00000000c5280000)
 PSPermGen       total 24576K, used 24477K [0x00000000b0000000, 0x00000000b1800000, 0x00000000c0000000)
  object space 24576K, 99% used [0x00000000b0000000,0x00000000b17e7430,0x00000000b1800000)
Event: 3.673 GC heap after
Heap after GC invocations=5 (full 0):
 PSYoungGen      total 69632K, used 5088K [0x00000000eaa80000, 0x00000000f4280000, 0x0000000100000000)
  eden space 64512K, 0% used [0x00000000eaa80000,0x00000000eaa80000,0x00000000ee980000)
  from space 5120K, 99% used [0x00000000ee980000,0x00000000eee78020,0x00000000eee80000)
  to   space 13312K, 0% used [0x00000000f3580000,0x00000000f3580000,0x00000000f4280000)
 ParOldGen       total 84480K, used 16637K [0x00000000c0000000, 0x00000000c5280000, 0x00000000eaa80000)
  object space 84480K, 19% used [0x00000000c0000000,0x00000000c103f698,0x00000000c5280000)
 PSPermGen       total 24576K, used 24477K [0x00000000b0000000, 0x00000000b1800000, 0x00000000c0000000)
  object space 24576K, 99% used [0x00000000b0000000,0x00000000b17e7430,0x00000000b1800000)
}
Event: 4.058 GC heap before
{Heap before GC invocations=6 (full 0):
 PSYoungGen      total 69632K, used 69600K [0x00000000eaa80000, 0x00000000f4280000, 0x0000000100000000)
  eden space 64512K, 100% used [0x00000000eaa80000,0x00000000ee980000,0x00000000ee980000)
  from space 5120K, 99% used [0x00000000ee980000,0x00000000eee78020,0x00000000eee80000)
  to   space 13312K, 0% used [0x00000000f3580000,0x00000000f3580000,0x00000000f4280000)
 ParOldGen       total 84480K, used 16637K [0x00000000c0000000, 0x00000000c5280000, 0x00000000eaa80000)
  object space 84480K, 19% used [0x00000000c0000000,0x00000000c103f698,0x00000000c5280000)
 PSPermGen       total 26624K, used 26607K [0x00000000b0000000, 0x00000000b1a00000, 0x00000000c0000000)
  object space 26624K, 99% used [0x00000000b0000000,0x00000000b19fbc18,0x00000000b1a00000)
Event: 4.072 GC heap after
Heap after GC invocations=6 (full 0):
 PSYoungGen      total 141824K, used 10700K [0x00000000eaa80000, 0x00000000f4380000, 0x0000000100000000)
  eden space 128512K, 0% used [0x00000000eaa80000,0x00000000eaa80000,0x00000000f2800000)
  from space 13312K, 80% used [0x00000000f3580000,0x00000000f3ff3358,0x00000000f4280000)
  to   space 13824K, 0% used [0x00000000f2800000,0x00000000f2800000,0x00000000f3580000)
 ParOldGen       total 84480K, used 16637K [0x00000000c0000000, 0x00000000c5280000, 0x00000000eaa80000)
  object space 84480K, 19% used [0x00000000c0000000,0x00000000c103f698,0x00000000c5280000)
 PSPermGen       total 26624K, used 26607K [0x00000000b0000000, 0x00000000b1a00000, 0x00000000c0000000)
  object space 26624K, 99% used [0x00000000b0000000,0x00000000b19fbc18,0x00000000b1a00000)
}
Event: 5.074 GC heap before
{Heap before GC invocations=7 (full 0):
 PSYoungGen      total 141824K, used 139212K [0x00000000eaa80000, 0x00000000f4380000, 0x0000000100000000)
  eden space 128512K, 100% used [0x00000000eaa80000,0x00000000f2800000,0x00000000f2800000)
  from space 13312K, 80% used [0x00000000f3580000,0x00000000f3ff3358,0x00000000f4280000)
  to   space 13824K, 0% used [0x00000000f2800000,0x00000000f2800000,0x00000000f3580000)
 ParOldGen       total 84480K, used 16637K [0x00000000c0000000, 0x00000000c5280000, 0x00000000eaa80000)
  object space 84480K, 19% used [0x00000000c0000000,0x00000000c103f698,0x00000000c5280000)
 PSPermGen       total 29696K, used 29359K [0x00000000b0000000, 0x00000000b1d00000, 0x00000000c0000000)
  object space 29696K, 98% used [0x00000000b0000000,0x00000000b1cabdc8,0x00000000b1d00000)

Deoptimization events (10 events):
Event: 3.332 Thread 0x00007f5174005000 Uncommon trap: reason=class_check action=maybe_recompile pc=0x00007f51c91da9b4 method=java.io.DataOutputStream.write(I)V @ 5
Event: 3.332 Thread 0x00007f5174005000 Uncommon trap: reason=class_check action=maybe_recompile pc=0x00007f51c91da9b4 method=java.io.DataOutputStream.write(I)V @ 5
Event: 3.378 Thread 0x00007f5174005000 Uncommon trap: reason=unreached action=reinterpret pc=0x00007f51c921f408 method=sun.misc.URLClassPath.getLoader(I)Lsun/misc/URLClassPath$Loader; @ 101
Event: 3.415 Thread 0x00007f5174005000 Uncommon trap: reason=predicate action=maybe_recompile pc=0x00007f51c9208268 method=java.util.ComparableTimSort.binarySort([Ljava/lang/Object;III)V @ 37
Event: 3.601 Thread 0x00007f5174005000 Uncommon trap: reason=unreached action=reinterpret pc=0x00007f51c922eefc method=java.beans.Introspector.getTargetMethodInfo()[Ljava/beans/MethodDescriptor; @ 47
Event: 3.787 Thread 0x00007f5174005000 Uncommon trap: reason=unreached action=reinterpret pc=0x00007f51c9212a24 method=java.util.Properties$LineReader.readLine()I @ 97
Event: 4.133 Thread 0x00007f5174005000 Uncommon trap: reason=unreached action=reinterpret pc=0x00007f51c91d176c method=java.lang.ref.ReferenceQueue.poll()Ljava/lang/ref/Reference; @ 4
Event: 4.329 Thread 0x00007f5174005000 Uncommon trap: reason=bimorphic action=maybe_recompile pc=0x00007f51c92498b8 method=java.util.regex.Pattern$Branch.match(Ljava/util/regex/Matcher;ILjava/lang/CharSequence;)Z @ 32
Event: 4.552 Thread 0x00007f5174005000 Uncommon trap: reason=bimorphic action=maybe_recompile pc=0x00007f51c92498b8 method=java.util.regex.Pattern$Branch.match(Ljava/util/regex/Matcher;ILjava/lang/CharSequence;)Z @ 32
Event: 5.002 Thread 0x00007f5174005000 Uncommon trap: reason=null_check action=make_not_entrant pc=0x00007f51c929dffc method=sun.reflect.Reflection.filterMethods(Ljava/lang/Class;[Ljava/lang/reflect/Method;)[Ljava/lang/reflect/Method; @ 18

Internal exceptions (10 events):
Event: 5.068 Thread 0x00007f5174005000 Threw 0x00000000f277daf0 at /build/java7-openjdk/src/icedtea-2.4.7/openjdk/hotspot/src/share/vm/prims/jvm.cpp:1244
Event: 5.068 Thread 0x00007f5174005000 Threw 0x00000000f2783088 at /build/java7-openjdk/src/icedtea-2.4.7/openjdk/hotspot/src/share/vm/prims/jvm.cpp:1244
Event: 5.068 Thread 0x00007f5174005000 Threw 0x00000000f2783930 at /build/java7-openjdk/src/icedtea-2.4.7/openjdk/hotspot/src/share/vm/classfile/systemDictionary.cpp:185
Event: 5.068 Thread 0x00007f5174005000 Threw 0x00000000f2785338 at /build/java7-openjdk/src/icedtea-2.4.7/openjdk/hotspot/src/share/vm/prims/jvm.cpp:1244
Event: 5.068 Thread 0x00007f5174005000 Threw 0x00000000f2786798 at /build/java7-openjdk/src/icedtea-2.4.7/openjdk/hotspot/src/share/vm/prims/jvm.cpp:1244
Event: 5.068 Thread 0x00007f5174005000 Threw 0x00000000f278beb8 at /build/java7-openjdk/src/icedtea-2.4.7/openjdk/hotspot/src/share/vm/prims/jvm.cpp:1244
Event: 5.068 Thread 0x00007f5174005000 Threw 0x00000000f278d5e0 at /build/java7-openjdk/src/icedtea-2.4.7/openjdk/hotspot/src/share/vm/prims/jvm.cpp:1244
Event: 5.068 Thread 0x00007f5174005000 Threw 0x00000000f278ea40 at /build/java7-openjdk/src/icedtea-2.4.7/openjdk/hotspot/src/share/vm/prims/jvm.cpp:1244
Event: 5.068 Thread 0x00007f5174005000 Threw 0x00000000f2794160 at /build/java7-openjdk/src/icedtea-2.4.7/openjdk/hotspot/src/share/vm/prims/jvm.cpp:1244
Event: 5.068 Thread 0x00007f5174005000 Threw 0x00000000f2794a10 at /build/java7-openjdk/src/icedtea-2.4.7/openjdk/hotspot/src/share/vm/classfile/systemDictionary.cpp:185

Events (10 events):
Event: 5.068 loading class 0x00007f5178ad92f0 done
Event: 5.068 loading class 0x00007f5178ad92f0
Event: 5.068 loading class 0x00007f5178ad92f0 done
Event: 5.068 loading class 0x00007f5178ae2390
Event: 5.068 loading class 0x00007f5178ae2390 done
Event: 5.068 loading class 0x00007f5178ae2390
Event: 5.068 loading class 0x00007f5178ae2390 done
Event: 5.068 loading class 0x00007f5178ae2390
Event: 5.068 loading class 0x00007f5178ae2390 done
Event: 5.074 Executing VM operation: ParallelGCFailedAllocation


Dynamic libraries:
00400000-00401000 r-xp 00000000 08:01 1196056                            /usr/lib/jvm/java-7-openjdk/jre/bin/java
00600000-00601000 rw-p 00000000 08:01 1196056                            /usr/lib/jvm/java-7-openjdk/jre/bin/java
00f41000-00f62000 rw-p 00000000 00:00 0                                  [heap]
b0000000-b1d00000 rw-p 00000000 00:00 0 
b1d00000-c0000000 rw-p 00000000 00:00 0 
c0000000-c5280000 rw-p 00000000 00:00 0 
c5280000-eaa80000 rw-p 00000000 00:00 0 
eaa80000-f4380000 rw-p 00000000 00:00 0 
fca80000-100000000 rw-p 00000000 00:00 0 
7f5164000000-7f5164021000 rw-p 00000000 00:00 0 
7f5164021000-7f5168000000 ---p 00000000 00:00 0 
7f5168000000-7f5168021000 rw-p 00000000 00:00 0 
7f5168021000-7f516c000000 ---p 00000000 00:00 0 
7f516c000000-7f516c021000 rw-p 00000000 00:00 0 
7f516c021000-7f5170000000 ---p 00000000 00:00 0 
7f5170000000-7f5170021000 rw-p 00000000 00:00 0 
7f5170021000-7f5174000000 ---p 00000000 00:00 0 
7f5174000000-7f517402b000 rw-p 00000000 00:00 0 
7f517402b000-7f5178000000 ---p 00000000 00:00 0 
7f5178000000-7f5178e8e000 rw-p 00000000 00:00 0 
7f5178e8e000-7f517c000000 ---p 00000000 00:00 0 
7f517c000000-7f517c021000 rw-p 00000000 00:00 0 
7f517c021000-7f5180000000 ---p 00000000 00:00 0 
7f5180000000-7f5180021000 rw-p 00000000 00:00 0 
7f5180021000-7f5184000000 ---p 00000000 00:00 0 
7f5184000000-7f5184a14000 rw-p 00000000 00:00 0 
7f5184a14000-7f5188000000 ---p 00000000 00:00 0 
7f5188000000-7f51898ce000 rw-p 00000000 00:00 0 
7f51898ce000-7f518c000000 ---p 00000000 00:00 0 
7f518c000000-7f518c021000 rw-p 00000000 00:00 0 
7f518c021000-7f5190000000 ---p 00000000 00:00 0 
7f5190000000-7f5190021000 rw-p 00000000 00:00 0 
7f5190021000-7f5194000000 ---p 00000000 00:00 0 
7f5194000000-7f5194021000 rw-p 00000000 00:00 0 
7f5194021000-7f5198000000 ---p 00000000 00:00 0 
7f5198000000-7f5198021000 rw-p 00000000 00:00 0 
7f5198021000-7f519c000000 ---p 00000000 00:00 0 
7f519c000000-7f519c021000 rw-p 00000000 00:00 0 
7f519c021000-7f51a0000000 ---p 00000000 00:00 0 
7f51a4000000-7f51a4021000 rw-p 00000000 00:00 0 
7f51a4021000-7f51a8000000 ---p 00000000 00:00 0 
7f51a9ae1000-7f51a9ae2000 rw-p 00000000 00:00 0 
7f51a9ae2000-7f51a9ae4000 r--s 0000d000 08:03 4330571                    /home/siddhu/.gradle/caches/modules-2/files-2.1/commons-codec/commons-codec/1.4/4216af16d38465bbab0f3dff8efa14204f7a399a/commons-codec-1.4.jar
7f51a9ae4000-7f51a9ae6000 r--s 0000d000 08:03 4330569                    /home/siddhu/.gradle/caches/modules-2/files-2.1/commons-logging/commons-logging/1.1.1/5043bfebc3db072ed80fbd362e7caf00e885d8ae/commons-logging-1.1.1.jar
7f51a9ae6000-7f51a9aeb000 r--s 00028000 08:03 4201376                    /home/siddhu/.gradle/caches/modules-2/files-2.1/org.apache.httpcomponents/httpcore/4.1/33fc26c02f8043ab0ede19eadc8c9885386b255c/httpcore-4.1.jar
7f51a9aeb000-7f51a9aed000 r--s 00004000 08:03 4201374                    /home/siddhu/.gradle/caches/modules-2/files-2.1/org.ow2.asm/asm-tree/4.0/67bd266cd17adcee486b76952ece4cc85fe248b8/asm-tree-4.0.jar
7f51a9aed000-7f51a9af6000 r--s 000a7000 08:03 4201372                    /home/siddhu/.gradle/caches/modules-2/files-2.1/com.android.tools.external.lombok/lombok-ast/0.2.2/57e560b535ceaa14fb6f15422d74594acd6c5b64/lombok-ast-0.2.2.jar
7f51a9af6000-7f51a9af8000 r--s 0000a000 08:03 4201370                    /home/siddhu/.gradle/caches/modules-2/files-2.1/org.ow2.asm/asm/4.0/659add6efc75a4715d738e73f07505246edf4d66/asm-4.0.jar
7f51a9af8000-7f51a9b22000 r--s 001e9000 08:03 4067896                    /home/siddhu/.gradle/caches/modules-2/files-2.1/com.google.guava/guava/15.0/ed727a8d9f247e2050281cb083f1c77b09dcb5cd/guava-15.0.jar
7f51a9b22000-7f51a9b55000 r--s 00203000 08:03 4201368                    /home/siddhu/.gradle/caches/modules-2/files-2.1/org.bouncycastle/bcprov-jdk15on/1.48/960dea7c9181ba0b17e8bab0c06a43f0a5f04e65/bcprov-jdk15on-1.48.jar
7f51a9b55000-7f51a9b59000 r--s 00020000 08:03 4201366                    /home/siddhu/.gradle/caches/modules-2/files-2.1/org.apache.commons/commons-compress/1.0/995ae384a0b1e2c66269e6bc5198db8561fb45a2/commons-compress-1.0.jar
7f51a9b59000-7f51a9b5b000 r--s 00005000 08:03 4201364                    /home/siddhu/.gradle/caches/modules-2/files-2.1/org.apache.httpcomponents/httpmime/4.1/9ba2dcdf94ce35c8a8e9bff242db0618ca932e92/httpmime-4.1.jar
7f51a9b5b000-7f51a9b63000 r--s 0004e000 08:03 4201362                    /home/siddhu/.gradle/caches/modules-2/files-2.1/org.apache.httpcomponents/httpclient/4.1.1/3d1d918f32709e33ba7ddb2c4e8d1c543ebe713e/httpclient-4.1.1.jar
7f51a9b63000-7f51a9b66000 r--s 00010000 08:03 4201360                    /home/siddhu/.gradle/caches/modules-2/files-2.1/com.android.tools.layoutlib/layoutlib-api/22.8.4/8e142e78d0c99c8e4ffbcb55a191131ad5a9b671/layoutlib-api-22.8.4.jar
7f51a9b66000-7f51a9b67000 r--s 00003000 08:03 4201358                    /home/siddhu/.gradle/caches/modules-2/files-2.1/com.android.tools/dvlib/22.8.4/f0c7a7ee1857ff4782525a684281808556014532/dvlib-22.8.4.jar
7f51a9b67000-7f51a9b68000 r--s 0000a000 08:03 4201356                    /home/siddhu/.gradle/caches/modules-2/files-2.1/net.sf.kxml/kxml2/2.3.0/ccbc77a5fd907ef863c29f3596c6f54ffa4e9442/kxml2-2.3.0.jar
7f51a9b68000-7f51a9b69000 r--s 00004000 08:03 4201354                    /home/siddhu/.gradle/caches/modules-2/files-2.1/org.ow2.asm/asm-analysis/4.0/1c45d52b6f6c638db13cf3ac12adeb56b254cdd7/asm-analysis-4.0.jar
7f51a9b69000-7f51a9b6c000 r--s 00027000 08:03 4201352                    /home/siddhu/.gradle/caches/modules-2/files-2.1/com.android.tools.lint/lint-api/22.8.4/cc703f06f4c29cd98f7ea5629f06776a5ee3815/lint-api-22.8.4.jar
7f51a9b6c000-7f51a9b6e000 r--s 00011000 08:03 4201350                    /home/siddhu/.gradle/caches/modules-2/files-2.1/com.android.tools/common/22.8.4/48e1c32d53a360635d577e86fc229dcc6b593916/common-22.8.4.jar
7f51a9b6e000-7f51a9b7c000 r--s 00081000 08:03 4201348                    /home/siddhu/.gradle/caches/modules-2/files-2.1/org.bouncycastle/bcpkix-jdk15on/1.48/28b7614b908a47844bb27e3c94b45b6893656265/bcpkix-jdk15on-1.48.jar
7f51a9b7c000-7f51a9b7d000 r--s 00002000 08:03 4201346                    /home/siddhu/.gradle/caches/modules-2/files-2.1/com.android.tools.build/builder-model/0.10.4/1e848b4ca0681d6b8ef082b673e2b0ec7560b7a4/builder-model-0.10.4.jar
7f51a9b7d000-7f51a9b87000 r--s 000a3000 08:03 4201344                    /home/siddhu/.gradle/caches/modules-2/files-2.1/com.android.tools/sdklib/22.8.4/be560ebd1bc82dfd14d3d86a51c189d7b3f26e4/sdklib-22.8.4.jar
7f51a9b87000-7f51a9b88000 r--s 00002000 08:03 4201342                    /home/siddhu/.gradle/caches/modules-2/files-2.1/com.squareup/javawriter/2.2.1/d6dac1da0b24ab9ea9a6b5d49c2586d85f17e597/javawriter-2.2.1.jar
7f51a9b88000-7f51a9b8b000 r--s 00026000 08:03 4201340                    /home/siddhu/.gradle/caches/modules-2/files-2.1/com.android.tools.build/manifest-merger/22.8.4/be2ef8a9bac178012c4d0d104fd3fc053acc72be/manifest-merger-22.8.4.jar
7f51a9b8b000-7f51a9b8c000 r--s 00000000 08:03 4201338                    /home/siddhu/.gradle/caches/modules-2/files-2.1/com.android.tools.build/builder-test-api/0.10.4/47b90215a46f8b2e33cb8f95a3f3446935ac777/builder-test-api-0.10.4.jar
7f51a9b8c000-7f51a9b91000 r--s 00042000 08:03 4201336                    /home/siddhu/.gradle/caches/modules-2/files-2.1/com.android.tools/sdk-common/22.8.4/acb932808806d0fcb945e8d60a0c9b940b0a6d36/sdk-common-22.8.4.jar
7f51a9b91000-7f51a9b95000 r--s 0003d000 08:03 4201334                    /home/siddhu/.gradle/caches/modules-2/files-2.1/com.android.tools.ddms/ddmlib/22.8.4/f3ff694ed32718738bb93df7b3f3f015da646412/ddmlib-22.8.4.jar
7f51a9b95000-7f51a9b9b000 r--s 00082000 08:03 3672745                    /home/siddhu/.gradle/caches/modules-2/files-2.1/com.android.tools.lint/lint-checks/22.8.4/8d5d52fbe7bcbd96d7e3e2ca13f5dcb3fe60a2e4/lint-checks-22.8.4.jar
7f51a9b9b000-7f51a9baa000 r--s 001a9000 08:03 3672743                    /home/siddhu/.gradle/caches/modules-2/files-2.1/org.eclipse.jdt.core.compiler/ecj/4.2.2/d9fd79499c664bccaf24dbe04be417de6c6af64a/ecj-4.2.2.jar
7f51a9baa000-7f51a9bba000 r--s 000c5000 08:03 3672741                    /home/siddhu/.gradle/caches/modules-2/files-2.1/net.sf.proguard/proguard-base/4.11/76730af417bb42da22b16e49f49e67863382b9bd/proguard-base-4.11.jar
7f51a9bba000-7f51a9bbd000 r--s 00029000 08:03 3672739                    /home/siddhu/.gradle/caches/modules-2/files-2.1/com.android.tools.build/builder/0.10.4/cc32c4eb1340fc4fc73cd0bce820e7368ab818ec/builder-0.10.4.jar
7f51a9bbd000-7f51a9bbf000 r--s 00016000 08:03 3544092                    /home/siddhu/.gradle/caches/modules-2/files-2.1/com.android.tools.lint/lint/22.8.4/30476a80becb7902f343e0696b2e3e8eb6a59ad9/lint-22.8.4.jar
7f51a9bbf000-7f51a9bc0000 r--s 00002000 08:03 3544090                    /home/siddhu/.gradle/caches/modules-2/files-2.1/net.sf.proguard/proguard-gradle/4.11/da875d4b67a8be6c770b11d894434843714ac69d/proguard-gradle-4.11.jar
7f51a9bc0000-7f51a9bcd000 r--s 000f7000 08:03 3544088                    /home/siddhu/.gradle/caches/modules-2/files-2.1/com.android.tools.build/gradle/0.10.4/b5dbb89b0ffab94d3cb31be9ddb5500f472a7311/gradle-0.10.4.jar
7f51a9bcd000-7f51a9bd6000 r--s 000b9000 08:01 1195506                    /usr/lib/jvm/java-7-openjdk/jre/lib/resources.jar
7f51a9bd6000-7f51a9bd9000 ---p 00000000 00:00 0 
7f51a9bd9000-7f51a9cd7000 rw-p 00000000 00:00 0                          [stack:1542]
7f51a9cd7000-7f51a9cda000 ---p 00000000 00:00 0 
7f51a9cda000-7f51a9d10000 rw-p 00000000 00:00 0                          [stack:1541]
7f51a9d10000-7f51a9d11000 r--p 00000000 00:00 0 
7f51a9d11000-7f51a9d7c000 r--s 0069c000 08:01 1196149                    /usr/lib/jvm/java-7-openjdk/lib/tools.jar
7f51a9d7c000-7f51a9d91000 r-xp 00000000 00:1f 3573593                    /tmp/jna7709121449240511733.tmp
7f51a9d91000-7f51a9e90000 ---p 00015000 00:1f 3573593                    /tmp/jna7709121449240511733.tmp
7f51a9e90000-7f51a9e92000 rw-p 00014000 00:1f 3573593                    /tmp/jna7709121449240511733.tmp
7f51a9e92000-7f51a9e95000 ---p 00000000 00:00 0 
7f51a9e95000-7f51a9f93000 rw-p 00000000 00:00 0                          [stack:1539]
7f51a9f93000-7f51a9f96000 ---p 00000000 00:00 0 
7f51a9f96000-7f51aa094000 rw-p 00000000 00:00 0                          [stack:1536]
7f51aa094000-7f51aa097000 ---p 00000000 00:00 0 
7f51aa097000-7f51aa195000 rw-p 00000000 00:00 0                          [stack:1535]
7f51aa195000-7f51aa198000 ---p 00000000 00:00 0 
7f51aa198000-7f51aa296000 rw-p 00000000 00:00 0                          [stack:1534]
7f51aa296000-7f51aa29a000 r-xp 00000000 00:1f 3571541                    /tmp/native-platform2376108850566913790dir/libnative-platform-linux-amd64.so
7f51aa29a000-7f51aa499000 ---p 00004000 00:1f 3571541                    /tmp/native-platform2376108850566913790dir/libnative-platform-linux-amd64.so
7f51aa499000-7f51aa49a000 rw-p 00003000 00:1f 3571541                    /tmp/native-platform2376108850566913790dir/libnative-platform-linux-amd64.so
7f51aa49a000-7f51aa49f000 r--s 0004c000 08:01 1195507                    /usr/lib/jvm/java-7-openjdk/jre/lib/jsse.jar
7f51aa49f000-7f51aa4a1000 r--s 00002000 08:03 4330525                    /home/siddhu/.gradle/wrapper/dists/gradle-1.10-all/6vpvhqu0efs1fqmqr2decq1v12/gradle-1.10/lib/plugins/gradle-language-base-1.10.jar
7f51aa4a1000-7f51aa4a2000 r--s 00004000 08:03 4330524                    /home/siddhu/.gradle/wrapper/dists/gradle-1.10-all/6vpvhqu0efs1fqmqr2decq1v12/gradle-1.10/lib/plugins/gradle-language-jvm-1.10.jar
7f51aa4a2000-7f51aa4a7000 r--s 00029000 08:03 4330523                    /home/siddhu/.gradle/wrapper/dists/gradle-1.10-all/6vpvhqu0efs1fqmqr2decq1v12/gradle-1.10/lib/plugins/gradle-build-init-1.10.jar
7f51aa4a7000-7f51aa4aa000 r--s 0001f000 08:03 4330522                    /home/siddhu/.gradle/wrapper/dists/gradle-1.10-all/6vpvhqu0efs1fqmqr2decq1v12/gradle-1.10/lib/plugins/gradle-jacoco-1.10.jar
7f51aa4aa000-7f51aa4ad000 r--s 0000c000 08:03 4330521                    /home/siddhu/.gradle/wrapper/dists/gradle-1.10-all/6vpvhqu0efs1fqmqr2decq1v12/gradle-1.10/lib/plugins/gradle-ivy-1.10.jar
7f51aa4ad000-7f51aa4ae000 r--s 00002000 08:03 4330520                    /home/siddhu/.gradle/wrapper/dists/gradle-1.10-all/6vpvhqu0efs1fqmqr2decq1v12/gradle-1.10/lib/plugins/gradle-publish-1.10.jar
7f51aa4ae000-7f51aa4b0000 r--s 00005000 08:03 4330550                    /home/siddhu/.gradle/wrapper/dists/gradle-1.10-all/6vpvhqu0efs1fqmqr2decq1v12/gradle-1.10/lib/plugins/jatl-0.2.2.jar
7f51aa4b0000-7f51aa4b2000 r--s 00007000 08:03 4330519                    /home/siddhu/.gradle/wrapper/dists/gradle-1.10-all/6vpvhqu0efs1fqmqr2decq1v12/gradle-1.10/lib/plugins/gradle-reporting-1.10.jar
7f51aa4b2000-7f51aa4b7000 r--s 0003c000 08:03 4330518                    /home/siddhu/.gradle/wrapper/dists/gradle-1.10-all/6vpvhqu0efs1fqmqr2decq1v12/gradle-1.10/lib/plugins/gradle-diagnostics-1.10.jar
7f51aa4b7000-7f51aa4be000 r--s 00094000 08:03 4330517                    /home/siddhu/.gradle/wrapper/dists/gradle-1.10-all/6vpvhqu0efs1fqmqr2decq1v12/gradle-1.10/lib/plugins/gradle-build-comparison-1.10.jar
7f51aa4be000-7f51aa4c5000 r--s 00035000 08:03 4330549                    /home/siddhu/.gradle/wrapper/dists/gradle-1.10-all/6vpvhqu0efs1fqmqr2decq1v12/gradle-1.10/lib/plugins/simple-4.1.21.jar
7f51aa4c5000-7f51aa4ca000 r--s 0002a000 08:03 4330548                    /home/siddhu/.gradle/wrapper/dists/gradle-1.10-all/6vpvhqu0efs1fqmqr2decq1v12/gradle-1.10/lib/plugins/gson-2.2.1.jar
7f51aa4ca000-7f51aa4d6000 r--s 00100000 08:03 4330547                    /home/siddhu/.gradle/wrapper/dists/gradle-1.10-all/6vpvhqu0efs1fqmqr2decq1v12/gradle-1.10/lib/plugins/rhino-1.7R3.jar
7f51aa4d6000-7f51aa4db000 r--s 00021000 08:03 4330516                    /home/siddhu/.gradle/wrapper/dists/gradle-1.10-all/6vpvhqu0efs1fqmqr2decq1v12/gradle-1.10/lib/plugins/gradle-javascript-1.10.jar
7f51aa4db000-7f51aa4dd000 r--s 0000f000 08:03 4330515                    /home/siddhu/.gradle/wrapper/dists/gradle-1.10-all/6vpvhqu0efs1fqmqr2decq1v12/gradle-1.10/lib/plugins/gradle-ear-1.10.jar
7f51aa4dd000-7f51aa4ed000 r--s 000a3000 08:03 4330514                    /home/siddhu/.gradle/wrapper/dists/gradle-1.10-all/6vpvhqu0efs1fqmqr2decq1v12/gradle-1.10/lib/plugins/gradle-cpp-1.10.jar
7f51aa4ed000-7f51aa515000 r--s 00194000 08:03 4330560                    /home/siddhu/.gradle/wrapper/dists/gradle-1.10-all/6vpvhqu0efs1fqmqr2decq1v12/gradle-1.10/lib/plugins/bcprov-jdk15-1.46.jar
7f51aa515000-7f51aa519000 r--s 00025000 08:03 4330546                    /home/siddhu/.gradle/wrapper/dists/gradle-1.10-all/6vpvhqu0efs1fqmqr2decq1v12/gradle-1.10/lib/plugins/bcpg-jdk15-1.46.jar
7f51aa519000-7f51aa51c000 r--s 00021000 08:03 4330513                    /home/siddhu/.gradle/wrapper/dists/gradle-1.10-all/6vpvhqu0efs1fqmqr2decq1v12/gradle-1.10/lib/plugins/gradle-signing-1.10.jar
7f51aa51c000-7f51aa51d000 r--s 00002000 08:03 4330545                    /home/siddhu/.gradle/wrapper/dists/gradle-1.10-all/6vpvhqu0efs1fqmqr2decq1v12/gradle-1.10/lib/plugins/sonar-batch-bootstrapper-2.9.jar
7f51aa51d000-7f51aa51e000 r--s 00007000 08:03 4330544                    /home/siddhu/.gradle/wrapper/dists/gradle-1.10-all/6vpvhqu0efs1fqmqr2decq1v12/gradle-1.10/lib/plugins/sonar-runner-2.0.jar
7f51aa51e000-7f51aa521000 r--s 00022000 08:03 4330512                    /home/siddhu/.gradle/wrapper/dists/gradle-1.10-all/6vpvhqu0efs1fqmqr2decq1v12/gradle-1.10/lib/plugins/gradle-sonar-1.10.jar
7f51aa521000-7f51aa524000 r--s 0001c000 08:03 4330511                    /home/siddhu/.gradle/wrapper/dists/gradle-1.10-all/6vpvhqu0efs1fqmqr2decq1v12/gradle-1.10/lib/plugins/gradle-scala-1.10.jar
7f51aa524000-7f51aa526000 r--s 0000f000 08:03 4330510                    /home/siddhu/.gradle/wrapper/dists/gradle-1.10-all/6vpvhqu0efs1fqmqr2decq1v12/gradle-1.10/lib/plugins/gradle-announce-1.10.jar
7f51aa526000-7f51aa534000 r--s 000d9000 08:03 4330509                    /home/siddhu/.gradle/wrapper/dists/gradle-1.10-all/6vpvhqu0efs1fqmqr2decq1v12/gradle-1.10/lib/plugins/gradle-ide-1.10.jar
7f51aa534000-7f51aa536000 r--s 00000000 08:03 4330543                    /home/siddhu/.gradle/wrapper/dists/gradle-1.10-all/6vpvhqu0efs1fqmqr2decq1v12/gradle-1.10/lib/plugins/plexus-component-annotations-1.5.2.jar
7f51aa536000-7f51aa539000 r--s 0000c000 08:03 4330542                    /home/siddhu/.gradle/wrapper/dists/gradle-1.10-all/6vpvhqu0efs1fqmqr2decq1v12/gradle-1.10/lib/plugins/pmaven-groovy-0.8-20100325.jar
7f51aa539000-7f51aa53a000 r--s 00004000 08:03 4330541                    /home/siddhu/.gradle/wrapper/dists/gradle-1.10-all/6vpvhqu0efs1fqmqr2decq1v12/gradle-1.10/lib/plugins/pmaven-common-0.8-20100325.jar
7f51aa53a000-7f51aa53f000 r--s 0001c000 08:03 4330508                    /home/siddhu/.gradle/wrapper/dists/gradle-1.10-all/6vpvhqu0efs1fqmqr2decq1v12/gradle-1.10/lib/plugins/gradle-maven-1.10.jar
7f51aa53f000-7f51aa557000 r--s 0013b000 08:03 4330539                    /home/siddhu/.gradle/wrapper/dists/gradle-1.10-all/6vpvhqu0efs1fqmqr2decq1v12/gradle-1.10/lib/plugins/bndlib-2.1.0.jar
7f51aa557000-7f51aa558000 r--s 00005000 08:03 4330507                    /home/siddhu/.gradle/wrapper/dists/gradle-1.10-all/6vpvhqu0efs1fqmqr2decq1v12/gradle-1.10/lib/plugins/gradle-osgi-1.10.jar
7f51aa558000-7f51aa55d000 r--s 00068000 08:03 4330538                    /home/siddhu/.gradle/wrapper/dists/gradle-1.10-all/6vpvhqu0efs1fqmqr2decq1v12/gradle-1.10/lib/plugins/antlr-2.7.7.jar
7f51aa55d000-7f51aa55e000 r--s 00002000 08:03 4330537                    /home/siddhu/.gradle/wrapper/dists/gradle-1.10-all/6vpvhqu0efs1fqmqr2decq1v12/gradle-1.10/lib/plugins/ant-antlr-1.9.2.jar
7f51aa55e000-7f51aa560000 r--s 00004000 08:03 4330506                    /home/siddhu/.gradle/wrapper/dists/gradle-1.10-all/6vpvhqu0efs1fqmqr2decq1v12/gradle-1.10/lib/plugins/gradle-antlr-1.10.jar
7f51aa560000-7f51aa563000 r--s 0001e000 08:03 4330559                    /home/siddhu/.gradle/wrapper/dists/gradle-1.10-all/6vpvhqu0efs1fqmqr2decq1v12/gradle-1.10/lib/plugins/jsp-api-2.1-6.1.14.jar
7f51aa563000-7f51aa586000 r--s 00344000 08:03 4330558                    /home/siddhu/.gradle/wrapper/dists/gradle-1.10-all/6vpvhqu0efs1fqmqr2decq1v12/gradle-1.10/lib/plugins/core-3.1.1.jar
7f51aa586000-7f51aa587000 r--s 00006000 08:03 4330557                    /home/siddhu/.gradle/wrapper/dists/gradle-1.10-all/6vpvhqu0efs1fqmqr2decq1v12/gradle-1.10/lib/plugins/jetty-naming-6.1.25.jar
7f51aa587000-7f51aa588000 r--s 00002000 08:03 4330536                    /home/siddhu/.gradle/wrapper/dists/gradle-1.10-all/6vpvhqu0efs1fqmqr2decq1v12/gradle-1.10/lib/plugins/geronimo-annotation_1.0_spec-1.0.jar
7f51aa588000-7f51aa58a000 r--s 00002000 08:03 4330535                    /home/siddhu/.gradle/wrapper/dists/gradle-1.10-all/6vpvhqu0efs1fqmqr2decq1v12/gradle-1.10/lib/plugins/jetty-annotations-6.1.25.jar
7f51aa58a000-7f51aa59b000 r--s 000ea000 08:03 4330534                    /home/siddhu/.gradle/wrapper/dists/gradle-1.10-all/6vpvhqu0efs1fqmqr2decq1v12/gradle-1.10/lib/plugins/jsp-2.1-6.1.14.jar
7f51aa59b000-7f51aa59d000 r--s 0000d000 08:03 4330533                    /home/siddhu/.gradle/wrapper/dists/gradle-1.10-all/6vpvhqu0efs1fqmqr2decq1v12/gradle-1.10/lib/plugins/jetty-plus-6.1.25.jar
7f51aa59d000-7f51aa59f000 r--s 0001f000 08:03 4330532                    /home/siddhu/.gradle/wrapper/dists/gradle-1.10-all/6vpvhqu0efs1fqmqr2decq1v12/gradle-1.10/lib/plugins/servlet-api-2.5-20081211.jar
7f51aa59f000-7f51aa5a3000 r--s 00028000 08:03 4330531                    /home/siddhu/.gradle/wrapper/dists/gradle-1.10-all/6vpvhqu0efs1fqmqr2decq1v12/gradle-1.10/lib/plugins/jetty-util-6.1.25.jar
7f51aa5a3000-7f51aa5aa000 r--s 0007d000 08:03 4330530                    /home/siddhu/.gradle/wrapper/dists/gradle-1.10-all/6vpvhqu0efs1fqmqr2decq1v12/gradle-1.10/lib/plugins/jetty-6.1.25.jar
7f51aa5aa000-7f51aa5ac000 r--s 00009000 08:03 4330505                    /home/siddhu/.gradle/wrapper/dists/gradle-1.10-all/6vpvhqu0efs1fqmqr2decq1v12/gradle-1.10/lib/plugins/gradle-jetty-1.10.jar
7f51aa5ac000-7f51aa5b2000 r--s 0004c000 08:03 4330504                    /home/siddhu/.gradle/wrapper/dists/gradle-1.10-all/6vpvhqu0efs1fqmqr2decq1v12/gradle-1.10/lib/plugins/gradle-code-quality-1.10.jar
7f51aa5b2000-7f51aa5b4000 r--s 00009000 08:03 4330566                    /home/siddhu/.gradle/wrapper/dists/gradle-1.10-all/6vpvhqu0efs1fqmqr2decq1v12/gradle-1.10/lib/plugins/hamcrest-core-1.3.jar
7f51aa5b4000-7f51aa5ba000 r--s 00033000 08:03 4330556                    /home/siddhu/.gradle/wrapper/dists/gradle-1.10-all/6vpvhqu0efs1fqmqr2decq1v12/gradle-1.10/lib/plugins/snakeyaml-1.6.jar
7f51aa5ba000-7f51aa5bc000 r--s 00006000 08:03 4330555                    /home/siddhu/.gradle/wrapper/dists/gradle-1.10-all/6vpvhqu0efs1fqmqr2decq1v12/gradle-1.10/lib/plugins/jcommander-1.12.jar
7f51aa5bc000-7f51aa5c1000 r--s 00040000 08:03 4330554                    /home/siddhu/.gradle/wrapper/dists/gradle-1.10-all/6vpvhqu0efs1fqmqr2decq1v12/gradle-1.10/lib/plugins/bsh-2.0b4.jar
7f51aa5c1000-7f51aa5c3000 r--s 00009000 08:03 4330529                    /home/siddhu/.gradle/wrapper/dists/gradle-1.10-all/6vpvhqu0efs1fqmqr2decq1v12/gradle-1.10/lib/plugins/commons-cli-1.2.jar
7f51aa5c3000-7f51aa5cc000 r--s 00089000 08:03 4330528                    /home/siddhu/.gradle/wrapper/dists/gradle-1.10-all/6vpvhqu0efs1fqmqr2decq1v12/gradle-1.10/lib/plugins/testng-6.3.1.jar
7f51aa5cc000-7f51aa5d2000 r--s 00036000 08:03 4330527                    /home/siddhu/.gradle/wrapper/dists/gradle-1.10-all/6vpvhqu0efs1fqmqr2decq1v12/gradle-1.10/lib/plugins/junit-4.11.jar
7f51aa5d2000-7f51aa5e2000 r--s 000a6000 08:03 4330503                    /home/siddhu/.gradle/wrapper/dists/gradle-1.10-all/6vpvhqu0efs1fqmqr2decq1v12/gradle-1.10/lib/plugins/gradle-plugins-1.10.jar
7f51aa5e2000-7f51aa5fa000 r--s 00115000 08:03 4330564                    /home/siddhu/.gradle/wrapper/dists/gradle-1.10-all/6vpvhqu0efs1fqmqr2decq1v12/gradle-1.10/lib/plugins/xercesImpl-2.9.1.jar
7f51aa5fa000-7f51aa602000 r--s 00028000 08:03 4330565                    /home/siddhu/.gradle/wrapper/dists/gradle-1.10-all/6vpvhqu0efs1fqmqr2decq1v12/gradle-1.10/lib/plugins/xml-apis-1.3.04.jar
7f51aa602000-7f51aa608000 r--s 0005b000 08:03 4330563                    /home/siddhu/.gradle/wrapper/dists/gradle-1.10-all/6vpvhqu0efs1fqmqr2decq1v12/gradle-1.10/lib/plugins/jcifs-1.3.17.jar
7f51aa608000-7f51aa60e000 r--s 00031000 08:03 4330562                    /home/siddhu/.gradle/wrapper/dists/gradle-1.10-all/6vpvhqu0efs1fqmqr2decq1v12/gradle-1.10/lib/plugins/httpcore-4.2.2.jar
7f51aa60e000-7f51aa614000 r--s 00033000 08:03 4330561                    /home/siddhu/.gradle/wrapper/dists/gradle-1.10-all/6vpvhqu0efs1fqmqr2decq1v12/gradle-1.10/lib/plugins/commons-codec-1.6.jar
7f51aa614000-7f51aa618000 r--s 0001d000 08:03 4330553                    /home/siddhu/.gradle/wrapper/dists/gradle-1.10-all/6vpvhqu0efs1fqmqr2decq1v12/gradle-1.10/lib/plugins/xbean-reflect-3.4.jar
7f51aa618000-7f51aa61b000 r--s 0001c000 08:03 4330552                    /home/siddhu/.gradle/wrapper/dists/gradle-1.10-all/6vpvhqu0efs1fqmqr2decq1v12/gradle-1.10/lib/plugins/nekohtml-1.9.14.jar
7f51aa61b000-7f51aa634000 r--s 00129000 08:03 4330540                    /home/siddhu/.gradle/wrapper/dists/gradle-1.10-all/6vpvhqu0efs1fqmqr2decq1v12/gradle-1.10/lib/plugins/maven-ant-tasks-2.1.3.jar
7f51aa634000-7f51aa63d000 r--s 00060000 08:03 4330551                    /home/siddhu/.gradle/wrapper/dists/gradle-1.10-all/6vpvhqu0efs1fqmqr2decq1v12/gradle-1.10/lib/plugins/httpclient-4.2.2.jar
7f51aa63d000-7f51aa641000 r--s 0001e000 08:03 4330502                    /home/siddhu/.gradle/wrapper/dists/gradle-1.10-all/6vpvhqu0efs1fqmqr2decq1v12/gradle-1.10/lib/plugins/jarjar-aether-impl-1.13.1.jar
7f51aa641000-7f51aa644000 r--s 00027000 08:03 4330501                    /home/siddhu/.gradle/wrapper/dists/gradle-1.10-all/6vpvhqu0efs1fqmqr2decq1v12/gradle-1.10/lib/plugins/jarjar-maven-model-3.0.4.jar
7f51aa644000-7f51aa647000 r--s 0000b000 08:03 4330500                    /home/siddhu/.gradle/wrapper/dists/gradle-1.10-all/6vpvhqu0efs1fqmqr2decq1v12/gradle-1.10/lib/plugins/jarjar-maven-artifact-3.0.4.jar
7f51aa647000-7f51aa64b000 r--s 0001e000 08:03 4330499                    /home/siddhu/.gradle/wrapper/dists/gradle-1.10-all/6vpvhqu0efs1fqmqr2decq1v12/gradle-1.10/lib/plugins/jarjar-aether-util-1.13.1.jar
7f51aa64b000-7f51aa64d000 r--s 00007000 08:03 4330498                    /home/siddhu/.gradle/wrapper/dists/gradle-1.10-all/6vpvhqu0efs1fqmqr2decq1v12/gradle-1.10/lib/plugins/jarjar-wagon-http-shared4-2.4.jar
7f51aa64d000-7f51aa65a000 r--s 00083000 08:03 4330497                    /home/siddhu/.gradle/wrapper/dists/gradle-1.10-all/6vpvhqu0efs1fqmqr2decq1v12/gradle-1.10/lib/plugins/jarjar-maven-core-3.0.4.jar
7f51aa65a000-7f51aa65c000 r--s 00003000 08:03 4330496                    /home/siddhu/.gradle/wrapper/dists/gradle-1.10-all/6vpvhqu0efs1fqmqr2decq1v12/gradle-1.10/lib/plugins/jarjar-aether-spi-1.13.1.jar
7f51aa65c000-7f51aa65e000 r--s 00009000 08:03 4330495                    /home/siddhu/.gradle/wrapper/dists/gradle-1.10-all/6vpvhqu0efs1fqmqr2decq1v12/gradle-1.10/lib/plugins/jarjar-maven-settings-builder-3.0.4.jar
7f51aa65e000-7f51aa662000 r--s 00014000 08:03 4330494                    /home/siddhu/.gradle/wrapper/dists/gradle-1.10-all/6vpvhqu0efs1fqmqr2decq1v12/gradle-1.10/lib/plugins/jarjar-aether-api-1.13.1.jar
7f51aa662000-7f51aa669000 r--s 00042000 08:03 4330492                    /home/siddhu/.gradle/wrapper/dists/gradle-1.10-all/6vpvhqu0efs1fqmqr2decq1v12/gradle-1.10/lib/plugins/jarjar-maven-compat-3.0.4.jar
7f51aa669000-7f51aa66b000 r--s 00006000 08:03 4330491                    /home/siddhu/.gradle/wrapper/dists/gradle-1.10-all/6vpvhqu0efs1fqmqr2decq1v12/gradle-1.10/lib/plugins/jarjar-aether-connector-wagon-1.13.1.jar
7f51aa66b000-7f51aa66d000 r--s 00000000 08:03 4330490                    /home/siddhu/.gradle/wrapper/dists/gradle-1.10-all/6vpvhqu0efs1fqmqr2decq1v12/gradle-1.10/lib/plugins/jarjar-plexus-component-annotations-1.5.5.jar
7f51aa66d000-7f51aa66f000 r--s 00006000 08:03 4330489                    /home/siddhu/.gradle/wrapper/dists/gradle-1.10-all/6vpvhqu0efs1fqmqr2decq1v12/gradle-1.10/lib/plugins/jarjar-plexus-sec-dispatcher-1.3.jar
7f51aa66f000-7f51aa67f000 r-xp 00000000 08:01 1196026                    /usr/lib/jvm/java-7-openjdk/jre/lib/amd64/libnio.so
7f51aa67f000-7f51aa87f000 ---p 00010000 08:01 1196026                    /usr/lib/jvm/java-7-openjdk/jre/lib/amd64/libnio.so
7f51aa87f000-7f51aa880000 rw-p 00010000 08:01 1196026                    /usr/lib/jvm/java-7-openjdk/jre/lib/amd64/libnio.so
7f51aa880000-7f51aa8b1000 rw-p 00000000 00:00 0 
7f51aa8b1000-7f51aa8c5000 r-xp 00000000 08:01 1051878                    /usr/lib/libresolv-2.19.so
7f51aa8c5000-7f51aaac4000 ---p 00014000 08:01 1051878                    /usr/lib/libresolv-2.19.so
7f51aaac4000-7f51aaac5000 r--p 00013000 08:01 1051878                    /usr/lib/libresolv-2.19.so
7f51aaac5000-7f51aaac6000 rw-p 00014000 08:01 1051878                    /usr/lib/libresolv-2.19.so
7f51aaac6000-7f51aaac8000 rw-p 00000000 00:00 0 
7f51aaac8000-7f51aab31000 r-xp 00000000 08:01 1059178                    /usr/lib/libpcre.so.1.2.3
7f51aab31000-7f51aad30000 ---p 00069000 08:01 1059178                    /usr/lib/libpcre.so.1.2.3
7f51aad30000-7f51aad31000 r--p 00068000 08:01 1059178                    /usr/lib/libpcre.so.1.2.3
7f51aad31000-7f51aad32000 rw-p 00069000 08:01 1059178                    /usr/lib/libpcre.so.1.2.3
7f51aad32000-7f51aad35000 r-xp 00000000 08:01 1059421                    /usr/lib/libgmodule-2.0.so.0.4000.0
7f51aad35000-7f51aaf34000 ---p 00003000 08:01 1059421                    /usr/lib/libgmodule-2.0.so.0.4000.0
7f51aaf34000-7f51aaf35000 r--p 00002000 08:01 1059421                    /usr/lib/libgmodule-2.0.so.0.4000.0
7f51aaf35000-7f51aaf36000 rw-p 00003000 08:01 1059421                    /usr/lib/libgmodule-2.0.so.0.4000.0
7f51aaf36000-7f51aaf3d000 r-xp 00000000 08:01 1059308                    /usr/lib/libffi.so.6.0.1
7f51aaf3d000-7f51ab13c000 ---p 00007000 08:01 1059308                    /usr/lib/libffi.so.6.0.1
7f51ab13c000-7f51ab13d000 r--p 00006000 08:01 1059308                    /usr/lib/libffi.so.6.0.1
7f51ab13d000-7f51ab13e000 rw-p 00007000 08:01 1059308                    /usr/lib/libffi.so.6.0.1
7f51ab13e000-7f51ab243000 r-xp 00000000 08:01 1059420                    /usr/lib/libglib-2.0.so.0.4000.0
7f51ab243000-7f51ab443000 ---p 00105000 08:01 1059420                    /usr/lib/libglib-2.0.so.0.4000.0
7f51ab443000-7f51ab444000 r--p 00105000 08:01 1059420                    /usr/lib/libglib-2.0.so.0.4000.0
7f51ab444000-7f51ab445000 rw-p 00106000 08:01 1059420                    /usr/lib/libglib-2.0.so.0.4000.0
7f51ab445000-7f51ab446000 rw-p 00000000 00:00 0 
7f51ab446000-7f51ab494000 r-xp 00000000 08:01 1059423                    /usr/lib/libgobject-2.0.so.0.4000.0
7f51ab494000-7f51ab694000 ---p 0004e000 08:01 1059423                    /usr/lib/libgobject-2.0.so.0.4000.0
7f51ab694000-7f51ab695000 r--p 0004e000 08:01 1059423                    /usr/lib/libgobject-2.0.so.0.4000.0
7f51ab695000-7f51ab696000 rw-p 0004f000 08:01 1059423                    /usr/lib/libgobject-2.0.so.0.4000.0
7f51ab696000-7f51ab7ff000 r-xp 00000000 08:01 1059424                    /usr/lib/libgio-2.0.so.0.4000.0
7f51ab7ff000-7f51ab9ff000 ---p 00169000 08:01 1059424                    /usr/lib/libgio-2.0.so.0.4000.0
7f51ab9ff000-7f51aba03000 r--p 00169000 08:01 1059424                    /usr/lib/libgio-2.0.so.0.4000.0
7f51aba03000-7f51aba05000 rw-p 0016d000 08:01 1059424                    /usr/lib/libgio-2.0.so.0.4000.0
7f51aba05000-7f51aba07000 rw-p 00000000 00:00 0 
7f51aba07000-7f51aba08000 r--s 00002000 08:03 4330493                    /home/siddhu/.gradle/wrapper/dists/gradle-1.10-all/6vpvhqu0efs1fqmqr2decq1v12/gradle-1.10/lib/plugins/jarjar-wagon-http-2.4.jar
7f51aba08000-7f51aba0d000 r--s 00022000 08:03 4330488                    /home/siddhu/.gradle/wrapper/dists/gradle-1.10-all/6vpvhqu0efs1fqmqr2decq1v12/gradle-1.10/lib/plugins/jarjar-maven-model-builder-3.0.4.jar
7f51aba0d000-7f51aba0f000 r--s 0000b000 08:03 4330487                    /home/siddhu/.gradle/wrapper/dists/gradle-1.10-all/6vpvhqu0efs1fqmqr2decq1v12/gradle-1.10/lib/plugins/jarjar-maven-plugin-api-3.0.4.jar
7f51aba0f000-7f51aba12000 r--s 0000a000 08:03 4330486                    /home/siddhu/.gradle/wrapper/dists/gradle-1.10-all/6vpvhqu0efs1fqmqr2decq1v12/gradle-1.10/lib/plugins/jarjar-plexus-classworlds-2.4.jar
7f51aba12000-7f51aba16000 r--s 00035000 08:03 4330485                    /home/siddhu/.gradle/wrapper/dists/gradle-1.10-all/6vpvhqu0efs1fqmqr2decq1v12/gradle-1.10/lib/plugins/jarjar-plexus-utils-2.0.6.jar
7f51aba16000-7f51aba18000 r--s 0000e000 08:03 4330484                    /home/siddhu/.gradle/wrapper/dists/gradle-1.10-all/6vpvhqu0efs1fqmqr2decq1v12/gradle-1.10/lib/plugins/jarjar-plexus-interpolation-1.14.jar
7f51aba18000-7f51aba1a000 r--s 00002000 08:03 4330483                    /home/siddhu/.gradle/wrapper/dists/gradle-1.10-all/6vpvhqu0efs1fqmqr2decq1v12/gradle-1.10/lib/plugins/jarjar-plexus-cipher-1.7.jar
7f51aba1a000-7f51aba1c000 r--s 0000c000 08:03 4330482                    /home/siddhu/.gradle/wrapper/dists/gradle-1.10-all/6vpvhqu0efs1fqmqr2decq1v12/gradle-1.10/lib/plugins/jarjar-wagon-provider-api-2.4.jar
7f51aba1c000-7f51aba1e000 r--s 0000d000 08:03 4330481                    /home/siddhu/.gradle/wrapper/dists/gradle-1.10-all/6vpvhqu0efs1fqmqr2decq1v12/gradle-1.10/lib/plugins/jarjar-maven-aether-provider-3.0.4.jar
7f51aba1e000-7f51aba26000 r--s 00031000 08:03 4330480                    /home/siddhu/.gradle/wrapper/dists/gradle-1.10-all/6vpvhqu0efs1fqmqr2decq1v12/gradle-1.10/lib/plugins/jarjar-plexus-container-default-1.5.5.jar
7f51aba26000-7f51aba27000 r--s 00007000 08:03 4330479                    /home/siddhu/.gradle/wrapper/dists/gradle-1.10-all/6vpvhqu0efs1fqmqr2decq1v12/gradle-1.10/lib/plugins/jarjar-maven-repository-metadata-3.0.4.jar
7f51aba27000-7f51aba28000 r--s 0000b000 08:03 4330478                    /home/siddhu/.gradle/wrapper/dists/gradle-1.10-all/6vpvhqu0efs1fqmqr2decq1v12/gradle-1.10/lib/plugins/jarjar-maven-settings-3.0.4.jar
7f51aba28000-7f51aba3e000 r--s 000a1000 08:03 4330526                    /home/siddhu/.gradle/wrapper/dists/gradle-1.10-all/6vpvhqu0efs1fqmqr2decq1v12/gradle-1.10/lib/plugins/gradle-core-impl-1.10.jar
7f51aba3e000-7f51aba54000 r-xp 00000000 08:01 1196025                    /usr/lib/jvm/java-7-openjdk/jre/lib/amd64/libnet.so
7f51aba54000-7f51abc54000 ---p 00016000 08:01 1196025                    /usr/lib/jvm/java-7-openjdk/jre/lib/amd64/libnet.so
7f51abc54000-7f51abc55000 rw-p 00016000 08:01 1196025                    /usr/lib/jvm/java-7-openjdk/jre/lib/amd64/libnet.so
7f51abc55000-7f51abc56000 r--s 00005000 08:03 4201232                    /home/siddhu/.gradle/wrapper/dists/gradle-1.10-all/6vpvhqu0efs1fqmqr2decq1v12/gradle-1.10/lib/gradle-wrapper-1.10.jar
7f51abc56000-7f51abc5e000 r--s 00025000 08:03 4201237                    /home/siddhu/.gradle/wrapper/dists/gradle-1.10-all/6vpvhqu0efs1fqmqr2decq1v12/gradle-1.10/lib/gradle-tooling-api-1.10.jar
7f51abc5e000-7f51abc60000 r--s 00005000 08:03 4201260                    /home/siddhu/.gradle/wrapper/dists/gradle-1.10-all/6vpvhqu0efs1fqmqr2decq1v12/gradle-1.10/lib/gradle-open-api-1.10.jar
7f51abc60000-7f51abc66000 r--s 00032000 08:03 4201262                    /home/siddhu/.gradle/wrapper/dists/gradle-1.10-all/6vpvhqu0efs1fqmqr2decq1v12/gradle-1.10/lib/jaxen-1.1.jar
7f51abc66000-7f51abc6b000 r--s 00048000 08:03 4201261                    /home/siddhu/.gradle/wrapper/dists/gradle-1.10-all/6vpvhqu0efs1fqmqr2decq1v12/gradle-1.10/lib/dom4j-1.6.1.jar
7f51abc6b000-7f51abc76000 r--s 0005b000 08:03 4201236                    /home/siddhu/.gradle/wrapper/dists/gradle-1.10-all/6vpvhqu0efs1fqmqr2decq1v12/gradle-1.10/lib/gradle-ui-1.10.jar
7f51abc76000-7f51abc78000 r--s 00007000 08:03 4201277                    /home/siddhu/.gradle/wrapper/dists/gradle-1.10-all/6vpvhqu0efs1fqmqr2decq1v12/gradle-1.10/lib/objenesis-1.2.jar
7f51abc78000-7f51abc7a000 r--s 00000000 08:03 4201276                    /home/siddhu/.gradle/wrapper/dists/gradle-1.10-all/6vpvhqu0efs1fqmqr2decq1v12/gradle-1.10/lib/minlog-1.2.jar
7f51abc7a000-7f51abc7c000 r--s 0000f000 08:03 4201275                    /home/siddhu/.gradle/wrapper/dists/gradle-1.10-all/6vpvhqu0efs1fqmqr2decq1v12/gradle-1.10/lib/reflectasm-1.07-shaded.jar
7f51abc7c000-7f51abc7e000 r--s 0000a000 08:03 4201278                    /home/siddhu/.gradle/wrapper/dists/gradle-1.10-all/6vpvhqu0efs1fqmqr2decq1v12/gradle-1.10/lib/asm-4.0.jar
7f51abc7e000-7f51abc82000 r--s 00026000 08:03 4201269                    /home/siddhu/.gradle/wrapper/dists/gradle-1.10-all/6vpvhqu0efs1fqmqr2decq1v12/gradle-1.10/lib/kryo-2.20.jar
7f51abc82000-7f51abc8a000 r--s 00035000 08:03 4201256                    /home/siddhu/.gradle/wrapper/dists/gradle-1.10-all/6vpvhqu0efs1fqmqr2decq1v12/gradle-1.10/lib/gradle-messaging-1.10.jar
7f51abc8a000-7f51abc8b000 r--s 00004000 08:03 4201274                    /home/siddhu/.gradle/wrapper/dists/gradle-1.10-all/6vpvhqu0efs1fqmqr2decq1v12/gradle-1.10/lib/native-platform-windows-i386-0.3-rc-2.jar
7f51abc8b000-7f51abc8c000 r--s 00006000 08:03 4201273                    /home/siddhu/.gradle/wrapper/dists/gradle-1.10-all/6vpvhqu0efs1fqmqr2decq1v12/gradle-1.10/lib/native-platform-windows-amd64-0.3-rc-2.jar
7f51abc8c000-7f51abc8d000 r--s 00003000 08:03 4201272                    /home/siddhu/.gradle/wrapper/dists/gradle-1.10-all/6vpvhqu0efs1fqmqr2decq1v12/gradle-1.10/lib/native-platform-linux-i386-0.3-rc-2.jar
7f51abc8d000-7f51abc8e000 r--s 00003000 08:03 4201271                    /home/siddhu/.gradle/wrapper/dists/gradle-1.10-all/6vpvhqu0efs1fqmqr2decq1v12/gradle-1.10/lib/native-platform-linux-amd64-0.3-rc-2.jar
7f51abc8e000-7f51abc8f000 r--s 00004000 08:03 4201270                    /home/siddhu/.gradle/wrapper/dists/gradle-1.10-all/6vpvhqu0efs1fqmqr2decq1v12/gradle-1.10/lib/native-platform-osx-universal-0.3-rc-2.jar
7f51abc8f000-7f51abc91000 r--s 00008000 08:03 4201266                    /home/siddhu/.gradle/wrapper/dists/gradle-1.10-all/6vpvhqu0efs1fqmqr2decq1v12/gradle-1.10/lib/jansi-1.2.1.jar
7f51abc91000-7f51abc94000 r--s 00013000 08:03 4201265                    /home/siddhu/.gradle/wrapper/dists/gradle-1.10-all/6vpvhqu0efs1fqmqr2decq1v12/gradle-1.10/lib/jna-posix-1.0.3.jar
7f51abc94000-7f51abc96000 r--s 0000b000 08:03 4201264                    /home/siddhu/.gradle/wrapper/dists/gradle-1.10-all/6vpvhqu0efs1fqmqr2decq1v12/gradle-1.10/lib/native-platform-0.3-rc-2.jar
7f51abc96000-7f51abc9a000 r--s 000e4000 08:03 4201263                    /home/siddhu/.gradle/wrapper/dists/gradle-1.10-all/6vpvhqu0efs1fqmqr2decq1v12/gradle-1.10/lib/jna-3.2.7.jar
7f51abc9a000-7f51abc9d000 r--s 00009000 08:03 4201238                    /home/siddhu/.gradle/wrapper/dists/gradle-1.10-all/6vpvhqu0efs1fqmqr2decq1v12/gradle-1.10/lib/gradle-native-1.10.jar
7f51abc9d000-7f51abc9f000 r--s 00005000 08:03 4201235                    /home/siddhu/.gradle/wrapper/dists/gradle-1.10-all/6vpvhqu0efs1fqmqr2decq1v12/gradle-1.10/lib/gradle-cli-1.10.jar
7f51abc9f000-7f51abca1000 r--s 00000000 08:03 4201242                    /home/siddhu/.gradle/wrapper/dists/gradle-1.10-all/6vpvhqu0efs1fqmqr2decq1v12/gradle-1.10/lib/gradle-base-services-groovy-1.10.jar
7f51abca1000-7f51abcfd000 r--s 00586000 08:03 4201241                    /home/siddhu/.gradle/wrapper/dists/gradle-1.10-all/6vpvhqu0efs1fqmqr2decq1v12/gradle-1.10/lib/groovy-all-1.8.6.jar
7f51abcfd000-7f51abcfe000 ---p 00000000 00:00 0 
7f51abcfe000-7f51abdfe000 rw-p 00000000 00:00 0                          [stack:1533]
7f51abdfe000-7f51abe01000 ---p 00000000 00:00 0 
7f51abe01000-7f51abeff000 rw-p 00000000 00:00 0                          [stack:1532]
7f51abeff000-7f51abf02000 ---p 00000000 00:00 0 
7f51abf02000-7f51ac000000 rw-p 00000000 00:00 0                          [stack:1531]
7f51ac000000-7f51ac021000 rw-p 00000000 00:00 0 
7f51ac021000-7f51b0000000 ---p 00000000 00:00 0 
7f51b0000000-7f51b0004000 r--s 00034000 08:03 4201268                    /home/siddhu/.gradle/wrapper/dists/gradle-1.10-all/6vpvhqu0efs1fqmqr2decq1v12/gradle-1.10/lib/jsch-0.1.46.jar
7f51b0004000-7f51b0006000 r--s 00003000 08:03 4201259                    /home/siddhu/.gradle/wrapper/dists/gradle-1.10-all/6vpvhqu0efs1fqmqr2decq1v12/gradle-1.10/lib/jcl-over-slf4j-1.7.5.jar
7f51b0006000-7f51b000c000 r--s 0003b000 08:03 4201251                    /home/siddhu/.gradle/wrapper/dists/gradle-1.10-all/6vpvhqu0efs1fqmqr2decq1v12/gradle-1.10/lib/logback-classic-1.0.13.jar
7f51b000c000-7f51b0016000 r--s 0005d000 08:03 4201250                    /home/siddhu/.gradle/wrapper/dists/gradle-1.10-all/6vpvhqu0efs1fqmqr2decq1v12/gradle-1.10/lib/logback-core-1.0.13.jar
7f51b0016000-7f51b0025000 r--s 000d9000 08:03 4201249                    /home/siddhu/.gradle/wrapper/dists/gradle-1.10-all/6vpvhqu0efs1fqmqr2decq1v12/gradle-1.10/lib/ivy-2.2.0.jar
7f51b0025000-7f51b002a000 r--s 00041000 08:03 4201248                    /home/siddhu/.gradle/wrapper/dists/gradle-1.10-all/6vpvhqu0efs1fqmqr2decq1v12/gradle-1.10/lib/commons-lang-2.6.jar
7f51b002a000-7f51b0051000 r--s 001c3000 08:03 4201240                    /home/siddhu/.gradle/wrapper/dists/gradle-1.10-all/6vpvhqu0efs1fqmqr2decq1v12/gradle-1.10/lib/guava-jdk5-14.0.1.jar
7f51b0051000-7f51b0081000 r--s 00192000 08:03 4201234                    /home/siddhu/.gradle/wrapper/dists/gradle-1.10-all/6vpvhqu0efs1fqmqr2decq1v12/gradle-1.10/lib/gradle-core-1.10.jar
7f51b0081000-7f51b0084000 ---p 00000000 00:00 0 
7f51b0084000-7f51b0182000 rw-p 00000000 00:00 0                          [stack:1530]
7f51b0182000-7f51b0185000 ---p 00000000 00:00 0 
7f51b0185000-7f51b0283000 rw-p 00000000 00:00 0                          [stack:1529]
7f51b0283000-7f51b0448000 r--p 00000000 08:01 1106299                    /usr/lib/locale/locale-archive
7f51b0448000-7f51b044b000 ---p 00000000 00:00 0 
7f51b044b000-7f51b0549000 rw-p 00000000 00:00 0                          [stack:1528]
7f51b0549000-7f51b054c000 ---p 00000000 00:00 0 
7f51b054c000-7f51b064a000 rw-p 00000000 00:00 0                          [stack:1527]
7f51b064a000-7f51b064b000 ---p 00000000 00:00 0 
7f51b064b000-7f51b4000000 rw-p 00000000 00:00 0                          [stack:1526]
7f51b4000000-7f51b4021000 rw-p 00000000 00:00 0 
7f51b4021000-7f51b8000000 ---p 00000000 00:00 0 
7f51b8000000-7f51b8021000 rw-p 00000000 00:00 0 
7f51b8021000-7f51bc000000 ---p 00000000 00:00 0 
7f51bc000000-7f51bc021000 rw-p 00000000 00:00 0 
7f51bc021000-7f51c0000000 ---p 00000000 00:00 0 
7f51c0000000-7f51c0021000 rw-p 00000000 00:00 0 
7f51c0021000-7f51c4000000 ---p 00000000 00:00 0 
7f51c4000000-7f51c4021000 rw-p 00000000 00:00 0 
7f51c4021000-7f51c8000000 ---p 00000000 00:00 0 
7f51c8000000-7f51c8001000 r--s 00000000 08:03 4201243                    /home/siddhu/.gradle/wrapper/dists/gradle-1.10-all/6vpvhqu0efs1fqmqr2decq1v12/gradle-1.10/lib/gradle-resources-1.10.jar
7f51c8001000-7f51c8004000 r--s 0001b000 08:03 4201254                    /home/siddhu/.gradle/wrapper/dists/gradle-1.10-all/6vpvhqu0efs1fqmqr2decq1v12/gradle-1.10/lib/jarjar-1.3.jar
7f51c8004000-7f51c8007000 r--s 00018000 08:03 4201247                    /home/siddhu/.gradle/wrapper/dists/gradle-1.10-all/6vpvhqu0efs1fqmqr2decq1v12/gradle-1.10/lib/commons-io-1.4.jar
7f51c8007000-7f51c8015000 r--s 0007f000 08:03 4201246                    /home/siddhu/.gradle/wrapper/dists/gradle-1.10-all/6vpvhqu0efs1fqmqr2decq1v12/gradle-1.10/lib/commons-collections-3.2.1.jar
7f51c8015000-7f51c801a000 r--s 00035000 08:03 4201244                    /home/siddhu/.gradle/wrapper/dists/gradle-1.10-all/6vpvhqu0efs1fqmqr2decq1v12/gradle-1.10/lib/asm-all-5.0_BETA.jar
7f51c801a000-7f51c8bd1000 rw-p 00000000 00:00 0 
7f51c8bd1000-7f51c8d80000 r--s 01cfb000 08:01 1195505                    /usr/lib/jvm/java-7-openjdk/jre/lib/rt.jar
7f51c8d80000-7f51c9000000 rw-p 00000000 00:00 0 
7f51c9000000-7f51c92b0000 rwxp 00000000 00:00 0 
7f51c92b0000-7f51cc9a4000 rw-p 00000000 00:00 0 
7f51cc9a4000-7f51d0000000 ---p 00000000 00:00 0 
7f51d0000000-7f51d0002000 r--s 00004000 08:03 4201258                    /home/siddhu/.gradle/wrapper/dists/gradle-1.10-all/6vpvhqu0efs1fqmqr2decq1v12/gradle-1.10/lib/log4j-over-slf4j-1.7.5.jar
7f51d0002000-7f51d0020000 r--s 001cb000 08:03 4201245                    /home/siddhu/.gradle/wrapper/dists/gradle-1.10-all/6vpvhqu0efs1fqmqr2decq1v12/gradle-1.10/lib/ant-1.9.2.jar
7f51d0020000-7f51d013a000 rw-p 00000000 00:00 0 
7f51d013a000-7f51d013b000 ---p 00000000 00:00 0 
7f51d013b000-7f51d023b000 rw-p 00000000 00:00 0                          [stack:1525]
7f51d023b000-7f51d023c000 ---p 00000000 00:00 0 
7f51d023c000-7f51d033c000 rw-p 00000000 00:00 0                          [stack:1524]
7f51d033c000-7f51d033d000 ---p 00000000 00:00 0 
7f51d033d000-7f51d043d000 rw-p 00000000 00:00 0                          [stack:1523]
7f51d043d000-7f51d043e000 ---p 00000000 00:00 0 
7f51d043e000-7f51d053e000 rw-p 00000000 00:00 0                          [stack:1522]
7f51d053e000-7f51d053f000 ---p 00000000 00:00 0 
7f51d053f000-7f51d063f000 rw-p 00000000 00:00 0                          [stack:1521]
7f51d063f000-7f51d0640000 ---p 00000000 00:00 0 
7f51d0640000-7f51d0740000 rw-p 00000000 00:00 0                          [stack:1520]
7f51d0740000-7f51d0741000 ---p 00000000 00:00 0 
7f51d0741000-7f51d0841000 rw-p 00000000 00:00 0                          [stack:1519]
7f51d0841000-7f51d0842000 ---p 00000000 00:00 0 
7f51d0842000-7f51d0951000 rw-p 00000000 00:00 0                          [stack:1518]
7f51d0951000-7f51d09c2000 rw-p 00000000 00:00 0 
7f51d09c2000-7f51d09ec000 rw-p 00000000 00:00 0 
7f51d09ec000-7f51d0b18000 rw-p 00000000 00:00 0 
7f51d0b18000-7f51d0b27000 rw-p 00000000 00:00 0 
7f51d0b27000-7f51d0b98000 rw-p 00000000 00:00 0 
7f51d0b98000-7f51d0bc2000 rw-p 00000000 00:00 0 
7f51d0bc2000-7f51d0ced000 rw-p 00000000 00:00 0 
7f51d0ced000-7f51d0d3a000 rw-p 00000000 00:00 0 
7f51d0d3a000-7f51d0d98000 rw-p 00000000 00:00 0 
7f51d0d98000-7f51d0d99000 rw-p 00000000 00:00 0 
7f51d0d99000-7f51d0da1000 r-xp 00000000 08:01 1196024                    /usr/lib/jvm/java-7-openjdk/jre/lib/amd64/libzip.so
7f51d0da1000-7f51d0fa0000 ---p 00008000 08:01 1196024                    /usr/lib/jvm/java-7-openjdk/jre/lib/amd64/libzip.so
7f51d0fa0000-7f51d0fa1000 rw-p 00007000 08:01 1196024                    /usr/lib/jvm/java-7-openjdk/jre/lib/amd64/libzip.so
7f51d0fa1000-7f51d0fac000 r-xp 00000000 08:01 1051949                    /usr/lib/libnss_files-2.19.so
7f51d0fac000-7f51d11ab000 ---p 0000b000 08:01 1051949                    /usr/lib/libnss_files-2.19.so
7f51d11ab000-7f51d11ac000 r--p 0000a000 08:01 1051949                    /usr/lib/libnss_files-2.19.so
7f51d11ac000-7f51d11ad000 rw-p 0000b000 08:01 1051949                    /usr/lib/libnss_files-2.19.so
7f51d11ad000-7f51d11d8000 r-xp 00000000 08:01 1196023                    /usr/lib/jvm/java-7-openjdk/jre/lib/amd64/libjava.so
7f51d11d8000-7f51d13d7000 ---p 0002b000 08:01 1196023                    /usr/lib/jvm/java-7-openjdk/jre/lib/amd64/libjava.so
7f51d13d7000-7f51d13d9000 rw-p 0002a000 08:01 1196023                    /usr/lib/jvm/java-7-openjdk/jre/lib/amd64/libjava.so
7f51d13d9000-7f51d13e6000 r-xp 00000000 08:01 1196022                    /usr/lib/jvm/java-7-openjdk/jre/lib/amd64/libverify.so
7f51d13e6000-7f51d15e5000 ---p 0000d000 08:01 1196022                    /usr/lib/jvm/java-7-openjdk/jre/lib/amd64/libverify.so
7f51d15e5000-7f51d15e7000 rw-p 0000c000 08:01 1196022                    /usr/lib/jvm/java-7-openjdk/jre/lib/amd64/libverify.so
7f51d15e7000-7f51d15ee000 r-xp 00000000 08:01 1051950                    /usr/lib/librt-2.19.so
7f51d15ee000-7f51d17ed000 ---p 00007000 08:01 1051950                    /usr/lib/librt-2.19.so
7f51d17ed000-7f51d17ee000 r--p 00006000 08:01 1051950                    /usr/lib/librt-2.19.so
7f51d17ee000-7f51d17ef000 rw-p 00007000 08:01 1051950                    /usr/lib/librt-2.19.so
7f51d17ef000-7f51d1805000 r-xp 00000000 08:01 1084986                    /usr/lib/libgcc_s.so.1
7f51d1805000-7f51d1a04000 ---p 00016000 08:01 1084986                    /usr/lib/libgcc_s.so.1
7f51d1a04000-7f51d1a05000 rw-p 00015000 08:01 1084986                    /usr/lib/libgcc_s.so.1
7f51d1a05000-7f51d1b08000 r-xp 00000000 08:01 1051867                    /usr/lib/libm-2.19.so
7f51d1b08000-7f51d1d07000 ---p 00103000 08:01 1051867                    /usr/lib/libm-2.19.so
7f51d1d07000-7f51d1d08000 r--p 00102000 08:01 1051867                    /usr/lib/libm-2.19.so
7f51d1d08000-7f51d1d09000 rw-p 00103000 08:01 1051867                    /usr/lib/libm-2.19.so
7f51d1d09000-7f51d1df6000 r-xp 00000000 08:01 1091523                    /usr/lib/libstdc++.so.6.0.20
7f51d1df6000-7f51d1ff5000 ---p 000ed000 08:01 1091523                    /usr/lib/libstdc++.so.6.0.20
7f51d1ff5000-7f51d1ffd000 r--p 000ec000 08:01 1091523                    /usr/lib/libstdc++.so.6.0.20
7f51d1ffd000-7f51d1fff000 rw-p 000f4000 08:01 1091523                    /usr/lib/libstdc++.so.6.0.20
7f51d1fff000-7f51d2014000 rw-p 00000000 00:00 0 
7f51d2014000-7f51d2af4000 r-xp 00000000 08:01 1196055                    /usr/lib/jvm/java-7-openjdk/jre/lib/amd64/server/libjvm.so
7f51d2af4000-7f51d2cf3000 ---p 00ae0000 08:01 1196055                    /usr/lib/jvm/java-7-openjdk/jre/lib/amd64/server/libjvm.so
7f51d2cf3000-7f51d2da8000 rw-p 00adf000 08:01 1196055                    /usr/lib/jvm/java-7-openjdk/jre/lib/amd64/server/libjvm.so
7f51d2da8000-7f51d2dd5000 rw-p 00000000 00:00 0 
7f51d2dd5000-7f51d2dea000 r-xp 00000000 08:01 1054945                    /usr/lib/libz.so.1.2.8
7f51d2dea000-7f51d2fe9000 ---p 00015000 08:01 1054945                    /usr/lib/libz.so.1.2.8
7f51d2fe9000-7f51d2fea000 r--p 00014000 08:01 1054945                    /usr/lib/libz.so.1.2.8
7f51d2fea000-7f51d2feb000 rw-p 00015000 08:01 1054945                    /usr/lib/libz.so.1.2.8
7f51d2feb000-7f51d318f000 r-xp 00000000 08:01 1051958                    /usr/lib/libc-2.19.so
7f51d318f000-7f51d338f000 ---p 001a4000 08:01 1051958                    /usr/lib/libc-2.19.so
7f51d338f000-7f51d3393000 r--p 001a4000 08:01 1051958                    /usr/lib/libc-2.19.so
7f51d3393000-7f51d3395000 rw-p 001a8000 08:01 1051958                    /usr/lib/libc-2.19.so
7f51d3395000-7f51d3399000 rw-p 00000000 00:00 0 
7f51d3399000-7f51d339c000 r-xp 00000000 08:01 1051895                    /usr/lib/libdl-2.19.so
7f51d339c000-7f51d359b000 ---p 00003000 08:01 1051895                    /usr/lib/libdl-2.19.so
7f51d359b000-7f51d359c000 r--p 00002000 08:01 1051895                    /usr/lib/libdl-2.19.so
7f51d359c000-7f51d359d000 rw-p 00003000 08:01 1051895                    /usr/lib/libdl-2.19.so
7f51d359d000-7f51d35aa000 r-xp 00000000 08:01 1196051                    /usr/lib/jvm/java-7-openjdk/jre/lib/amd64/jli/libjli.so
7f51d35aa000-7f51d37a9000 ---p 0000d000 08:01 1196051                    /usr/lib/jvm/java-7-openjdk/jre/lib/amd64/jli/libjli.so
7f51d37a9000-7f51d37aa000 rw-p 0000c000 08:01 1196051                    /usr/lib/jvm/java-7-openjdk/jre/lib/amd64/jli/libjli.so
7f51d37aa000-7f51d37c2000 r-xp 00000000 08:01 1051975                    /usr/lib/libpthread-2.19.so
7f51d37c2000-7f51d39c2000 ---p 00018000 08:01 1051975                    /usr/lib/libpthread-2.19.so
7f51d39c2000-7f51d39c3000 r--p 00018000 08:01 1051975                    /usr/lib/libpthread-2.19.so
7f51d39c3000-7f51d39c4000 rw-p 00019000 08:01 1051975                    /usr/lib/libpthread-2.19.so
7f51d39c4000-7f51d39c8000 rw-p 00000000 00:00 0 
7f51d39c8000-7f51d39e9000 r-xp 00000000 08:01 1051933                    /usr/lib/ld-2.19.so
7f51d39e9000-7f51d39ea000 r--s 00000000 08:03 4201257                    /home/siddhu/.gradle/wrapper/dists/gradle-1.10-all/6vpvhqu0efs1fqmqr2decq1v12/gradle-1.10/lib/gradle-docs-1.10.jar
7f51d39ea000-7f51d39eb000 r--s 00000000 08:03 4201255                    /home/siddhu/.gradle/wrapper/dists/gradle-1.10-all/6vpvhqu0efs1fqmqr2decq1v12/gradle-1.10/lib/javax.inject-1.jar
7f51d39eb000-7f51d39f6000 rw-p 00000000 00:00 0 
7f51d39f6000-7f51d3aab000 rw-p 00000000 00:00 0 
7f51d3aab000-7f51d3aae000 ---p 00000000 00:00 0 
7f51d3aae000-7f51d3bb0000 rw-p 00000000 00:00 0                          [stack:1516]
7f51d3bb0000-7f51d3bb1000 r--s 00001000 08:03 4201253                    /home/siddhu/.gradle/wrapper/dists/gradle-1.10-all/6vpvhqu0efs1fqmqr2decq1v12/gradle-1.10/lib/jul-to-slf4j-1.7.5.jar
7f51d3bb1000-7f51d3bb2000 r--s 00000000 08:03 4201252                    /home/siddhu/.gradle/wrapper/dists/gradle-1.10-all/6vpvhqu0efs1fqmqr2decq1v12/gradle-1.10/lib/jcip-annotations-1.0.jar
7f51d3bb2000-7f51d3bb4000 r--s 00005000 08:03 4201239                    /home/siddhu/.gradle/wrapper/dists/gradle-1.10-all/6vpvhqu0efs1fqmqr2decq1v12/gradle-1.10/lib/slf4j-api-1.7.5.jar
7f51d3bb4000-7f51d3bb5000 r--s 00004000 08:03 4201267                    /home/siddhu/.gradle/wrapper/dists/gradle-1.10-all/6vpvhqu0efs1fqmqr2decq1v12/gradle-1.10/lib/ant-launcher-1.9.2.jar
7f51d3bb5000-7f51d3bba000 r--s 00022000 08:03 4201233                    /home/siddhu/.gradle/wrapper/dists/gradle-1.10-all/6vpvhqu0efs1fqmqr2decq1v12/gradle-1.10/lib/gradle-base-services-1.10.jar
7f51d3bba000-7f51d3bc1000 r--s 00036000 08:03 4201231                    /home/siddhu/.gradle/wrapper/dists/gradle-1.10-all/6vpvhqu0efs1fqmqr2decq1v12/gradle-1.10/lib/gradle-launcher-1.10.jar
7f51d3bc1000-7f51d3bc4000 r--s 0000f000 08:01 1196018                    /usr/lib/jvm/java-7-openjdk/jre/lib/ext/pulse-java.jar
7f51d3bc4000-7f51d3bdd000 rw-p 00000000 00:00 0 
7f51d3bdd000-7f51d3be5000 rw-s 00000000 00:1f 3584401                    /tmp/hsperfdata_siddhu/1514
7f51d3be5000-7f51d3be6000 rw-p 00000000 00:00 0 
7f51d3be6000-7f51d3be7000 ---p 00000000 00:00 0 
7f51d3be7000-7f51d3be8000 rw-p 00000000 00:00 0 
7f51d3be8000-7f51d3be9000 r--p 00020000 08:01 1051933                    /usr/lib/ld-2.19.so
7f51d3be9000-7f51d3bea000 rw-p 00021000 08:01 1051933                    /usr/lib/ld-2.19.so
7f51d3bea000-7f51d3beb000 rw-p 00000000 00:00 0 
7fffcb077000-7fffcb098000 rw-p 00000000 00:00 0                          [stack]
7fffcb1fe000-7fffcb200000 r-xp 00000000 00:00 0                          [vdso]
ffffffffff600000-ffffffffff601000 r-xp 00000000 00:00 0                  [vsyscall]

VM Arguments:
jvm_args: -XX:MaxPermSize=256m -XX:+HeapDumpOnOutOfMemoryError -Xmx1024m -Dfile.encoding=UTF-8 
java_command: org.gradle.launcher.daemon.bootstrap.GradleDaemon 1.10 /home/siddhu/.gradle/daemon 60000 17722c23-22bf-459c-8ca7-dcd66d7c4e8b -XX:MaxPermSize=256m -XX:+HeapDumpOnOutOfMemoryError -Xmx1024m -Dfile.encoding=UTF-8
Launcher Type: SUN_STANDARD

Environment Variables:
JAVA_HOME=/usr/lib/jvm/java-7-openjdk
CLASSPATH=/opt/android-studio/bin/../lib/bootstrap.jar:/opt/android-studio/bin/../lib/extensions.jar:/opt/android-studio/bin/../lib/util.jar:/opt/android-studio/bin/../lib/jdom.jar:/opt/android-studio/bin/../lib/log4j.jar:/opt/android-studio/bin/../lib/trove4j.jar:/opt/android-studio/bin/../lib/jna.jar:/usr/lib/jvm/java-7-openjdk/lib/tools.jar
PATH=/usr/local/sbin:/usr/local/bin:/usr/bin:/opt/android-sdk/tools:/opt/android-sdk/build-tools/19.0.3/:/opt/android-sdk/platform-tools:/opt/android-sdk/tools:/usr/bin/vendor_perl:/usr/bin/core_perl
USERNAME=siddhu
LD_LIBRARY_PATH=/opt/android-studio/bin:
SHELL=/bin/bash
DISPLAY=:1

Signal Handlers:
SIGSEGV: [libjvm.so+0x9180e0], sa_mask[0]=0x7ffbfeff, sa_flags=0x10000004
SIGBUS: [libjvm.so+0x9180e0], sa_mask[0]=0x7ffbfeff, sa_flags=0x10000004
SIGFPE: [libjvm.so+0x795930], sa_mask[0]=0x7ffbfeff, sa_flags=0x10000004
SIGPIPE: [libjvm.so+0x795930], sa_mask[0]=0x7ffbfeff, sa_flags=0x10000004
SIGXFSZ: [libjvm.so+0x795930], sa_mask[0]=0x7ffbfeff, sa_flags=0x10000004
SIGILL: [libjvm.so+0x795930], sa_mask[0]=0x7ffbfeff, sa_flags=0x10000004
SIGUSR1: SIG_DFL, sa_mask[0]=0x00000000, sa_flags=0x00000000
SIGUSR2: [libjvm.so+0x7957d0], sa_mask[0]=0x00000204, sa_flags=0x10000004
SIGHUP: [libjvm.so+0x7959b0], sa_mask[0]=0x7ffbfeff, sa_flags=0x10000004
SIGINT: [libjvm.so+0x7959b0], sa_mask[0]=0x7ffbfeff, sa_flags=0x10000004
SIGTERM: [libjvm.so+0x7959b0], sa_mask[0]=0x7ffbfeff, sa_flags=0x10000004
SIGQUIT: [libjvm.so+0x7959b0], sa_mask[0]=0x7ffbfeff, sa_flags=0x10000004


---------------  S Y S T E M  ---------------

OS:Linux
uname:Linux 3.14.4-1-ARCH #1 SMP PREEMPT Tue May 13 16:41:39 CEST 2014 x86_64
libc:glibc 2.19 NPTL 2.19 
rlimit: STACK 8192k, CORE 0k, NPROC 5000, NOFILE 4096, AS infinity
load average:0.85 0.77 0.75

/proc/meminfo:
MemTotal:        8102560 kB
MemFree:          144692 kB
MemAvailable:     110056 kB
Buffers:             888 kB
Cached:           784900 kB
SwapCached:            0 kB
Active:          6835700 kB
Inactive:         760172 kB
Active(anon):    6820172 kB
Inactive(anon):   747944 kB
Active(file):      15528 kB
Inactive(file):    12228 kB
Unevictable:          76 kB
Mlocked:              76 kB
SwapTotal:             0 kB
SwapFree:              0 kB
Dirty:              1276 kB
Writeback:            16 kB
AnonPages:       6811080 kB
Mapped:           203540 kB
Shmem:            758320 kB
Slab:             122900 kB
SReclaimable:      71912 kB
SUnreclaim:        50988 kB
KernelStack:        8568 kB
PageTables:        93948 kB
NFS_Unstable:          0 kB
Bounce:                0 kB
WritebackTmp:          0 kB
CommitLimit:     4051280 kB
Committed_AS:   15338912 kB
VmallocTotal:   34359738367 kB
VmallocUsed:      382980 kB
VmallocChunk:   34359292348 kB
HardwareCorrupted:     0 kB
AnonHugePages:   1429504 kB
HugePages_Total:       0
HugePages_Free:        0
HugePages_Rsvd:        0
HugePages_Surp:        0
Hugepagesize:       2048 kB
DirectMap4k:       16044 kB
DirectMap2M:     3051520 kB
DirectMap1G:     5242880 kB


CPU:total 8 (4 cores per cpu, 2 threads per core) family 6 model 70 stepping 1, cmov, cx8, fxsr, mmx, sse, sse2, sse3, ssse3, sse4.1, sse4.2, popcnt, avx, avx2, aes, erms, ht, tsc, tscinvbit

/proc/cpuinfo:
processor	: 0
vendor_id	: GenuineIntel
cpu family	: 6
model		: 70
model name	: Intel(R) Core(TM) i7-4750HQ CPU @ 2.00GHz
stepping	: 1
microcode	: 0xa
cpu MHz		: 3020.000
cache size	: 6144 KB
physical id	: 0
siblings	: 8
core id		: 0
cpu cores	: 4
apicid		: 0
initial apicid	: 0
fpu		: yes
fpu_exception	: yes
cpuid level	: 13
wp		: yes
flags		: fpu vme de pse tsc msr pae mce cx8 apic sep mtrr pge mca cmov pat pse36 clflush dts acpi mmx fxsr sse sse2 ss ht tm pbe syscall nx pdpe1gb rdtscp lm constant_tsc arch_perfmon pebs bts rep_good nopl xtopology nonstop_tsc aperfmperf eagerfpu pni pclmulqdq dtes64 monitor ds_cpl vmx est tm2 ssse3 fma cx16 xtpr pdcm pcid sse4_1 sse4_2 x2apic movbe popcnt tsc_deadline_timer aes xsave avx f16c rdrand lahf_lm abm ida arat epb xsaveopt pln pts dtherm tpr_shadow vnmi flexpriority ept vpid fsgsbase tsc_adjust bmi1 avx2 smep bmi2 erms invpcid
bogomips	: 3992.15
clflush size	: 64
cache_alignment	: 64
address sizes	: 39 bits physical, 48 bits virtual
power management:

processor	: 1
vendor_id	: GenuineIntel
cpu family	: 6
model		: 70
model name	: Intel(R) Core(TM) i7-4750HQ CPU @ 2.00GHz
stepping	: 1
microcode	: 0xa
cpu MHz		: 3020.000
cache size	: 6144 KB
physical id	: 0
siblings	: 8
core id		: 1
cpu cores	: 4
apicid		: 2
initial apicid	: 2
fpu		: yes
fpu_exception	: yes
cpuid level	: 13
wp		: yes
flags		: fpu vme de pse tsc msr pae mce cx8 apic sep mtrr pge mca cmov pat pse36 clflush dts acpi mmx fxsr sse sse2 ss ht tm pbe syscall nx pdpe1gb rdtscp lm constant_tsc arch_perfmon pebs bts rep_good nopl xtopology nonstop_tsc aperfmperf eagerfpu pni pclmulqdq dtes64 monitor ds_cpl vmx est tm2 ssse3 fma cx16 xtpr pdcm pcid sse4_1 sse4_2 x2apic movbe popcnt tsc_deadline_timer aes xsave avx f16c rdrand lahf_lm abm ida arat epb xsaveopt pln pts dtherm tpr_shadow vnmi flexpriority ept vpid fsgsbase tsc_adjust bmi1 avx2 smep bmi2 erms invpcid
bogomips	: 3992.15
clflush size	: 64
cache_alignment	: 64
address sizes	: 39 bits physical, 48 bits virtual
power management:

processor	: 2
vendor_id	: GenuineIntel
cpu family	: 6
model		: 70
model name	: Intel(R) Core(TM) i7-4750HQ CPU @ 2.00GHz
stepping	: 1
microcode	: 0xa
cpu MHz		: 3020.000
cache size	: 6144 KB
physical id	: 0
siblings	: 8
core id		: 2
cpu cores	: 4
apicid		: 4
initial apicid	: 4
fpu		: yes
fpu_exception	: yes
cpuid level	: 13
wp		: yes
flags		: fpu vme de pse tsc msr pae mce cx8 apic sep mtrr pge mca cmov pat pse36 clflush dts acpi mmx fxsr sse sse2 ss ht tm pbe syscall nx pdpe1gb rdtscp lm constant_tsc arch_perfmon pebs bts rep_good nopl xtopology nonstop_tsc aperfmperf eagerfpu pni pclmulqdq dtes64 monitor ds_cpl vmx est tm2 ssse3 fma cx16 xtpr pdcm pcid sse4_1 sse4_2 x2apic movbe popcnt tsc_deadline_timer aes xsave avx f16c rdrand lahf_lm abm ida arat epb xsaveopt pln pts dtherm tpr_shadow vnmi flexpriority ept vpid fsgsbase tsc_adjust bmi1 avx2 smep bmi2 erms invpcid
bogomips	: 3992.15
clflush size	: 64
cache_alignment	: 64
address sizes	: 39 bits physical, 48 bits virtual
power management:

processor	: 3
vendor_id	: GenuineIntel
cpu family	: 6
model		: 70
model name	: Intel(R) Core(TM) i7-4750HQ CPU @ 2.00GHz
stepping	: 1
microcode	: 0xa
cpu MHz		: 2988.750
cache size	: 6144 KB
physical id	: 0
siblings	: 8
core id		: 3
cpu cores	: 4
apicid		: 6
initial apicid	: 6
fpu		: yes
fpu_exception	: yes
cpuid level	: 13
wp		: yes
flags		: fpu vme de pse tsc msr pae mce cx8 apic sep mtrr pge mca cmov pat pse36 clflush dts acpi mmx fxsr sse sse2 ss ht tm pbe syscall nx pdpe1gb rdtscp lm constant_tsc arch_perfmon pebs bts rep_good nopl xtopology nonstop_tsc aperfmperf eagerfpu pni pclmulqdq dtes64 monitor ds_cpl vmx est tm2 ssse3 fma cx16 xtpr pdcm pcid sse4_1 sse4_2 x2apic movbe popcnt tsc_deadline_timer aes xsave avx f16c rdrand lahf_lm abm ida arat epb xsaveopt pln pts dtherm tpr_shadow vnmi flexpriority ept vpid fsgsbase tsc_adjust bmi1 avx2 smep bmi2 erms invpcid
bogomips	: 3992.15
clflush size	: 64
cache_alignment	: 64
address sizes	: 39 bits physical, 48 bits virtual
power management:

processor	: 4
vendor_id	: GenuineIntel
cpu family	: 6
model		: 70
model name	: Intel(R) Core(TM) i7-4750HQ CPU @ 2.00GHz
stepping	: 1
microcode	: 0xa
cpu MHz		: 2988.750
cache size	: 6144 KB
physical id	: 0
siblings	: 8
core id		: 0
cpu cores	: 4
apicid		: 1
initial apicid	: 1
fpu		: yes
fpu_exception	: yes
cpuid level	: 13
wp		: yes
flags		: fpu vme de pse tsc msr pae mce cx8 apic sep mtrr pge mca cmov pat pse36 clflush dts acpi mmx fxsr sse sse2 ss ht tm pbe syscall nx pdpe1gb rdtscp lm constant_tsc arch_perfmon pebs bts rep_good nopl xtopology nonstop_tsc aperfmperf eagerfpu pni pclmulqdq dtes64 monitor ds_cpl vmx est tm2 ssse3 fma cx16 xtpr pdcm pcid sse4_1 sse4_2 x2apic movbe popcnt tsc_deadline_timer aes xsave avx f16c rdrand lahf_lm abm ida arat epb xsaveopt pln pts dtherm tpr_shadow vnmi flexpriority ept vpid fsgsbase tsc_adjust bmi1 avx2 smep bmi2 erms invpcid
bogomips	: 3992.15
clflush size	: 64
cache_alignment	: 64
address sizes	: 39 bits physical, 48 bits virtual
power management:

processor	: 5
vendor_id	: GenuineIntel
cpu family	: 6
model		: 70
model name	: Intel(R) Core(TM) i7-4750HQ CPU @ 2.00GHz
stepping	: 1
microcode	: 0xa
cpu MHz		: 2988.750
cache size	: 6144 KB
physical id	: 0
siblings	: 8
core id		: 1
cpu cores	: 4
apicid		: 3
initial apicid	: 3
fpu		: yes
fpu_exception	: yes
cpuid level	: 13
wp		: yes
flags		: fpu vme de pse tsc msr pae mce cx8 apic sep mtrr pge mca cmov pat pse36 clflush dts acpi mmx fxsr sse sse2 ss ht tm pbe syscall nx pdpe1gb rdtscp lm constant_tsc arch_perfmon pebs bts rep_good nopl xtopology nonstop_tsc aperfmperf eagerfpu pni pclmulqdq dtes64 monitor ds_cpl vmx est tm2 ssse3 fma cx16 xtpr pdcm pcid sse4_1 sse4_2 x2apic movbe popcnt tsc_deadline_timer aes xsave avx f16c rdrand lahf_lm abm ida arat epb xsaveopt pln pts dtherm tpr_shadow vnmi flexpriority ept vpid fsgsbase tsc_adjust bmi1 avx2 smep bmi2 erms invpcid
bogomips	: 3992.15
clflush size	: 64
cache_alignment	: 64
address sizes	: 39 bits physical, 48 bits virtual
power management:

processor	: 6
vendor_id	: GenuineIntel
cpu family	: 6
model		: 70
model name	: Intel(R) Core(TM) i7-4750HQ CPU @ 2.00GHz
stepping	: 1
microcode	: 0xa
cpu MHz		: 3020.000
cache size	: 6144 KB
physical id	: 0
siblings	: 8
core id		: 2
cpu cores	: 4
apicid		: 5
initial apicid	: 5
fpu		: yes
fpu_exception	: yes
cpuid level	: 13
wp		: yes
flags		: fpu vme de pse tsc msr pae mce cx8 apic sep mtrr pge mca cmov pat pse36 clflush dts acpi mmx fxsr sse sse2 ss ht tm pbe syscall nx pdpe1gb rdtscp lm constant_tsc arch_perfmon pebs bts rep_good nopl xtopology nonstop_tsc aperfmperf eagerfpu pni pclmulqdq dtes64 monitor ds_cpl vmx est tm2 ssse3 fma cx16 xtpr pdcm pcid sse4_1 sse4_2 x2apic movbe popcnt tsc_deadline_timer aes xsave avx f16c rdrand lahf_lm abm ida arat epb xsaveopt pln pts dtherm tpr_shadow vnmi flexpriority ept vpid fsgsbase tsc_adjust bmi1 avx2 smep bmi2 erms invpcid
bogomips	: 3992.15
clflush size	: 64
cache_alignment	: 64
address sizes	: 39 bits physical, 48 bits virtual
power management:

processor	: 7
vendor_id	: GenuineIntel
cpu family	: 6
model		: 70
model name	: Intel(R) Core(TM) i7-4750HQ CPU @ 2.00GHz
stepping	: 1
microcode	: 0xa
cpu MHz		: 2988.750
cache size	: 6144 KB
physical id	: 0
siblings	: 8
core id		: 3
cpu cores	: 4
apicid		: 7
initial apicid	: 7
fpu		: yes
fpu_exception	: yes
cpuid level	: 13
wp		: yes
flags		: fpu vme de pse tsc msr pae mce cx8 apic sep mtrr pge mca cmov pat pse36 clflush dts acpi mmx fxsr sse sse2 ss ht tm pbe syscall nx pdpe1gb rdtscp lm constant_tsc arch_perfmon pebs bts rep_good nopl xtopology nonstop_tsc aperfmperf eagerfpu pni pclmulqdq dtes64 monitor ds_cpl vmx est tm2 ssse3 fma cx16 xtpr pdcm pcid sse4_1 sse4_2 x2apic movbe popcnt tsc_deadline_timer aes xsave avx f16c rdrand lahf_lm abm ida arat epb xsaveopt pln pts dtherm tpr_shadow vnmi flexpriority ept vpid fsgsbase tsc_adjust bmi1 avx2 smep bmi2 erms invpcid
bogomips	: 3992.15
clflush size	: 64
cache_alignment	: 64
address sizes	: 39 bits physical, 48 bits virtual
power management:



Memory: 4k page, physical 8102560k(145196k free), swap 0k(0k free)

vm_info: OpenJDK 64-Bit Server VM (24.51-b03) for linux-amd64 JRE (1.7.0_55-b14), built on Apr 16 2014 11:37:37 by "nobody" with gcc 4.8.2 20140206 (prerelease)

time: Sat May 31 19:55:44 2014
elapsed time: 5 seconds

